
   Program  MARK  - Survival Rate Estimation with Capture-Recapture Data
   gfortran(dble) Vers. 9.0 Mar 2018     3-Oct-2019 15:49:38    Page  001
 - - - - - - - - - - - - - - - - - - - - - - - - - - - - - - - - - - - - - -
 
   This version was compiled by GCC version 7.2.0 using the options: 
     -cpp -iprefix C:/Program Files/mingw-w64/x86_64-7.2.0-posix-seh-rt_v5-rev1/
     mingw64/bin/../lib/gcc/x86_64-w64-mingw32/7.2.0/ -D_MT -D_REENTRANT
     -U_REENTRANT -D IEEE -D DBLEPRECISION -m64 -mtune=core2 -march=nocona -mthreads
     -O2 -fimplicit-none -fbounds-check -funroll-loops -ftree-vectorize
     -ffpe-summary=invalid,zero,overflow,underflow -fno-unsafe-math-optimizations
     -frounding-math -fsignaling-nans -fopenmp.

   This problem will use 3 of 4 possible threads.


  INPUT --- proc title ;

   CPU Time for the last procedure was 0.01 seconds.     


  INPUT --- proc chmatrix occasions= 6 groups= 1 etype= Closed Nodes= 
  INPUT --- 101 ICMeans NoHist hist= 24  ;

  INPUT ---    time interval 1 1 1 1 1 ;

  INPUT ---    glabel(1)=Group 1;

      Number of unique encounter histories read was 24.

      Number of individual covariates read was 0.
      Time interval lengths are all equal to 1.

      Data type number is 5
      Data type is Full Likelihhood p and c                                                                            

   CPU Time for the last procedure was 0.01 seconds.     

  Program  MARK  - Survival Rate Estimation with Capture-Recapture Data
   gfortran(dble) Vers. 9.0 Mar 2018     3-Oct-2019 15:49:38    Page  002
 - - - - - - - - - - - - - - - - - - - - - - - - - - - - - - - - - - - - - -
 


  INPUT --- proc estimate link=Parm-Specific NOLOOP varest=2ndPart    ;


  INPUT --- model={ p(~time)c(~1)f0(~1) };

  INPUT ---    group=1 p    rows=1 cols=6 Square ;
  INPUT ---        1 2 3 4 5 6 ;

  INPUT ---    group=1 c    rows=1 cols=5 Square ;
  INPUT ---        7 7 7 7 7 ;

  INPUT ---    group=1 f0    rows=1 cols=1 Square ;
  INPUT ---        8 ;

  INPUT ---    design matrix constraints=8 covariates=8;
  INPUT ---        1 0 0 0 0 0 0 0;
  INPUT ---        1 1 0 0 0 0 0 0;
  INPUT ---        1 0 1 0 0 0 0 0;
  INPUT ---        1 0 0 1 0 0 0 0;
  INPUT ---        1 0 0 0 1 0 0 0;
  INPUT ---        1 0 0 0 0 1 0 0;
  INPUT ---        0 0 0 0 0 0 1 0;
  INPUT ---        0 0 0 0 0 0 0 1;

  INPUT ---    links=8;

  INPUT ---    Logit;

  INPUT ---    Logit;

  INPUT ---    Logit;

  INPUT ---    Logit;

  INPUT ---    Logit;

  INPUT ---    Logit;

  INPUT ---    Logit;

  INPUT ---    Log;
  INPUT ---       blabel(1)=p:(Intercept);
  INPUT ---       blabel(2)=p:time2;
  INPUT ---       blabel(3)=p:time3;

  Program  MARK  - Survival Rate Estimation with Capture-Recapture Data
   gfortran(dble) Vers. 9.0 Mar 2018     3-Oct-2019 15:49:38    Page  003
 - - - - - - - - - - - - - - - - - - - - - - - - - - - - - - - - - - - - - -
 
  INPUT ---       blabel(4)=p:time4;
  INPUT ---       blabel(5)=p:time5;
  INPUT ---       blabel(6)=p:time6;
  INPUT ---       blabel(7)=c:(Intercept);
  INPUT ---       blabel(8)=f0:(Intercept);
  INPUT ---       rlabel(1)=p g1 t1;
  INPUT ---       rlabel(2)=p g1 t2;
  INPUT ---       rlabel(3)=p g1 t3;
  INPUT ---       rlabel(4)=p g1 t4;
  INPUT ---       rlabel(5)=p g1 t5;
  INPUT ---       rlabel(6)=p g1 t6;
  INPUT ---       rlabel(7)=c g1 t2;
  INPUT ---       rlabel(8)=f0 g1 a0 t1;

 Link Function Used is PARM-SPECIFIC

 Variance Estimation Procedure Used is 2ndPart 

 M(t+1):
      38


 -2logL(saturated) = 24.065739     
 Effective Sample Size = 228

 Number of function evaluations was 31 for 8 parameters.
 Time for numerical optimization was 0.02 seconds.     
 -2logL { p(~time)c(~1)f0(~1) } = 93.721209     
 Penalty { p(~time)c(~1)f0(~1) } = 0.0000000     
 Gradient { p(~time)c(~1)f0(~1) }:
   0.000000       0.000000       0.000000      0.3013895E-05   0.000000    
   0.000000       0.000000      0.1544353E-06
 Maximum ABS(G) { p(~time)c(~1)f0(~1) } = 0.3013895E-05 
 S Vector { p(~time)c(~1)f0(~1) }:
   31.82090      23.78859      4.436525      2.734270      1.729020    
   1.025315     0.8596780E-08 0.2026273E-08
 Time to compute number of parameters was 0.03 seconds.     
 Ratio Threshold = 50.000000       Max Gap (6/7) = 0.1192674E+09   Next Max Gap (2/3) = 5.3619864     
 Gap Method for Num. of Estimated Parameters { p(~time)c(~1)f0(~1) } = 6          
 Threshold { p(~time)c(~1)f0(~1) } = 0.6027790E-05                 
 Numerical Threshold Method for Num. of Estimated Parameters { p(~time)c(~1)f0(~1) } = 6          
 Number of Estimated Parameters { p(~time)c(~1)f0(~1) } = 6          
 DEVIANCE { p(~time)c(~1)f0(~1) } = 69.655470                     
 DEVIANCE Degrees of Freedom { p(~time)c(~1)f0(~1) } = 18            
 c-hat { p(~time)c(~1)f0(~1) } = 3.8697483                     
 AIC { p(~time)c(~1)f0(~1) } = 105.72121                  
 AICc { p(~time)c(~1)f0(~1) } = 106.10130                    
 BIC { p(~time)c(~1)f0(~1) } = 126.29728                    
 Pearson Chisquare { p(~time)c(~1)f0(~1) } = 74.518690                  
 Possible Encounter Histories { p(~time)c(~1)f0(~1) } = 63             
 Pearson Chisquare df { p(~time)c(~1)f0(~1) } = 56        
 Pearson chat { p(~time)c(~1)f0(~1) } = 1.3306909                  
 Sum(Observed/Expected) { p(~time)c(~1)f0(~1) } = 62.757910                  
 Fletcher chat { p(~time)c(~1)f0(~1) } = 1.3358241                  


                   PARM-SPECIFIC Link Function Parameters of { p(~time)c(~1)f0(~1) }
                                                              95% Confidence Interval
 Parameter                    Beta         Standard Error      Lower           Upper
 -------------------------  --------------  --------------  --------------  --------------
    1:p:(Intercept)         -0.4274439       0.3318811      -1.0779308       0.2230430    
    2:p:time2               -0.2011649       0.5493740      -1.2779381       0.8756082    
    3:p:time3                0.0219785       0.6228350      -1.1987780       1.2427351    
    4:p:time4               -0.2657034       0.7811182      -1.7966952       1.2652883    
    5:p:time5                0.4274438       0.8813698      -1.3000411       2.1549288    
    6:p:time6                19.770968       22215.241      -43522.102       43561.644    

  Program  MARK  - Survival Rate Estimation with Capture-Recapture Data
   gfortran(dble) Vers. 9.0 Mar 2018     3-Oct-2019 15:49:39    Page  004
 - - - - - - - - - - - - - - - - - - - - - - - - - - - - - - - - - - - - - -
 
    7:c:(Intercept)          0.4554755       0.1772735       0.1080194       0.8029315    
    8:f0:(Intercept)        -23.700942       0.0000000      -23.700942      -23.700942    


                   Real Function Parameters of { p(~time)c(~1)f0(~1) }
                                                               95% Confidence Interval
  Parameter                  Estimate       Standard Error      Lower           Upper
 --------------------------  --------------  --------------  --------------  --------------
     1:p g1 t1                0.3947369       0.0792929       0.2538978       0.5555307                          
     2:p g1 t2                0.3478260       0.0993114       0.1844187       0.5571182                          
     3:p g1 t3                0.3999999       0.1264912       0.1917814       0.6519328                          
     4:p g1 t4                0.3333333       0.1571349       0.1111471       0.6665857                          
     5:p g1 t5                0.5000000       0.2041243       0.1679349       0.8320651                          
     6:p g1 t6                1.0000000       0.8828060E-04   0.9998270       1.0001730                          
     7:c g1 t2                0.6119403       0.0420970       0.5269786       0.6906012                          
     8:f0 g1 a0 t1            0.5091101E-10   0.0000000       0.5091101E-10   0.5091101E-10                      


                     Estimates of Derived Parameters
             Population Estimates of { p(~time)c(~1)f0(~1) }
                                                95% Confidence Interval
 Grp. Sess.     N-hat        Standard Error      Lower           Upper
 ---- -----  --------------  --------------  --------------  --------------
   1     1    38.000000       0.0000000       38.000000       38.000000    

 Attempted ordering of parameters by estimatibility:
  7 1 2 3 4 5 8 6
 Beta number 6 is a singular value.

   CPU Time for the last procedure was 0.05 seconds.     

  Program  MARK  - Survival Rate Estimation with Capture-Recapture Data
   gfortran(dble) Vers. 9.0 Mar 2018     3-Oct-2019 15:49:39    Page  005
 - - - - - - - - - - - - - - - - - - - - - - - - - - - - - - - - - - - - - -
 


  INPUT --- proc stop;

     CPU Time in minutes for this job was 0.00

     Time Start = 15:49:38.764   Time End = 15:49:39.089

     Wall Clock Time in minutes for this job was 0.01


          E X E C U T I O N   S U C C E S S F U L 
