
   Program  MARK  - Survival Rate Estimation with Capture-Recapture Data
   gfortran(dble) Vers. 9.0 Mar 2018     3-Oct-2019 16:01:27    Page  001
 - - - - - - - - - - - - - - - - - - - - - - - - - - - - - - - - - - - - - -
 
   This version was compiled by GCC version 7.2.0 using the options: 
     -cpp -iprefix C:/Program Files/mingw-w64/x86_64-7.2.0-posix-seh-rt_v5-rev1/
     mingw64/bin/../lib/gcc/x86_64-w64-mingw32/7.2.0/ -D_MT -D_REENTRANT
     -U_REENTRANT -D IEEE -D DBLEPRECISION -m64 -mtune=core2 -march=nocona -mthreads
     -O2 -fimplicit-none -fbounds-check -funroll-loops -ftree-vectorize
     -ffpe-summary=invalid,zero,overflow,underflow -fno-unsafe-math-optimizations
     -frounding-math -fsignaling-nans -fopenmp.

   This problem will use 3 of 4 possible threads.


  INPUT --- proc title ;

   CPU Time for the last procedure was 0.01 seconds.     


  INPUT --- proc chmatrix occasions= 6 groups= 2 etype= Closed Nodes= 
  INPUT --- 101 ICMeans NoHist hist= 30  ;

  INPUT ---    time interval 1 1 1 1 1 ;

  INPUT ---    glabel(1)=sexf;

  INPUT ---    glabel(2)=sexm;

   * *  WARNING  * *   At least a pair of the encounter histories are duplicates. 

      Number of unique encounter histories read was 24.

      Number of individual covariates read was 0.
      Time interval lengths are all equal to 1.

      Data type number is 5
      Data type is Full Likelihhood p and c                                                                            

   CPU Time for the last procedure was 0.01 seconds.     

  Program  MARK  - Survival Rate Estimation with Capture-Recapture Data
   gfortran(dble) Vers. 9.0 Mar 2018     3-Oct-2019 16:01:27    Page  002
 - - - - - - - - - - - - - - - - - - - - - - - - - - - - - - - - - - - - - -
 


  INPUT --- proc estimate link=Parm-Specific NOLOOP varest=2ndPart    ;


  INPUT --- model={ p(~1)c(~-1 + sex)f0(~-1 + sex) };

  INPUT ---    group=1 p    rows=1 cols=6 Square ;
  INPUT ---        1 1 1 1 1 1 ;

  INPUT ---    group=2 p    rows=1 cols=6 Square ;
  INPUT ---        1 1 1 1 1 1 ;

  INPUT ---    group=1 c    rows=1 cols=5 Square ;
  INPUT ---        2 2 2 2 2 ;

  INPUT ---    group=2 c    rows=1 cols=5 Square ;
  INPUT ---        3 3 3 3 3 ;

  INPUT ---    group=1 f0    rows=1 cols=1 Square ;
  INPUT ---        4 ;

  INPUT ---    group=2 f0    rows=1 cols=1 Square ;
  INPUT ---        5 ;

  INPUT ---    design matrix constraints=5 covariates=5 identity;

  INPUT ---    links=5;

  INPUT ---    Logit;

  INPUT ---    Logit;

  INPUT ---    Logit;

  INPUT ---    Log;

  INPUT ---    Log;
  INPUT ---       blabel(1)=p:(Intercept);
  INPUT ---       blabel(2)=c:sexf;
  INPUT ---       blabel(3)=c:sexm;
  INPUT ---       blabel(4)=f0:sexf;
  INPUT ---       blabel(5)=f0:sexm;
  INPUT ---       rlabel(1)=p gf t1;
  INPUT ---       rlabel(2)=c gf t2;
  INPUT ---       rlabel(3)=c gm t2;

  Program  MARK  - Survival Rate Estimation with Capture-Recapture Data
   gfortran(dble) Vers. 9.0 Mar 2018     3-Oct-2019 16:01:27    Page  003
 - - - - - - - - - - - - - - - - - - - - - - - - - - - - - - - - - - - - - -
 
  INPUT ---       rlabel(4)=f0 gf a0 t1;
  INPUT ---       rlabel(5)=f0 gm a0 t1;

 Link Function Used is PARM-SPECIFIC

 Variance Estimation Procedure Used is 2ndPart 

 M(t+1):
      20     18


 -2logL(saturated) = 44.239841     
 Effective Sample Size = 228

 Number of function evaluations was 16 for 5 parameters.
 Time for numerical optimization was 0.01 seconds.     
 -2logL { p(~1)c(~-1 + sex)f0(~-1 + sex) } = 147.76997     
 Penalty { p(~1)c(~-1 + sex)f0(~-1 + sex) } = 0.0000000     
 Gradient { p(~1)c(~-1 + sex)f0(~-1 + sex) }:
  0.2483515E-05   0.000000      0.2714189E-05   0.000000       0.000000    
 Maximum ABS(G) { p(~1)c(~-1 + sex)f0(~-1 + sex) } = 0.2714189E-05 
 S Vector { p(~1)c(~-1 + sex)f0(~-1 + sex) }:
   24.20476      16.20290      15.60000     0.4018622     0.1658255    
 Time to compute number of parameters was 0.01 seconds.     
 Ratio Threshold = 50.000000       Max Gap (3/4) = 38.819278       Next Max Gap (4/5) = 2.4234042     
 Gap Method for Num. of Estimated Parameters { p(~1)c(~-1 + sex)f0(~-1 + sex) } = 5          
 Threshold { p(~1)c(~-1 + sex)f0(~-1 + sex) } = 0.5428377E-05                 
 Numerical Threshold Method for Num. of Estimated Parameters { p(~1)c(~-1 + sex)f0(~-1 + sex) } = 5          
 Number of Estimated Parameters { p(~1)c(~-1 + sex)f0(~-1 + sex) } = 5          
 DEVIANCE { p(~1)c(~-1 + sex)f0(~-1 + sex) } = 103.53013                     
 DEVIANCE Degrees of Freedom { p(~1)c(~-1 + sex)f0(~-1 + sex) } = 25            
 c-hat { p(~1)c(~-1 + sex)f0(~-1 + sex) } = 4.1412051                     
 AIC { p(~1)c(~-1 + sex)f0(~-1 + sex) } = 157.76997                  
 AICc { p(~1)c(~-1 + sex)f0(~-1 + sex) } = 158.04024                    
 BIC { p(~1)c(~-1 + sex)f0(~-1 + sex) } = 174.91670                    
 Pearson Chisquare { p(~1)c(~-1 + sex)f0(~-1 + sex) } = 136.57756                  
 Possible Encounter Histories { p(~1)c(~-1 + sex)f0(~-1 + sex) } = 126             
 Pearson Chisquare df { p(~1)c(~-1 + sex)f0(~-1 + sex) } = 119        
 Pearson chat { p(~1)c(~-1 + sex)f0(~-1 + sex) } = 1.1477105                  
 Sum(Observed/Expected) { p(~1)c(~-1 + sex)f0(~-1 + sex) } = 128.69410                  
 Fletcher chat { p(~1)c(~-1 + sex)f0(~-1 + sex) } = 1.1236842                  


              PARM-SPECIFIC Link Function Parameters of { p(~1)c(~-1 + sex)f0(~-1 + sex) }
                                                              95% Confidence Interval
 Parameter                    Beta         Standard Error      Lower           Upper
 -------------------------  --------------  --------------  --------------  --------------
    1:p:(Intercept)         -0.5360076       0.3116895      -1.1469191       0.0749038    
    2:c:sexf                 0.5031035       0.2484298       0.0161812       0.9900259    
    3:c:sexm                 0.4054651       0.2531848      -0.0907772       0.9017073    
    4:f0:sexf               -0.2050934       1.9364555      -4.0005463       3.5903595    
    5:f0:sexm               -0.3903263       2.1709801      -4.6454473       3.8647947    


              Real Function Parameters of { p(~1)c(~-1 + sex)f0(~-1 + sex) }
                                                               95% Confidence Interval
  Parameter                  Estimate       Standard Error      Lower           Upper
 --------------------------  --------------  --------------  --------------  --------------
     1:p gf t1                0.3691168       0.0725830       0.2410523       0.5187172                          
     2:c gf t2                0.6231884       0.0583374       0.5040452       0.7290930                          
     3:c gm t2                0.6000000       0.0607644       0.4773213       0.7113002                          
     4:f0 gf a0 t1            0.8145712       1.5773810       0.0705345       9.4071168                          
     5:f0 gm a0 t1            0.6768360       1.4693975       0.0509046       8.9993236                          

  Program  MARK  - Survival Rate Estimation with Capture-Recapture Data
   gfortran(dble) Vers. 9.0 Mar 2018     3-Oct-2019 16:01:27    Page  004
 - - - - - - - - - - - - - - - - - - - - - - - - - - - - - - - - - - - - - -
 


                     Estimates of Derived Parameters
        Population Estimates of { p(~1)c(~-1 + sex)f0(~-1 + sex) }
                                                95% Confidence Interval
 Grp. Sess.     N-hat        Standard Error      Lower           Upper
 ---- -----  --------------  --------------  --------------  --------------
   1     1    20.814571       1.5773810       20.070535       29.407117    
   2     1    18.676836       1.4693975       18.050905       26.999324    

   CPU Time for the last procedure was 0.01 seconds.     


  INPUT --- proc stop;

     CPU Time in minutes for this job was 0.00

     Time Start = 16:01:27.367   Time End = 16:01:27.699

     Wall Clock Time in minutes for this job was 0.01


          E X E C U T I O N   S U C C E S S F U L 
