
   Program  MARK  - Survival Rate Estimation with Capture-Recapture Data
   gfortran(dble) Vers. 9.0 Mar 2018     1-Oct-2019 16:50:22    Page  001
 - - - - - - - - - - - - - - - - - - - - - - - - - - - - - - - - - - - - - -
 
   This version was compiled by GCC version 7.2.0 using the options: 
     -cpp -iprefix C:/Program Files/mingw-w64/x86_64-7.2.0-posix-seh-rt_v5-rev1/
     mingw64/bin/../lib/gcc/x86_64-w64-mingw32/7.2.0/ -D_MT -D_REENTRANT
     -U_REENTRANT -D IEEE -D DBLEPRECISION -m64 -mtune=core2 -march=nocona -mthreads
     -O2 -fimplicit-none -fbounds-check -funroll-loops -ftree-vectorize
     -ffpe-summary=invalid,zero,overflow,underflow -fno-unsafe-math-optimizations
     -frounding-math -fsignaling-nans -fopenmp.

   This problem will use 3 of 4 possible threads.


  INPUT --- proc title ;

   CPU Time for the last procedure was 0.01 seconds.     


  INPUT --- proc chmatrix occasions= 7 groups= 1 etype= FullHet Nodes= 
  INPUT --- 101 mixtures = 2 ICMeans  NoHist hist= 52 ;

  INPUT ---    time interval 1 1 1 1 1 1 ;

  INPUT ---    glabel(1)=Group 1;

      Number of unique encounter histories read was 52.

      Number of individual covariates read was 0.
      Time interval lengths are all equal to 1.

      Data type number is 23
      Data type is Full Likelihhood Heterogeneity pi, p, and c                                                         

   CPU Time for the last procedure was 0.01 seconds.     

  Program  MARK  - Survival Rate Estimation with Capture-Recapture Data
   gfortran(dble) Vers. 9.0 Mar 2018     1-Oct-2019 16:50:22    Page  002
 - - - - - - - - - - - - - - - - - - - - - - - - - - - - - - - - - - - - - -
 


  INPUT --- proc estimate link=Parm-Specific NOLOOP varest=2ndPart    ;


  INPUT --- model={ pi(~1)p(~1)c(~1)f0(~1) };

  INPUT ---    group=1 pi    rows=1 cols=1 Square ;
  INPUT ---        1 ;

  INPUT ---    group=1 p    rows=2 cols=7 Square ;
  INPUT ---        2 2 2 2 2 2 2 ;
  INPUT ---        2 2 2 2 2 2 2 ;

  INPUT ---    group=1 c    rows=2 cols=6 Square ;
  INPUT ---        3 3 3 3 3 3 ;
  INPUT ---        3 3 3 3 3 3 ;

  INPUT ---    group=1 f0    rows=1 cols=1 Square ;
  INPUT ---        4 ;

  INPUT ---    design matrix constraints=4 covariates=4 identity;

  INPUT ---    links=4;

  INPUT ---    Logit;

  INPUT ---    Logit;

  INPUT ---    Logit;

  INPUT ---    Log;
  INPUT ---       blabel(1)=pi:(Intercept);
  INPUT ---       blabel(2)=p:(Intercept);
  INPUT ---       blabel(3)=c:(Intercept);
  INPUT ---       blabel(4)=f0:(Intercept);
  INPUT ---       rlabel(1)=pi g1 m1;
  INPUT ---       rlabel(2)=p g1 t1 m1;
  INPUT ---       rlabel(3)=c g1 t2 m1;
  INPUT ---       rlabel(4)=f0 g1 a0 t1;

 Link Function Used is PARM-SPECIFIC

 Variance Estimation Procedure Used is 2ndPart 

  Program  MARK  - Survival Rate Estimation with Capture-Recapture Data
   gfortran(dble) Vers. 9.0 Mar 2018     1-Oct-2019 16:50:22    Page  003
 - - - - - - - - - - - - - - - - - - - - - - - - - - - - - - - - - - - - - -
 

 M(t+1):
     168


 -2logL(saturated) = -243.91276    
 Effective Sample Size = 1176

 Number of function evaluations was 14 for 4 parameters.
 Time for numerical optimization was 0.01 seconds.     
 -2logL { pi(~1)p(~1)c(~1)f0(~1) } = 217.09043     
 Penalty { pi(~1)p(~1)c(~1)f0(~1) } = 0.0000000     
 Gradient { pi(~1)p(~1)c(~1)f0(~1) }:
   0.000000       0.000000       0.000000     -0.7048472E-05
 Maximum ABS(G) { pi(~1)p(~1)c(~1)f0(~1) } = 0.7048472E-05 
 S Vector { pi(~1)p(~1)c(~1)f0(~1) }:
   196.7488      98.10154      1.758424     0.6357829E-06
 Time to compute number of parameters was 0.01 seconds.     
 Ratio Threshold = 50.000000       Max Gap (3/4) = 2765761.2       Next Max Gap (2/3) = 55.789482     
 Gap Method for Num. of Estimated Parameters { pi(~1)p(~1)c(~1)f0(~1) } = 2          
 Threshold { pi(~1)p(~1)c(~1)f0(~1) } = 0.1409694E-04                 
 Numerical Threshold Method for Num. of Estimated Parameters { pi(~1)p(~1)c(~1)f0(~1) } = 3          
 Number of Estimated Parameters { pi(~1)p(~1)c(~1)f0(~1) } = 3          

   * *  WARNING  * *   Number of parameters estimated from gap method (=2) and threshold method (=3) differ.  Inspect full output.                                                                                                                                                                                                                                                                                                                                                                                                                      
 Ratios of S Vector { pi(~1)p(~1)c(~1)f0(~1) }:
   1/2    2.005562       2/3    55.78948       3/4    2765761.    
 DEVIANCE { pi(~1)p(~1)c(~1)f0(~1) } = 461.00320                     
 DEVIANCE Degrees of Freedom { pi(~1)p(~1)c(~1)f0(~1) } = 49            
 c-hat { pi(~1)p(~1)c(~1)f0(~1) } = 9.4082285                     
 AIC { pi(~1)p(~1)c(~1)f0(~1) } = 223.09043                  
 AICc { pi(~1)p(~1)c(~1)f0(~1) } = 223.11091                    
 BIC { pi(~1)p(~1)c(~1)f0(~1) } = 238.30005                    
 Pearson Chisquare { pi(~1)p(~1)c(~1)f0(~1) } = 908.34027                  
 Possible Encounter Histories { pi(~1)p(~1)c(~1)f0(~1) } = 127             
 Pearson Chisquare df { pi(~1)p(~1)c(~1)f0(~1) } = 123        
 Pearson chat { pi(~1)p(~1)c(~1)f0(~1) } = 7.3848803                  
 Sum(Observed/Expected) { pi(~1)p(~1)c(~1)f0(~1) } = 140.58455                  
 Fletcher chat { pi(~1)p(~1)c(~1)f0(~1) } = 6.6712863                  


                  PARM-SPECIFIC Link Function Parameters of { pi(~1)p(~1)c(~1)f0(~1) }
                                                              95% Confidence Interval
 Parameter                    Beta         Standard Error      Lower           Upper
 -------------------------  --------------  --------------  --------------  --------------
    1:pi:(Intercept)         0.0000000       1254.1387      -2458.1120       2458.1120    
    2:p:(Intercept)         -0.3160170       0.1250285      -0.5610729      -0.0709611    
    3:c:(Intercept)         -0.2563954       0.0712925      -0.3961288      -0.1166621    
    4:f0:(Intercept)         1.1648366       0.7505016      -0.3061465       2.6358196    


                  Real Function Parameters of { pi(~1)p(~1)c(~1)f0(~1) }
                                                               95% Confidence Interval
  Parameter                  Estimate       Standard Error      Lower           Upper
 --------------------------  --------------  --------------  --------------  --------------
     1:pi g1 m1               0.5000000       313.53469      0.5562685E-308   1.0000000                          
     2:p g1 t1 m1             0.4216467       0.0304895       0.3632993       0.4822672                          
     3:c g1 t2 m1             0.4362500       0.0175334       0.4022428       0.4708675                          
     4:f0 g1 a0 t1            3.2053990       2.4056569       0.8648128       11.880702                          


                     Estimates of Derived Parameters
            Population Estimates of { pi(~1)p(~1)c(~1)f0(~1) }
                                                95% Confidence Interval
 Grp. Sess.     N-hat        Standard Error      Lower           Upper
 ---- -----  --------------  --------------  --------------  --------------
   1     1    171.20540       2.4056569       168.86481       179.88070    

 Attempted ordering of parameters by estimatibility:
  3 2 4 1
 Beta number 1 is a singular value.

  Program  MARK  - Survival Rate Estimation with Capture-Recapture Data
   gfortran(dble) Vers. 9.0 Mar 2018     1-Oct-2019 16:50:22    Page  004
 - - - - - - - - - - - - - - - - - - - - - - - - - - - - - - - - - - - - - -
 

   CPU Time for the last procedure was 0.02 seconds.     


  INPUT --- proc stop;

     CPU Time in minutes for this job was 0.00

     Time Start = 16:50:22.268   Time End = 16:50:22.533

     Wall Clock Time in minutes for this job was 0.00


          E X E C U T I O N   S U C C E S S F U L 
