
   Program  MARK  - Survival Rate Estimation with Capture-Recapture Data
   gfortran(dble) Vers. 9.0 Mar 2018     1-Oct-2019 16:24:54    Page  001
 - - - - - - - - - - - - - - - - - - - - - - - - - - - - - - - - - - - - - -
 
   This version was compiled by GCC version 7.2.0 using the options: 
     -cpp -iprefix C:/Program Files/mingw-w64/x86_64-7.2.0-posix-seh-rt_v5-rev1/
     mingw64/bin/../lib/gcc/x86_64-w64-mingw32/7.2.0/ -D_MT -D_REENTRANT
     -U_REENTRANT -D IEEE -D DBLEPRECISION -m64 -mtune=core2 -march=nocona -mthreads
     -O2 -fimplicit-none -fbounds-check -funroll-loops -ftree-vectorize
     -ffpe-summary=invalid,zero,overflow,underflow -fno-unsafe-math-optimizations
     -frounding-math -fsignaling-nans -fopenmp.

   This problem will use 3 of 4 possible threads.


  INPUT --- proc title ;

   CPU Time for the last procedure was 0.02 seconds.     


  INPUT --- proc chmatrix occasions= 6 groups= 1 etype= Closed Nodes= 
  INPUT --- 101 ICMeans NoHist hist= 24  ;

  INPUT ---    time interval 1 1 1 1 1 ;

  INPUT ---    glabel(1)=Group 1;

      Number of unique encounter histories read was 24.

      Number of individual covariates read was 0.
      Time interval lengths are all equal to 1.

      Data type number is 5
      Data type is Full Likelihhood p and c                                                                            

   CPU Time for the last procedure was 0.01 seconds.     

  Program  MARK  - Survival Rate Estimation with Capture-Recapture Data
   gfortran(dble) Vers. 9.0 Mar 2018     1-Oct-2019 16:24:54    Page  002
 - - - - - - - - - - - - - - - - - - - - - - - - - - - - - - - - - - - - - -
 


  INPUT --- proc estimate link=Parm-Specific NOLOOP varest=2ndPart    ;


  INPUT --- model={ p(~c)c(~1)f0(~1) };

  INPUT ---    group=1 p    rows=1 cols=6 Square ;
  INPUT ---        1 1 1 1 1 1 ;

  INPUT ---    group=1 c    rows=1 cols=5 Square ;
  INPUT ---        2 2 2 2 2 ;

  INPUT ---    group=1 f0    rows=1 cols=1 Square ;
  INPUT ---        3 ;

  INPUT ---    design matrix constraints=3 covariates=3 identity;

  INPUT ---    links=3;

  INPUT ---    Logit;

  INPUT ---    Logit;

  INPUT ---    Log;
  INPUT ---       blabel(1)=p:(Intercept);
  INPUT ---       blabel(2)=c:(Intercept);
  INPUT ---       blabel(3)=f0:(Intercept);
  INPUT ---       rlabel(1)=p g1 t1;
  INPUT ---       rlabel(2)=c g1 t2;
  INPUT ---       rlabel(3)=f0 g1 a0 t1;

 Link Function Used is PARM-SPECIFIC

 Variance Estimation Procedure Used is 2ndPart 

 M(t+1):
      38


 -2logL(saturated) = 24.065739     
 Effective Sample Size = 228

 Number of function evaluations was 10 for 3 parameters.
 Time for numerical optimization was 0.01 seconds.     

  Program  MARK  - Survival Rate Estimation with Capture-Recapture Data
   gfortran(dble) Vers. 9.0 Mar 2018     1-Oct-2019 16:24:54    Page  003
 - - - - - - - - - - - - - - - - - - - - - - - - - - - - - - - - - - - - - -
 
 -2logL { p(~c)c(~1)f0(~1) } = 97.987475     
 Penalty { p(~c)c(~1)f0(~1) } = 0.0000000     
 Gradient { p(~c)c(~1)f0(~1) }:
 -0.2308353E-05 -0.2620929E-05 -0.9349209E-06
 Maximum ABS(G) { p(~c)c(~1)f0(~1) } = 0.2620929E-05 
 S Vector { p(~c)c(~1)f0(~1) }:
   31.82089      26.38523     0.7964787    
 Time to compute number of parameters was 0.01 seconds.     
 Ratio Threshold = 50.000000       Max Gap (2/3) = 33.127356       Next Max Gap (1/2) = 1.2060115     
 Gap Method for Num. of Estimated Parameters { p(~c)c(~1)f0(~1) } = 3          
 Threshold { p(~c)c(~1)f0(~1) } = 0.5241857E-05                 
 Numerical Threshold Method for Num. of Estimated Parameters { p(~c)c(~1)f0(~1) } = 3          
 Number of Estimated Parameters { p(~c)c(~1)f0(~1) } = 3          
 DEVIANCE { p(~c)c(~1)f0(~1) } = 73.921737                     
 DEVIANCE Degrees of Freedom { p(~c)c(~1)f0(~1) } = 21            
 c-hat { p(~c)c(~1)f0(~1) } = 3.5200827                     
 AIC { p(~c)c(~1)f0(~1) } = 103.98748                  
 AICc { p(~c)c(~1)f0(~1) } = 104.09462                    
 BIC { p(~c)c(~1)f0(~1) } = 114.27551                    
 Pearson Chisquare { p(~c)c(~1)f0(~1) } = 84.278353                  
 Possible Encounter Histories { p(~c)c(~1)f0(~1) } = 63             
 Pearson Chisquare df { p(~c)c(~1)f0(~1) } = 59        
 Pearson chat { p(~c)c(~1)f0(~1) } = 1.4284467                  
 Sum(Observed/Expected) { p(~c)c(~1)f0(~1) } = 66.162869                  
 Fletcher chat { p(~c)c(~1)f0(~1) } = 1.3601608                  


                     PARM-SPECIFIC Link Function Parameters of { p(~c)c(~1)f0(~1) }
                                                              95% Confidence Interval
 Parameter                    Beta         Standard Error      Lower           Upper
 -------------------------  --------------  --------------  --------------  --------------
    1:p:(Intercept)         -0.6525623       0.3230649      -1.2857695      -0.0193551    
    2:c:(Intercept)          0.4554755       0.1772735       0.1080195       0.8029316    
    3:f0:(Intercept)         1.0401176       1.0904382      -1.0971413       3.1773764    


                     Real Function Parameters of { p(~c)c(~1)f0(~1) }
                                                               95% Confidence Interval
  Parameter                  Estimate       Standard Error      Lower           Upper
 --------------------------  --------------  --------------  --------------  --------------
     1:p g1 t1                0.3424124       0.0727433       0.2165697       0.4951614                          
     2:c g1 t2                0.6119403       0.0420970       0.5269786       0.6906012                          
     3:f0 g1 a0 t1            2.8295497       3.0854489       0.4991973       16.038451                          


                     Estimates of Derived Parameters
               Population Estimates of { p(~c)c(~1)f0(~1) }
                                                95% Confidence Interval
 Grp. Sess.     N-hat        Standard Error      Lower           Upper
 ---- -----  --------------  --------------  --------------  --------------
   1     1    40.829550       3.0854489       38.499197       54.038451    

   CPU Time for the last procedure was 0.01 seconds.     

  Program  MARK  - Survival Rate Estimation with Capture-Recapture Data
   gfortran(dble) Vers. 9.0 Mar 2018     1-Oct-2019 16:24:54    Page  004
 - - - - - - - - - - - - - - - - - - - - - - - - - - - - - - - - - - - - - -
 


  INPUT --- proc stop;

     CPU Time in minutes for this job was 0.00

     Time Start = 16:24:54.438   Time End = 16:24:54.453

     Wall Clock Time in minutes for this job was 0.00


          E X E C U T I O N   S U C C E S S F U L 
