
   Program  MARK  - Survival Rate Estimation with Capture-Recapture Data
   gfortran(dble) Vers. 9.0 Mar 2018     1-Oct-2019 16:50:20    Page  001
 - - - - - - - - - - - - - - - - - - - - - - - - - - - - - - - - - - - - - -
 
   This version was compiled by GCC version 7.2.0 using the options: 
     -cpp -iprefix C:/Program Files/mingw-w64/x86_64-7.2.0-posix-seh-rt_v5-rev1/
     mingw64/bin/../lib/gcc/x86_64-w64-mingw32/7.2.0/ -D_MT -D_REENTRANT
     -U_REENTRANT -D IEEE -D DBLEPRECISION -m64 -mtune=core2 -march=nocona -mthreads
     -O2 -fimplicit-none -fbounds-check -funroll-loops -ftree-vectorize
     -ffpe-summary=invalid,zero,overflow,underflow -fno-unsafe-math-optimizations
     -frounding-math -fsignaling-nans -fopenmp.

   This problem will use 3 of 4 possible threads.


  INPUT --- proc title ;

   CPU Time for the last procedure was 0.01 seconds.     


  INPUT --- proc chmatrix occasions= 7 groups= 1 etype= FullHet Nodes= 
  INPUT --- 101 mixtures = 2 ICMeans  NoHist hist= 52 ;

  INPUT ---    time interval 1 1 1 1 1 1 ;

  INPUT ---    glabel(1)=Group 1;

      Number of unique encounter histories read was 52.

      Number of individual covariates read was 0.
      Time interval lengths are all equal to 1.

      Data type number is 23
      Data type is Full Likelihhood Heterogeneity pi, p, and c                                                         

   CPU Time for the last procedure was 0.01 seconds.     

  Program  MARK  - Survival Rate Estimation with Capture-Recapture Data
   gfortran(dble) Vers. 9.0 Mar 2018     1-Oct-2019 16:50:20    Page  002
 - - - - - - - - - - - - - - - - - - - - - - - - - - - - - - - - - - - - - -
 


  INPUT --- proc estimate link=Parm-Specific NOLOOP varest=2ndPart    ;


  INPUT --- model={ pi(~1)p(~1)c()f0(~1) };

  INPUT ---    group=1 pi    rows=1 cols=1 Square ;
  INPUT ---        1 ;

  INPUT ---    group=1 p    rows=2 cols=7 Square ;
  INPUT ---        2 2 2 2 2 2 2 ;
  INPUT ---        2 2 2 2 2 2 2 ;

  INPUT ---    group=1 c    rows=2 cols=6 Square ;
  INPUT ---        2 2 2 2 2 2 ;
  INPUT ---        2 2 2 2 2 2 ;

  INPUT ---    group=1 f0    rows=1 cols=1 Square ;
  INPUT ---        3 ;

  INPUT ---    design matrix constraints=3 covariates=3 identity;

  INPUT ---    links=3;

  INPUT ---    Logit;

  INPUT ---    Logit;

  INPUT ---    Log;
  INPUT ---       blabel(1)=pi:(Intercept);
  INPUT ---       blabel(2)=p:(Intercept);
  INPUT ---       blabel(3)=f0:(Intercept);
  INPUT ---       rlabel(1)=pi g1 m1;
  INPUT ---       rlabel(2)=p g1 t1 m1;
  INPUT ---       rlabel(3)=f0 g1 a0 t1;

 Link Function Used is PARM-SPECIFIC

 Variance Estimation Procedure Used is 2ndPart 

 M(t+1):
     168


 -2logL(saturated) = -243.91276    
 Effective Sample Size = 1176

 Number of function evaluations was 8 for 3 parameters.

  Program  MARK  - Survival Rate Estimation with Capture-Recapture Data
   gfortran(dble) Vers. 9.0 Mar 2018     1-Oct-2019 16:50:20    Page  003
 - - - - - - - - - - - - - - - - - - - - - - - - - - - - - - - - - - - - - -
 
 Time for numerical optimization was 0.01 seconds.     
 -2logL { pi(~1)p(~1)c()f0(~1) } = 217.26377     
 Penalty { pi(~1)p(~1)c()f0(~1) } = 0.0000000     
 Gradient { pi(~1)p(~1)c()f0(~1) }:
   0.000000     -0.3600868E-04   0.000000    
 Maximum ABS(G) { pi(~1)p(~1)c()f0(~1) } = 0.3600868E-04 
 S Vector { pi(~1)p(~1)c()f0(~1) }:
   293.5813      2.010884     0.6357829E-06
 Time to compute number of parameters was 0.01 seconds.     
 Ratio Threshold = 50.000000       Max Gap (2/3) = 3162846.3       Next Max Gap (1/2) = 145.99618     
 Gap Method for Num. of Estimated Parameters { pi(~1)p(~1)c()f0(~1) } = 1          
 Threshold { pi(~1)p(~1)c()f0(~1) } = 0.7201735E-04                 
 Numerical Threshold Method for Num. of Estimated Parameters { pi(~1)p(~1)c()f0(~1) } = 2          
 Number of Estimated Parameters { pi(~1)p(~1)c()f0(~1) } = 2          

   * *  WARNING  * *   Number of parameters estimated from gap method (=1) and threshold method (=2) differ.  Inspect full output.                                                                                                                                                                                                                                                                                                                                                                                                                      
 Ratios of S Vector { pi(~1)p(~1)c()f0(~1) }:
   1/2    145.9962       2/3    3162846.    
 DEVIANCE { pi(~1)p(~1)c()f0(~1) } = 461.17654                     
 DEVIANCE Degrees of Freedom { pi(~1)p(~1)c()f0(~1) } = 50            
 c-hat { pi(~1)p(~1)c()f0(~1) } = 9.2235308                     
 AIC { pi(~1)p(~1)c()f0(~1) } = 221.26377                  
 AICc { pi(~1)p(~1)c()f0(~1) } = 221.27400                    
 BIC { pi(~1)p(~1)c()f0(~1) } = 231.40352                    
 Pearson Chisquare { pi(~1)p(~1)c()f0(~1) } = 911.96681                  
 Possible Encounter Histories { pi(~1)p(~1)c()f0(~1) } = 127             
 Pearson Chisquare df { pi(~1)p(~1)c()f0(~1) } = 124        
 Pearson chat { pi(~1)p(~1)c()f0(~1) } = 7.3545711                  
 Sum(Observed/Expected) { pi(~1)p(~1)c()f0(~1) } = 140.56952                  
 Fletcher chat { pi(~1)p(~1)c()f0(~1) } = 6.6446162                  


                   PARM-SPECIFIC Link Function Parameters of { pi(~1)p(~1)c()f0(~1) }
                                                              95% Confidence Interval
 Parameter                    Beta         Standard Error      Lower           Upper
 -------------------------  --------------  --------------  --------------  --------------
    1:pi:(Intercept)         0.0000000       1254.1387      -2458.1120       2458.1120    
    2:p:(Intercept)         -0.2712593       0.0616714      -0.3921353      -0.1503834    
    3:f0:(Intercept)         1.0040412       0.7049090      -0.3775804       2.3856629    


                   Real Function Parameters of { pi(~1)p(~1)c()f0(~1) }
                                                               95% Confidence Interval
  Parameter                  Estimate       Standard Error      Lower           Upper
 --------------------------  --------------  --------------  --------------  --------------
     1:pi g1 m1               0.5000000       313.53469      0.5562685E-308   1.0000000                          
     2:p g1 t1 m1             0.4325980       0.0151377       0.4032034       0.4624748                          
     3:f0 g1 a0 t1            2.7292892       1.9239006       0.7859833       9.4773258                          


                     Estimates of Derived Parameters
             Population Estimates of { pi(~1)p(~1)c()f0(~1) }
                                                95% Confidence Interval
 Grp. Sess.     N-hat        Standard Error      Lower           Upper
 ---- -----  --------------  --------------  --------------  --------------
   1     1    170.72929       1.9239006       168.78598       177.47733    

 Attempted ordering of parameters by estimatibility:
  2 3 1
 Beta number 1 is a singular value.

   CPU Time for the last procedure was 0.01 seconds.     

  Program  MARK  - Survival Rate Estimation with Capture-Recapture Data
   gfortran(dble) Vers. 9.0 Mar 2018     1-Oct-2019 16:50:20    Page  004
 - - - - - - - - - - - - - - - - - - - - - - - - - - - - - - - - - - - - - -
 


  INPUT --- proc stop;

     CPU Time in minutes for this job was 0.00

     Time Start = 16:50:20.628   Time End = 16:50:20.885

     Wall Clock Time in minutes for this job was 0.00


          E X E C U T I O N   S U C C E S S F U L 
