
   Program  MARK  - Survival Rate Estimation with Capture-Recapture Data
   gfortran(dble) Vers. 9.0 Mar 2018     3-Oct-2019 16:01:26    Page  001
 - - - - - - - - - - - - - - - - - - - - - - - - - - - - - - - - - - - - - -
 
   This version was compiled by GCC version 7.2.0 using the options: 
     -cpp -iprefix C:/Program Files/mingw-w64/x86_64-7.2.0-posix-seh-rt_v5-rev1/
     mingw64/bin/../lib/gcc/x86_64-w64-mingw32/7.2.0/ -D_MT -D_REENTRANT
     -U_REENTRANT -D IEEE -D DBLEPRECISION -m64 -mtune=core2 -march=nocona -mthreads
     -O2 -fimplicit-none -fbounds-check -funroll-loops -ftree-vectorize
     -ffpe-summary=invalid,zero,overflow,underflow -fno-unsafe-math-optimizations
     -frounding-math -fsignaling-nans -fopenmp.

   This problem will use 3 of 4 possible threads.


  INPUT --- proc title ;

   CPU Time for the last procedure was 0.01 seconds.     


  INPUT --- proc chmatrix occasions= 6 groups= 2 etype= Closed Nodes= 
  INPUT --- 101 ICMeans NoHist hist= 30  ;

  INPUT ---    time interval 1 1 1 1 1 ;

  INPUT ---    glabel(1)=sexf;

  INPUT ---    glabel(2)=sexm;

   * *  WARNING  * *   At least a pair of the encounter histories are duplicates. 

      Number of unique encounter histories read was 24.

      Number of individual covariates read was 0.
      Time interval lengths are all equal to 1.

      Data type number is 5
      Data type is Full Likelihhood p and c                                                                            

   CPU Time for the last procedure was 0.01 seconds.     

  Program  MARK  - Survival Rate Estimation with Capture-Recapture Data
   gfortran(dble) Vers. 9.0 Mar 2018     3-Oct-2019 16:01:26    Page  002
 - - - - - - - - - - - - - - - - - - - - - - - - - - - - - - - - - - - - - -
 


  INPUT --- proc estimate link=Parm-Specific NOLOOP varest=2ndPart    ;


  INPUT --- model={ p(~1)c(~1)f0(~-1 + sex) };

  INPUT ---    group=1 p    rows=1 cols=6 Square ;
  INPUT ---        1 1 1 1 1 1 ;

  INPUT ---    group=2 p    rows=1 cols=6 Square ;
  INPUT ---        1 1 1 1 1 1 ;

  INPUT ---    group=1 c    rows=1 cols=5 Square ;
  INPUT ---        2 2 2 2 2 ;

  INPUT ---    group=2 c    rows=1 cols=5 Square ;
  INPUT ---        2 2 2 2 2 ;

  INPUT ---    group=1 f0    rows=1 cols=1 Square ;
  INPUT ---        3 ;

  INPUT ---    group=2 f0    rows=1 cols=1 Square ;
  INPUT ---        4 ;

  INPUT ---    design matrix constraints=4 covariates=4 identity;

  INPUT ---    links=4;

  INPUT ---    Logit;

  INPUT ---    Logit;

  INPUT ---    Log;

  INPUT ---    Log;
  INPUT ---       blabel(1)=p:(Intercept);
  INPUT ---       blabel(2)=c:(Intercept);
  INPUT ---       blabel(3)=f0:sexf;
  INPUT ---       blabel(4)=f0:sexm;
  INPUT ---       rlabel(1)=p gf t1;
  INPUT ---       rlabel(2)=c gf t2;
  INPUT ---       rlabel(3)=f0 gf a0 t1;
  INPUT ---       rlabel(4)=f0 gm a0 t1;

 Link Function Used is PARM-SPECIFIC

  Program  MARK  - Survival Rate Estimation with Capture-Recapture Data
   gfortran(dble) Vers. 9.0 Mar 2018     3-Oct-2019 16:01:26    Page  003
 - - - - - - - - - - - - - - - - - - - - - - - - - - - - - - - - - - - - - -
 

 Variance Estimation Procedure Used is 2ndPart 

 M(t+1):
      20     18


 -2logL(saturated) = 44.239841     
 Effective Sample Size = 228

 Number of function evaluations was 15 for 4 parameters.
 Time for numerical optimization was 0.01 seconds.     
 -2logL { p(~1)c(~1)f0(~-1 + sex) } = 147.84575     
 Penalty { p(~1)c(~1)f0(~-1 + sex) } = 0.0000000     
 Gradient { p(~1)c(~1)f0(~-1 + sex) }:
  0.3725272E-05  0.2620928E-05   0.000000      0.1371871E-05
 Maximum ABS(G) { p(~1)c(~1)f0(~-1 + sex) } = 0.3725272E-05 
 S Vector { p(~1)c(~1)f0(~-1 + sex) }:
   31.82089      24.20476     0.4018605     0.1658244    
 Time to compute number of parameters was 0.01 seconds.     
 Ratio Threshold = 50.000000       Max Gap (2/3) = 60.231763       Next Max Gap (3/4) = 2.4234092     
 Gap Method for Num. of Estimated Parameters { p(~1)c(~1)f0(~-1 + sex) } = 2          
 Threshold { p(~1)c(~1)f0(~-1 + sex) } = 0.7450543E-05                 
 Numerical Threshold Method for Num. of Estimated Parameters { p(~1)c(~1)f0(~-1 + sex) } = 4          
 Number of Estimated Parameters { p(~1)c(~1)f0(~-1 + sex) } = 4          

   * *  WARNING  * *   Number of parameters estimated from gap method (=2) and threshold method (=4) differ.  Inspect full output.                                                                                                                                                                                                                                                                                                                                                                                                                      
 Ratios of S Vector { p(~1)c(~1)f0(~-1 + sex) }:
   1/2    1.314654       2/3    60.23176       3/4    2.423409    
 DEVIANCE { p(~1)c(~1)f0(~-1 + sex) } = 103.60591                     
 DEVIANCE Degrees of Freedom { p(~1)c(~1)f0(~-1 + sex) } = 26            
 c-hat { p(~1)c(~1)f0(~-1 + sex) } = 3.9848425                     
 AIC { p(~1)c(~1)f0(~-1 + sex) } = 155.84575                  
 AICc { p(~1)c(~1)f0(~-1 + sex) } = 156.02512                    
 BIC { p(~1)c(~1)f0(~-1 + sex) } = 169.56313                    
 Pearson Chisquare { p(~1)c(~1)f0(~-1 + sex) } = 135.92760                  
 Possible Encounter Histories { p(~1)c(~1)f0(~-1 + sex) } = 126             
 Pearson Chisquare df { p(~1)c(~1)f0(~-1 + sex) } = 120        
 Pearson chat { p(~1)c(~1)f0(~-1 + sex) } = 1.1327300                  
 Sum(Observed/Expected) { p(~1)c(~1)f0(~-1 + sex) } = 129.22447                  
 Fletcher chat { p(~1)c(~1)f0(~-1 + sex) } = 1.1044656                  


                 PARM-SPECIFIC Link Function Parameters of { p(~1)c(~1)f0(~-1 + sex) }
                                                              95% Confidence Interval
 Parameter                    Beta         Standard Error      Lower           Upper
 -------------------------  --------------  --------------  --------------  --------------
    1:p:(Intercept)         -0.5360077       0.3116902      -1.1469205       0.0749052    
    2:c:(Intercept)          0.4554755       0.1772735       0.1080195       0.8029316    
    3:f0:sexf               -0.2050925       1.9364660      -4.0005660       3.5903809    
    4:f0:sexm               -0.3903264       2.1709821      -4.6454514       3.8647986    


                 Real Function Parameters of { p(~1)c(~1)f0(~-1 + sex) }
                                                               95% Confidence Interval
  Parameter                  Estimate       Standard Error      Lower           Upper
 --------------------------  --------------  --------------  --------------  --------------
     1:p gf t1                0.3691168       0.0725832       0.2410520       0.5187175                          
     2:c gf t2                0.6119403       0.0420970       0.5269786       0.6906012                          
     3:f0 gf a0 t1            0.8145720       1.5773909       0.0705341       9.4071883                          
     4:f0 gm a0 t1            0.6768359       1.4693987       0.0509045       8.9993330                          

  Program  MARK  - Survival Rate Estimation with Capture-Recapture Data
   gfortran(dble) Vers. 9.0 Mar 2018     3-Oct-2019 16:01:26    Page  004
 - - - - - - - - - - - - - - - - - - - - - - - - - - - - - - - - - - - - - -
 


                     Estimates of Derived Parameters
           Population Estimates of { p(~1)c(~1)f0(~-1 + sex) }
                                                95% Confidence Interval
 Grp. Sess.     N-hat        Standard Error      Lower           Upper
 ---- -----  --------------  --------------  --------------  --------------
   1     1    20.814572       1.5773909       20.070534       29.407188    
   2     1    18.676836       1.4693987       18.050905       26.999333    

 Attempted ordering of parameters by estimatibility:
  2 1 3 4
 Beta number 4 is a singular value.

   CPU Time for the last procedure was 0.01 seconds.     


  INPUT --- proc stop;

     CPU Time in minutes for this job was 0.00

     Time Start = 16:01:26.211   Time End = 16:01:26.505

     Wall Clock Time in minutes for this job was 0.00


          E X E C U T I O N   S U C C E S S F U L 
