
   Program  MARK  - Survival Rate Estimation with Capture-Recapture Data
   gfortran(dble) Vers. 9.0 Mar 2018     1-Oct-2019 16:24:51    Page  001
 - - - - - - - - - - - - - - - - - - - - - - - - - - - - - - - - - - - - - -
 
   This version was compiled by GCC version 7.2.0 using the options: 
     -cpp -iprefix C:/Program Files/mingw-w64/x86_64-7.2.0-posix-seh-rt_v5-rev1/
     mingw64/bin/../lib/gcc/x86_64-w64-mingw32/7.2.0/ -D_MT -D_REENTRANT
     -U_REENTRANT -D IEEE -D DBLEPRECISION -m64 -mtune=core2 -march=nocona -mthreads
     -O2 -fimplicit-none -fbounds-check -funroll-loops -ftree-vectorize
     -ffpe-summary=invalid,zero,overflow,underflow -fno-unsafe-math-optimizations
     -frounding-math -fsignaling-nans -fopenmp.

   This problem will use 3 of 4 possible threads.


  INPUT --- proc title ;

   CPU Time for the last procedure was 0.01 seconds.     


  INPUT --- proc chmatrix occasions= 6 groups= 1 etype= Closed Nodes= 
  INPUT --- 101 ICMeans NoHist hist= 24  ;

  INPUT ---    time interval 1 1 1 1 1 ;

  INPUT ---    glabel(1)=Group 1;

      Number of unique encounter histories read was 24.

      Number of individual covariates read was 0.
      Time interval lengths are all equal to 1.

      Data type number is 5
      Data type is Full Likelihhood p and c                                                                            

   CPU Time for the last procedure was 0.01 seconds.     

  Program  MARK  - Survival Rate Estimation with Capture-Recapture Data
   gfortran(dble) Vers. 9.0 Mar 2018     1-Oct-2019 16:24:51    Page  002
 - - - - - - - - - - - - - - - - - - - - - - - - - - - - - - - - - - - - - -
 


  INPUT --- proc estimate link=Parm-Specific NOLOOP varest=2ndPart    ;


  INPUT --- model={ p(~Time)c()f0(~1) };

  INPUT ---    group=1 p    rows=1 cols=6 Square ;
  INPUT ---        1 2 3 4 5 6 ;

  INPUT ---    group=1 c    rows=1 cols=5 Square ;
  INPUT ---        1 2 3 4 5 ;

  INPUT ---    group=1 f0    rows=1 cols=1 Square ;
  INPUT ---        7 ;

  INPUT ---    design matrix constraints=7 covariates=3;
  INPUT ---        1 0 0;
  INPUT ---        1 1 0;
  INPUT ---        1 2 0;
  INPUT ---        1 3 0;
  INPUT ---        1 4 0;
  INPUT ---        1 5 0;
  INPUT ---        0 0 1;

  INPUT ---    links=7;

  INPUT ---    Logit;

  INPUT ---    Logit;

  INPUT ---    Logit;

  INPUT ---    Logit;

  INPUT ---    Logit;

  INPUT ---    Logit;

  INPUT ---    Log;
  INPUT ---       blabel(1)=p:(Intercept);
  INPUT ---       blabel(2)=p:Time;
  INPUT ---       blabel(3)=f0:(Intercept);
  INPUT ---       rlabel(1)=p g1 t1;
  INPUT ---       rlabel(2)=p g1 t2;
  INPUT ---       rlabel(3)=p g1 t3;

  Program  MARK  - Survival Rate Estimation with Capture-Recapture Data
   gfortran(dble) Vers. 9.0 Mar 2018     1-Oct-2019 16:24:51    Page  003
 - - - - - - - - - - - - - - - - - - - - - - - - - - - - - - - - - - - - - -
 
  INPUT ---       rlabel(4)=p g1 t4;
  INPUT ---       rlabel(5)=p g1 t5;
  INPUT ---       rlabel(6)=p g1 t6;
  INPUT ---       rlabel(7)=f0 g1 a0 t1;

 Link Function Used is PARM-SPECIFIC

 Variance Estimation Procedure Used is 2ndPart 

 M(t+1):
      38


 -2logL(saturated) = 24.065739     
 Effective Sample Size = 228

 Number of function evaluations was 27 for 3 parameters.
 Time for numerical optimization was 0.01 seconds.     
 -2logL { p(~Time)c()f0(~1) } = 105.31221     
 Penalty { p(~Time)c()f0(~1) } = 0.0000000     
 Gradient { p(~Time)c()f0(~1) }:
 -0.1830185E-04 -0.9849346E-05 -0.1099179E-06
 Maximum ABS(G) { p(~Time)c()f0(~1) } = 0.1830185E-04 
 S Vector { p(~Time)c()f0(~1) }:
   64.37946      4.074886     0.5489827E-07
 Time to compute number of parameters was 0.01 seconds.     
 Ratio Threshold = 50.000000       Max Gap (2/3) = 74226133.       Next Max Gap (1/2) = 15.799081     
 Gap Method for Num. of Estimated Parameters { p(~Time)c()f0(~1) } = 2          
 Threshold { p(~Time)c()f0(~1) } = 0.3660370E-04                 
 Numerical Threshold Method for Num. of Estimated Parameters { p(~Time)c()f0(~1) } = 2          
 Number of Estimated Parameters { p(~Time)c()f0(~1) } = 2          
 DEVIANCE { p(~Time)c()f0(~1) } = 81.246474                     
 DEVIANCE Degrees of Freedom { p(~Time)c()f0(~1) } = 22            
 c-hat { p(~Time)c()f0(~1) } = 3.6930216                     
 AIC { p(~Time)c()f0(~1) } = 109.31221                  
 AICc { p(~Time)c()f0(~1) } = 109.36555                    
 BIC { p(~Time)c()f0(~1) } = 116.17090                    
 Pearson Chisquare { p(~Time)c()f0(~1) } = 93.425013                  
 Possible Encounter Histories { p(~Time)c()f0(~1) } = 63             
 Pearson Chisquare df { p(~Time)c()f0(~1) } = 60        
 Pearson chat { p(~Time)c()f0(~1) } = 1.5570835                  
 Sum(Observed/Expected) { p(~Time)c()f0(~1) } = 62.132614                  
 Fletcher chat { p(~Time)c()f0(~1) } = 1.5788208                  


                    PARM-SPECIFIC Link Function Parameters of { p(~Time)c()f0(~1) }
                                                              95% Confidence Interval
 Parameter                    Beta         Standard Error      Lower           Upper
 -------------------------  --------------  --------------  --------------  --------------
    1:p:(Intercept)         -0.2505941       0.2196049      -0.6810197       0.1798315    
    2:p:Time                 0.1873046       0.0922415       0.0065113       0.3680979    
    3:f0:(Intercept)        -16.352488       4267.9631      -8381.5604       8348.8554    


                    Real Function Parameters of { p(~Time)c()f0(~1) }
                                                               95% Confidence Interval
  Parameter                  Estimate       Standard Error      Lower           Upper
 --------------------------  --------------  --------------  --------------  --------------
     1:p g1 t1                0.4376773       0.0540483       0.3360338       0.5448371                          
     2:p g1 t2                0.4841829       0.0391867       0.4083426       0.5607588                          
     3:p g1 t3                0.5309641       0.0334387       0.4652676       0.5956046                          
     4:p g1 t4                0.5772074       0.0411659       0.4951741       0.6551927                          
     5:p g1 t5                0.6221360       0.0555802       0.5088053       0.7235268                          
     6:p g1 t6                0.6650607       0.0705676       0.5162472       0.7869849                          
     7:f0 g1 a0 t1            0.7910517E-07   0.3376180E-03   0.2616979E-10   0.2391165E-03                      

  Program  MARK  - Survival Rate Estimation with Capture-Recapture Data
   gfortran(dble) Vers. 9.0 Mar 2018     1-Oct-2019 16:24:52    Page  004
 - - - - - - - - - - - - - - - - - - - - - - - - - - - - - - - - - - - - - -
 


                     Estimates of Derived Parameters
              Population Estimates of { p(~Time)c()f0(~1) }
                                                95% Confidence Interval
 Grp. Sess.     N-hat        Standard Error      Lower           Upper
 ---- -----  --------------  --------------  --------------  --------------
   1     1    38.000000       0.3376180E-03   38.000000       38.000239    

 Attempted ordering of parameters by estimatibility:
  1 2 3
 Beta number 3 is a singular value.

   CPU Time for the last procedure was 0.01 seconds.     


  INPUT --- proc stop;

     CPU Time in minutes for this job was 0.00

     Time Start = 16:24:51.866   Time End = 16:24:52.020

     Wall Clock Time in minutes for this job was 0.00


          E X E C U T I O N   S U C C E S S F U L 
