
   Program  MARK  - Survival Rate Estimation with Capture-Recapture Data
   gfortran(dble) Vers. 9.0 Mar 2018     3-Oct-2019 16:01:28    Page  001
 - - - - - - - - - - - - - - - - - - - - - - - - - - - - - - - - - - - - - -
 
   This version was compiled by GCC version 7.2.0 using the options: 
     -cpp -iprefix C:/Program Files/mingw-w64/x86_64-7.2.0-posix-seh-rt_v5-rev1/
     mingw64/bin/../lib/gcc/x86_64-w64-mingw32/7.2.0/ -D_MT -D_REENTRANT
     -U_REENTRANT -D IEEE -D DBLEPRECISION -m64 -mtune=core2 -march=nocona -mthreads
     -O2 -fimplicit-none -fbounds-check -funroll-loops -ftree-vectorize
     -ffpe-summary=invalid,zero,overflow,underflow -fno-unsafe-math-optimizations
     -frounding-math -fsignaling-nans -fopenmp.

   This problem will use 3 of 4 possible threads.


  INPUT --- proc title ;

   CPU Time for the last procedure was 0.01 seconds.     


  INPUT --- proc chmatrix occasions= 6 groups= 2 etype= Closed Nodes= 
  INPUT --- 101 ICMeans NoHist hist= 30  ;

  INPUT ---    time interval 1 1 1 1 1 ;

  INPUT ---    glabel(1)=sexf;

  INPUT ---    glabel(2)=sexm;

   * *  WARNING  * *   At least a pair of the encounter histories are duplicates. 

      Number of unique encounter histories read was 24.

      Number of individual covariates read was 0.
      Time interval lengths are all equal to 1.

      Data type number is 5
      Data type is Full Likelihhood p and c                                                                            

   CPU Time for the last procedure was 0.01 seconds.     

  Program  MARK  - Survival Rate Estimation with Capture-Recapture Data
   gfortran(dble) Vers. 9.0 Mar 2018     3-Oct-2019 16:01:28    Page  002
 - - - - - - - - - - - - - - - - - - - - - - - - - - - - - - - - - - - - - -
 


  INPUT --- proc estimate link=Parm-Specific NOLOOP varest=2ndPart    ;


  INPUT --- model={ p(~-1 + sex)c(~-1 + sex)f0(~-1 + sex) };

  INPUT ---    group=1 p    rows=1 cols=6 Square ;
  INPUT ---        1 1 1 1 1 1 ;

  INPUT ---    group=2 p    rows=1 cols=6 Square ;
  INPUT ---        2 2 2 2 2 2 ;

  INPUT ---    group=1 c    rows=1 cols=5 Square ;
  INPUT ---        3 3 3 3 3 ;

  INPUT ---    group=2 c    rows=1 cols=5 Square ;
  INPUT ---        4 4 4 4 4 ;

  INPUT ---    group=1 f0    rows=1 cols=1 Square ;
  INPUT ---        5 ;

  INPUT ---    group=2 f0    rows=1 cols=1 Square ;
  INPUT ---        6 ;

  INPUT ---    design matrix constraints=6 covariates=6 identity;

  INPUT ---    links=6;

  INPUT ---    Logit;

  INPUT ---    Logit;

  INPUT ---    Logit;

  INPUT ---    Logit;

  INPUT ---    Log;

  INPUT ---    Log;
  INPUT ---       blabel(1)=p:sexf;
  INPUT ---       blabel(2)=p:sexm;
  INPUT ---       blabel(3)=c:sexf;
  INPUT ---       blabel(4)=c:sexm;
  INPUT ---       blabel(5)=f0:sexf;
  INPUT ---       blabel(6)=f0:sexm;

  Program  MARK  - Survival Rate Estimation with Capture-Recapture Data
   gfortran(dble) Vers. 9.0 Mar 2018     3-Oct-2019 16:01:28    Page  003
 - - - - - - - - - - - - - - - - - - - - - - - - - - - - - - - - - - - - - -
 
  INPUT ---       rlabel(1)=p gf t1;
  INPUT ---       rlabel(2)=p gm t1;
  INPUT ---       rlabel(3)=c gf t2;
  INPUT ---       rlabel(4)=c gm t2;
  INPUT ---       rlabel(5)=f0 gf a0 t1;
  INPUT ---       rlabel(6)=f0 gm a0 t1;

 Link Function Used is PARM-SPECIFIC

 Variance Estimation Procedure Used is 2ndPart 

 M(t+1):
      20     18


 -2logL(saturated) = 44.239841     
 Effective Sample Size = 228

 Number of function evaluations was 21 for 6 parameters.
 Time for numerical optimization was 0.03 seconds.     
 -2logL { p(~-1 + sex)c(~-1 + sex)f0(~-1 + sex) } = 147.61512     
 Penalty { p(~-1 + sex)c(~-1 + sex)f0(~-1 + sex) } = 0.0000000     
 Gradient { p(~-1 + sex)c(~-1 + sex)f0(~-1 + sex) }:
  0.4616989E-05  0.2711799E-05  0.2537880E-05  0.2714188E-05  0.3151536E-05
 -0.9161048E-06
 Maximum ABS(G) { p(~-1 + sex)c(~-1 + sex)f0(~-1 + sex) } = 0.4616989E-05 
 S Vector { p(~-1 + sex)c(~-1 + sex)f0(~-1 + sex) }:
   16.20290      15.60000      13.65113      10.86682     0.2864198    
  0.5756464E-01
 Time to compute number of parameters was 0.01 seconds.     
 Ratio Threshold = 50.000000       Max Gap (4/5) = 37.940170       Next Max Gap (5/6) = 4.9756204     
 Gap Method for Num. of Estimated Parameters { p(~-1 + sex)c(~-1 + sex)f0(~-1 + sex) } = 6          
 Threshold { p(~-1 + sex)c(~-1 + sex)f0(~-1 + sex) } = 0.9233979E-05                 
 Numerical Threshold Method for Num. of Estimated Parameters { p(~-1 + sex)c(~-1 + sex)f0(~-1 + sex) } = 6          
 Number of Estimated Parameters { p(~-1 + sex)c(~-1 + sex)f0(~-1 + sex) } = 6          
 DEVIANCE { p(~-1 + sex)c(~-1 + sex)f0(~-1 + sex) } = 103.37528                     
 DEVIANCE Degrees of Freedom { p(~-1 + sex)c(~-1 + sex)f0(~-1 + sex) } = 24            
 c-hat { p(~-1 + sex)c(~-1 + sex)f0(~-1 + sex) } = 4.3073033                     
 AIC { p(~-1 + sex)c(~-1 + sex)f0(~-1 + sex) } = 159.61512                  
 AICc { p(~-1 + sex)c(~-1 + sex)f0(~-1 + sex) } = 159.99521                    
 BIC { p(~-1 + sex)c(~-1 + sex)f0(~-1 + sex) } = 180.19119                    
 Pearson Chisquare { p(~-1 + sex)c(~-1 + sex)f0(~-1 + sex) } = 135.64831                  
 Possible Encounter Histories { p(~-1 + sex)c(~-1 + sex)f0(~-1 + sex) } = 126             
 Pearson Chisquare df { p(~-1 + sex)c(~-1 + sex)f0(~-1 + sex) } = 118        
 Pearson chat { p(~-1 + sex)c(~-1 + sex)f0(~-1 + sex) } = 1.1495619                  
 Sum(Observed/Expected) { p(~-1 + sex)c(~-1 + sex)f0(~-1 + sex) } = 128.09182                  
 Fletcher chat { p(~-1 + sex)c(~-1 + sex)f0(~-1 + sex) } = 1.1307889                  


          PARM-SPECIFIC Link Function Parameters of { p(~-1 + sex)c(~-1 + sex)f0(~-1 + sex) }
                                                              95% Confidence Interval
 Parameter                    Beta         Standard Error      Lower           Upper
 -------------------------  --------------  --------------  --------------  --------------
    1:p:sexf                -0.6524609       0.4484311      -1.5313859       0.2264640    
    2:p:sexm                -0.4067036       0.4362127      -1.2616805       0.4482733    
    3:c:sexf                 0.5031036       0.2484298       0.0161812       0.9900260    
    4:c:sexm                 0.4054651       0.2531848      -0.0907771       0.9017074    
    5:f0:sexf                0.2104248       1.8339963      -3.3842080       3.8050577    
    6:f0:sexm               -1.0820201       4.1561422      -9.2280590       7.0640188    


          Real Function Parameters of { p(~-1 + sex)c(~-1 + sex)f0(~-1 + sex) }
                                                               95% Confidence Interval
  Parameter                  Estimate       Standard Error      Lower           Upper
 --------------------------  --------------  --------------  --------------  --------------
     1:p gf t1                0.3424352       0.1009747       0.1777910       0.5563753                          

  Program  MARK  - Survival Rate Estimation with Capture-Recapture Data
   gfortran(dble) Vers. 9.0 Mar 2018     3-Oct-2019 16:01:28    Page  004
 - - - - - - - - - - - - - - - - - - - - - - - - - - - - - - - - - - - - - -
 
     2:p gm t1                0.3997028       0.1046651       0.2206847       0.6102286                          
     3:c gf t2                0.6231884       0.0583374       0.5040452       0.7290931                          
     4:c gm t2                0.6000000       0.0607644       0.4773213       0.7113002                          
     5:f0 gf a0 t1            1.2342023       2.2635224       0.1143373       13.322465                          
     6:f0 gm a0 t1            0.3389102       1.4085590       0.0119992       9.5723264                          


                     Estimates of Derived Parameters
    Population Estimates of { p(~-1 + sex)c(~-1 + sex)f0(~-1 + sex) }
                                                95% Confidence Interval
 Grp. Sess.     N-hat        Standard Error      Lower           Upper
 ---- -----  --------------  --------------  --------------  --------------
   1     1    21.234202       2.2635224       20.114337       33.322465    
   2     1    18.338910       1.4085590       18.011999       27.572326    

   CPU Time for the last procedure was 0.03 seconds.     


  INPUT --- proc stop;

     CPU Time in minutes for this job was 0.00

     Time Start = 16:01:28.135   Time End = 16:01:28.311

     Wall Clock Time in minutes for this job was 0.00


          E X E C U T I O N   S U C C E S S F U L 
