
   Program  MARK  - Survival Rate Estimation with Capture-Recapture Data
   gfortran(dble) Vers. 9.0 Mar 2018     1-Oct-2019 16:24:50    Page  001
 - - - - - - - - - - - - - - - - - - - - - - - - - - - - - - - - - - - - - -
 
   This version was compiled by GCC version 7.2.0 using the options: 
     -cpp -iprefix C:/Program Files/mingw-w64/x86_64-7.2.0-posix-seh-rt_v5-rev1/
     mingw64/bin/../lib/gcc/x86_64-w64-mingw32/7.2.0/ -D_MT -D_REENTRANT
     -U_REENTRANT -D IEEE -D DBLEPRECISION -m64 -mtune=core2 -march=nocona -mthreads
     -O2 -fimplicit-none -fbounds-check -funroll-loops -ftree-vectorize
     -ffpe-summary=invalid,zero,overflow,underflow -fno-unsafe-math-optimizations
     -frounding-math -fsignaling-nans -fopenmp.

   This problem will use 3 of 4 possible threads.


  INPUT --- proc title ;

   CPU Time for the last procedure was 0.01 seconds.     


  INPUT --- proc chmatrix occasions= 6 groups= 1 etype= Closed Nodes= 
  INPUT --- 101 ICMeans NoHist hist= 24  ;

  INPUT ---    time interval 1 1 1 1 1 ;

  INPUT ---    glabel(1)=Group 1;

      Number of unique encounter histories read was 24.

      Number of individual covariates read was 0.
      Time interval lengths are all equal to 1.

      Data type number is 5
      Data type is Full Likelihhood p and c                                                                            

   CPU Time for the last procedure was 0.01 seconds.     

  Program  MARK  - Survival Rate Estimation with Capture-Recapture Data
   gfortran(dble) Vers. 9.0 Mar 2018     1-Oct-2019 16:24:50    Page  002
 - - - - - - - - - - - - - - - - - - - - - - - - - - - - - - - - - - - - - -
 


  INPUT --- proc estimate link=Parm-Specific NOLOOP varest=2ndPart    ;


  INPUT --- model={ p(~1)c()f0(~1) };

  INPUT ---    group=1 p    rows=1 cols=6 Square ;
  INPUT ---        1 1 1 1 1 1 ;

  INPUT ---    group=1 c    rows=1 cols=5 Square ;
  INPUT ---        1 1 1 1 1 ;

  INPUT ---    group=1 f0    rows=1 cols=1 Square ;
  INPUT ---        2 ;

  INPUT ---    design matrix constraints=2 covariates=2 identity;

  INPUT ---    links=2;

  INPUT ---    Logit;

  INPUT ---    Log;
  INPUT ---       blabel(1)=p:(Intercept);
  INPUT ---       blabel(2)=f0:(Intercept);
  INPUT ---       rlabel(1)=p g1 t1;
  INPUT ---       rlabel(2)=f0 g1 a0 t1;

 Link Function Used is PARM-SPECIFIC

 Variance Estimation Procedure Used is 2ndPart 

 M(t+1):
      38


 -2logL(saturated) = 24.065739     
 Effective Sample Size = 228

   * *  WARNING  * *   Error number 0 from VA09AD optimization routine. 

 Number of function evaluations was 28 for 2 parameters.
 Time for numerical optimization was 0.01 seconds.     
 -2logL { p(~1)c()f0(~1) } = 109.50685     
 Penalty { p(~1)c()f0(~1) } = 0.0000000     
 Gradient { p(~1)c()f0(~1) }:
   0.000000       0.000000    
 Maximum ABS(G) { p(~1)c()f0(~1) } = 0.0000000     

  Program  MARK  - Survival Rate Estimation with Capture-Recapture Data
   gfortran(dble) Vers. 9.0 Mar 2018     1-Oct-2019 16:24:50    Page  003
 - - - - - - - - - - - - - - - - - - - - - - - - - - - - - - - - - - - - - -
 
 S Vector { p(~1)c()f0(~1) }:
   56.84210     0.1424058E-07
 Time to compute number of parameters was 0.01 seconds.     
 Gap Method for Num. of Estimated Parameters { p(~1)c()f0(~1) } = 2          
 Threshold { p(~1)c()f0(~1) } = 0.0000000                     
 Numerical Threshold Method for Num. of Estimated Parameters { p(~1)c()f0(~1) } = 2          
 Number of Estimated Parameters { p(~1)c()f0(~1) } = 2          
 DEVIANCE { p(~1)c()f0(~1) } = 85.441107                     
 DEVIANCE Degrees of Freedom { p(~1)c()f0(~1) } = 22            
 c-hat { p(~1)c()f0(~1) } = 3.8836867                     
 AIC { p(~1)c()f0(~1) } = 113.50685                  
 AICc { p(~1)c()f0(~1) } = 113.56018                    
 BIC { p(~1)c()f0(~1) } = 120.36554                    
 Pearson Chisquare { p(~1)c()f0(~1) } = 97.400754                  
 Possible Encounter Histories { p(~1)c()f0(~1) } = 63             
 Pearson Chisquare df { p(~1)c()f0(~1) } = 60        
 Pearson chat { p(~1)c()f0(~1) } = 1.6233459                  
 Sum(Observed/Expected) { p(~1)c()f0(~1) } = 64.456318                  
 Fletcher chat { p(~1)c()f0(~1) } = 1.5866682                  


                      PARM-SPECIFIC Link Function Parameters of { p(~1)c()f0(~1) }
                                                              95% Confidence Interval
 Parameter                    Beta         Standard Error      Lower           Upper
 -------------------------  --------------  --------------  --------------  --------------
    1:p:(Intercept)          0.1053605       0.1326371      -0.1546082       0.3653292    
    2:f0:(Intercept)        -18.336728       8379.8483      -16442.840       16406.166    


                      Real Function Parameters of { p(~1)c()f0(~1) }
                                                               95% Confidence Interval
  Parameter                  Estimate       Standard Error      Lower           Upper
 --------------------------  --------------  --------------  --------------  --------------
     1:p g1 t1                0.5263158       0.0330674       0.4614248       0.5903299                          
     2:f0 g1 a0 t1            0.1087578E-07   0.9113738E-04   0.2620111E-11   0.4514412E-04                      


                     Estimates of Derived Parameters
                Population Estimates of { p(~1)c()f0(~1) }
                                                95% Confidence Interval
 Grp. Sess.     N-hat        Standard Error      Lower           Upper
 ---- -----  --------------  --------------  --------------  --------------
   1     1    38.000000       0.9113738E-04   38.000000       38.000045    

   CPU Time for the last procedure was 0.01 seconds.     

  Program  MARK  - Survival Rate Estimation with Capture-Recapture Data
   gfortran(dble) Vers. 9.0 Mar 2018     1-Oct-2019 16:24:50    Page  004
 - - - - - - - - - - - - - - - - - - - - - - - - - - - - - - - - - - - - - -
 


  INPUT --- proc stop;

     CPU Time in minutes for this job was 0.00

     Time Start = 16:24:50.430   Time End = 16:24:51.002

     Wall Clock Time in minutes for this job was 0.01


          E X E C U T I O N   S U C C E S S F U L 
