
   Program  MARK  - Survival Rate Estimation with Capture-Recapture Data
   gfortran(dble) Vers. 9.0 Mar 2018     1-Oct-2019 16:24:53    Page  001
 - - - - - - - - - - - - - - - - - - - - - - - - - - - - - - - - - - - - - -
 
   This version was compiled by GCC version 7.2.0 using the options: 
     -cpp -iprefix C:/Program Files/mingw-w64/x86_64-7.2.0-posix-seh-rt_v5-rev1/
     mingw64/bin/../lib/gcc/x86_64-w64-mingw32/7.2.0/ -D_MT -D_REENTRANT
     -U_REENTRANT -D IEEE -D DBLEPRECISION -m64 -mtune=core2 -march=nocona -mthreads
     -O2 -fimplicit-none -fbounds-check -funroll-loops -ftree-vectorize
     -ffpe-summary=invalid,zero,overflow,underflow -fno-unsafe-math-optimizations
     -frounding-math -fsignaling-nans -fopenmp.

   This problem will use 3 of 4 possible threads.


  INPUT --- proc title ;

   CPU Time for the last procedure was 0.01 seconds.     


  INPUT --- proc chmatrix occasions= 6 groups= 1 etype= Closed Nodes= 
  INPUT --- 101 ICMeans NoHist hist= 24  ;

  INPUT ---    time interval 1 1 1 1 1 ;

  INPUT ---    glabel(1)=Group 1;

      Number of unique encounter histories read was 24.

      Number of individual covariates read was 0.
      Time interval lengths are all equal to 1.

      Data type number is 5
      Data type is Full Likelihhood p and c                                                                            

   CPU Time for the last procedure was 0.01 seconds.     

  Program  MARK  - Survival Rate Estimation with Capture-Recapture Data
   gfortran(dble) Vers. 9.0 Mar 2018     1-Oct-2019 16:24:53    Page  002
 - - - - - - - - - - - - - - - - - - - - - - - - - - - - - - - - - - - - - -
 


  INPUT --- proc estimate link=Parm-Specific NOLOOP varest=2ndPart    ;


  INPUT --- model={ p(~time + c)c()f0(~1) };

  INPUT ---    group=1 p    rows=1 cols=6 Square ;
  INPUT ---        1 2 3 4 5 6 ;

  INPUT ---    group=1 c    rows=1 cols=5 Square ;
  INPUT ---        7 8 9 10 11 ;

  INPUT ---    group=1 f0    rows=1 cols=1 Square ;
  INPUT ---        12 ;

  INPUT ---    design matrix constraints=12 covariates=8;
  INPUT ---        1 0 0 0 0 0 0 0;
  INPUT ---        1 1 0 0 0 0 0 0;
  INPUT ---        1 0 1 0 0 0 0 0;
  INPUT ---        1 0 0 1 0 0 0 0;
  INPUT ---        1 0 0 0 1 0 0 0;
  INPUT ---        1 0 0 0 0 1 0 0;
  INPUT ---        1 1 0 0 0 0 1 0;
  INPUT ---        1 0 1 0 0 0 1 0;
  INPUT ---        1 0 0 1 0 0 1 0;
  INPUT ---        1 0 0 0 1 0 1 0;
  INPUT ---        1 0 0 0 0 1 1 0;
  INPUT ---        0 0 0 0 0 0 0 1;

  INPUT ---    links=12;

  INPUT ---    Logit;

  INPUT ---    Logit;

  INPUT ---    Logit;

  INPUT ---    Logit;

  INPUT ---    Logit;

  INPUT ---    Logit;

  INPUT ---    Logit;


  Program  MARK  - Survival Rate Estimation with Capture-Recapture Data
   gfortran(dble) Vers. 9.0 Mar 2018     1-Oct-2019 16:24:53    Page  003
 - - - - - - - - - - - - - - - - - - - - - - - - - - - - - - - - - - - - - -
 
  INPUT ---    Logit;

  INPUT ---    Logit;

  INPUT ---    Logit;

  INPUT ---    Logit;

  INPUT ---    Log;
  INPUT ---       blabel(1)=p:(Intercept);
  INPUT ---       blabel(2)=p:time2;
  INPUT ---       blabel(3)=p:time3;
  INPUT ---       blabel(4)=p:time4;
  INPUT ---       blabel(5)=p:time5;
  INPUT ---       blabel(6)=p:time6;
  INPUT ---       blabel(7)=p:c;
  INPUT ---       blabel(8)=f0:(Intercept);
  INPUT ---       rlabel(1)=p g1 t1;
  INPUT ---       rlabel(2)=p g1 t2;
  INPUT ---       rlabel(3)=p g1 t3;
  INPUT ---       rlabel(4)=p g1 t4;
  INPUT ---       rlabel(5)=p g1 t5;
  INPUT ---       rlabel(6)=p g1 t6;
  INPUT ---       rlabel(7)=c g1 t2;
  INPUT ---       rlabel(8)=c g1 t3;
  INPUT ---       rlabel(9)=c g1 t4;
  INPUT ---       rlabel(10)=c g1 t5;
  INPUT ---       rlabel(11)=c g1 t6;
  INPUT ---       rlabel(12)=f0 g1 a0 t1;

 Link Function Used is PARM-SPECIFIC

 Variance Estimation Procedure Used is 2ndPart 

 M(t+1):
      38


 -2logL(saturated) = 24.065739     
 Effective Sample Size = 228

 Number of function evaluations was 19 for 8 parameters.
 Time for numerical optimization was 0.02 seconds.     

  Program  MARK  - Survival Rate Estimation with Capture-Recapture Data
   gfortran(dble) Vers. 9.0 Mar 2018     1-Oct-2019 16:24:53    Page  004
 - - - - - - - - - - - - - - - - - - - - - - - - - - - - - - - - - - - - - -
 
 -2logL { p(~time + c)c()f0(~1) } = 93.854766     
 Penalty { p(~time + c)c()f0(~1) } = 0.0000000     
 Gradient { p(~time + c)c()f0(~1) }:
  0.4859485E-05   0.000000      0.2316263E-05  0.2526046E-05   0.000000    
  0.3551870E-05  0.3370654E-05 -0.1688218E-05
 Maximum ABS(G) { p(~time + c)c()f0(~1) } = 0.4859485E-05 
 S Vector { p(~time + c)c()f0(~1) }:
   86.21805      13.71878      9.523540      9.329527      9.101427    
   7.499494      1.425304     0.2660172    
 Time to compute number of parameters was 0.03 seconds.     
 Ratio Threshold = 50.000000       Max Gap (1/2) = 6.2846749       Next Max Gap (1/2) = 6.2846749     
 Gap Method for Num. of Estimated Parameters { p(~time + c)c()f0(~1) } = 8          
 Threshold { p(~time + c)c()f0(~1) } = 0.9718970E-05                 
 Numerical Threshold Method for Num. of Estimated Parameters { p(~time + c)c()f0(~1) } = 8          
 Number of Estimated Parameters { p(~time + c)c()f0(~1) } = 8          
 DEVIANCE { p(~time + c)c()f0(~1) } = 69.789027                     
 DEVIANCE Degrees of Freedom { p(~time + c)c()f0(~1) } = 16            
 c-hat { p(~time + c)c()f0(~1) } = 4.3618142                     
 AIC { p(~time + c)c()f0(~1) } = 109.85477                  
 AICc { p(~time + c)c()f0(~1) } = 110.51230                    
 BIC { p(~time + c)c()f0(~1) } = 137.28953                    
 Pearson Chisquare { p(~time + c)c()f0(~1) } = 83.108549                  
 Possible Encounter Histories { p(~time + c)c()f0(~1) } = 63             
 Pearson Chisquare df { p(~time + c)c()f0(~1) } = 54        
 Pearson chat { p(~time + c)c()f0(~1) } = 1.5390472                  
 Sum(Observed/Expected) { p(~time + c)c()f0(~1) } = 68.957111                  
 Fletcher chat { p(~time + c)c()f0(~1) } = 1.4060910                  


                  PARM-SPECIFIC Link Function Parameters of { p(~time + c)c()f0(~1) }
                                                              95% Confidence Interval
 Parameter                    Beta         Standard Error      Lower           Upper
 -------------------------  --------------  --------------  --------------  --------------
    1:p:(Intercept)         -0.5700006       0.3795046      -1.3138297       0.1738284    
    2:p:time2                0.0441052       0.5212027      -0.9774521       1.0656625    
    3:p:time3               -0.6469190       0.6052351      -1.8331799       0.5393419    
    4:p:time4               -0.5101455       0.6580219      -1.7998685       0.7795774    
    5:p:time5                0.0241112       0.7094457      -1.3664025       1.4146248    
    6:p:time6               -0.0739972       0.7415595      -1.5274539       1.3794595    
    7:p:c                    1.2634765       0.6971097      -0.1028585       2.6298114    
    8:f0:(Intercept)         1.2596007       1.4988300      -1.6781062       4.1973076    


                  Real Function Parameters of { p(~time + c)c()f0(~1) }
                                                               95% Confidence Interval
  Parameter                  Estimate       Standard Error      Lower           Upper
 --------------------------  --------------  --------------  --------------  --------------
     1:p g1 t1                0.3612367       0.0875687       0.2118467       0.5433480                          
     2:p g1 t2                0.3714747       0.1267029       0.1694507       0.6312852                          
     3:p g1 t3                0.2284790       0.1157196       0.0756066       0.5174317                          
     4:p g1 t4                0.2534784       0.1374927       0.0755583       0.5851602                          
     5:p g1 t5                0.3668186       0.1840612       0.1091813       0.7325016                          
     6:p g1 t6                0.3443434       0.1872983       0.0936380       0.7275062                          
     7:c g1 t2                0.6764667       0.0955091       0.4705958       0.8310258                          
     8:c g1 t3                0.5116371       0.0912399       0.3386869       0.6818453                          
     9:c g1 t4                0.5457046       0.0828265       0.3842611       0.6980778                          
    10:c g1 t5                0.6720754       0.0758022       0.5108617       0.8008667                          
    11:c g1 t6                0.6501000       0.0782011       0.4864177       0.7847052                          
    12:f0 g1 a0 t1            3.5240142       5.2818983       0.4200778       29.562798                          

  Program  MARK  - Survival Rate Estimation with Capture-Recapture Data
   gfortran(dble) Vers. 9.0 Mar 2018     1-Oct-2019 16:24:53    Page  005
 - - - - - - - - - - - - - - - - - - - - - - - - - - - - - - - - - - - - - -
 


                     Estimates of Derived Parameters
            Population Estimates of { p(~time + c)c()f0(~1) }
                                                95% Confidence Interval
 Grp. Sess.     N-hat        Standard Error      Lower           Upper
 ---- -----  --------------  --------------  --------------  --------------
   1     1    41.524014       5.2818983       38.420078       67.562798    

   CPU Time for the last procedure was 0.06 seconds.     


  INPUT --- proc stop;

     CPU Time in minutes for this job was 0.00

     Time Start = 16:24:53.649   Time End = 16:24:53.956

     Wall Clock Time in minutes for this job was 0.01


          E X E C U T I O N   S U C C E S S F U L 
