
   Program  MARK  - Survival Rate Estimation with Capture-Recapture Data
   gfortran(Win64) Vers. 8.1 Mar 2016    5-Feb-2020 14:29:28    Page  001
 - - - - - - - - - - - - - - - - - - - - - - - - - - - - - - - - - - - - - -
 
   This version was compiled by GCC version 5.3.0 using the options: 
     -cpp -iprefix c:\tdm-gcc-64\gcc\bin\../lib/gcc/x86_64-w64-mingw32/5.3.0/ -D_MT
     -U_REENTRANT -D IEEE -m64 -mtune=generic -march=x86-64 -mthreads -O2
     -fimplicit-none -fbounds-check -funroll-loops -ftree-vectorize
     -ffpe-summary=invalid,zero,overflow,underflow -fno-unsafe-math-optimizations
     -frounding-math -fsignaling-nans -fopenmp.

   This problem will use 7 of 8 possible threads.


  INPUT --- proc title ;

     CPU Time in seconds for last procedure was 0.00


  INPUT --- proc chmatrix occasions= 3 groups= 1 etype= Live Nodes= 101 
  INPUT --- ICMeans NoHist hist= 4 ;

  INPUT ---    time interval 1 1 ;

  INPUT ---    glabel(1)=Group 1;

      Number of unique encounter histories read was 4.

      Number of individual covariates read was 0.
      Time interval lengths are all equal to 1.

      Data type number is 1
      Data type is Live Recaptures (CJS)                                                                               

     CPU Time in seconds for last procedure was 0.00

  Program  MARK  - Survival Rate Estimation with Capture-Recapture Data
   gfortran(Win64) Vers. 8.1 Mar 2016    5-Feb-2020 14:29:28    Page  002
 - - - - - - - - - - - - - - - - - - - - - - - - - - - - - - - - - - - - - -
 


  INPUT --- proc estimate link=Logit NOLOOP varest=2ndPart    ;


  INPUT --- model={ Phi(~1)p(~1) };

  INPUT ---    group=1 Phi    rows=2 cols=2 Triang ;
  INPUT ---        1 1 ;
  INPUT ---        1 ;

  INPUT ---    group=1 p    rows=2 cols=2 Triang ;
  INPUT ---        2 2 ;
  INPUT ---        2 ;

  INPUT ---    design matrix constraints=2 covariates=2 identity;
  INPUT ---       blabel(1)=Phi:(Intercept);
  INPUT ---       blabel(2)=p:(Intercept);
  INPUT ---       rlabel(1)=Phi g1 c1 a0 t1;
  INPUT ---       rlabel(2)=p g1 c1 a1 t2;

 Link Function Used is LOGIT        

 Variance Estimation Procedure Used is 2ndPart 
 -2logL(saturated) = 24.435879     
 Effective Sample Size = 1200

 Number of function evaluations was 66 for 2 parameters.
 Time for numerical optimization was 0.09 seconds.
 -2logL { Phi(~1)p(~1) } = 29.584385     
 Penalty { Phi(~1)p(~1) } = -0.0000000    
 Gradient { Phi(~1)p(~1) }:
 -0.6737336E-03-0.1498965E-05
 S Vector { Phi(~1)p(~1) }:
   1.996330     0.7508068E-06
 Time to compute number of parameters was 0.01 seconds.
   Threshold =  0.6000000E-07     Condition index =  0.3760935E-06     New Threshold =  0.1061801E-05
 New Guessimate of Estimated Parameters { Phi(~1)p(~1) } = 1          
 Conditioned S Vector { Phi(~1)p(~1) }:
   1.000000     0.3760935E-06
 Number of Estimated Parameters { Phi(~1)p(~1) } = 2          
 DEVIANCE { Phi(~1)p(~1) } = 5.1485064                     
 DEVIANCE Degrees of Freedom { Phi(~1)p(~1) } = -1            
 c-hat { Phi(~1)p(~1) } = 1.0000000                     
 AIC { Phi(~1)p(~1) } = 33.584385                  
 AICc { Phi(~1)p(~1) } = 33.594410                    
 BIC { Phi(~1)p(~1) } = 43.764539                    
 Pearson Chisquare { Phi(~1)p(~1) } = 5.2385317                  
 Possible Encounter Histories { Phi(~1)p(~1) } = 6             
 Pearson Chisquare df { Phi(~1)p(~1) } = 2        
 Pearson chat { Phi(~1)p(~1) } = 2.6192658                  
 Sum(Observed/Expected) { Phi(~1)p(~1) } = 5.6123743                  
 Fletcher chat { Phi(~1)p(~1) } = 2.8001687                  


                       LOGIT Link Function Parameters of { Phi(~1)p(~1) }
                                                              95% Confidence Interval
 Parameter                    Beta         Standard Error      Lower           Upper
 -------------------------  --------------  --------------  --------------  --------------
    1:Phi:(Intercept)       -6.3950974      0.8053472       -7.9735780      -4.8166169    
    2:p:(Intercept)         8.0064241       1154.0799       -2253.9902      2270.0031     

  Program  MARK  - Survival Rate Estimation with Capture-Recapture Data
   gfortran(Win64) Vers. 8.1 Mar 2016    5-Feb-2020 14:29:29    Page  003
 - - - - - - - - - - - - - - - - - - - - - - - - - - - - - - - - - - - - - -
 


                       Real Function Parameters of { Phi(~1)p(~1) }
                                                               95% Confidence Interval
  Parameter                  Estimate       Standard Error      Lower           Upper
 --------------------------  --------------  --------------  --------------  --------------
     1:Phi g1 c1 a0 t1       0.0016669       0.0013402       0.3443258E-003  0.0080291                           
     2:p g1 c1 a1 t2         0.9996668       0.3844152       0.2958070E-300  1.0000000                           

     CPU Time in seconds for last procedure was 0.09


  INPUT --- proc stop;

     CPU Time in minutes for this job was 0.00

     Time Start = 14:29:28.860   Time End = 14:29:29.688

     Wall Clock Time in minutes for this job was 0.01


          E X E C U T I O N   S U C C E S S F U L 
