
   Program  MARK  - Survival Rate Estimation with Capture-Recapture Data
   gfortran(dble) Vers. 9.0 Mar 2018    28-Oct-2019 13:40:27    Page  001
 - - - - - - - - - - - - - - - - - - - - - - - - - - - - - - - - - - - - - -
 
   This version was compiled by GCC version 7.2.0 using the options: 
     -cpp -iprefix C:/Program Files/mingw-w64/x86_64-7.2.0-posix-seh-rt_v5-rev1/
     mingw64/bin/../lib/gcc/x86_64-w64-mingw32/7.2.0/ -D_MT -D_REENTRANT
     -U_REENTRANT -D IEEE -D DBLEPRECISION -m64 -mtune=core2 -march=nocona -mthreads
     -O2 -fimplicit-none -fbounds-check -funroll-loops -ftree-vectorize
     -ffpe-summary=invalid,zero,overflow,underflow -fno-unsafe-math-optimizations
     -frounding-math -fsignaling-nans -fopenmp.

   This problem will use 3 of 4 possible threads.


  INPUT --- proc title ;

   CPU Time for the last procedure was 0.01 seconds.     


  INPUT --- proc chmatrix occasions= 5 groups= 1 etype= Huggins Nodes= 
  INPUT --- 101 icovar = 1 ICMeans  NoHist hist= 96 ;

  INPUT ---    time interval 1 1 1 1 ;

  INPUT ---     icovariates X ;

  INPUT ---    glabel(1)=Group 1;

      Number of unique encounter histories read was 96.

      Number of individual covariates read was 1.
      Time interval lengths are all equal to 1.

      Data type number is 12
      Data type is Huggins' p and c                                                                                    

   CPU Time for the last procedure was 0.01 seconds.     

  Program  MARK  - Survival Rate Estimation with Capture-Recapture Data
   gfortran(dble) Vers. 9.0 Mar 2018    28-Oct-2019 13:40:27    Page  002
 - - - - - - - - - - - - - - - - - - - - - - - - - - - - - - - - - - - - - -
 


  INPUT --- proc estimate link=Logit NOLOOP varest=2ndPart    ;


  INPUT --- model={ p(~X + time + c)c(~1) };

  INPUT ---    group=1 p    rows=1 cols=5 Square ;
  INPUT ---        1 2 3 4 5 ;

  INPUT ---    group=1 c    rows=1 cols=4 Square ;
  INPUT ---        6 7 8 9 ;

  INPUT ---    design matrix constraints=9 covariates=8;
  INPUT ---        1 X 0 0 0 0 0 0;
  INPUT ---        1 X 1 0 0 0 0 0;
  INPUT ---        1 X 0 1 0 0 0 0;
  INPUT ---        1 X 0 0 1 0 0 0;
  INPUT ---        1 X 0 0 0 1 0 0;
  INPUT ---        1 X 1 0 0 0 1 1;
  INPUT ---        1 X 0 1 0 0 1 1;
  INPUT ---        1 X 0 0 1 0 1 1;
  INPUT ---        1 X 0 0 0 1 1 1;
  INPUT ---       blabel(1)=p:(Intercept);
  INPUT ---       blabel(2)=p:X;
  INPUT ---       blabel(3)=p:time2;
  INPUT ---       blabel(4)=p:time3;
  INPUT ---       blabel(5)=p:time4;
  INPUT ---       blabel(6)=p:time5;
  INPUT ---       blabel(7)=p:c;
  INPUT ---       blabel(8)=c:(Intercept);
  INPUT ---       rlabel(1)=p g1 t1;
  INPUT ---       rlabel(2)=p g1 t2;
  INPUT ---       rlabel(3)=p g1 t3;
  INPUT ---       rlabel(4)=p g1 t4;
  INPUT ---       rlabel(5)=p g1 t5;
  INPUT ---       rlabel(6)=c g1 t2;
  INPUT ---       rlabel(7)=c g1 t3;
  INPUT ---       rlabel(8)=c g1 t4;
  INPUT ---       rlabel(9)=c g1 t5;

 Link Function Used is LOGIT        

 Variance Estimation Procedure Used is 2ndPart 

  Program  MARK  - Survival Rate Estimation with Capture-Recapture Data
   gfortran(dble) Vers. 9.0 Mar 2018    28-Oct-2019 13:40:27    Page  003
 - - - - - - - - - - - - - - - - - - - - - - - - - - - - - - - - - - - - - -
 

 M(t+1):
      97


 -2logL(saturated) = 0.0000000     
 Effective Sample Size = 485

 Number of function evaluations was 21 for 8 parameters.
 Time for numerical optimization was 0.02 seconds.     
 -2logL { p(~X + time + c)c(~1) } = 467.88903     
 Penalty { p(~X + time + c)c(~1) } = 0.0000000     
 Gradient { p(~X + time + c)c(~1) }:
 -0.1772395E-05 -0.5024255E-06 -0.3561049E-05 -0.2955696E-05 -0.2704333E-05
 -0.3634319E-05 -0.3653518E-05 -0.3653463E-05
 Maximum ABS(G) { p(~X + time + c)c(~1) } = 0.3653518E-05 
 S Vector { p(~X + time + c)c(~1) }:
   173.9693      18.46441      17.17231      17.08796      9.956205    
   1.557818      1.208913     0.6613662E-06
 Time to compute number of parameters was 0.01 seconds.     
 Ratio Threshold = 50.000000       Max Gap (7/8) = 1827902.9       Next Max Gap (1/2) = 9.4218724     
 Gap Method for Num. of Estimated Parameters { p(~X + time + c)c(~1) } = 7          
 Threshold { p(~X + time + c)c(~1) } = 0.7307036E-05                 
 Numerical Threshold Method for Num. of Estimated Parameters { p(~X + time + c)c(~1) } = 7          
 Number of Estimated Parameters { p(~X + time + c)c(~1) } = 7          
 DEVIANCE { p(~X + time + c)c(~1) } = 467.88903                     
 DEVIANCE Degrees of Freedom { p(~X + time + c)c(~1) } = 90            
 c-hat { p(~X + time + c)c(~1) } = 5.1987670                     
 AIC { p(~X + time + c)c(~1) } = 481.88903                  
 AICc { p(~X + time + c)c(~1) } = 482.12383                    
 BIC { p(~X + time + c)c(~1) } = 511.17807                    
 Pearson Chisquare { p(~X + time + c)c(~1) } = 2180.4273                  


                  LOGIT Link Function Parameters of { p(~X + time + c)c(~1) }
                                                              95% Confidence Interval
 Parameter                    Beta         Standard Error      Lower           Upper
 -------------------------  --------------  --------------  --------------  --------------
    1:p:(Intercept)         -3.3045689       0.4951010      -4.2749668      -2.3341709    
    2:p:X                    1.1192806       0.1148414       0.8941916       1.3443697    
    3:p:time2                0.0712288       0.4224751      -0.7568224       0.8992799    
    4:p:time3               -0.2906255       0.4807392      -1.2328744       0.6516233    
    5:p:time4               -0.4105868       0.4943657      -1.3795436       0.5583701    
    6:p:time5                0.0496321       0.5072770      -0.9446308       1.0438951    
    7:p:c                    0.0441161       0.0000000       0.0441161       0.0441161    
    8:c:(Intercept)          0.0441318       0.0000000       0.0441318       0.0441318    


                  Real Function Parameters of { p(~X + time + c)c(~1) }

      Following estimates based on unstandardized individual covariate values:
          Variable   Value         
          ---------  ------------- 
          X           3.3905155    
                                                               95% Confidence Interval
  Parameter                  Estimate       Standard Error      Lower           Upper
 --------------------------  --------------  --------------  --------------  --------------
     1:p g1 t1                0.6201934       0.0668438       0.4835493       0.7401148                          
     2:p g1 t2                0.6368222       0.1068225       0.4149162       0.8125819                          
     3:p g1 t3                0.5497706       0.1323524       0.2997931       0.7769137                          
     4:p g1 t4                0.5199351       0.1374427       0.2690430       0.7611598                          

  Program  MARK  - Survival Rate Estimation with Capture-Recapture Data
   gfortran(dble) Vers. 9.0 Mar 2018    28-Oct-2019 13:40:27    Page  004
 - - - - - - - - - - - - - - - - - - - - - - - - - - - - - - - - - - - - - -
 
     5:p g1 t5                0.6318128       0.1326086       0.3595539       0.8398758                          
     6:c g1 t2                0.6569758       0.0640687       0.5231396       0.7697797                          
     7:c g1 t3                0.5715044       0.0621276       0.4478755       0.6868087                          
     8:c g1 t4                0.5419090       0.0622026       0.4199234       0.6590692                          
     9:c g1 t5                0.6520924       0.0574051       0.5330279       0.7547659                          


                     Estimates of Derived Parameters
            Population Estimates of { p(~X + time + c)c(~1) }
                                                95% Confidence Interval
     Group     N-hat        Standard Error      Lower           Upper
 ---------  --------------  --------------  --------------  --------------
       1     135.01205       26.508190       108.06777       227.55170    

 Attempted ordering of parameters by estimatibility:
  1 6 5 4 3 8 2 7
 Beta number 7 is a singular value.

   CPU Time for the last procedure was 0.03 seconds.     


  INPUT --- proc stop;

     CPU Time in minutes for this job was 0.00

     Time Start = 13:40:27.714   Time End = 13:40:27.837

     Wall Clock Time in minutes for this job was 0.00


          E X E C U T I O N   S U C C E S S F U L 
