
   Program  MARK  - Survival Rate Estimation with Capture-Recapture Data
   gfortran(dble) Vers. 9.0 Mar 2018     8-Oct-2019 14:21:21    Page  001
 - - - - - - - - - - - - - - - - - - - - - - - - - - - - - - - - - - - - - -
 
   This version was compiled by GCC version 7.2.0 using the options: 
     -cpp -iprefix C:/Program Files/mingw-w64/x86_64-7.2.0-posix-seh-rt_v5-rev1/
     mingw64/bin/../lib/gcc/x86_64-w64-mingw32/7.2.0/ -D_MT -D_REENTRANT
     -U_REENTRANT -D IEEE -D DBLEPRECISION -m64 -mtune=core2 -march=nocona -mthreads
     -O2 -fimplicit-none -fbounds-check -funroll-loops -ftree-vectorize
     -ffpe-summary=invalid,zero,overflow,underflow -fno-unsafe-math-optimizations
     -frounding-math -fsignaling-nans -fopenmp.

   This problem will use 3 of 4 possible threads.


  INPUT --- proc title ;

   CPU Time for the last procedure was 0.01 seconds.     


  INPUT --- proc chmatrix occasions= 5 groups= 1 etype= FullHet Nodes= 
  INPUT --- 101 mixtures = 2 ICMeans  NoHist hist= 26 ;

  INPUT ---    time interval 1 1 1 1 ;

  INPUT ---    glabel(1)=Group 1;

      Number of unique encounter histories read was 26.

      Number of individual covariates read was 0.
      Time interval lengths are all equal to 1.

      Data type number is 23
      Data type is Full Likelihhood Heterogeneity pi, p, and c                                                         

   CPU Time for the last procedure was 0.01 seconds.     

  Program  MARK  - Survival Rate Estimation with Capture-Recapture Data
   gfortran(dble) Vers. 9.0 Mar 2018     8-Oct-2019 14:21:21    Page  002
 - - - - - - - - - - - - - - - - - - - - - - - - - - - - - - - - - - - - - -
 


  INPUT --- proc estimate link=Parm-Specific NOLOOP varest=2ndPart    ;


  INPUT --- model={ pi(~1)p(~1)c()f0(~1) };

  INPUT ---    group=1 pi    rows=1 cols=1 Square ;
  INPUT ---        1 ;

  INPUT ---    group=1 p    rows=2 cols=5 Square ;
  INPUT ---        2 2 2 2 2 ;
  INPUT ---        2 2 2 2 2 ;

  INPUT ---    group=1 c    rows=2 cols=4 Square ;
  INPUT ---        2 2 2 2 ;
  INPUT ---        2 2 2 2 ;

  INPUT ---    group=1 f0    rows=1 cols=1 Square ;
  INPUT ---        3 ;

  INPUT ---    design matrix constraints=3 covariates=3 identity;

  INPUT ---    links=3;

  INPUT ---    Logit;

  INPUT ---    Logit;

  INPUT ---    Log;
  INPUT ---       blabel(1)=pi:(Intercept);
  INPUT ---       blabel(2)=p:(Intercept);
  INPUT ---       blabel(3)=f0:(Intercept);
  INPUT ---       rlabel(1)=pi g1 m1;
  INPUT ---       rlabel(2)=p g1 t1 m1;
  INPUT ---       rlabel(3)=f0 g1 a0 t1;

 Link Function Used is PARM-SPECIFIC

 Variance Estimation Procedure Used is 2ndPart 

 M(t+1):
      97


 -2logL(saturated) = -157.47285    
 Effective Sample Size = 485

 Number of function evaluations was 10 for 3 parameters.

  Program  MARK  - Survival Rate Estimation with Capture-Recapture Data
   gfortran(dble) Vers. 9.0 Mar 2018     8-Oct-2019 14:21:21    Page  003
 - - - - - - - - - - - - - - - - - - - - - - - - - - - - - - - - - - - - - -
 
 Time for numerical optimization was 0.01 seconds.     
 -2logL { pi(~1)p(~1)c()f0(~1) } = -54.224460    
 Penalty { pi(~1)p(~1)c()f0(~1) } = 0.0000000     
 Gradient { pi(~1)p(~1)c()f0(~1) }:
   0.000000     -0.5200501E-05  0.3385850E-05
 Maximum ABS(G) { pi(~1)p(~1)c()f0(~1) } = 0.5200501E-05 
 S Vector { pi(~1)p(~1)c()f0(~1) }:
   115.2158     0.8639788E-01 -0.000000    
 Time to compute number of parameters was 0.01 seconds.     
 Ratio Threshold = 50.000000       Max Gap (1/2) = 1333.5488       Next Max Gap (1/2) = 1333.5488     
 Gap Method for Num. of Estimated Parameters { pi(~1)p(~1)c()f0(~1) } = 1          
 Threshold { pi(~1)p(~1)c()f0(~1) } = 0.1040100E-04                 
 Numerical Threshold Method for Num. of Estimated Parameters { pi(~1)p(~1)c()f0(~1) } = 2          
 Number of Estimated Parameters { pi(~1)p(~1)c()f0(~1) } = 2          

   * *  WARNING  * *   Number of parameters estimated from gap method (=1) and threshold method (=2) differ.  Inspect full output.                                                                                                                                                                                                                                                                                                                                                                                                                      
 Ratios of S Vector { pi(~1)p(~1)c()f0(~1) }:
   1/2    1333.549       2/3       -Infinity
 DEVIANCE { pi(~1)p(~1)c()f0(~1) } = 103.24839                     
 DEVIANCE Degrees of Freedom { pi(~1)p(~1)c()f0(~1) } = 24            
 c-hat { pi(~1)p(~1)c()f0(~1) } = 4.3020160                     
 AIC { pi(~1)p(~1)c()f0(~1) } = -50.224460                 
 AICc { pi(~1)p(~1)c()f0(~1) } = -50.199564                   
 BIC { pi(~1)p(~1)c()f0(~1) } = -41.856162                   
 Pearson Chisquare { pi(~1)p(~1)c()f0(~1) } = 117.63066                  
 Possible Encounter Histories { pi(~1)p(~1)c()f0(~1) } = 31             
 Pearson Chisquare df { pi(~1)p(~1)c()f0(~1) } = 28        
 Pearson chat { pi(~1)p(~1)c()f0(~1) } = 4.2010950                  
 Sum(Observed/Expected) { pi(~1)p(~1)c()f0(~1) } = 35.834078                  
 Fletcher chat { pi(~1)p(~1)c()f0(~1) } = 3.6343601                  

   * *  WARNING  * *   Divide by zero occurred during variance-covariance calculation of this model. 
     IEEE flag status at end of variance-covariance calculation:
     overflow       F
     divide by zero T
     invalid        T
     underflow      F
     inexact        T



                   PARM-SPECIFIC Link Function Parameters of { pi(~1)p(~1)c()f0(~1) }
                                                              95% Confidence Interval
 Parameter                    Beta         Standard Error      Lower           Upper
 -------------------------  --------------  --------------  --------------  --------------
    1:pi:(Intercept)         0.0000000       0.0000000       0.0000000       0.0000000    
    2:p:(Intercept)          0.4670499       0.0000000       0.4670499       0.4670499    
    3:f0:(Intercept)        -1.2533171       0.0000000      -1.2533171      -1.2533171    


                   Real Function Parameters of { pi(~1)p(~1)c()f0(~1) }
                                                               95% Confidence Interval
  Parameter                  Estimate       Standard Error      Lower           Upper
 --------------------------  --------------  --------------  --------------  --------------
     1:pi g1 m1               0.5000000       0.0000000       0.5000000       0.5000000                          
     2:p g1 t1 m1             0.6146853       0.0000000       0.6146853       0.6146853                          
     3:f0 g1 a0 t1            0.2855560       0.0000000       0.2855560       0.2855560                          


                     Estimates of Derived Parameters
             Population Estimates of { pi(~1)p(~1)c()f0(~1) }
                                                95% Confidence Interval
 Grp. Sess.     N-hat        Standard Error      Lower           Upper
 ---- -----  --------------  --------------  --------------  --------------
   1     1    97.285556       0.0000000       97.285556       97.285556    

  Program  MARK  - Survival Rate Estimation with Capture-Recapture Data
   gfortran(dble) Vers. 9.0 Mar 2018     8-Oct-2019 14:21:21    Page  004
 - - - - - - - - - - - - - - - - - - - - - - - - - - - - - - - - - - - - - -
 
     IEEE flag status at end of processing derived parameters:
     overflow       F
     divide by zero F
     invalid        T
     underflow      F
     inexact        T


 Attempted ordering of parameters by estimatibility:
  2 3 1
 Beta number 1 is a singular value.

   CPU Time for the last procedure was 0.02 seconds.     


  INPUT --- proc stop;

     CPU Time in minutes for this job was 0.00

     Time Start = 14:21:21.077   Time End = 14:21:21.446

     Wall Clock Time in minutes for this job was 0.01


          E X E C U T I O N   S U C C E S S F U L 
