
   Program  MARK  - Survival Rate Estimation with Capture-Recapture Data
   gfortran(dble) Vers. 9.0 Mar 2018    28-Oct-2019 13:40:27    Page  001
 - - - - - - - - - - - - - - - - - - - - - - - - - - - - - - - - - - - - - -
 
   This version was compiled by GCC version 7.2.0 using the options: 
     -cpp -iprefix C:/Program Files/mingw-w64/x86_64-7.2.0-posix-seh-rt_v5-rev1/
     mingw64/bin/../lib/gcc/x86_64-w64-mingw32/7.2.0/ -D_MT -D_REENTRANT
     -U_REENTRANT -D IEEE -D DBLEPRECISION -m64 -mtune=core2 -march=nocona -mthreads
     -O2 -fimplicit-none -fbounds-check -funroll-loops -ftree-vectorize
     -ffpe-summary=invalid,zero,overflow,underflow -fno-unsafe-math-optimizations
     -frounding-math -fsignaling-nans -fopenmp.

   This problem will use 3 of 4 possible threads.


  INPUT --- proc title ;

   CPU Time for the last procedure was 0.01 seconds.     


  INPUT --- proc chmatrix occasions= 5 groups= 1 etype= Huggins Nodes= 
  INPUT --- 101 icovar = 1 ICMeans  NoHist hist= 96 ;

  INPUT ---    time interval 1 1 1 1 ;

  INPUT ---     icovariates X ;

  INPUT ---    glabel(1)=Group 1;

      Number of unique encounter histories read was 96.

      Number of individual covariates read was 1.
      Time interval lengths are all equal to 1.

      Data type number is 12
      Data type is Huggins' p and c                                                                                    

   CPU Time for the last procedure was 0.02 seconds.     

  Program  MARK  - Survival Rate Estimation with Capture-Recapture Data
   gfortran(dble) Vers. 9.0 Mar 2018    28-Oct-2019 13:40:27    Page  002
 - - - - - - - - - - - - - - - - - - - - - - - - - - - - - - - - - - - - - -
 


  INPUT --- proc estimate link=Logit NOLOOP varest=2ndPart    ;


  INPUT --- model={ p(~X + c)c(~1) };

  INPUT ---    group=1 p    rows=1 cols=5 Square ;
  INPUT ---        1 1 1 1 1 ;

  INPUT ---    group=1 c    rows=1 cols=4 Square ;
  INPUT ---        2 2 2 2 ;

  INPUT ---    design matrix constraints=2 covariates=4;
  INPUT ---        1 X 0 0;
  INPUT ---        1 X 1 1;
  INPUT ---       blabel(1)=p:(Intercept);
  INPUT ---       blabel(2)=p:X;
  INPUT ---       blabel(3)=p:c;
  INPUT ---       blabel(4)=c:(Intercept);
  INPUT ---       rlabel(1)=p g1 t1;
  INPUT ---       rlabel(2)=c g1 t2;

 Link Function Used is LOGIT        

 Variance Estimation Procedure Used is 2ndPart 

 M(t+1):
      97


 -2logL(saturated) = 0.0000000     
 Effective Sample Size = 485

 Number of function evaluations was 17 for 4 parameters.
 Time for numerical optimization was 0.01 seconds.     
 -2logL { p(~X + c)c(~1) } = 470.88255     
 Penalty { p(~X + c)c(~1) } = 0.0000000     
 Gradient { p(~X + c)c(~1) }:
 -0.2684922E-05 -0.3032933E-05  0.3652709E-05  0.3652633E-05
 Maximum ABS(G) { p(~X + c)c(~1) } = 0.3652709E-05 
 S Vector { p(~X + c)c(~1) }:
   164.2939      11.19190      1.596280     0.3744466E-06
 Time to compute number of parameters was 0.01 seconds.     
 Ratio Threshold = 50.000000       Max Gap (3/4) = 4263036.9       Next Max Gap (1/2) = 14.679712     
 Gap Method for Num. of Estimated Parameters { p(~X + c)c(~1) } = 3          
 Threshold { p(~X + c)c(~1) } = 0.7305418E-05                 
 Numerical Threshold Method for Num. of Estimated Parameters { p(~X + c)c(~1) } = 3          
 Number of Estimated Parameters { p(~X + c)c(~1) } = 3          
 DEVIANCE { p(~X + c)c(~1) } = 470.88255                     
 DEVIANCE Degrees of Freedom { p(~X + c)c(~1) } = 94            
 c-hat { p(~X + c)c(~1) } = 5.0093888                     
 AIC { p(~X + c)c(~1) } = 476.88255                  
 AICc { p(~X + c)c(~1) } = 476.93244                    
 BIC { p(~X + c)c(~1) } = 489.43499                    
 Pearson Chisquare { p(~X + c)c(~1) } = 2215.9272                  

  Program  MARK  - Survival Rate Estimation with Capture-Recapture Data
   gfortran(dble) Vers. 9.0 Mar 2018    28-Oct-2019 13:40:27    Page  003
 - - - - - - - - - - - - - - - - - - - - - - - - - - - - - - - - - - - - - -
 


                      LOGIT Link Function Parameters of { p(~X + c)c(~1) }
                                                              95% Confidence Interval
 Parameter                    Beta         Standard Error      Lower           Upper
 -------------------------  --------------  --------------  --------------  --------------
    1:p:(Intercept)         -3.2623560       0.4777551      -4.1987559      -2.3259560    
    2:p:X                    1.1114687       0.1135680       0.8888755       1.3340620    
    3:p:c                   -0.0443475       0.0000000      -0.0443475      -0.0443475    
    4:c:(Intercept)         -0.0443691       0.0000000      -0.0443691      -0.0443691    


                      Real Function Parameters of { p(~X + c)c(~1) }

      Following estimates based on unstandardized individual covariate values:
          Variable   Value         
          ---------  ------------- 
          X           3.3905155    
                                                               95% Confidence Interval
  Parameter                  Estimate       Standard Error      Lower           Upper
 --------------------------  --------------  --------------  --------------  --------------
     1:p g1 t1                0.6238908       0.0625416       0.4959243       0.7366241                          
     2:c g1 t2                0.6028560       0.0351444       0.5323728       0.6693145                          


                     Estimates of Derived Parameters
                Population Estimates of { p(~X + c)c(~1) }
                                                95% Confidence Interval
     Group     N-hat        Standard Error      Lower           Upper
 ---------  --------------  --------------  --------------  --------------
       1     129.14749       18.551909       108.24007       188.94439    

 Attempted ordering of parameters by estimatibility:
  1 4 2 3
 Beta number 3 is a singular value.

   CPU Time for the last procedure was 0.01 seconds.     

  Program  MARK  - Survival Rate Estimation with Capture-Recapture Data
   gfortran(dble) Vers. 9.0 Mar 2018    28-Oct-2019 13:40:27    Page  004
 - - - - - - - - - - - - - - - - - - - - - - - - - - - - - - - - - - - - - -
 


  INPUT --- proc stop;

     CPU Time in minutes for this job was 0.00

     Time Start = 13:40:27.304   Time End = 13:40:27.394

     Wall Clock Time in minutes for this job was 0.00


          E X E C U T I O N   S U C C E S S F U L 
