
   Program  MARK  - Survival Rate Estimation with Capture-Recapture Data
   gfortran(Win64) Vers. 8.1 Mar 2016    1-Feb-2019 12:19:38    Page  001
 - - - - - - - - - - - - - - - - - - - - - - - - - - - - - - - - - - - - - -
 
   This version was compiled by GCC version 5.3.0 using the options: 
     -cpp -iprefix c:\tdm-gcc-64\gcc\bin\../lib/gcc/x86_64-w64-mingw32/5.3.0/ -D_MT
     -U_REENTRANT -D IEEE -m64 -mtune=generic -march=x86-64 -mthreads -O2
     -fimplicit-none -fbounds-check -funroll-loops -ftree-vectorize
     -ffpe-summary=invalid,zero,overflow,underflow -fno-unsafe-math-optimizations
     -frounding-math -fsignaling-nans -fopenmp.

   This problem will use 7 of 8 possible threads.


  INPUT --- proc title ;

     CPU Time in seconds for last procedure was 0.00


  INPUT --- proc chmatrix occasions= 13 groups= 2 etype= Live Nodes= 
  INPUT --- 101 ICMeans NoHist hist= 71  ;

  INPUT ---    time interval 1 1 1 1 1 6 1 1 1 1 1 1 ;

  INPUT ---    glabel(1)=SpeciesBIB;

  INPUT ---    glabel(2)=SpeciesCOC;

   * *  WARNING  * *   At least a pair of the encounter histories are duplicates. 

      Number of unique encounter histories read was 49.

      Number of individual covariates read was 0.
      Time interval lengths vary and/or not equal to 1.

      Data type number is 1
      Data type is Live Recaptures (CJS)                                                                               

     CPU Time in seconds for last procedure was 0.00

  Program  MARK  - Survival Rate Estimation with Capture-Recapture Data
   gfortran(Win64) Vers. 8.1 Mar 2016    1-Feb-2019 12:19:38    Page  002
 - - - - - - - - - - - - - - - - - - - - - - - - - - - - - - - - - - - - - -
 


  INPUT --- proc estimate link=Logit NOLOOP varest=2ndPart    ;


  INPUT --- model={ Phi(~Time)p(~time) };

  INPUT ---    group=1 Phi    rows=12 cols=12 Triang ;
  INPUT ---        1 2 3 4 5 6 7 8 9 10 11 12 ;
  INPUT ---        2 3 4 5 6 7 8 9 10 11 12 ;
  INPUT ---        3 4 5 6 7 8 9 10 11 12 ;
  INPUT ---        4 5 6 7 8 9 10 11 12 ;
  INPUT ---        5 6 7 8 9 10 11 12 ;
  INPUT ---        6 7 8 9 10 11 12 ;
  INPUT ---        7 8 9 10 11 12 ;
  INPUT ---        8 9 10 11 12 ;
  INPUT ---        9 10 11 12 ;
  INPUT ---        10 11 12 ;
  INPUT ---        11 12 ;
  INPUT ---        12 ;

  INPUT ---    group=2 Phi    rows=12 cols=12 Triang ;
  INPUT ---        1 2 3 4 5 6 7 8 9 10 11 12 ;
  INPUT ---        2 3 4 5 6 7 8 9 10 11 12 ;
  INPUT ---        3 4 5 6 7 8 9 10 11 12 ;
  INPUT ---        4 5 6 7 8 9 10 11 12 ;
  INPUT ---        5 6 7 8 9 10 11 12 ;
  INPUT ---        6 7 8 9 10 11 12 ;
  INPUT ---        7 8 9 10 11 12 ;
  INPUT ---        8 9 10 11 12 ;
  INPUT ---        9 10 11 12 ;
  INPUT ---        10 11 12 ;
  INPUT ---        11 12 ;
  INPUT ---        12 ;

  INPUT ---    group=1 p    rows=12 cols=12 Triang ;
  INPUT ---        13 14 15 16 17 18 19 20 21 22 23 24 ;
  INPUT ---        14 15 16 17 18 19 20 21 22 23 24 ;
  INPUT ---        15 16 17 18 19 20 21 22 23 24 ;
  INPUT ---        16 17 18 19 20 21 22 23 24 ;
  INPUT ---        17 18 19 20 21 22 23 24 ;
  INPUT ---        18 19 20 21 22 23 24 ;
  INPUT ---        19 20 21 22 23 24 ;
  INPUT ---        20 21 22 23 24 ;
  INPUT ---        21 22 23 24 ;
  INPUT ---        22 23 24 ;

  Program  MARK  - Survival Rate Estimation with Capture-Recapture Data
   gfortran(Win64) Vers. 8.1 Mar 2016    1-Feb-2019 12:19:38    Page  003
 - - - - - - - - - - - - - - - - - - - - - - - - - - - - - - - - - - - - - -
 
  INPUT ---        23 24 ;
  INPUT ---        24 ;

  INPUT ---    group=2 p    rows=12 cols=12 Triang ;
  INPUT ---        13 14 15 16 17 18 19 20 21 22 23 24 ;
  INPUT ---        14 15 16 17 18 19 20 21 22 23 24 ;
  INPUT ---        15 16 17 18 19 20 21 22 23 24 ;
  INPUT ---        16 17 18 19 20 21 22 23 24 ;
  INPUT ---        17 18 19 20 21 22 23 24 ;
  INPUT ---        18 19 20 21 22 23 24 ;
  INPUT ---        19 20 21 22 23 24 ;
  INPUT ---        20 21 22 23 24 ;
  INPUT ---        21 22 23 24 ;
  INPUT ---        22 23 24 ;
  INPUT ---        23 24 ;
  INPUT ---        24 ;

  INPUT ---    design matrix constraints=24 covariates=14;
  INPUT ---        1 0 0 0 0 0 0 0 0 0 0 0 0 0;
  INPUT ---        1 1 0 0 0 0 0 0 0 0 0 0 0 0;
  INPUT ---        1 2 0 0 0 0 0 0 0 0 0 0 0 0;
  INPUT ---        1 3 0 0 0 0 0 0 0 0 0 0 0 0;
  INPUT ---        1 4 0 0 0 0 0 0 0 0 0 0 0 0;
  INPUT ---        1 5 0 0 0 0 0 0 0 0 0 0 0 0;
  INPUT ---        1 11 0 0 0 0 0 0 0 0 0 0 0 0;
  INPUT ---        1 12 0 0 0 0 0 0 0 0 0 0 0 0;
  INPUT ---        1 13 0 0 0 0 0 0 0 0 0 0 0 0;
  INPUT ---        1 14 0 0 0 0 0 0 0 0 0 0 0 0;
  INPUT ---        1 15 0 0 0 0 0 0 0 0 0 0 0 0;
  INPUT ---        1 16 0 0 0 0 0 0 0 0 0 0 0 0;
  INPUT ---        0 0 1 0 0 0 0 0 0 0 0 0 0 0;
  INPUT ---        0 0 1 1 0 0 0 0 0 0 0 0 0 0;
  INPUT ---        0 0 1 0 1 0 0 0 0 0 0 0 0 0;
  INPUT ---        0 0 1 0 0 1 0 0 0 0 0 0 0 0;
  INPUT ---        0 0 1 0 0 0 1 0 0 0 0 0 0 0;
  INPUT ---        0 0 1 0 0 0 0 1 0 0 0 0 0 0;
  INPUT ---        0 0 1 0 0 0 0 0 1 0 0 0 0 0;
  INPUT ---        0 0 1 0 0 0 0 0 0 1 0 0 0 0;
  INPUT ---        0 0 1 0 0 0 0 0 0 0 1 0 0 0;
  INPUT ---        0 0 1 0 0 0 0 0 0 0 0 1 0 0;
  INPUT ---        0 0 1 0 0 0 0 0 0 0 0 0 1 0;
  INPUT ---        0 0 1 0 0 0 0 0 0 0 0 0 0 1;
  INPUT ---       blabel(1)=Phi:(Intercept);
  INPUT ---       blabel(2)=Phi:Time;
  INPUT ---       blabel(3)=p:(Intercept);
  INPUT ---       blabel(4)=p:time3;

  Program  MARK  - Survival Rate Estimation with Capture-Recapture Data
   gfortran(Win64) Vers. 8.1 Mar 2016    1-Feb-2019 12:19:38    Page  004
 - - - - - - - - - - - - - - - - - - - - - - - - - - - - - - - - - - - - - -
 
  INPUT ---       blabel(5)=p:time4;
  INPUT ---       blabel(6)=p:time5;
  INPUT ---       blabel(7)=p:time6;
  INPUT ---       blabel(8)=p:time12;
  INPUT ---       blabel(9)=p:time13;
  INPUT ---       blabel(10)=p:time14;
  INPUT ---       blabel(11)=p:time15;
  INPUT ---       blabel(12)=p:time16;
  INPUT ---       blabel(13)=p:time17;
  INPUT ---       blabel(14)=p:time18;
  INPUT ---       rlabel(1)=Phi gBIB c1 a0 t1;
  INPUT ---       rlabel(2)=Phi gBIB c1 a1 t2;
  INPUT ---       rlabel(3)=Phi gBIB c1 a2 t3;
  INPUT ---       rlabel(4)=Phi gBIB c1 a3 t4;
  INPUT ---       rlabel(5)=Phi gBIB c1 a4 t5;
  INPUT ---       rlabel(6)=Phi gBIB c1 a5 t6;
  INPUT ---       rlabel(7)=Phi gBIB c1 a11 t12;
  INPUT ---       rlabel(8)=Phi gBIB c1 a12 t13;
  INPUT ---       rlabel(9)=Phi gBIB c1 a13 t14;
  INPUT ---       rlabel(10)=Phi gBIB c1 a14 t15;
  INPUT ---       rlabel(11)=Phi gBIB c1 a15 t16;
  INPUT ---       rlabel(12)=Phi gBIB c1 a16 t17;
  INPUT ---       rlabel(13)=p gBIB c1 a1 t2;
  INPUT ---       rlabel(14)=p gBIB c1 a2 t3;
  INPUT ---       rlabel(15)=p gBIB c1 a3 t4;
  INPUT ---       rlabel(16)=p gBIB c1 a4 t5;
  INPUT ---       rlabel(17)=p gBIB c1 a5 t6;
  INPUT ---       rlabel(18)=p gBIB c1 a11 t12;
  INPUT ---       rlabel(19)=p gBIB c1 a12 t13;
  INPUT ---       rlabel(20)=p gBIB c1 a13 t14;
  INPUT ---       rlabel(21)=p gBIB c1 a14 t15;
  INPUT ---       rlabel(22)=p gBIB c1 a15 t16;
  INPUT ---       rlabel(23)=p gBIB c1 a16 t17;
  INPUT ---       rlabel(24)=p gBIB c1 a17 t18;

 Link Function Used is LOGIT        

 Variance Estimation Procedure Used is 2ndPart 
 -2logL(saturated) = 740.80268     
 Effective Sample Size = 2405

 Number of function evaluations was 70 for 14 parameters.
 Time for numerical optimization was 0.12 seconds.

  Program  MARK  - Survival Rate Estimation with Capture-Recapture Data
   gfortran(Win64) Vers. 8.1 Mar 2016    1-Feb-2019 12:19:38    Page  005
 - - - - - - - - - - - - - - - - - - - - - - - - - - - - - - - - - - - - - -
 
 -2logL { Phi(~Time)p(~time) } = 931.10858     
 Penalty { Phi(~Time)p(~time) } = -0.0000000    
 Gradient { Phi(~Time)p(~time) }:
  0.3178919E-04 0.3022617E-04 0.2645217E-04 0.1298901E-05  0.000000    
  0.2238494E-04 0.1383734E-04-0.2795415E-04 0.6704825E-04 0.4972388E-04
 -0.3570120E-04 0.6144890E-04-0.1360247E-04-0.2618104E-04
 S Vector { Phi(~Time)p(~time) }:
   157.6076      51.26988      13.29173      10.00098      7.278459    
   5.958104      5.709734      5.048358      1.848132     0.9976638    
  0.8218806     0.2132183     0.9693278E-01 0.3540022E-06
 Time to compute number of parameters was 0.06 seconds.
   Threshold =  0.3000000E-06     Condition index =  0.2246099E-08     New Threshold =  0.1324555E-05
 New Guessimate of Estimated Parameters { Phi(~Time)p(~time) } = 13          
 Conditioned S Vector { Phi(~Time)p(~time) }:
   1.000000     0.3253008     0.8433434E-01 0.6345495E-01 0.4618089E-01
  0.3780341E-01 0.3622753E-01 0.3203119E-01 0.1172616E-01 0.6330049E-02
  0.5214727E-02 0.1352843E-02 0.6150261E-03 0.2246099E-08
 Number of Estimated Parameters { Phi(~Time)p(~time) } = 13          
 DEVIANCE { Phi(~Time)p(~time) } = 190.30590                     
 DEVIANCE Degrees of Freedom { Phi(~Time)p(~time) } = 32            
 c-hat { Phi(~Time)p(~time) } = 5.9470593                     
 AIC { Phi(~Time)p(~time) } = 957.10858                  
 AICc { Phi(~Time)p(~time) } = 957.26081                    
 BIC { Phi(~Time)p(~time) } = 1032.3175                    
 Pearson Chisquare { Phi(~Time)p(~time) } = 14946.654                  
 Possible Encounter Histories { Phi(~Time)p(~time) } = 16380             
 Pearson Chisquare df { Phi(~Time)p(~time) } = 16343        
 Pearson chat { Phi(~Time)p(~time) } = 0.9145600                  
 Sum(Observed/Expected) { Phi(~Time)p(~time) } = 14948.521                  
 Fletcher chat { Phi(~Time)p(~time) } = 1.0021388                  


                    LOGIT Link Function Parameters of { Phi(~Time)p(~time) }
                                                              95% Confidence Interval
 Parameter                    Beta         Standard Error      Lower           Upper
 -------------------------  --------------  --------------  --------------  --------------
    1:Phi:(Intercept)       6.5101752       1.9708296       2.6473492       10.373001     
    2:Phi:Time              -0.4546657      0.1544565       -0.7574005      -0.1519309    
    3:p:(Intercept)         -4.1573923      0.5818674       -5.2978525      -3.0169321    
    4:p:time3               -16.505084      1680.7263       -3310.7287      3277.7186     
    5:p:time4               -1.6102703      1.1583547       -3.8806457      0.6601050     
    6:p:time5               -0.0157439      0.7127874       -1.4128073      1.3813195     
    7:p:time6               -2.2863794      1.1578446       -4.5557549      -0.0170040    
    8:p:time12              1.0334517       0.6249871       -0.1915230      2.2584265     
    9:p:time13              -1.3738363      0.7211928       -2.7873743      0.0397017     
   10:p:time14              -0.8290903      0.7127268       -2.2260348      0.5678542     
   11:p:time15              -0.9106390      0.8014670       -2.4815142      0.6602363     
   12:p:time16              0.4800829       0.8018906       -1.0916228      2.0517885     
   13:p:time17              0.6715614       0.9829744       -1.2550684      2.5981912     
   14:p:time18              1.1711673       1.2063462       -1.1932713      3.5356059     


                    Real Function Parameters of { Phi(~Time)p(~time) }
                                                               95% Confidence Interval
  Parameter                  Estimate       Standard Error      Lower           Upper
 --------------------------  --------------  --------------  --------------  --------------
     1:Phi gBIB c1 a0 t1     0.9985140       0.0029243       0.9338474       0.9999687                           
     2:Phi gBIB c1 a1 t2     0.9976606       0.0042470       0.9233625       0.9999338                           
     3:Phi gBIB c1 a2 t3     0.9963189       0.0061217       0.9112774       0.9998598                           
     4:Phi gBIB c1 a3 t4     0.9942121       0.0087432       0.8973565       0.9997038                           
     5:Phi gBIB c1 a4 t5     0.9909106       0.0123453       0.8813215       0.9993756                           

  Program  MARK  - Survival Rate Estimation with Capture-Recapture Data
   gfortran(Win64) Vers. 8.1 Mar 2016    1-Feb-2019 12:19:38    Page  006
 - - - - - - - - - - - - - - - - - - - - - - - - - - - - - - - - - - - - - -
 
     6:Phi gBIB c1 a5 t6     0.9857528       0.0171814       0.8628335       0.9986877                           
     7:Phi gBIB c1 a11 t12   0.8188911       0.0673433       0.6499601       0.9167389                           
     8:Phi gBIB c1 a12 t13   0.7415781       0.0762006       0.5682819       0.8621816                           
     9:Phi gBIB c1 a13 t14   0.6455467       0.0908771       0.4553899       0.7986629                           
    10:Phi gBIB c1 a14 t15   0.5361507       0.1126238       0.3224020       0.7373937                           
    11:Phi gBIB c1 a15 t16   0.4231610       0.1337290       0.2004305       0.6822183                           
    12:Phi gBIB c1 a16 t17   0.3176753       0.1442569       0.1121567       0.6317999                           
    13:p gBIB c1 a1 t2       0.0154072       0.0088268       0.0049774       0.0466668                           
    14:p gBIB c1 a2 t3       0.1062676E-008  0.1786067E-005  -.3499628E-005  0.3501754E-005                      
    15:p gBIB c1 a3 t4       0.0031173       0.0031127       0.4388604E-003  0.0217866                           
    16:p gBIB c1 a4 t5       0.0151702       0.0061529       0.0068248       0.0333774                           
    17:p gBIB c1 a5 t6       0.0015879       0.0015871       0.2234936E-003  0.0111883                           
    18:p gBIB c1 a11 t12     0.0421305       0.0092726       0.0272706       0.0645501                           
    19:p gBIB c1 a12 t13     0.0039455       0.0016772       0.0017131       0.0090605                           
    20:p gBIB c1 a13 t14     0.0067833       0.0027796       0.0030331       0.0151000                           
    21:p gBIB c1 a14 t15     0.0062554       0.0034305       0.0021296       0.0182283                           
    22:p gBIB c1 a15 t16     0.0246671       0.0132810       0.0084989       0.0694392                           
    23:p gBIB c1 a16 t17     0.0297181       0.0228301       0.0064471       0.1263087                           
    24:p gBIB c1 a17 t18     0.0480521       0.0482847       0.0063361       0.2855039                           

 Attempted ordering of parameters by estimatibility:
   3  1  8 12 10  9 13 11  6  7  5 14  2  4
 Beta number 4 is a singular value.

     CPU Time in seconds for last procedure was 0.20

  Program  MARK  - Survival Rate Estimation with Capture-Recapture Data
   gfortran(Win64) Vers. 8.1 Mar 2016    1-Feb-2019 12:19:38    Page  007
 - - - - - - - - - - - - - - - - - - - - - - - - - - - - - - - - - - - - - -
 


  INPUT --- proc stop;

     CPU Time in minutes for this job was 0.00

     Time Start = 12:19:38.107   Time End = 12:19:38.449

     Wall Clock Time in minutes for this job was 0.01


          E X E C U T I O N   S U C C E S S F U L 
