
   Program  MARK  - Survival Rate Estimation with Capture-Recapture Data
   gfortran(Win64) Vers. 8.1 Mar 2016   31-Jan-2019 15:50:42    Page  001
 - - - - - - - - - - - - - - - - - - - - - - - - - - - - - - - - - - - - - -
 
   This version was compiled by GCC version 5.3.0 using the options: 
     -cpp -iprefix c:\tdm-gcc-64\gcc\bin\../lib/gcc/x86_64-w64-mingw32/5.3.0/ -D_MT
     -U_REENTRANT -D IEEE -m64 -mtune=generic -march=x86-64 -mthreads -O2
     -fimplicit-none -fbounds-check -funroll-loops -ftree-vectorize
     -ffpe-summary=invalid,zero,overflow,underflow -fno-unsafe-math-optimizations
     -frounding-math -fsignaling-nans -fopenmp.

   This problem will use 7 of 8 possible threads.


  INPUT --- proc title ;

     CPU Time in seconds for last procedure was 0.00


  INPUT --- proc chmatrix occasions= 13 groups= 2 etype= Live Nodes= 
  INPUT --- 101 ICMeans NoHist hist= 71  ;

  INPUT ---    time interval 1 1 1 1 1 6 1 1 1 1 1 1 ;

  INPUT ---    glabel(1)=SpeciesBIB;

  INPUT ---    glabel(2)=SpeciesCOC;

   * *  WARNING  * *   At least a pair of the encounter histories are duplicates. 

      Number of unique encounter histories read was 49.

      Number of individual covariates read was 0.
      Time interval lengths vary and/or not equal to 1.

      Data type number is 1
      Data type is Live Recaptures (CJS)                                                                               

     CPU Time in seconds for last procedure was 0.00

  Program  MARK  - Survival Rate Estimation with Capture-Recapture Data
   gfortran(Win64) Vers. 8.1 Mar 2016   31-Jan-2019 15:50:42    Page  002
 - - - - - - - - - - - - - - - - - - - - - - - - - - - - - - - - - - - - - -
 


  INPUT --- proc estimate link=Logit NOLOOP varest=2ndPart    ;


  INPUT --- model={ Phi(~Species)p(~1) };

  INPUT ---    group=1 Phi    rows=12 cols=12 Triang ;
  INPUT ---        1 1 1 1 1 1 1 1 1 1 1 1 ;
  INPUT ---        1 1 1 1 1 1 1 1 1 1 1 ;
  INPUT ---        1 1 1 1 1 1 1 1 1 1 ;
  INPUT ---        1 1 1 1 1 1 1 1 1 ;
  INPUT ---        1 1 1 1 1 1 1 1 ;
  INPUT ---        1 1 1 1 1 1 1 ;
  INPUT ---        1 1 1 1 1 1 ;
  INPUT ---        1 1 1 1 1 ;
  INPUT ---        1 1 1 1 ;
  INPUT ---        1 1 1 ;
  INPUT ---        1 1 ;
  INPUT ---        1 ;

  INPUT ---    group=2 Phi    rows=12 cols=12 Triang ;
  INPUT ---        2 2 2 2 2 2 2 2 2 2 2 2 ;
  INPUT ---        2 2 2 2 2 2 2 2 2 2 2 ;
  INPUT ---        2 2 2 2 2 2 2 2 2 2 ;
  INPUT ---        2 2 2 2 2 2 2 2 2 ;
  INPUT ---        2 2 2 2 2 2 2 2 ;
  INPUT ---        2 2 2 2 2 2 2 ;
  INPUT ---        2 2 2 2 2 2 ;
  INPUT ---        2 2 2 2 2 ;
  INPUT ---        2 2 2 2 ;
  INPUT ---        2 2 2 ;
  INPUT ---        2 2 ;
  INPUT ---        2 ;

  INPUT ---    group=1 p    rows=12 cols=12 Triang ;
  INPUT ---        3 3 3 3 3 3 3 3 3 3 3 3 ;
  INPUT ---        3 3 3 3 3 3 3 3 3 3 3 ;
  INPUT ---        3 3 3 3 3 3 3 3 3 3 ;
  INPUT ---        3 3 3 3 3 3 3 3 3 ;
  INPUT ---        3 3 3 3 3 3 3 3 ;
  INPUT ---        3 3 3 3 3 3 3 ;
  INPUT ---        3 3 3 3 3 3 ;
  INPUT ---        3 3 3 3 3 ;
  INPUT ---        3 3 3 3 ;
  INPUT ---        3 3 3 ;

  Program  MARK  - Survival Rate Estimation with Capture-Recapture Data
   gfortran(Win64) Vers. 8.1 Mar 2016   31-Jan-2019 15:50:42    Page  003
 - - - - - - - - - - - - - - - - - - - - - - - - - - - - - - - - - - - - - -
 
  INPUT ---        3 3 ;
  INPUT ---        3 ;

  INPUT ---    group=2 p    rows=12 cols=12 Triang ;
  INPUT ---        3 3 3 3 3 3 3 3 3 3 3 3 ;
  INPUT ---        3 3 3 3 3 3 3 3 3 3 3 ;
  INPUT ---        3 3 3 3 3 3 3 3 3 3 ;
  INPUT ---        3 3 3 3 3 3 3 3 3 ;
  INPUT ---        3 3 3 3 3 3 3 3 ;
  INPUT ---        3 3 3 3 3 3 3 ;
  INPUT ---        3 3 3 3 3 3 ;
  INPUT ---        3 3 3 3 3 ;
  INPUT ---        3 3 3 3 ;
  INPUT ---        3 3 3 ;
  INPUT ---        3 3 ;
  INPUT ---        3 ;

  INPUT ---    design matrix constraints=3 covariates=3;
  INPUT ---        1 0 0;
  INPUT ---        1 1 0;
  INPUT ---        0 0 1;
  INPUT ---       blabel(1)=Phi:(Intercept);
  INPUT ---       blabel(2)=Phi:SpeciesCOC;
  INPUT ---       blabel(3)=p:(Intercept);
  INPUT ---       rlabel(1)=Phi gBIB c1 a0 t1;
  INPUT ---       rlabel(2)=Phi gCOC c1 a0 t1;
  INPUT ---       rlabel(3)=p gBIB c1 a1 t2;

 Link Function Used is LOGIT        

 Variance Estimation Procedure Used is 2ndPart 
 -2logL(saturated) = 740.80268     
 Effective Sample Size = 2405

 Number of function evaluations was 42 for 3 parameters.
 Time for numerical optimization was 0.01 seconds.
 -2logL { Phi(~Species)p(~1) } = 1027.3686     
 Penalty { Phi(~Species)p(~1) } = -0.0000000    
 Gradient { Phi(~Species)p(~1) }:
 -0.6008831E-05  0.000000    -0.3801619E-05
 S Vector { Phi(~Species)p(~1) }:
   85.31609      3.906567     0.3972306E-07
 Time to compute number of parameters was 0.01 seconds.
   Threshold =  0.8000000E-07     Condition index =  0.4655987E-09     New Threshold =  0.6880236E-07
 New Guessimate of Estimated Parameters { Phi(~Species)p(~1) } = 2          
 Conditioned S Vector { Phi(~Species)p(~1) }:
   1.000000     0.4578933E-01 0.4655987E-09
 Number of Estimated Parameters { Phi(~Species)p(~1) } = 2          
 DEVIANCE { Phi(~Species)p(~1) } = 286.56596                     
 DEVIANCE Degrees of Freedom { Phi(~Species)p(~1) } = 43            
 c-hat { Phi(~Species)p(~1) } = 6.6643247                     
 AIC { Phi(~Species)p(~1) } = 1031.3686                  
 AICc { Phi(~Species)p(~1) } = 1031.3736                    
 BIC { Phi(~Species)p(~1) } = 1042.9393                    
 Pearson Chisquare { Phi(~Species)p(~1) } = 28980.968                  
 Possible Encounter Histories { Phi(~Species)p(~1) } = 16380             
 Pearson Chisquare df { Phi(~Species)p(~1) } = 16354        
 Pearson chat { Phi(~Species)p(~1) } = 1.7721027                  
 Sum(Observed/Expected) { Phi(~Species)p(~1) } = 28795.371                  
 Fletcher chat { Phi(~Species)p(~1) } = 1.0080455                  

  Program  MARK  - Survival Rate Estimation with Capture-Recapture Data
   gfortran(Win64) Vers. 8.1 Mar 2016   31-Jan-2019 15:50:42    Page  004
 - - - - - - - - - - - - - - - - - - - - - - - - - - - - - - - - - - - - - -
 


                    LOGIT Link Function Parameters of { Phi(~Species)p(~1) }
                                                              95% Confidence Interval
 Parameter                    Beta         Standard Error      Lower           Upper
 -------------------------  --------------  --------------  --------------  --------------
    1:Phi:(Intercept)       2.7839930       0.4958112       1.8122031       3.7557829     
    2:Phi:SpeciesCOC        18.534536       5017.3991       -9815.5679      9852.6370     
    3:p:(Intercept)         -4.9809704      0.1478906       -5.2708361      -4.6911048    


                    Real Function Parameters of { Phi(~Species)p(~1) }
                                                               95% Confidence Interval
  Parameter                  Estimate       Standard Error      Lower           Upper
 --------------------------  --------------  --------------  --------------  --------------
     1:Phi gBIB c1 a0 t1     0.9418047       0.0271747       0.8596279       0.9771521                           
     2:Phi gCOC c1 a0 t1     1.0000000       0.2766681E-005  0.9999946       1.0000054                           
     3:p gBIB c1 a1 t2       0.0068206       0.0010018       0.0051130       0.0090931                           

 Attempted ordering of parameters by estimatibility:
  3 1 2
 Beta number 2 is a singular value.

     CPU Time in seconds for last procedure was 0.02

  Program  MARK  - Survival Rate Estimation with Capture-Recapture Data
   gfortran(Win64) Vers. 8.1 Mar 2016   31-Jan-2019 15:50:42    Page  005
 - - - - - - - - - - - - - - - - - - - - - - - - - - - - - - - - - - - - - -
 


  INPUT --- proc stop;

     CPU Time in minutes for this job was 0.00

     Time Start = 15:50:42.411   Time End = 15:50:42.604

     Wall Clock Time in minutes for this job was 0.00


          E X E C U T I O N   S U C C E S S F U L 
