
   Program  MARK  - Survival Rate Estimation with Capture-Recapture Data
   gfortran(Win64) Vers. 8.1 Mar 2016    1-Feb-2019 12:22:35    Page  001
 - - - - - - - - - - - - - - - - - - - - - - - - - - - - - - - - - - - - - -
 
   This version was compiled by GCC version 5.3.0 using the options: 
     -cpp -iprefix c:\tdm-gcc-64\gcc\bin\../lib/gcc/x86_64-w64-mingw32/5.3.0/ -D_MT
     -U_REENTRANT -D IEEE -m64 -mtune=generic -march=x86-64 -mthreads -O2
     -fimplicit-none -fbounds-check -funroll-loops -ftree-vectorize
     -ffpe-summary=invalid,zero,overflow,underflow -fno-unsafe-math-optimizations
     -frounding-math -fsignaling-nans -fopenmp.

   This problem will use 7 of 8 possible threads.


  INPUT --- proc title ;

     CPU Time in seconds for last procedure was 0.00


  INPUT --- proc chmatrix occasions= 14 groups= 2 etype= Live Nodes= 
  INPUT --- 101 ICMeans NoHist hist= 90  ;

  INPUT ---    time interval 1 1 1 1 1 1 5 1 1 1 1 1 1 ;

  INPUT ---    glabel(1)=SpeciesBIB;

  INPUT ---    glabel(2)=SpeciesCOC;

   * *  WARNING  * *   At least a pair of the encounter histories are duplicates. 

      Number of unique encounter histories read was 71.

      Number of individual covariates read was 0.
      Time interval lengths vary and/or not equal to 1.

      Data type number is 1
      Data type is Live Recaptures (CJS)                                                                               

     CPU Time in seconds for last procedure was 0.00

  Program  MARK  - Survival Rate Estimation with Capture-Recapture Data
   gfortran(Win64) Vers. 8.1 Mar 2016    1-Feb-2019 12:22:35    Page  002
 - - - - - - - - - - - - - - - - - - - - - - - - - - - - - - - - - - - - - -
 


  INPUT --- proc estimate link=Logit NOLOOP varest=2ndPart    ;


  INPUT --- model={ Phi(~Species + time)p(~1) };

  INPUT ---    group=1 Phi    rows=13 cols=13 Triang ;
  INPUT ---        1 2 3 4 5 6 7 8 9 10 11 12 13 ;
  INPUT ---        2 3 4 5 6 7 8 9 10 11 12 13 ;
  INPUT ---        3 4 5 6 7 8 9 10 11 12 13 ;
  INPUT ---        4 5 6 7 8 9 10 11 12 13 ;
  INPUT ---        5 6 7 8 9 10 11 12 13 ;
  INPUT ---        6 7 8 9 10 11 12 13 ;
  INPUT ---        7 8 9 10 11 12 13 ;
  INPUT ---        8 9 10 11 12 13 ;
  INPUT ---        9 10 11 12 13 ;
  INPUT ---        10 11 12 13 ;
  INPUT ---        11 12 13 ;
  INPUT ---        12 13 ;
  INPUT ---        13 ;

  INPUT ---    group=2 Phi    rows=13 cols=13 Triang ;
  INPUT ---        14 15 16 17 18 19 20 21 22 23 24 25 26 ;
  INPUT ---        15 16 17 18 19 20 21 22 23 24 25 26 ;
  INPUT ---        16 17 18 19 20 21 22 23 24 25 26 ;
  INPUT ---        17 18 19 20 21 22 23 24 25 26 ;
  INPUT ---        18 19 20 21 22 23 24 25 26 ;
  INPUT ---        19 20 21 22 23 24 25 26 ;
  INPUT ---        20 21 22 23 24 25 26 ;
  INPUT ---        21 22 23 24 25 26 ;
  INPUT ---        22 23 24 25 26 ;
  INPUT ---        23 24 25 26 ;
  INPUT ---        24 25 26 ;
  INPUT ---        25 26 ;
  INPUT ---        26 ;

  INPUT ---    group=1 p    rows=13 cols=13 Triang ;
  INPUT ---        27 27 27 27 27 27 27 27 27 27 27 27 27 ;
  INPUT ---        27 27 27 27 27 27 27 27 27 27 27 27 ;
  INPUT ---        27 27 27 27 27 27 27 27 27 27 27 ;
  INPUT ---        27 27 27 27 27 27 27 27 27 27 ;
  INPUT ---        27 27 27 27 27 27 27 27 27 ;
  INPUT ---        27 27 27 27 27 27 27 27 ;
  INPUT ---        27 27 27 27 27 27 27 ;
  INPUT ---        27 27 27 27 27 27 ;

  Program  MARK  - Survival Rate Estimation with Capture-Recapture Data
   gfortran(Win64) Vers. 8.1 Mar 2016    1-Feb-2019 12:22:35    Page  003
 - - - - - - - - - - - - - - - - - - - - - - - - - - - - - - - - - - - - - -
 
  INPUT ---        27 27 27 27 27 ;
  INPUT ---        27 27 27 27 ;
  INPUT ---        27 27 27 ;
  INPUT ---        27 27 ;
  INPUT ---        27 ;

  INPUT ---    group=2 p    rows=13 cols=13 Triang ;
  INPUT ---        27 27 27 27 27 27 27 27 27 27 27 27 27 ;
  INPUT ---        27 27 27 27 27 27 27 27 27 27 27 27 ;
  INPUT ---        27 27 27 27 27 27 27 27 27 27 27 ;
  INPUT ---        27 27 27 27 27 27 27 27 27 27 ;
  INPUT ---        27 27 27 27 27 27 27 27 27 ;
  INPUT ---        27 27 27 27 27 27 27 27 ;
  INPUT ---        27 27 27 27 27 27 27 ;
  INPUT ---        27 27 27 27 27 27 ;
  INPUT ---        27 27 27 27 27 ;
  INPUT ---        27 27 27 27 ;
  INPUT ---        27 27 27 ;
  INPUT ---        27 27 ;
  INPUT ---        27 ;

  INPUT ---    design matrix constraints=27 covariates=15;
  INPUT ---        1 0 0 0 0 0 0 0 0 0 0 0 0 0 0;
  INPUT ---        1 0 1 0 0 0 0 0 0 0 0 0 0 0 0;
  INPUT ---        1 0 0 1 0 0 0 0 0 0 0 0 0 0 0;
  INPUT ---        1 0 0 0 1 0 0 0 0 0 0 0 0 0 0;
  INPUT ---        1 0 0 0 0 1 0 0 0 0 0 0 0 0 0;
  INPUT ---        1 0 0 0 0 0 1 0 0 0 0 0 0 0 0;
  INPUT ---        1 0 0 0 0 0 0 1 0 0 0 0 0 0 0;
  INPUT ---        1 0 0 0 0 0 0 0 1 0 0 0 0 0 0;
  INPUT ---        1 0 0 0 0 0 0 0 0 1 0 0 0 0 0;
  INPUT ---        1 0 0 0 0 0 0 0 0 0 1 0 0 0 0;
  INPUT ---        1 0 0 0 0 0 0 0 0 0 0 1 0 0 0;
  INPUT ---        1 0 0 0 0 0 0 0 0 0 0 0 1 0 0;
  INPUT ---        1 0 0 0 0 0 0 0 0 0 0 0 0 1 0;
  INPUT ---        1 1 0 0 0 0 0 0 0 0 0 0 0 0 0;
  INPUT ---        1 1 1 0 0 0 0 0 0 0 0 0 0 0 0;
  INPUT ---        1 1 0 1 0 0 0 0 0 0 0 0 0 0 0;
  INPUT ---        1 1 0 0 1 0 0 0 0 0 0 0 0 0 0;
  INPUT ---        1 1 0 0 0 1 0 0 0 0 0 0 0 0 0;
  INPUT ---        1 1 0 0 0 0 1 0 0 0 0 0 0 0 0;
  INPUT ---        1 1 0 0 0 0 0 1 0 0 0 0 0 0 0;
  INPUT ---        1 1 0 0 0 0 0 0 1 0 0 0 0 0 0;
  INPUT ---        1 1 0 0 0 0 0 0 0 1 0 0 0 0 0;
  INPUT ---        1 1 0 0 0 0 0 0 0 0 1 0 0 0 0;
  INPUT ---        1 1 0 0 0 0 0 0 0 0 0 1 0 0 0;

  Program  MARK  - Survival Rate Estimation with Capture-Recapture Data
   gfortran(Win64) Vers. 8.1 Mar 2016    1-Feb-2019 12:22:35    Page  004
 - - - - - - - - - - - - - - - - - - - - - - - - - - - - - - - - - - - - - -
 
  INPUT ---        1 1 0 0 0 0 0 0 0 0 0 0 1 0 0;
  INPUT ---        1 1 0 0 0 0 0 0 0 0 0 0 0 1 0;
  INPUT ---        0 0 0 0 0 0 0 0 0 0 0 0 0 0 1;
  INPUT ---       blabel(1)=Phi:(Intercept);
  INPUT ---       blabel(2)=Phi:SpeciesCOC;
  INPUT ---       blabel(3)=Phi:time2;
  INPUT ---       blabel(4)=Phi:time3;
  INPUT ---       blabel(5)=Phi:time4;
  INPUT ---       blabel(6)=Phi:time5;
  INPUT ---       blabel(7)=Phi:time6;
  INPUT ---       blabel(8)=Phi:time7;
  INPUT ---       blabel(9)=Phi:time12;
  INPUT ---       blabel(10)=Phi:time13;
  INPUT ---       blabel(11)=Phi:time14;
  INPUT ---       blabel(12)=Phi:time15;
  INPUT ---       blabel(13)=Phi:time16;
  INPUT ---       blabel(14)=Phi:time17;
  INPUT ---       blabel(15)=p:(Intercept);
  INPUT ---       rlabel(1)=Phi gBIB c1 a0 t1;
  INPUT ---       rlabel(2)=Phi gBIB c1 a1 t2;
  INPUT ---       rlabel(3)=Phi gBIB c1 a2 t3;
  INPUT ---       rlabel(4)=Phi gBIB c1 a3 t4;
  INPUT ---       rlabel(5)=Phi gBIB c1 a4 t5;
  INPUT ---       rlabel(6)=Phi gBIB c1 a5 t6;
  INPUT ---       rlabel(7)=Phi gBIB c1 a6 t7;
  INPUT ---       rlabel(8)=Phi gBIB c1 a11 t12;
  INPUT ---       rlabel(9)=Phi gBIB c1 a12 t13;
  INPUT ---       rlabel(10)=Phi gBIB c1 a13 t14;
  INPUT ---       rlabel(11)=Phi gBIB c1 a14 t15;
  INPUT ---       rlabel(12)=Phi gBIB c1 a15 t16;
  INPUT ---       rlabel(13)=Phi gBIB c1 a16 t17;
  INPUT ---       rlabel(14)=Phi gCOC c1 a0 t1;
  INPUT ---       rlabel(15)=Phi gCOC c1 a1 t2;
  INPUT ---       rlabel(16)=Phi gCOC c1 a2 t3;
  INPUT ---       rlabel(17)=Phi gCOC c1 a3 t4;
  INPUT ---       rlabel(18)=Phi gCOC c1 a4 t5;
  INPUT ---       rlabel(19)=Phi gCOC c1 a5 t6;
  INPUT ---       rlabel(20)=Phi gCOC c1 a6 t7;
  INPUT ---       rlabel(21)=Phi gCOC c1 a11 t12;
  INPUT ---       rlabel(22)=Phi gCOC c1 a12 t13;
  INPUT ---       rlabel(23)=Phi gCOC c1 a13 t14;
  INPUT ---       rlabel(24)=Phi gCOC c1 a14 t15;
  INPUT ---       rlabel(25)=Phi gCOC c1 a15 t16;
  INPUT ---       rlabel(26)=Phi gCOC c1 a16 t17;
  INPUT ---       rlabel(27)=p gBIB c1 a1 t2;

  Program  MARK  - Survival Rate Estimation with Capture-Recapture Data
   gfortran(Win64) Vers. 8.1 Mar 2016    1-Feb-2019 12:22:35    Page  005
 - - - - - - - - - - - - - - - - - - - - - - - - - - - - - - - - - - - - - -
 

 Link Function Used is LOGIT        

 Variance Estimation Procedure Used is 2ndPart 
 -2logL(saturated) = 2040.5974     
 Effective Sample Size = 4699

 Number of function evaluations was 80 for 15 parameters.
 Time for numerical optimization was 0.39 seconds.
 -2logL { Phi(~Species + time)p(~1) } = 2552.8471     
 Penalty { Phi(~Species + time)p(~1) } = -0.0000000    
 Gradient { Phi(~Species + time)p(~1) }:
 -0.9077162E-04 0.3700195E-04  0.000000      0.000000      0.000000    
   0.000000     0.1755457E-05  0.000000    -0.5233199E-04  0.000000    
  0.9051981E-05 0.2936117E-04 0.1724482E-05  0.000000    -0.1083451E-04
 S Vector { Phi(~Species + time)p(~1) }:
   337.3009      84.31634      39.07172      13.79343      7.222468    
   3.461946      2.156902     0.6155028     0.2929332     0.6589975E-01
  0.7557637E-06 0.1827934E-06 0.5902358E-07 0.5571218E-07 0.5647258E-08
 Time to compute number of parameters was 0.03 seconds.
   Threshold =  0.3200000E-06     Condition index =  0.1674250E-10     New Threshold =  0.2187174E-07
 New Guessimate of Estimated Parameters { Phi(~Species + time)p(~1) } = 10          
 Conditioned S Vector { Phi(~Species + time)p(~1) }:
   1.000000     0.2499737     0.1158364     0.4089355E-01 0.2141254E-01
  0.1026367E-01 0.6394595E-02 0.1824789E-02 0.8684627E-03 0.1953738E-03
  0.2240622E-08 0.5419298E-09 0.1749879E-09 0.1651706E-09 0.1674250E-10
 Number of Estimated Parameters { Phi(~Species + time)p(~1) } = 10          
 DEVIANCE { Phi(~Species + time)p(~1) } = 512.24970                     
 DEVIANCE Degrees of Freedom { Phi(~Species + time)p(~1) } = 52            
 c-hat { Phi(~Species + time)p(~1) } = 9.8509558                     
 AIC { Phi(~Species + time)p(~1) } = 2572.8471                  
 AICc { Phi(~Species + time)p(~1) } = 2572.8941                    
 BIC { Phi(~Species + time)p(~1) } = 2637.3982                    
 Pearson Chisquare { Phi(~Species + time)p(~1) } = 1074.8219                  
 Possible Encounter Histories { Phi(~Species + time)p(~1) } = 32764             
 Pearson Chisquare df { Phi(~Species + time)p(~1) } = 32728        
 Pearson chat { Phi(~Species + time)p(~1) } = 0.0328410                  
 Sum(Observed/Expected) { Phi(~Species + time)p(~1) } = 686.54616                  
 Fletcher chat { Phi(~Species + time)p(~1) } = 1.5672714                  


                LOGIT Link Function Parameters of { Phi(~Species + time)p(~1) }
                                                              95% Confidence Interval
 Parameter                    Beta         Standard Error      Lower           Upper
 -------------------------  --------------  --------------  --------------  --------------
    1:Phi:(Intercept)       -1.0039185      0.7012469       -2.3783626      0.3705255     
    2:Phi:SpeciesCOC        -0.2289821      0.2226739       -0.6654229      0.2074588     
    3:Phi:time2             0.7315657       0.9120897       -1.0561301      2.5192615     
    4:Phi:time3             1.9839963       1.1993518       -0.3667333      4.3347259     
    5:Phi:time4             2.2443534       1.2064687       -0.1203253      4.6090322     
    6:Phi:time5             21.683381       4228.3610       -8265.9044      8309.2711     
    7:Phi:time6             24.904783       0.0000000       24.904783       24.904783     
    8:Phi:time7             21.450993       1152.1190       -2236.7023      2279.6042     
    9:Phi:time12            -0.7379327      0.7330302       -2.1746719      0.6988065     
   10:Phi:time13            1.7526641       0.8929614       0.0024597       3.5028684     
   11:Phi:time14            4.0237329       3.8802249       -3.5815080      11.628974     
   12:Phi:time15            0.5488052       0.7428364       -0.9071541      2.0047645     
   13:Phi:time16            25.370079       0.0000000       25.370079       25.370079     
   14:Phi:time17            19.193467       0.0000000       19.193467       19.193467     

  Program  MARK  - Survival Rate Estimation with Capture-Recapture Data
   gfortran(Win64) Vers. 8.1 Mar 2016    1-Feb-2019 12:22:35    Page  006
 - - - - - - - - - - - - - - - - - - - - - - - - - - - - - - - - - - - - - -
 
   15:p:(Intercept)         -3.1972108      0.0831495       -3.3601837      -3.0342378    


                Real Function Parameters of { Phi(~Species + time)p(~1) }
                                                               95% Confidence Interval
  Parameter                  Estimate       Standard Error      Lower           Upper
 --------------------------  --------------  --------------  --------------  --------------
     1:Phi gBIB c1 a0 t1     0.2681717       0.1376237       0.0848376       0.5915859                           
     2:Phi gBIB c1 a1 t2     0.4323296       0.1308415       0.2112694       0.6840798                           
     3:Phi gBIB c1 a2 t3     0.7271236       0.2024733       0.2650249       0.9516701                           
     4:Phi gBIB c1 a3 t4     0.7756397       0.1786342       0.3161540       0.9627583                           
     5:Phi gBIB c1 a4 t5     1.0000000       0.4417695E-005  0.9999913       1.0000087                           
     6:Phi gBIB c1 a5 t6     1.0000000       0.2923193E-010  1.0000000       1.0000000                           
     7:Phi gBIB c1 a6 t7     1.0000000       0.1518608E-005  0.9999970       1.0000030                           
     8:Phi gBIB c1 a11 t12   0.1490779       0.0272772       0.1030942       0.2107526                           
     9:Phi gBIB c1 a12 t13   0.6789053       0.1354167       0.3848998       0.8772124                           
    10:Phi gBIB c1 a13 t14   0.9534613       0.1694371       0.0113804       0.9999726                           
    11:Phi gBIB c1 a14 t15   0.3881457       0.0789443       0.2484973       0.5489467                           
    12:Phi gBIB c1 a15 t16   1.0000000       0.0000000       1.0000000       1.0000000                           
    13:Phi gBIB c1 a16 t17   1.0000000       0.0000000       1.0000000       1.0000000                           
    14:Phi gCOC c1 a0 t1     0.2256742       0.1168379       0.0728716       0.5193881                           
    15:Phi gCOC c1 a1 t2     0.3772270       0.1162302       0.1867836       0.6149995                           
    16:Phi gCOC c1 a2 t3     0.6794174       0.2175358       0.2303311       0.9375342                           
    17:Phi gCOC c1 a3 t4     0.7333044       0.1979612       0.2743783       0.9523671                           
    18:Phi gCOC c1 a4 t5     1.0000000       0.5554454E-005  0.9999891       1.0000109                           
    19:Phi gCOC c1 a5 t6     1.0000000       0.3504373E-010  1.0000000       1.0000000                           
    20:Phi gCOC c1 a6 t7     1.0000000       0.1909376E-005  0.9999963       1.0000037                           
    21:Phi gCOC c1 a11 t12   0.1222994       0.0339413       0.0697472       0.2056926                           
    22:Phi gCOC c1 a12 t13   0.6270925       0.1396275       0.3428703       0.8442315                           
    23:Phi gCOC c1 a13 t14   0.9421784       0.2086221       0.0088812       0.9999663                           
    24:Phi gCOC c1 a14 t15   0.3353479       0.0744672       0.2076862       0.4926851                           
    25:Phi gCOC c1 a15 t16   1.0000000       0.0000000       1.0000000       1.0000000                           
    26:Phi gCOC c1 a16 t17   1.0000000       0.0000000       1.0000000       1.0000000                           
    27:p gBIB c1 a1 t2       0.0392708       0.0031371       0.0335633       0.0459029                           

 Attempted ordering of parameters by estimatibility:
  15  1  2 12  9 10  3  4  5 11  8 14 13  6  7
 Beta number 7 is a singular value.

     CPU Time in seconds for last procedure was 0.44

  Program  MARK  - Survival Rate Estimation with Capture-Recapture Data
   gfortran(Win64) Vers. 8.1 Mar 2016    1-Feb-2019 12:22:35    Page  007
 - - - - - - - - - - - - - - - - - - - - - - - - - - - - - - - - - - - - - -
 


  INPUT --- proc stop;

     CPU Time in minutes for this job was 0.01

     Time Start = 12:22:35.256   Time End = 12:22:35.565

     Wall Clock Time in minutes for this job was 0.01


          E X E C U T I O N   S U C C E S S F U L 
