
   Program  MARK  - Survival Rate Estimation with Capture-Recapture Data
   gfortran(Win64) Vers. 8.1 Mar 2016    1-Feb-2019 12:19:36    Page  001
 - - - - - - - - - - - - - - - - - - - - - - - - - - - - - - - - - - - - - -
 
   This version was compiled by GCC version 5.3.0 using the options: 
     -cpp -iprefix c:\tdm-gcc-64\gcc\bin\../lib/gcc/x86_64-w64-mingw32/5.3.0/ -D_MT
     -U_REENTRANT -D IEEE -m64 -mtune=generic -march=x86-64 -mthreads -O2
     -fimplicit-none -fbounds-check -funroll-loops -ftree-vectorize
     -ffpe-summary=invalid,zero,overflow,underflow -fno-unsafe-math-optimizations
     -frounding-math -fsignaling-nans -fopenmp.

   This problem will use 7 of 8 possible threads.


  INPUT --- proc title ;

     CPU Time in seconds for last procedure was 0.00


  INPUT --- proc chmatrix occasions= 13 groups= 2 etype= Live Nodes= 
  INPUT --- 101 ICMeans NoHist hist= 71  ;

  INPUT ---    time interval 1 1 1 1 1 6 1 1 1 1 1 1 ;

  INPUT ---    glabel(1)=SpeciesBIB;

  INPUT ---    glabel(2)=SpeciesCOC;

   * *  WARNING  * *   At least a pair of the encounter histories are duplicates. 

      Number of unique encounter histories read was 49.

      Number of individual covariates read was 0.
      Time interval lengths vary and/or not equal to 1.

      Data type number is 1
      Data type is Live Recaptures (CJS)                                                                               

     CPU Time in seconds for last procedure was 0.00

  Program  MARK  - Survival Rate Estimation with Capture-Recapture Data
   gfortran(Win64) Vers. 8.1 Mar 2016    1-Feb-2019 12:19:36    Page  002
 - - - - - - - - - - - - - - - - - - - - - - - - - - - - - - - - - - - - - -
 


  INPUT --- proc estimate link=Logit NOLOOP varest=2ndPart    ;


  INPUT --- model={ Phi(~1)p(~time) };

  INPUT ---    group=1 Phi    rows=12 cols=12 Triang ;
  INPUT ---        1 1 1 1 1 1 1 1 1 1 1 1 ;
  INPUT ---        1 1 1 1 1 1 1 1 1 1 1 ;
  INPUT ---        1 1 1 1 1 1 1 1 1 1 ;
  INPUT ---        1 1 1 1 1 1 1 1 1 ;
  INPUT ---        1 1 1 1 1 1 1 1 ;
  INPUT ---        1 1 1 1 1 1 1 ;
  INPUT ---        1 1 1 1 1 1 ;
  INPUT ---        1 1 1 1 1 ;
  INPUT ---        1 1 1 1 ;
  INPUT ---        1 1 1 ;
  INPUT ---        1 1 ;
  INPUT ---        1 ;

  INPUT ---    group=2 Phi    rows=12 cols=12 Triang ;
  INPUT ---        1 1 1 1 1 1 1 1 1 1 1 1 ;
  INPUT ---        1 1 1 1 1 1 1 1 1 1 1 ;
  INPUT ---        1 1 1 1 1 1 1 1 1 1 ;
  INPUT ---        1 1 1 1 1 1 1 1 1 ;
  INPUT ---        1 1 1 1 1 1 1 1 ;
  INPUT ---        1 1 1 1 1 1 1 ;
  INPUT ---        1 1 1 1 1 1 ;
  INPUT ---        1 1 1 1 1 ;
  INPUT ---        1 1 1 1 ;
  INPUT ---        1 1 1 ;
  INPUT ---        1 1 ;
  INPUT ---        1 ;

  INPUT ---    group=1 p    rows=12 cols=12 Triang ;
  INPUT ---        2 3 4 5 6 7 8 9 10 11 12 13 ;
  INPUT ---        3 4 5 6 7 8 9 10 11 12 13 ;
  INPUT ---        4 5 6 7 8 9 10 11 12 13 ;
  INPUT ---        5 6 7 8 9 10 11 12 13 ;
  INPUT ---        6 7 8 9 10 11 12 13 ;
  INPUT ---        7 8 9 10 11 12 13 ;
  INPUT ---        8 9 10 11 12 13 ;
  INPUT ---        9 10 11 12 13 ;
  INPUT ---        10 11 12 13 ;
  INPUT ---        11 12 13 ;

  Program  MARK  - Survival Rate Estimation with Capture-Recapture Data
   gfortran(Win64) Vers. 8.1 Mar 2016    1-Feb-2019 12:19:36    Page  003
 - - - - - - - - - - - - - - - - - - - - - - - - - - - - - - - - - - - - - -
 
  INPUT ---        12 13 ;
  INPUT ---        13 ;

  INPUT ---    group=2 p    rows=12 cols=12 Triang ;
  INPUT ---        2 3 4 5 6 7 8 9 10 11 12 13 ;
  INPUT ---        3 4 5 6 7 8 9 10 11 12 13 ;
  INPUT ---        4 5 6 7 8 9 10 11 12 13 ;
  INPUT ---        5 6 7 8 9 10 11 12 13 ;
  INPUT ---        6 7 8 9 10 11 12 13 ;
  INPUT ---        7 8 9 10 11 12 13 ;
  INPUT ---        8 9 10 11 12 13 ;
  INPUT ---        9 10 11 12 13 ;
  INPUT ---        10 11 12 13 ;
  INPUT ---        11 12 13 ;
  INPUT ---        12 13 ;
  INPUT ---        13 ;

  INPUT ---    design matrix constraints=13 covariates=13;
  INPUT ---        1 0 0 0 0 0 0 0 0 0 0 0 0;
  INPUT ---        0 1 0 0 0 0 0 0 0 0 0 0 0;
  INPUT ---        0 1 1 0 0 0 0 0 0 0 0 0 0;
  INPUT ---        0 1 0 1 0 0 0 0 0 0 0 0 0;
  INPUT ---        0 1 0 0 1 0 0 0 0 0 0 0 0;
  INPUT ---        0 1 0 0 0 1 0 0 0 0 0 0 0;
  INPUT ---        0 1 0 0 0 0 1 0 0 0 0 0 0;
  INPUT ---        0 1 0 0 0 0 0 1 0 0 0 0 0;
  INPUT ---        0 1 0 0 0 0 0 0 1 0 0 0 0;
  INPUT ---        0 1 0 0 0 0 0 0 0 1 0 0 0;
  INPUT ---        0 1 0 0 0 0 0 0 0 0 1 0 0;
  INPUT ---        0 1 0 0 0 0 0 0 0 0 0 1 0;
  INPUT ---        0 1 0 0 0 0 0 0 0 0 0 0 1;
  INPUT ---       blabel(1)=Phi:(Intercept);
  INPUT ---       blabel(2)=p:(Intercept);
  INPUT ---       blabel(3)=p:time3;
  INPUT ---       blabel(4)=p:time4;
  INPUT ---       blabel(5)=p:time5;
  INPUT ---       blabel(6)=p:time6;
  INPUT ---       blabel(7)=p:time12;
  INPUT ---       blabel(8)=p:time13;
  INPUT ---       blabel(9)=p:time14;
  INPUT ---       blabel(10)=p:time15;
  INPUT ---       blabel(11)=p:time16;
  INPUT ---       blabel(12)=p:time17;
  INPUT ---       blabel(13)=p:time18;
  INPUT ---       rlabel(1)=Phi gBIB c1 a0 t1;
  INPUT ---       rlabel(2)=p gBIB c1 a1 t2;

  Program  MARK  - Survival Rate Estimation with Capture-Recapture Data
   gfortran(Win64) Vers. 8.1 Mar 2016    1-Feb-2019 12:19:36    Page  004
 - - - - - - - - - - - - - - - - - - - - - - - - - - - - - - - - - - - - - -
 
  INPUT ---       rlabel(3)=p gBIB c1 a2 t3;
  INPUT ---       rlabel(4)=p gBIB c1 a3 t4;
  INPUT ---       rlabel(5)=p gBIB c1 a4 t5;
  INPUT ---       rlabel(6)=p gBIB c1 a5 t6;
  INPUT ---       rlabel(7)=p gBIB c1 a11 t12;
  INPUT ---       rlabel(8)=p gBIB c1 a12 t13;
  INPUT ---       rlabel(9)=p gBIB c1 a13 t14;
  INPUT ---       rlabel(10)=p gBIB c1 a14 t15;
  INPUT ---       rlabel(11)=p gBIB c1 a15 t16;
  INPUT ---       rlabel(12)=p gBIB c1 a16 t17;
  INPUT ---       rlabel(13)=p gBIB c1 a17 t18;

 Link Function Used is LOGIT        

 Variance Estimation Procedure Used is 2ndPart 
 -2logL(saturated) = 740.80268     
 Effective Sample Size = 2405

 Number of function evaluations was 50 for 13 parameters.
 Time for numerical optimization was 0.06 seconds.
 -2logL { Phi(~1)p(~time) } = 938.61950     
 Penalty { Phi(~1)p(~time) } = -0.0000000    
 Gradient { Phi(~1)p(~time) }:
  0.7903558E-06-0.5218357E-02  0.000000    -0.2607844E-04-0.2438453E-03
  0.1722017E-04-0.2165723E-02-0.4570942E-03-0.9061822E-03-0.1033808E-03
 -0.8337304E-03 0.4802397E-04-0.3278854E-03
 S Vector { Phi(~1)p(~time) }:
   97.09226      19.88922      10.39336      7.550440      6.556276    
   5.944902      5.326316      4.988450      1.236451     0.9976658    
  0.2472051     0.6795848E-06 0.2147453E-10
 Time to compute number of parameters was 0.03 seconds.
   Threshold =  0.2800000E-06     Condition index =  0.2211765E-12     New Threshold =  0.7742751E-10
 New Guessimate of Estimated Parameters { Phi(~1)p(~time) } = 12          
 Conditioned S Vector { Phi(~1)p(~time) }:
   1.000000     0.2048486     0.1070462     0.7776563E-01 0.6752625E-01
  0.6122942E-01 0.5485830E-01 0.5137846E-01 0.1273481E-01 0.1027544E-01
  0.2546085E-02 0.6999372E-08 0.2211765E-12
 Number of Estimated Parameters { Phi(~1)p(~time) } = 11          
 DEVIANCE { Phi(~1)p(~time) } = 197.81682                     
 DEVIANCE Degrees of Freedom { Phi(~1)p(~time) } = 34            
 c-hat { Phi(~1)p(~time) } = 5.8181418                     
 AIC { Phi(~1)p(~time) } = 960.61950                  
 AICc { Phi(~1)p(~time) } = 960.72982                    
 BIC { Phi(~1)p(~time) } = 1024.2579                    
 Pearson Chisquare { Phi(~1)p(~time) } = 18985.069                  
 Possible Encounter Histories { Phi(~1)p(~time) } = 16380             
 Pearson Chisquare df { Phi(~1)p(~time) } = 16345        
 Pearson chat { Phi(~1)p(~time) } = 1.1615215                  
 Sum(Observed/Expected) { Phi(~1)p(~time) } = 18989.810                  
 Fletcher chat { Phi(~1)p(~time) } = 1.0018911                  


                     LOGIT Link Function Parameters of { Phi(~1)p(~time) }
                                                              95% Confidence Interval
 Parameter                    Beta         Standard Error      Lower           Upper
 -------------------------  --------------  --------------  --------------  --------------
    1:Phi:(Intercept)       13.384261       1213.0485       -2364.1908      2390.9593     
    2:p:(Intercept)         -4.1589119      0.5818534       -5.2993445      -3.0184792    
    3:p:time3               -147.52106      0.2536050E-004  -147.52111      -147.52101    
    4:p:time4               -1.6156517      1.1583075       -3.8859344      0.6546311     
    5:p:time5               -0.0256955      0.7125819       -1.4223562      1.3709651     
    6:p:time6               -2.3009797      1.1576339       -4.5699423      -0.0320172    

  Program  MARK  - Survival Rate Estimation with Capture-Recapture Data
   gfortran(Win64) Vers. 8.1 Mar 2016    1-Feb-2019 12:19:36    Page  005
 - - - - - - - - - - - - - - - - - - - - - - - - - - - - - - - - - - - - - -
 
    7:p:time12              0.9317688       0.6120561       -0.2678611      2.1313988     
    8:p:time13              -1.6115225      0.7111829       -3.0054410      -0.2176040    
    9:p:time14              -1.3585903      0.6812638       -2.6938675      -0.0233132    
   10:p:time15              -1.8591951      0.7342531       -3.2983311      -0.4200590    
   11:p:time16              -1.0317525      0.6499738       -2.3057011      0.2421962     
   12:p:time17              -1.6040228      0.6942654       -2.9647831      -0.2432625    
   13:p:time18              -1.9818550      0.7342821       -3.4210479      -0.5426622    


                     Real Function Parameters of { Phi(~1)p(~time) }
                                                               95% Confidence Interval
  Parameter                  Estimate       Standard Error      Lower           Upper
 --------------------------  --------------  --------------  --------------  --------------
     1:Phi gBIB c1 a0 t1     0.9999985       0.0018671       0.6405801E-298  1.0000000                           
     2:p gBIB c1 a1 t2       0.0153842       0.0088136       0.0049700       0.0465980                           
     3:p gBIB c1 a2 t3       0.1337294E-065  0.7781090E-066  -.1877998E-066  0.2862387E-065                      
     4:p gBIB c1 a3 t4       0.0030959       0.0030912       0.4359090E-003  0.0216368                           
     5:p gBIB c1 a4 t5       0.0149998       0.0060782       0.0067534       0.0329812                           
     6:p gBIB c1 a5 t6       0.0015625       0.0015613       0.2200482E-003  0.0110050                           
     7:p gBIB c1 a11 t12     0.0381570       0.0069752       0.0266061       0.0544422                           
     8:p gBIB c1 a12 t13     0.0031087       0.0012674       0.0013970       0.0069032                           
     9:p gBIB c1 a13 t14     0.0039998       0.0014119       0.0020009       0.0079795                           
    10:p gBIB c1 a14 t15     0.0024284       0.0010850       0.0010108       0.0058223                           
    11:p gBIB c1 a15 t16     0.0055375       0.0015956       0.0031456       0.0097303                           
    12:p gBIB c1 a16 t17     0.0031320       0.0011828       0.0014931       0.0065583                           
    13:p gBIB c1 a17 t18     0.0021486       0.9604547E-003  0.8941138E-003  0.0051543                           

 Attempted ordering of parameters by estimatibility:
   2  7 11  9 12  8  5 13 10  6  4  1  3
 Beta number 3 is a singular value.

     CPU Time in seconds for last procedure was 0.11

  Program  MARK  - Survival Rate Estimation with Capture-Recapture Data
   gfortran(Win64) Vers. 8.1 Mar 2016    1-Feb-2019 12:19:36    Page  006
 - - - - - - - - - - - - - - - - - - - - - - - - - - - - - - - - - - - - - -
 


  INPUT --- proc stop;

   * *  WARNING  * *   Numerical underflow occurred during final processing of this model. 
     IEEE flag status at final processing of this model:
     overflow       F
     divide by zero F
     invalid        F
     underflow      T
     inexact        T


     CPU Time in minutes for this job was 0.00

     Time Start = 12:19:36.324   Time End = 12:19:36.512

     Wall Clock Time in minutes for this job was 0.00


          E X E C U T I O N   S U C C E S S F U L 
