
   Program  MARK  - Survival Rate Estimation with Capture-Recapture Data
   gfortran(Win64) Vers. 8.1 Mar 2016    1-Feb-2019 12:14:40    Page  001
 - - - - - - - - - - - - - - - - - - - - - - - - - - - - - - - - - - - - - -
 
   This version was compiled by GCC version 5.3.0 using the options: 
     -cpp -iprefix c:\tdm-gcc-64\gcc\bin\../lib/gcc/x86_64-w64-mingw32/5.3.0/ -D_MT
     -U_REENTRANT -D IEEE -m64 -mtune=generic -march=x86-64 -mthreads -O2
     -fimplicit-none -fbounds-check -funroll-loops -ftree-vectorize
     -ffpe-summary=invalid,zero,overflow,underflow -fno-unsafe-math-optimizations
     -frounding-math -fsignaling-nans -fopenmp.

   This problem will use 7 of 8 possible threads.


  INPUT --- proc title ;

     CPU Time in seconds for last procedure was 0.00


  INPUT --- proc chmatrix occasions= 8 groups= 2 etype= Live Nodes= 101 
  INPUT --- ICMeans NoHist hist= 28 ;

  INPUT ---    time interval 1 11 1 1 1 1 1 ;

  INPUT ---    glabel(1)=SpeciesBIB;

  INPUT ---    glabel(2)=SpeciesCOC;

   * *  WARNING  * *   At least a pair of the encounter histories are duplicates. 

      Number of unique encounter histories read was 17.

      Number of individual covariates read was 0.
      Time interval lengths vary and/or not equal to 1.

      Data type number is 1
      Data type is Live Recaptures (CJS)                                                                               

     CPU Time in seconds for last procedure was 0.00

  Program  MARK  - Survival Rate Estimation with Capture-Recapture Data
   gfortran(Win64) Vers. 8.1 Mar 2016    1-Feb-2019 12:14:40    Page  002
 - - - - - - - - - - - - - - - - - - - - - - - - - - - - - - - - - - - - - -
 


  INPUT --- proc estimate link=Logit NOLOOP varest=2ndPart    ;


  INPUT --- model={ Phi(~1)p(~Species + time) };

  INPUT ---    group=1 Phi    rows=7 cols=7 Triang ;
  INPUT ---        1 1 1 1 1 1 1 ;
  INPUT ---        1 1 1 1 1 1 ;
  INPUT ---        1 1 1 1 1 ;
  INPUT ---        1 1 1 1 ;
  INPUT ---        1 1 1 ;
  INPUT ---        1 1 ;
  INPUT ---        1 ;

  INPUT ---    group=2 Phi    rows=7 cols=7 Triang ;
  INPUT ---        1 1 1 1 1 1 1 ;
  INPUT ---        1 1 1 1 1 1 ;
  INPUT ---        1 1 1 1 1 ;
  INPUT ---        1 1 1 1 ;
  INPUT ---        1 1 1 ;
  INPUT ---        1 1 ;
  INPUT ---        1 ;

  INPUT ---    group=1 p    rows=7 cols=7 Triang ;
  INPUT ---        2 3 4 5 6 7 8 ;
  INPUT ---        3 4 5 6 7 8 ;
  INPUT ---        4 5 6 7 8 ;
  INPUT ---        5 6 7 8 ;
  INPUT ---        6 7 8 ;
  INPUT ---        7 8 ;
  INPUT ---        8 ;

  INPUT ---    group=2 p    rows=7 cols=7 Triang ;
  INPUT ---        9 10 11 12 13 14 15 ;
  INPUT ---        10 11 12 13 14 15 ;
  INPUT ---        11 12 13 14 15 ;
  INPUT ---        12 13 14 15 ;
  INPUT ---        13 14 15 ;
  INPUT ---        14 15 ;
  INPUT ---        15 ;

  INPUT ---    design matrix constraints=15 covariates=9;
  INPUT ---        1 0 0 0 0 0 0 0 0;
  INPUT ---        0 1 0 0 0 0 0 0 0;

  Program  MARK  - Survival Rate Estimation with Capture-Recapture Data
   gfortran(Win64) Vers. 8.1 Mar 2016    1-Feb-2019 12:14:40    Page  003
 - - - - - - - - - - - - - - - - - - - - - - - - - - - - - - - - - - - - - -
 
  INPUT ---        0 1 0 1 0 0 0 0 0;
  INPUT ---        0 1 0 0 1 0 0 0 0;
  INPUT ---        0 1 0 0 0 1 0 0 0;
  INPUT ---        0 1 0 0 0 0 1 0 0;
  INPUT ---        0 1 0 0 0 0 0 1 0;
  INPUT ---        0 1 0 0 0 0 0 0 1;
  INPUT ---        0 1 1 0 0 0 0 0 0;
  INPUT ---        0 1 1 1 0 0 0 0 0;
  INPUT ---        0 1 1 0 1 0 0 0 0;
  INPUT ---        0 1 1 0 0 1 0 0 0;
  INPUT ---        0 1 1 0 0 0 1 0 0;
  INPUT ---        0 1 1 0 0 0 0 1 0;
  INPUT ---        0 1 1 0 0 0 0 0 1;
  INPUT ---       blabel(1)=Phi:(Intercept);
  INPUT ---       blabel(2)=p:(Intercept);
  INPUT ---       blabel(3)=p:SpeciesCOC;
  INPUT ---       blabel(4)=p:time13;
  INPUT ---       blabel(5)=p:time14;
  INPUT ---       blabel(6)=p:time15;
  INPUT ---       blabel(7)=p:time16;
  INPUT ---       blabel(8)=p:time17;
  INPUT ---       blabel(9)=p:time18;
  INPUT ---       rlabel(1)=Phi gBIB c1 a0 t1;
  INPUT ---       rlabel(2)=p gBIB c1 a1 t2;
  INPUT ---       rlabel(3)=p gBIB c1 a12 t13;
  INPUT ---       rlabel(4)=p gBIB c1 a13 t14;
  INPUT ---       rlabel(5)=p gBIB c1 a14 t15;
  INPUT ---       rlabel(6)=p gBIB c1 a15 t16;
  INPUT ---       rlabel(7)=p gBIB c1 a16 t17;
  INPUT ---       rlabel(8)=p gBIB c1 a17 t18;
  INPUT ---       rlabel(9)=p gCOC c1 a1 t2;
  INPUT ---       rlabel(10)=p gCOC c1 a12 t13;
  INPUT ---       rlabel(11)=p gCOC c1 a13 t14;
  INPUT ---       rlabel(12)=p gCOC c1 a14 t15;
  INPUT ---       rlabel(13)=p gCOC c1 a15 t16;
  INPUT ---       rlabel(14)=p gCOC c1 a16 t17;
  INPUT ---       rlabel(15)=p gCOC c1 a17 t18;

 Link Function Used is LOGIT        

 Variance Estimation Procedure Used is 2ndPart 
 -2logL(saturated) = 384.68043     
 Effective Sample Size = 2058

 Number of function evaluations was 50 for 9 parameters.
 Time for numerical optimization was 0.03 seconds.

  Program  MARK  - Survival Rate Estimation with Capture-Recapture Data
   gfortran(Win64) Vers. 8.1 Mar 2016    1-Feb-2019 12:14:40    Page  004
 - - - - - - - - - - - - - - - - - - - - - - - - - - - - - - - - - - - - - -
 
 -2logL { Phi(~1)p(~Species + time) } = 411.99922     
 Penalty { Phi(~1)p(~Species + time) } = -0.0000000    
 Gradient { Phi(~1)p(~Species + time) }:
   0.000000     0.3385133E-05  0.000000      0.000000      0.000000    
   0.000000      0.000000    -0.4174815E-05 0.1675589E-05
 S Vector { Phi(~1)p(~Species + time) }:
   80.07646      26.14985      7.849703      5.097773      2.607130    
   1.841268     0.9570873     0.4100804     0.6792503E-07
 Time to compute number of parameters was 0.01 seconds.
   Threshold =  0.2000000E-06     Condition index =  0.8482521E-09     New Threshold =  0.2037751E-06
 New Guessimate of Estimated Parameters { Phi(~1)p(~Species + time) } = 8          
 Conditioned S Vector { Phi(~1)p(~Species + time) }:
   1.000000     0.3265610     0.9802760E-01 0.6366132E-01 0.3255802E-01
  0.2299388E-01 0.1195217E-01 0.5121111E-02 0.8482521E-09
 Number of Estimated Parameters { Phi(~1)p(~Species + time) } = 8          
 DEVIANCE { Phi(~1)p(~Species + time) } = 27.318790                     
 DEVIANCE Degrees of Freedom { Phi(~1)p(~Species + time) } = 4            
 c-hat { Phi(~1)p(~Species + time) } = 6.8296974                     
 AIC { Phi(~1)p(~Species + time) } = 427.99922                  
 AICc { Phi(~1)p(~Species + time) } = 428.06950                    
 BIC { Phi(~1)p(~Species + time) } = 473.03514                    
 Pearson Chisquare { Phi(~1)p(~Species + time) } = 47.652998                  
 Possible Encounter Histories { Phi(~1)p(~Species + time) } = 508             
 Pearson Chisquare df { Phi(~1)p(~Species + time) } = 486        
 Pearson chat { Phi(~1)p(~Species + time) } = 0.0980514                  
 Sum(Observed/Expected) { Phi(~1)p(~Species + time) } = 67.786497                  
 Fletcher chat { Phi(~1)p(~Species + time) } = 0.7348090                  


                LOGIT Link Function Parameters of { Phi(~1)p(~Species + time) }
                                                              95% Confidence Interval
 Parameter                    Beta         Standard Error      Lower           Upper
 -------------------------  --------------  --------------  --------------  --------------
    1:Phi:(Intercept)       0.8058549       0.3480856       0.1236071       1.4881026     
    2:p:(Intercept)         -2.3584154      0.2743597       -2.8961604      -1.8206704    
    3:p:SpeciesCOC          -0.1489865      0.3543175       -0.8434489      0.5454758     
    4:p:time13              0.7518664       1.4553452       -2.1006103      3.6043430     
    5:p:time14              -1.1458639      0.4522448       -2.0322637      -0.2594641    
    6:p:time15              -3.1245759      1.0439490       -5.1707159      -1.0784359    
    7:p:time16              -19.960654      3836.9408       -7540.3647      7500.4434     
    8:p:time17              -1.7231585      0.6828865       -3.0616161      -0.3847008    
    9:p:time18              -2.3924432      0.7639639       -3.8898124      -0.8950741    


                Real Function Parameters of { Phi(~1)p(~Species + time) }
                                                               95% Confidence Interval
  Parameter                  Estimate       Standard Error      Lower           Upper
 --------------------------  --------------  --------------  --------------  --------------
     1:Phi gBIB c1 a0 t1     0.6912255       0.0742929       0.5308625       0.8157933                           
     2:p gBIB c1 a1 t2       0.0863992       0.0216564       0.0523437       0.1393535                           
     3:p gBIB c1 a12 t13     0.1670683       0.2192634       0.0090595       0.8148362                           
     4:p gBIB c1 a13 t14     0.0291907       0.0144075       0.0109788       0.0753126                           
     5:p gBIB c1 a14 t15     0.0041397       0.0044360       0.5041923E-003  0.0331201                           
     6:p gBIB c1 a15 t16     0.2027455E-009  0.7779225E-006  -.1524525E-005  0.1524931E-005                      
     7:p gBIB c1 a16 t17     0.0166006       0.0122137       0.0038803       0.0681676                           
     8:p gBIB c1 a17 t18     0.0085702       0.0067698       0.0018102       0.0395736                           
     9:p gCOC c1 a1 t2       0.0753409       0.0218738       0.0421759       0.1310179                           
    10:p gCOC c1 a12 t13     0.1473504       0.1896962       0.0088815       0.7691984                           
    11:p gCOC c1 a13 t14     0.0252522       0.0097284       0.0117985       0.0532209                           
    12:p gCOC c1 a14 t15     0.0035687       0.0036596       0.4762581E-003  0.0262144                           
    13:p gCOC c1 a15 t16     0.1746816E-009  0.6702430E-006  -.1313502E-005  0.1313851E-005                      

  Program  MARK  - Survival Rate Estimation with Capture-Recapture Data
   gfortran(Win64) Vers. 8.1 Mar 2016    1-Feb-2019 12:14:40    Page  005
 - - - - - - - - - - - - - - - - - - - - - - - - - - - - - - - - - - - - - -
 
    14:p gCOC c1 a16 t17     0.0143357       0.0096617       0.0037932       0.0526308                           
    15:p gCOC c1 a17 t18     0.0073927       0.0057464       0.0016023       0.0334080                           

 Attempted ordering of parameters by estimatibility:
  1 2 3 5 8 9 6 4 7
 Beta number 7 is a singular value.

     CPU Time in seconds for last procedure was 0.05


  INPUT --- proc stop;

     CPU Time in minutes for this job was 0.00

     Time Start = 12:14:40.187   Time End = 12:14:40.415

     Wall Clock Time in minutes for this job was 0.00


          E X E C U T I O N   S U C C E S S F U L 
