
   Program  MARK  - Survival Rate Estimation with Capture-Recapture Data
   gfortran(Win64) Vers. 8.1 Mar 2016    1-Feb-2019 12:19:35    Page  001
 - - - - - - - - - - - - - - - - - - - - - - - - - - - - - - - - - - - - - -
 
   This version was compiled by GCC version 5.3.0 using the options: 
     -cpp -iprefix c:\tdm-gcc-64\gcc\bin\../lib/gcc/x86_64-w64-mingw32/5.3.0/ -D_MT
     -U_REENTRANT -D IEEE -m64 -mtune=generic -march=x86-64 -mthreads -O2
     -fimplicit-none -fbounds-check -funroll-loops -ftree-vectorize
     -ffpe-summary=invalid,zero,overflow,underflow -fno-unsafe-math-optimizations
     -frounding-math -fsignaling-nans -fopenmp.

   This problem will use 7 of 8 possible threads.


  INPUT --- proc title ;

     CPU Time in seconds for last procedure was 0.00


  INPUT --- proc chmatrix occasions= 13 groups= 2 etype= Live Nodes= 
  INPUT --- 101 ICMeans NoHist hist= 71  ;

  INPUT ---    time interval 1 1 1 1 1 6 1 1 1 1 1 1 ;

  INPUT ---    glabel(1)=SpeciesBIB;

  INPUT ---    glabel(2)=SpeciesCOC;

   * *  WARNING  * *   At least a pair of the encounter histories are duplicates. 

      Number of unique encounter histories read was 49.

      Number of individual covariates read was 0.
      Time interval lengths vary and/or not equal to 1.

      Data type number is 1
      Data type is Live Recaptures (CJS)                                                                               

     CPU Time in seconds for last procedure was 0.00

  Program  MARK  - Survival Rate Estimation with Capture-Recapture Data
   gfortran(Win64) Vers. 8.1 Mar 2016    1-Feb-2019 12:19:35    Page  002
 - - - - - - - - - - - - - - - - - - - - - - - - - - - - - - - - - - - - - -
 


  INPUT --- proc estimate link=Logit NOLOOP varest=2ndPart    ;


  INPUT --- model={ Phi(~Species + time)p(~1) };

  INPUT ---    group=1 Phi    rows=12 cols=12 Triang ;
  INPUT ---        1 2 3 4 5 6 7 8 9 10 11 12 ;
  INPUT ---        2 3 4 5 6 7 8 9 10 11 12 ;
  INPUT ---        3 4 5 6 7 8 9 10 11 12 ;
  INPUT ---        4 5 6 7 8 9 10 11 12 ;
  INPUT ---        5 6 7 8 9 10 11 12 ;
  INPUT ---        6 7 8 9 10 11 12 ;
  INPUT ---        7 8 9 10 11 12 ;
  INPUT ---        8 9 10 11 12 ;
  INPUT ---        9 10 11 12 ;
  INPUT ---        10 11 12 ;
  INPUT ---        11 12 ;
  INPUT ---        12 ;

  INPUT ---    group=2 Phi    rows=12 cols=12 Triang ;
  INPUT ---        13 14 15 16 17 18 19 20 21 22 23 24 ;
  INPUT ---        14 15 16 17 18 19 20 21 22 23 24 ;
  INPUT ---        15 16 17 18 19 20 21 22 23 24 ;
  INPUT ---        16 17 18 19 20 21 22 23 24 ;
  INPUT ---        17 18 19 20 21 22 23 24 ;
  INPUT ---        18 19 20 21 22 23 24 ;
  INPUT ---        19 20 21 22 23 24 ;
  INPUT ---        20 21 22 23 24 ;
  INPUT ---        21 22 23 24 ;
  INPUT ---        22 23 24 ;
  INPUT ---        23 24 ;
  INPUT ---        24 ;

  INPUT ---    group=1 p    rows=12 cols=12 Triang ;
  INPUT ---        25 25 25 25 25 25 25 25 25 25 25 25 ;
  INPUT ---        25 25 25 25 25 25 25 25 25 25 25 ;
  INPUT ---        25 25 25 25 25 25 25 25 25 25 ;
  INPUT ---        25 25 25 25 25 25 25 25 25 ;
  INPUT ---        25 25 25 25 25 25 25 25 ;
  INPUT ---        25 25 25 25 25 25 25 ;
  INPUT ---        25 25 25 25 25 25 ;
  INPUT ---        25 25 25 25 25 ;
  INPUT ---        25 25 25 25 ;
  INPUT ---        25 25 25 ;

  Program  MARK  - Survival Rate Estimation with Capture-Recapture Data
   gfortran(Win64) Vers. 8.1 Mar 2016    1-Feb-2019 12:19:35    Page  003
 - - - - - - - - - - - - - - - - - - - - - - - - - - - - - - - - - - - - - -
 
  INPUT ---        25 25 ;
  INPUT ---        25 ;

  INPUT ---    group=2 p    rows=12 cols=12 Triang ;
  INPUT ---        25 25 25 25 25 25 25 25 25 25 25 25 ;
  INPUT ---        25 25 25 25 25 25 25 25 25 25 25 ;
  INPUT ---        25 25 25 25 25 25 25 25 25 25 ;
  INPUT ---        25 25 25 25 25 25 25 25 25 ;
  INPUT ---        25 25 25 25 25 25 25 25 ;
  INPUT ---        25 25 25 25 25 25 25 ;
  INPUT ---        25 25 25 25 25 25 ;
  INPUT ---        25 25 25 25 25 ;
  INPUT ---        25 25 25 25 ;
  INPUT ---        25 25 25 ;
  INPUT ---        25 25 ;
  INPUT ---        25 ;

  INPUT ---    design matrix constraints=25 covariates=14;
  INPUT ---        1 0 0 0 0 0 0 0 0 0 0 0 0 0;
  INPUT ---        1 0 1 0 0 0 0 0 0 0 0 0 0 0;
  INPUT ---        1 0 0 1 0 0 0 0 0 0 0 0 0 0;
  INPUT ---        1 0 0 0 1 0 0 0 0 0 0 0 0 0;
  INPUT ---        1 0 0 0 0 1 0 0 0 0 0 0 0 0;
  INPUT ---        1 0 0 0 0 0 1 0 0 0 0 0 0 0;
  INPUT ---        1 0 0 0 0 0 0 1 0 0 0 0 0 0;
  INPUT ---        1 0 0 0 0 0 0 0 1 0 0 0 0 0;
  INPUT ---        1 0 0 0 0 0 0 0 0 1 0 0 0 0;
  INPUT ---        1 0 0 0 0 0 0 0 0 0 1 0 0 0;
  INPUT ---        1 0 0 0 0 0 0 0 0 0 0 1 0 0;
  INPUT ---        1 0 0 0 0 0 0 0 0 0 0 0 1 0;
  INPUT ---        1 1 0 0 0 0 0 0 0 0 0 0 0 0;
  INPUT ---        1 1 1 0 0 0 0 0 0 0 0 0 0 0;
  INPUT ---        1 1 0 1 0 0 0 0 0 0 0 0 0 0;
  INPUT ---        1 1 0 0 1 0 0 0 0 0 0 0 0 0;
  INPUT ---        1 1 0 0 0 1 0 0 0 0 0 0 0 0;
  INPUT ---        1 1 0 0 0 0 1 0 0 0 0 0 0 0;
  INPUT ---        1 1 0 0 0 0 0 1 0 0 0 0 0 0;
  INPUT ---        1 1 0 0 0 0 0 0 1 0 0 0 0 0;
  INPUT ---        1 1 0 0 0 0 0 0 0 1 0 0 0 0;
  INPUT ---        1 1 0 0 0 0 0 0 0 0 1 0 0 0;
  INPUT ---        1 1 0 0 0 0 0 0 0 0 0 1 0 0;
  INPUT ---        1 1 0 0 0 0 0 0 0 0 0 0 1 0;
  INPUT ---        0 0 0 0 0 0 0 0 0 0 0 0 0 1;
  INPUT ---       blabel(1)=Phi:(Intercept);
  INPUT ---       blabel(2)=Phi:SpeciesCOC;
  INPUT ---       blabel(3)=Phi:time2;

  Program  MARK  - Survival Rate Estimation with Capture-Recapture Data
   gfortran(Win64) Vers. 8.1 Mar 2016    1-Feb-2019 12:19:35    Page  004
 - - - - - - - - - - - - - - - - - - - - - - - - - - - - - - - - - - - - - -
 
  INPUT ---       blabel(4)=Phi:time3;
  INPUT ---       blabel(5)=Phi:time4;
  INPUT ---       blabel(6)=Phi:time5;
  INPUT ---       blabel(7)=Phi:time6;
  INPUT ---       blabel(8)=Phi:time12;
  INPUT ---       blabel(9)=Phi:time13;
  INPUT ---       blabel(10)=Phi:time14;
  INPUT ---       blabel(11)=Phi:time15;
  INPUT ---       blabel(12)=Phi:time16;
  INPUT ---       blabel(13)=Phi:time17;
  INPUT ---       blabel(14)=p:(Intercept);
  INPUT ---       rlabel(1)=Phi gBIB c1 a0 t1;
  INPUT ---       rlabel(2)=Phi gBIB c1 a1 t2;
  INPUT ---       rlabel(3)=Phi gBIB c1 a2 t3;
  INPUT ---       rlabel(4)=Phi gBIB c1 a3 t4;
  INPUT ---       rlabel(5)=Phi gBIB c1 a4 t5;
  INPUT ---       rlabel(6)=Phi gBIB c1 a5 t6;
  INPUT ---       rlabel(7)=Phi gBIB c1 a11 t12;
  INPUT ---       rlabel(8)=Phi gBIB c1 a12 t13;
  INPUT ---       rlabel(9)=Phi gBIB c1 a13 t14;
  INPUT ---       rlabel(10)=Phi gBIB c1 a14 t15;
  INPUT ---       rlabel(11)=Phi gBIB c1 a15 t16;
  INPUT ---       rlabel(12)=Phi gBIB c1 a16 t17;
  INPUT ---       rlabel(13)=Phi gCOC c1 a0 t1;
  INPUT ---       rlabel(14)=Phi gCOC c1 a1 t2;
  INPUT ---       rlabel(15)=Phi gCOC c1 a2 t3;
  INPUT ---       rlabel(16)=Phi gCOC c1 a3 t4;
  INPUT ---       rlabel(17)=Phi gCOC c1 a4 t5;
  INPUT ---       rlabel(18)=Phi gCOC c1 a5 t6;
  INPUT ---       rlabel(19)=Phi gCOC c1 a11 t12;
  INPUT ---       rlabel(20)=Phi gCOC c1 a12 t13;
  INPUT ---       rlabel(21)=Phi gCOC c1 a13 t14;
  INPUT ---       rlabel(22)=Phi gCOC c1 a14 t15;
  INPUT ---       rlabel(23)=Phi gCOC c1 a15 t16;
  INPUT ---       rlabel(24)=Phi gCOC c1 a16 t17;
  INPUT ---       rlabel(25)=p gBIB c1 a1 t2;

 Link Function Used is LOGIT        

 Variance Estimation Procedure Used is 2ndPart 
 -2logL(saturated) = 740.80268     
 Effective Sample Size = 2405

 Number of function evaluations was 57 for 14 parameters.
 Time for numerical optimization was 0.11 seconds.

  Program  MARK  - Survival Rate Estimation with Capture-Recapture Data
   gfortran(Win64) Vers. 8.1 Mar 2016    1-Feb-2019 12:19:35    Page  005
 - - - - - - - - - - - - - - - - - - - - - - - - - - - - - - - - - - - - - -
 
 -2logL { Phi(~Species + time)p(~1) } = 937.41600     
 Penalty { Phi(~Species + time)p(~1) } = -0.0000000    
 Gradient { Phi(~Species + time)p(~1) }:
  0.5556368E-04 0.3497378E-04 0.6600852E-05  0.000000      0.000000    
 -0.1066965E-05  0.000000     0.8534273E-04  0.000000      0.000000    
   0.000000      0.000000    -0.3569580E-04-0.2221458E-04
 S Vector { Phi(~Species + time)p(~1) }:
   92.24789      16.09072      2.487560      1.211220     0.5582728    
  0.6030435E-05 0.7288408E-06 0.2748373E-06 0.1567973E-06 0.7178773E-07
  0.1584719E-07 0.1352736E-08 0.1722853E-09 0.9415715E-10
 Time to compute number of parameters was 0.01 seconds.
   Threshold =  0.3000000E-06     Condition index =  0.1020697E-11     New Threshold =  0.3523038E-09
 New Guessimate of Estimated Parameters { Phi(~Species + time)p(~1) } = 10          
 Conditioned S Vector { Phi(~Species + time)p(~1) }:
   1.000000     0.1744291     0.2696604E-01 0.1313006E-01 0.6051876E-02
  0.6537207E-07 0.7900894E-08 0.2979334E-08 0.1699739E-08 0.7782045E-09
  0.1717892E-09 0.1466414E-10 0.1867634E-11 0.1020697E-11
 Number of Estimated Parameters { Phi(~Species + time)p(~1) } = 5          
 DEVIANCE { Phi(~Species + time)p(~1) } = 196.61332                     
 DEVIANCE Degrees of Freedom { Phi(~Species + time)p(~1) } = 40            
 c-hat { Phi(~Species + time)p(~1) } = 4.9153330                     
 AIC { Phi(~Species + time)p(~1) } = 947.41600                  
 AICc { Phi(~Species + time)p(~1) } = 947.44101                    
 BIC { Phi(~Species + time)p(~1) } = 976.34253                    
 Pearson Chisquare { Phi(~Species + time)p(~1) } = 4785.8453                  
 Possible Encounter Histories { Phi(~Species + time)p(~1) } = 16380             
 Pearson Chisquare df { Phi(~Species + time)p(~1) } = 16351        
 Pearson chat { Phi(~Species + time)p(~1) } = 0.2926943                  
 Sum(Observed/Expected) { Phi(~Species + time)p(~1) } = 4769.9245                  
 Fletcher chat { Phi(~Species + time)p(~1) } = 1.0051173                  


                LOGIT Link Function Parameters of { Phi(~Species + time)p(~1) }
                                                              95% Confidence Interval
 Parameter                    Beta         Standard Error      Lower           Upper
 -------------------------  --------------  --------------  --------------  --------------
    1:Phi:(Intercept)       37.261396       0.0000000       37.261396       37.261396     
    2:Phi:SpeciesCOC        2.9007568       0.7942080       1.3441091       4.4574044     
    3:Phi:time2             -36.890721      0.0000000       -36.890721      -36.890721    
    4:Phi:time3             101.49523       0.0000000       101.49523       101.49523     
    5:Phi:time4             -9.9659315      3628.2034       -7121.2448      7101.3129     
    6:Phi:time5             -20.310323      1902.5516       -3749.3116      3708.6909     
    7:Phi:time6             99.308517       0.0000000       99.308517       99.308517     
    8:Phi:time12            -39.629688      0.0000000       -39.629688      -39.629688    
    9:Phi:time13            -13.912846      0.0000000       -13.912846      -13.912846    
   10:Phi:time14            73.154987       0.0000000       73.154987       73.154987     
   11:Phi:time15            -0.1401136      1171.3419       -2295.9702      2295.6900     
   12:Phi:time16            1.4580754       2525.4032       -4948.3323      4951.2485     
   13:Phi:time17            -37.218564      0.0000000       -37.218564      -37.218564    
   14:p:(Intercept)         -4.1176684      0.1606586       -4.4325593      -3.8027775    


                Real Function Parameters of { Phi(~Species + time)p(~1) }
                                                               95% Confidence Interval
  Parameter                  Estimate       Standard Error      Lower           Upper
 --------------------------  --------------  --------------  --------------  --------------
     1:Phi gBIB c1 a0 t1     1.0000000       0.0000000       1.0000000       1.0000000                           
     2:Phi gBIB c1 a1 t2     0.5916221       0.2400425       0.1712710       0.9103566                           
     3:Phi gBIB c1 a2 t3     1.0000000       0.0000000       1.0000000       1.0000000                           
     4:Phi gBIB c1 a3 t4     1.0000000       0.5071348E-008  1.0000000       1.0000000                           
     5:Phi gBIB c1 a4 t5     1.0000000       0.8328478E-004  0.2267881E-296  1.0000000                           

  Program  MARK  - Survival Rate Estimation with Capture-Recapture Data
   gfortran(Win64) Vers. 8.1 Mar 2016    1-Feb-2019 12:19:35    Page  006
 - - - - - - - - - - - - - - - - - - - - - - - - - - - - - - - - - - - - - -
 
     6:Phi gBIB c1 a5 t6     1.0000000       0.0000000       1.0000000       1.0000000                           
     7:Phi gBIB c1 a11 t12   0.0856228       0.0281099       0.0442766       0.1591495                           
     8:Phi gBIB c1 a12 t13   1.0000000       0.0000000       1.0000000       1.0000000                           
     9:Phi gBIB c1 a13 t14   1.0000000       0.0000000       1.0000000       1.0000000                           
    10:Phi gBIB c1 a14 t15   1.0000000       0.0000000       1.0000000       1.0000000                           
    11:Phi gBIB c1 a15 t16   1.0000000       0.0000000       1.0000000       1.0000000                           
    12:Phi gBIB c1 a16 t17   0.5107065       0.3717680       0.0534961       0.9506792                           
    13:Phi gCOC c1 a0 t1     1.0000000       0.0000000       1.0000000       1.0000000                           
    14:Phi gCOC c1 a1 t2     0.9634356       0.0498402       0.6220829       0.9976347                           
    15:Phi gCOC c1 a2 t3     1.0000000       0.0000000       1.0000000       1.0000000                           
    16:Phi gCOC c1 a3 t4     1.0000000       0.2785659E-009  1.0000000       1.0000000                           
    17:Phi gCOC c1 a4 t5     1.0000000       0.4579131E-005  0.9999910       1.0000090                           
    18:Phi gCOC c1 a5 t6     1.0000000       0.0000000       1.0000000       1.0000000                           
    19:Phi gCOC c1 a11 t12   0.6300579       0.1753483       0.2804904       0.8815260                           
    20:Phi gCOC c1 a12 t13   1.0000000       0.0000000       1.0000000       1.0000000                           
    21:Phi gCOC c1 a13 t14   1.0000000       0.0000000       1.0000000       1.0000000                           
    22:Phi gCOC c1 a14 t15   1.0000000       0.0000000       1.0000000       1.0000000                           
    23:Phi gCOC c1 a15 t16   1.0000000       0.0000000       1.0000000       1.0000000                           
    24:Phi gCOC c1 a16 t17   0.9499596       0.0905216       0.3124349       0.9987407                           
    25:p gBIB c1 a1 t2       0.0160216       0.0025328       0.0117445       0.0218219                           

 Attempted ordering of parameters by estimatibility:
  14  1  2  3 13  8 11  6 12  5  9  4 10  7
 Beta number 7 is a singular value.

     CPU Time in seconds for last procedure was 0.11

  Program  MARK  - Survival Rate Estimation with Capture-Recapture Data
   gfortran(Win64) Vers. 8.1 Mar 2016    1-Feb-2019 12:19:35    Page  007
 - - - - - - - - - - - - - - - - - - - - - - - - - - - - - - - - - - - - - -
 


  INPUT --- proc stop;

   * *  WARNING  * *   Numerical underflow occurred during final processing of this model. 
     IEEE flag status at final processing of this model:
     overflow       F
     divide by zero F
     invalid        F
     underflow      T
     inexact        T


     CPU Time in minutes for this job was 0.00

     Time Start = 12:19:35.043   Time End = 12:19:35.291

     Wall Clock Time in minutes for this job was 0.00


          E X E C U T I O N   S U C C E S S F U L 
