
   Program  MARK  - Survival Rate Estimation with Capture-Recapture Data
   gfortran(Win64) Vers. 8.1 Mar 2016   31-Jan-2019 12:34:35    Page  001
 - - - - - - - - - - - - - - - - - - - - - - - - - - - - - - - - - - - - - -
 
   This version was compiled by GCC version 5.3.0 using the options: 
     -cpp -iprefix c:\tdm-gcc-64\gcc\bin\../lib/gcc/x86_64-w64-mingw32/5.3.0/ -D_MT
     -U_REENTRANT -D IEEE -m64 -mtune=generic -march=x86-64 -mthreads -O2
     -fimplicit-none -fbounds-check -funroll-loops -ftree-vectorize
     -ffpe-summary=invalid,zero,overflow,underflow -fno-unsafe-math-optimizations
     -frounding-math -fsignaling-nans -fopenmp.

   This problem will use 7 of 8 possible threads.


  INPUT --- proc title ;

     CPU Time in seconds for last procedure was 0.00


  INPUT --- proc chmatrix occasions= 8 groups= 2 etype= Live Nodes= 101 
  INPUT --- ICMeans NoHist hist= 28 ;

  INPUT ---    time interval 1 11 1 1 1 1 1 ;

  INPUT ---    glabel(1)=SpeciesBIB;

  INPUT ---    glabel(2)=SpeciesCOC;

   * *  WARNING  * *   At least a pair of the encounter histories are duplicates. 

      Number of unique encounter histories read was 17.

      Number of individual covariates read was 0.
      Time interval lengths vary and/or not equal to 1.

      Data type number is 1
      Data type is Live Recaptures (CJS)                                                                               

     CPU Time in seconds for last procedure was 0.00

  Program  MARK  - Survival Rate Estimation with Capture-Recapture Data
   gfortran(Win64) Vers. 8.1 Mar 2016   31-Jan-2019 12:34:35    Page  002
 - - - - - - - - - - - - - - - - - - - - - - - - - - - - - - - - - - - - - -
 


  INPUT --- proc estimate link=Logit NOLOOP varest=2ndPart    ;


  INPUT --- model={ Phi(~time)p(~time) };

  INPUT ---    group=1 Phi    rows=7 cols=7 Triang ;
  INPUT ---        1 2 3 4 5 6 7 ;
  INPUT ---        2 3 4 5 6 7 ;
  INPUT ---        3 4 5 6 7 ;
  INPUT ---        4 5 6 7 ;
  INPUT ---        5 6 7 ;
  INPUT ---        6 7 ;
  INPUT ---        7 ;

  INPUT ---    group=2 Phi    rows=7 cols=7 Triang ;
  INPUT ---        1 2 3 4 5 6 7 ;
  INPUT ---        2 3 4 5 6 7 ;
  INPUT ---        3 4 5 6 7 ;
  INPUT ---        4 5 6 7 ;
  INPUT ---        5 6 7 ;
  INPUT ---        6 7 ;
  INPUT ---        7 ;

  INPUT ---    group=1 p    rows=7 cols=7 Triang ;
  INPUT ---        8 9 10 11 12 13 14 ;
  INPUT ---        9 10 11 12 13 14 ;
  INPUT ---        10 11 12 13 14 ;
  INPUT ---        11 12 13 14 ;
  INPUT ---        12 13 14 ;
  INPUT ---        13 14 ;
  INPUT ---        14 ;

  INPUT ---    group=2 p    rows=7 cols=7 Triang ;
  INPUT ---        8 9 10 11 12 13 14 ;
  INPUT ---        9 10 11 12 13 14 ;
  INPUT ---        10 11 12 13 14 ;
  INPUT ---        11 12 13 14 ;
  INPUT ---        12 13 14 ;
  INPUT ---        13 14 ;
  INPUT ---        14 ;

  INPUT ---    design matrix constraints=14 covariates=14;
  INPUT ---        1 0 0 0 0 0 0 0 0 0 0 0 0 0;
  INPUT ---        1 1 0 0 0 0 0 0 0 0 0 0 0 0;

  Program  MARK  - Survival Rate Estimation with Capture-Recapture Data
   gfortran(Win64) Vers. 8.1 Mar 2016   31-Jan-2019 12:34:35    Page  003
 - - - - - - - - - - - - - - - - - - - - - - - - - - - - - - - - - - - - - -
 
  INPUT ---        1 0 1 0 0 0 0 0 0 0 0 0 0 0;
  INPUT ---        1 0 0 1 0 0 0 0 0 0 0 0 0 0;
  INPUT ---        1 0 0 0 1 0 0 0 0 0 0 0 0 0;
  INPUT ---        1 0 0 0 0 1 0 0 0 0 0 0 0 0;
  INPUT ---        1 0 0 0 0 0 1 0 0 0 0 0 0 0;
  INPUT ---        0 0 0 0 0 0 0 1 0 0 0 0 0 0;
  INPUT ---        0 0 0 0 0 0 0 1 1 0 0 0 0 0;
  INPUT ---        0 0 0 0 0 0 0 1 0 1 0 0 0 0;
  INPUT ---        0 0 0 0 0 0 0 1 0 0 1 0 0 0;
  INPUT ---        0 0 0 0 0 0 0 1 0 0 0 1 0 0;
  INPUT ---        0 0 0 0 0 0 0 1 0 0 0 0 1 0;
  INPUT ---        0 0 0 0 0 0 0 1 0 0 0 0 0 1;
  INPUT ---       blabel(1)=Phi:(Intercept);
  INPUT ---       blabel(2)=Phi:time2;
  INPUT ---       blabel(3)=Phi:time13;
  INPUT ---       blabel(4)=Phi:time14;
  INPUT ---       blabel(5)=Phi:time15;
  INPUT ---       blabel(6)=Phi:time16;
  INPUT ---       blabel(7)=Phi:time17;
  INPUT ---       blabel(8)=p:(Intercept);
  INPUT ---       blabel(9)=p:time13;
  INPUT ---       blabel(10)=p:time14;
  INPUT ---       blabel(11)=p:time15;
  INPUT ---       blabel(12)=p:time16;
  INPUT ---       blabel(13)=p:time17;
  INPUT ---       blabel(14)=p:time18;
  INPUT ---       rlabel(1)=Phi gBIB c1 a0 t1;
  INPUT ---       rlabel(2)=Phi gBIB c1 a1 t2;
  INPUT ---       rlabel(3)=Phi gBIB c1 a12 t13;
  INPUT ---       rlabel(4)=Phi gBIB c1 a13 t14;
  INPUT ---       rlabel(5)=Phi gBIB c1 a14 t15;
  INPUT ---       rlabel(6)=Phi gBIB c1 a15 t16;
  INPUT ---       rlabel(7)=Phi gBIB c1 a16 t17;
  INPUT ---       rlabel(8)=p gBIB c1 a1 t2;
  INPUT ---       rlabel(9)=p gBIB c1 a12 t13;
  INPUT ---       rlabel(10)=p gBIB c1 a13 t14;
  INPUT ---       rlabel(11)=p gBIB c1 a14 t15;
  INPUT ---       rlabel(12)=p gBIB c1 a15 t16;
  INPUT ---       rlabel(13)=p gBIB c1 a16 t17;
  INPUT ---       rlabel(14)=p gBIB c1 a17 t18;

 Link Function Used is LOGIT        

 Variance Estimation Procedure Used is 2ndPart 
 -2logL(saturated) = 384.68043     
 Effective Sample Size = 2058

 Number of function evaluations was 113 for 14 parameters.

  Program  MARK  - Survival Rate Estimation with Capture-Recapture Data
   gfortran(Win64) Vers. 8.1 Mar 2016   31-Jan-2019 12:34:35    Page  004
 - - - - - - - - - - - - - - - - - - - - - - - - - - - - - - - - - - - - - -
 
 Time for numerical optimization was 0.23 seconds.
 -2logL { Phi(~time)p(~time) } = 401.42109     
 Penalty { Phi(~time)p(~time) } = -0.0000000    
 Gradient { Phi(~time)p(~time) }:
 -0.8281728E-05-0.3088195E-05  0.000000    -0.4419831E-05-0.3791977E-05
   0.000000    -0.2961188E-05-0.7017316E-05-0.1362934E-04-0.5983610E-05
   0.000000      0.000000      0.000000      0.000000    
 S Vector { Phi(~time)p(~time) }:
   75.66619      24.82717      7.910568      5.141186      2.271493    
   1.191831     0.6271147     0.1792297     0.2247477E-01 0.3063196E-06
  0.3793187E-07 0.1460341E-08 0.8251881E-09 0.1158100E-09
 Time to compute number of parameters was 0.02 seconds.
   Threshold =  0.3000000E-06     Condition index =  0.1530539E-11     New Threshold =  0.4333215E-09
 New Guessimate of Estimated Parameters { Phi(~time)p(~time) } = 11          
 Conditioned S Vector { Phi(~time)p(~time) }:
   1.000000     0.3281145     0.1045456     0.6794562E-01 0.3001992E-01
  0.1575118E-01 0.8287911E-02 0.2368689E-02 0.2970252E-03 0.4048301E-08
  0.5013054E-09 0.1929978E-10 0.1090564E-10 0.1530539E-11
 Number of Estimated Parameters { Phi(~time)p(~time) } = 9          
 DEVIANCE { Phi(~time)p(~time) } = 16.740656                     
 DEVIANCE Degrees of Freedom { Phi(~time)p(~time) } = 3            
 c-hat { Phi(~time)p(~time) } = 5.5802187                     
 AIC { Phi(~time)p(~time) } = 419.42109                  
 AICc { Phi(~time)p(~time) } = 419.50898                    
 BIC { Phi(~time)p(~time) } = 470.08650                    
 Pearson Chisquare { Phi(~time)p(~time) } = 18.332780                  
 Possible Encounter Histories { Phi(~time)p(~time) } = 508             
 Pearson Chisquare df { Phi(~time)p(~time) } = 485        
 Pearson chat { Phi(~time)p(~time) } = 0.0377995                  
 Sum(Observed/Expected) { Phi(~time)p(~time) } = 39.577909                  
 Fletcher chat { Phi(~time)p(~time) } = 0.4851739                  


                    LOGIT Link Function Parameters of { Phi(~time)p(~time) }
                                                              95% Confidence Interval
 Parameter                    Beta         Standard Error      Lower           Upper
 -------------------------  --------------  --------------  --------------  --------------
    1:Phi:(Intercept)       0.3727424       2.5552168       -4.6354826      5.3809674     
    2:Phi:time2             0.8406685       2.6990745       -4.4495175      6.1308545     
    3:Phi:time13            12.960724       1809.4161       -3533.4948      3559.4163     
    4:Phi:time14            -6.7165944      2.7461271       -12.099004      -1.3341851    
    5:Phi:time15            -0.4990405      3.4161545       -7.1947035      6.1966224     
    6:Phi:time16            -3.5916166      2.7512131       -8.9839944      1.8007612     
    7:Phi:time17            -4.7588450      11.364438       -27.033143      17.515453     
    8:p:(Intercept)         -2.2401797      1.1700244       -4.5334275      0.0530681     
    9:p:time13              -0.6682648      1.6808608       -3.9627521      2.6262224     
   10:p:time14              -1.8499559      1.2290964       -4.2589848      0.5590731     
   11:p:time15              46.890044       0.3261531E-005  46.890037       46.890050     
   12:p:time16              -129.93600      0.1955655E-007  -129.93600      -129.93600    
   13:p:time17              50.136853       0.4340344E-003  50.136003       50.137704     
   14:p:time18              8.3914598       5133.5671       -10053.400      10070.183     


                    Real Function Parameters of { Phi(~time)p(~time) }
                                                               95% Confidence Interval
  Parameter                  Estimate       Standard Error      Lower           Upper
 --------------------------  --------------  --------------  --------------  --------------
     1:Phi gBIB c1 a0 t1     0.5921215       0.6171197       0.0096082       0.9954177                           
     2:Phi gBIB c1 a1 t2     0.7709019       0.0732597       0.5987819       0.8835442                           
     3:Phi gBIB c1 a12 t13   0.9999984       0.0029301       0.6088547E-298  1.0000000                           

  Program  MARK  - Survival Rate Estimation with Capture-Recapture Data
   gfortran(Win64) Vers. 8.1 Mar 2016   31-Jan-2019 12:34:35    Page  005
 - - - - - - - - - - - - - - - - - - - - - - - - - - - - - - - - - - - - - -
 
     4:Phi gBIB c1 a13 t14   0.0017544       0.0017619       0.2445965E-003  0.0124679                           
     5:Phi gBIB c1 a14 t15   0.4684674       0.5645967       0.0102476       0.9868463                           
     6:Phi gBIB c1 a15 t16   0.0384616       0.0377145       0.0053907       0.2279241                           
     7:Phi gBIB c1 a16 t17   0.0122961       0.1344908       0.4665252E-011  1.0000000                           
     8:p gBIB c1 a1 t2       0.0961999       0.1017283       0.0106296       0.5132639                           
     9:p gBIB c1 a12 t13     0.0517377       0.0592068       0.0050981       0.3674640                           
    10:p gBIB c1 a13 t14     0.0164615       0.0060950       0.0079390       0.0338207                           
    11:p gBIB c1 a14 t15     1.0000000       0.0000000       1.0000000       1.0000000                           
    12:p gBIB c1 a15 t16     0.3950149E-057  0.4621771E-057  -.5108522E-057  0.1300882E-056                      
    13:p gBIB c1 a16 t17     1.0000000       0.0000000       1.0000000       1.0000000                           
    14:p gBIB c1 a17 t18     0.9978738       10.891895       0.4627322E-301  1.0000000                           

 Attempted ordering of parameters by estimatibility:
   1  8  2 10  7  4  9  6  5  3 14 11 13 12
 Beta number 12 is a singular value.

     CPU Time in seconds for last procedure was 0.25


  INPUT --- proc stop;

   * *  WARNING  * *   Numerical underflow occurred during final processing of this model. 
     IEEE flag status at final processing of this model:
     overflow       F
     divide by zero F
     invalid        F
     underflow      T
     inexact        T


     CPU Time in minutes for this job was 0.00

     Time Start = 12:34:35.041   Time End = 12:34:35.409

     Wall Clock Time in minutes for this job was 0.01


          E X E C U T I O N   S U C C E S S F U L 
