
   Program  MARK  - Survival Rate Estimation with Capture-Recapture Data
   gfortran(Win64) Vers. 8.1 Mar 2016    1-Feb-2019 12:19:40    Page  001
 - - - - - - - - - - - - - - - - - - - - - - - - - - - - - - - - - - - - - -
 
   This version was compiled by GCC version 5.3.0 using the options: 
     -cpp -iprefix c:\tdm-gcc-64\gcc\bin\../lib/gcc/x86_64-w64-mingw32/5.3.0/ -D_MT
     -U_REENTRANT -D IEEE -m64 -mtune=generic -march=x86-64 -mthreads -O2
     -fimplicit-none -fbounds-check -funroll-loops -ftree-vectorize
     -ffpe-summary=invalid,zero,overflow,underflow -fno-unsafe-math-optimizations
     -frounding-math -fsignaling-nans -fopenmp.

   This problem will use 7 of 8 possible threads.


  INPUT --- proc title ;

     CPU Time in seconds for last procedure was 0.00


  INPUT --- proc chmatrix occasions= 13 groups= 2 etype= Live Nodes= 
  INPUT --- 101 ICMeans NoHist hist= 71  ;

  INPUT ---    time interval 1 1 1 1 1 6 1 1 1 1 1 1 ;

  INPUT ---    glabel(1)=SpeciesBIB;

  INPUT ---    glabel(2)=SpeciesCOC;

   * *  WARNING  * *   At least a pair of the encounter histories are duplicates. 

      Number of unique encounter histories read was 49.

      Number of individual covariates read was 0.
      Time interval lengths vary and/or not equal to 1.

      Data type number is 1
      Data type is Live Recaptures (CJS)                                                                               

     CPU Time in seconds for last procedure was 0.00

  Program  MARK  - Survival Rate Estimation with Capture-Recapture Data
   gfortran(Win64) Vers. 8.1 Mar 2016    1-Feb-2019 12:19:40    Page  002
 - - - - - - - - - - - - - - - - - - - - - - - - - - - - - - - - - - - - - -
 


  INPUT --- proc estimate link=Logit NOLOOP varest=2ndPart    ;


  INPUT --- model={ Phi(~time)p(~Species + time) };

  INPUT ---    group=1 Phi    rows=12 cols=12 Triang ;
  INPUT ---        1 2 3 4 5 6 7 8 9 10 11 12 ;
  INPUT ---        2 3 4 5 6 7 8 9 10 11 12 ;
  INPUT ---        3 4 5 6 7 8 9 10 11 12 ;
  INPUT ---        4 5 6 7 8 9 10 11 12 ;
  INPUT ---        5 6 7 8 9 10 11 12 ;
  INPUT ---        6 7 8 9 10 11 12 ;
  INPUT ---        7 8 9 10 11 12 ;
  INPUT ---        8 9 10 11 12 ;
  INPUT ---        9 10 11 12 ;
  INPUT ---        10 11 12 ;
  INPUT ---        11 12 ;
  INPUT ---        12 ;

  INPUT ---    group=2 Phi    rows=12 cols=12 Triang ;
  INPUT ---        1 2 3 4 5 6 7 8 9 10 11 12 ;
  INPUT ---        2 3 4 5 6 7 8 9 10 11 12 ;
  INPUT ---        3 4 5 6 7 8 9 10 11 12 ;
  INPUT ---        4 5 6 7 8 9 10 11 12 ;
  INPUT ---        5 6 7 8 9 10 11 12 ;
  INPUT ---        6 7 8 9 10 11 12 ;
  INPUT ---        7 8 9 10 11 12 ;
  INPUT ---        8 9 10 11 12 ;
  INPUT ---        9 10 11 12 ;
  INPUT ---        10 11 12 ;
  INPUT ---        11 12 ;
  INPUT ---        12 ;

  INPUT ---    group=1 p    rows=12 cols=12 Triang ;
  INPUT ---        13 14 15 16 17 18 19 20 21 22 23 24 ;
  INPUT ---        14 15 16 17 18 19 20 21 22 23 24 ;
  INPUT ---        15 16 17 18 19 20 21 22 23 24 ;
  INPUT ---        16 17 18 19 20 21 22 23 24 ;
  INPUT ---        17 18 19 20 21 22 23 24 ;
  INPUT ---        18 19 20 21 22 23 24 ;
  INPUT ---        19 20 21 22 23 24 ;
  INPUT ---        20 21 22 23 24 ;
  INPUT ---        21 22 23 24 ;
  INPUT ---        22 23 24 ;

  Program  MARK  - Survival Rate Estimation with Capture-Recapture Data
   gfortran(Win64) Vers. 8.1 Mar 2016    1-Feb-2019 12:19:40    Page  003
 - - - - - - - - - - - - - - - - - - - - - - - - - - - - - - - - - - - - - -
 
  INPUT ---        23 24 ;
  INPUT ---        24 ;

  INPUT ---    group=2 p    rows=12 cols=12 Triang ;
  INPUT ---        25 26 27 28 29 30 31 32 33 34 35 36 ;
  INPUT ---        26 27 28 29 30 31 32 33 34 35 36 ;
  INPUT ---        27 28 29 30 31 32 33 34 35 36 ;
  INPUT ---        28 29 30 31 32 33 34 35 36 ;
  INPUT ---        29 30 31 32 33 34 35 36 ;
  INPUT ---        30 31 32 33 34 35 36 ;
  INPUT ---        31 32 33 34 35 36 ;
  INPUT ---        32 33 34 35 36 ;
  INPUT ---        33 34 35 36 ;
  INPUT ---        34 35 36 ;
  INPUT ---        35 36 ;
  INPUT ---        36 ;

  INPUT ---    design matrix constraints=36 covariates=25;
  INPUT ---        1 0 0 0 0 0 0 0 0 0 0 0 0 0 0 0 0 0 0 0 0 0 0 0 0;
  INPUT ---        1 1 0 0 0 0 0 0 0 0 0 0 0 0 0 0 0 0 0 0 0 0 0 0 0;
  INPUT ---        1 0 1 0 0 0 0 0 0 0 0 0 0 0 0 0 0 0 0 0 0 0 0 0 0;
  INPUT ---        1 0 0 1 0 0 0 0 0 0 0 0 0 0 0 0 0 0 0 0 0 0 0 0 0;
  INPUT ---        1 0 0 0 1 0 0 0 0 0 0 0 0 0 0 0 0 0 0 0 0 0 0 0 0;
  INPUT ---        1 0 0 0 0 1 0 0 0 0 0 0 0 0 0 0 0 0 0 0 0 0 0 0 0;
  INPUT ---        1 0 0 0 0 0 1 0 0 0 0 0 0 0 0 0 0 0 0 0 0 0 0 0 0;
  INPUT ---        1 0 0 0 0 0 0 1 0 0 0 0 0 0 0 0 0 0 0 0 0 0 0 0 0;
  INPUT ---        1 0 0 0 0 0 0 0 1 0 0 0 0 0 0 0 0 0 0 0 0 0 0 0 0;
  INPUT ---        1 0 0 0 0 0 0 0 0 1 0 0 0 0 0 0 0 0 0 0 0 0 0 0 0;
  INPUT ---        1 0 0 0 0 0 0 0 0 0 1 0 0 0 0 0 0 0 0 0 0 0 0 0 0;
  INPUT ---        1 0 0 0 0 0 0 0 0 0 0 1 0 0 0 0 0 0 0 0 0 0 0 0 0;
  INPUT ---        0 0 0 0 0 0 0 0 0 0 0 0 1 0 0 0 0 0 0 0 0 0 0 0 0;
  INPUT ---        0 0 0 0 0 0 0 0 0 0 0 0 1 0 1 0 0 0 0 0 0 0 0 0 0;
  INPUT ---        0 0 0 0 0 0 0 0 0 0 0 0 1 0 0 1 0 0 0 0 0 0 0 0 0;
  INPUT ---        0 0 0 0 0 0 0 0 0 0 0 0 1 0 0 0 1 0 0 0 0 0 0 0 0;
  INPUT ---        0 0 0 0 0 0 0 0 0 0 0 0 1 0 0 0 0 1 0 0 0 0 0 0 0;
  INPUT ---        0 0 0 0 0 0 0 0 0 0 0 0 1 0 0 0 0 0 1 0 0 0 0 0 0;
  INPUT ---        0 0 0 0 0 0 0 0 0 0 0 0 1 0 0 0 0 0 0 1 0 0 0 0 0;
  INPUT ---        0 0 0 0 0 0 0 0 0 0 0 0 1 0 0 0 0 0 0 0 1 0 0 0 0;
  INPUT ---        0 0 0 0 0 0 0 0 0 0 0 0 1 0 0 0 0 0 0 0 0 1 0 0 0;
  INPUT ---        0 0 0 0 0 0 0 0 0 0 0 0 1 0 0 0 0 0 0 0 0 0 1 0 0;
  INPUT ---        0 0 0 0 0 0 0 0 0 0 0 0 1 0 0 0 0 0 0 0 0 0 0 1 0;
  INPUT ---        0 0 0 0 0 0 0 0 0 0 0 0 1 0 0 0 0 0 0 0 0 0 0 0 1;
  INPUT ---        0 0 0 0 0 0 0 0 0 0 0 0 1 1 0 0 0 0 0 0 0 0 0 0 0;
  INPUT ---        0 0 0 0 0 0 0 0 0 0 0 0 1 1 1 0 0 0 0 0 0 0 0 0 0;
  INPUT ---        0 0 0 0 0 0 0 0 0 0 0 0 1 1 0 1 0 0 0 0 0 0 0 0 0;
  INPUT ---        0 0 0 0 0 0 0 0 0 0 0 0 1 1 0 0 1 0 0 0 0 0 0 0 0;

  Program  MARK  - Survival Rate Estimation with Capture-Recapture Data
   gfortran(Win64) Vers. 8.1 Mar 2016    1-Feb-2019 12:19:40    Page  004
 - - - - - - - - - - - - - - - - - - - - - - - - - - - - - - - - - - - - - -
 
  INPUT ---        0 0 0 0 0 0 0 0 0 0 0 0 1 1 0 0 0 1 0 0 0 0 0 0 0;
  INPUT ---        0 0 0 0 0 0 0 0 0 0 0 0 1 1 0 0 0 0 1 0 0 0 0 0 0;
  INPUT ---        0 0 0 0 0 0 0 0 0 0 0 0 1 1 0 0 0 0 0 1 0 0 0 0 0;
  INPUT ---        0 0 0 0 0 0 0 0 0 0 0 0 1 1 0 0 0 0 0 0 1 0 0 0 0;
  INPUT ---        0 0 0 0 0 0 0 0 0 0 0 0 1 1 0 0 0 0 0 0 0 1 0 0 0;
  INPUT ---        0 0 0 0 0 0 0 0 0 0 0 0 1 1 0 0 0 0 0 0 0 0 1 0 0;
  INPUT ---        0 0 0 0 0 0 0 0 0 0 0 0 1 1 0 0 0 0 0 0 0 0 0 1 0;
  INPUT ---        0 0 0 0 0 0 0 0 0 0 0 0 1 1 0 0 0 0 0 0 0 0 0 0 1;
  INPUT ---       blabel(1)=Phi:(Intercept);
  INPUT ---       blabel(2)=Phi:time2;
  INPUT ---       blabel(3)=Phi:time3;
  INPUT ---       blabel(4)=Phi:time4;
  INPUT ---       blabel(5)=Phi:time5;
  INPUT ---       blabel(6)=Phi:time6;
  INPUT ---       blabel(7)=Phi:time12;
  INPUT ---       blabel(8)=Phi:time13;
  INPUT ---       blabel(9)=Phi:time14;
  INPUT ---       blabel(10)=Phi:time15;
  INPUT ---       blabel(11)=Phi:time16;
  INPUT ---       blabel(12)=Phi:time17;
  INPUT ---       blabel(13)=p:(Intercept);
  INPUT ---       blabel(14)=p:SpeciesCOC;
  INPUT ---       blabel(15)=p:time3;
  INPUT ---       blabel(16)=p:time4;
  INPUT ---       blabel(17)=p:time5;
  INPUT ---       blabel(18)=p:time6;
  INPUT ---       blabel(19)=p:time12;
  INPUT ---       blabel(20)=p:time13;
  INPUT ---       blabel(21)=p:time14;
  INPUT ---       blabel(22)=p:time15;
  INPUT ---       blabel(23)=p:time16;
  INPUT ---       blabel(24)=p:time17;
  INPUT ---       blabel(25)=p:time18;
  INPUT ---       rlabel(1)=Phi gBIB c1 a0 t1;
  INPUT ---       rlabel(2)=Phi gBIB c1 a1 t2;
  INPUT ---       rlabel(3)=Phi gBIB c1 a2 t3;
  INPUT ---       rlabel(4)=Phi gBIB c1 a3 t4;
  INPUT ---       rlabel(5)=Phi gBIB c1 a4 t5;
  INPUT ---       rlabel(6)=Phi gBIB c1 a5 t6;
  INPUT ---       rlabel(7)=Phi gBIB c1 a11 t12;
  INPUT ---       rlabel(8)=Phi gBIB c1 a12 t13;
  INPUT ---       rlabel(9)=Phi gBIB c1 a13 t14;
  INPUT ---       rlabel(10)=Phi gBIB c1 a14 t15;
  INPUT ---       rlabel(11)=Phi gBIB c1 a15 t16;
  INPUT ---       rlabel(12)=Phi gBIB c1 a16 t17;
  INPUT ---       rlabel(13)=p gBIB c1 a1 t2;

  Program  MARK  - Survival Rate Estimation with Capture-Recapture Data
   gfortran(Win64) Vers. 8.1 Mar 2016    1-Feb-2019 12:19:40    Page  005
 - - - - - - - - - - - - - - - - - - - - - - - - - - - - - - - - - - - - - -
 
  INPUT ---       rlabel(14)=p gBIB c1 a2 t3;
  INPUT ---       rlabel(15)=p gBIB c1 a3 t4;
  INPUT ---       rlabel(16)=p gBIB c1 a4 t5;
  INPUT ---       rlabel(17)=p gBIB c1 a5 t6;
  INPUT ---       rlabel(18)=p gBIB c1 a11 t12;
  INPUT ---       rlabel(19)=p gBIB c1 a12 t13;
  INPUT ---       rlabel(20)=p gBIB c1 a13 t14;
  INPUT ---       rlabel(21)=p gBIB c1 a14 t15;
  INPUT ---       rlabel(22)=p gBIB c1 a15 t16;
  INPUT ---       rlabel(23)=p gBIB c1 a16 t17;
  INPUT ---       rlabel(24)=p gBIB c1 a17 t18;
  INPUT ---       rlabel(25)=p gCOC c1 a1 t2;
  INPUT ---       rlabel(26)=p gCOC c1 a2 t3;
  INPUT ---       rlabel(27)=p gCOC c1 a3 t4;
  INPUT ---       rlabel(28)=p gCOC c1 a4 t5;
  INPUT ---       rlabel(29)=p gCOC c1 a5 t6;
  INPUT ---       rlabel(30)=p gCOC c1 a11 t12;
  INPUT ---       rlabel(31)=p gCOC c1 a12 t13;
  INPUT ---       rlabel(32)=p gCOC c1 a13 t14;
  INPUT ---       rlabel(33)=p gCOC c1 a14 t15;
  INPUT ---       rlabel(34)=p gCOC c1 a15 t16;
  INPUT ---       rlabel(35)=p gCOC c1 a16 t17;
  INPUT ---       rlabel(36)=p gCOC c1 a17 t18;

 Link Function Used is LOGIT        

 Variance Estimation Procedure Used is 2ndPart 
 -2logL(saturated) = 740.80268     
 Effective Sample Size = 2405

 Number of function evaluations was 102 for 25 parameters.
 Time for numerical optimization was 0.33 seconds.
 -2logL { Phi(~time)p(~Species + time) } = 912.13908     
 Penalty { Phi(~time)p(~Species + time) } = -0.0000000    
 Gradient { Phi(~time)p(~Species + time) }:
  0.6179969E-04  0.000000     0.2123802E-03-0.2277776E-04-0.6418846E-04
   0.000000    -0.1334688E-03  0.000000      0.000000     0.6383235E-04
   0.000000      0.000000     0.2501983E-03 0.4440905E-03  0.000000    
  0.1033344E-03 0.4462199E-03 0.4887726E-04 0.5019030E-03-0.4143605E-04
 -0.2639846E-03-0.7304506E-05-0.1158881E-03-0.5090429E-04-0.1329932E-03

  Program  MARK  - Survival Rate Estimation with Capture-Recapture Data
   gfortran(Win64) Vers. 8.1 Mar 2016    1-Feb-2019 12:19:41    Page  006
 - - - - - - - - - - - - - - - - - - - - - - - - - - - - - - - - - - - - - -
 
 S Vector { Phi(~time)p(~Species + time) }:
   132.4416      37.62037      19.85643      11.90370      7.837087    
   7.188454      6.679407      5.361475      5.175677      3.406960    
   1.153579     0.9958768     0.4892845     0.2401359     0.2015532    
  0.1523342E-03 0.2996838E-04 0.1116208E-04 0.3888548E-07 0.6043854E-08
  0.5264648E-08 0.1218454E-08 0.8171470E-09 0.4054586E-09 0.6569108E-10
 Time to compute number of parameters was 0.20 seconds.
   Threshold =  0.5200000E-06     Condition index =  0.4960003E-12     New Threshold =  0.3284554E-09
 New Guessimate of Estimated Parameters { Phi(~time)p(~Species + time) } = 18          
 Conditioned S Vector { Phi(~time)p(~Species + time) }:
   1.000000     0.2840525     0.1499259     0.8987882E-01 0.5917390E-01
  0.5427640E-01 0.5043285E-01 0.4048180E-01 0.3907893E-01 0.2572425E-01
  0.8710097E-02 0.7519365E-02 0.3694342E-02 0.1813146E-02 0.1521827E-02
  0.1150199E-05 0.2262762E-06 0.8427926E-07 0.2936048E-09 0.4563410E-10
  0.3975071E-10 0.9199936E-11 0.6169866E-11 0.3061414E-11 0.4960003E-12
 Number of Estimated Parameters { Phi(~time)p(~Species + time) } = 16          
 DEVIANCE { Phi(~time)p(~Species + time) } = 171.33640                     
 DEVIANCE Degrees of Freedom { Phi(~time)p(~Species + time) } = 29            
 c-hat { Phi(~time)p(~Species + time) } = 5.9081517                     
 AIC { Phi(~time)p(~Species + time) } = 944.13908                  
 AICc { Phi(~time)p(~Species + time) } = 944.36689                    
 BIC { Phi(~time)p(~Species + time) } = 1036.7040                    
 Pearson Chisquare { Phi(~time)p(~Species + time) } = 2134.6530                  
 Possible Encounter Histories { Phi(~time)p(~Species + time) } = 16380             
 Pearson Chisquare df { Phi(~time)p(~Species + time) } = 16340        
 Pearson chat { Phi(~time)p(~Species + time) } = 0.1306397                  
 Sum(Observed/Expected) { Phi(~time)p(~Species + time) } = 2142.7754                  
 Fletcher chat { Phi(~time)p(~Species + time) } = 0.9986481                  


               LOGIT Link Function Parameters of { Phi(~time)p(~Species + time) }
                                                              95% Confidence Interval
 Parameter                    Beta         Standard Error      Lower           Upper
 -------------------------  --------------  --------------  --------------  --------------
    1:Phi:(Intercept)       59.890825       42.390720       -23.194987      142.97664     
    2:Phi:time2             -26.884260      0.5261992E-005  -26.884270      -26.884250    
    3:Phi:time3             -57.989926      42.459960       -141.21145      25.231596     
    4:Phi:time4             -47.413996      298.93954       -633.33550      538.50751     
    5:Phi:time5             -48.060617      181.57143       -403.94062      307.81939     
    6:Phi:time6             35.677420       0.1534694       35.376620       35.978220     
    7:Phi:time12            -60.669279      42.392352       -143.75829      22.419733     
    8:Phi:time13            -42.107658      5062.9261       -9965.4430      9881.2276     
    9:Phi:time14            50.606913       82.666228       -111.41890      212.63272     
   10:Phi:time15            -59.910966      42.406957       -143.02860      23.206671     
   11:Phi:time16            53.735350       89.201690       -121.09997      228.57067     
   12:Phi:time17            -41.883698      260.59347       -552.64691      468.87951     
   13:p:(Intercept)         -4.6343978      0.6195928       -5.8487996      -3.4199959    
   14:p:SpeciesCOC          0.6895953       0.2795537       0.1416700       1.2375205     
   15:p:time3               -168.41257      24.827829       -217.07511      -119.75002    
   16:p:time4               -1.4204051      1.1985574       -3.7695776      0.9287674     
   17:p:time5               0.1974547       0.7627505       -1.2975362      1.6924456     
   18:p:time6               -2.0237557      1.1770866       -4.3308456      0.2833341     
   19:p:time12              1.2424646       0.6479266       -0.0274715      2.5124007     
   20:p:time13              -0.0974678      0.7973348       -1.6602441      1.4653085     
   21:p:time14              0.0335772       0.7481233       -1.4327445      1.4998989     
   22:p:time15              -0.5563932      0.7839035       -2.0928441      0.9800577     
   23:p:time16              0.8639106       0.9304780       -0.9598263      2.6876475     
   24:p:time17              0.1166724       0.8803696       -1.6088521      1.8421970     
   25:p:time18              -0.3677310      0.8710946       -2.0750765      1.3396145     

  Program  MARK  - Survival Rate Estimation with Capture-Recapture Data
   gfortran(Win64) Vers. 8.1 Mar 2016    1-Feb-2019 12:19:41    Page  007
 - - - - - - - - - - - - - - - - - - - - - - - - - - - - - - - - - - - - - -
 


               Real Function Parameters of { Phi(~time)p(~Species + time) }
                                                               95% Confidence Interval
  Parameter                  Estimate       Standard Error      Lower           Upper
 --------------------------  --------------  --------------  --------------  --------------
     1:Phi gBIB c1 a0 t1     1.0000000       0.0000000       1.0000000       1.0000000                           
     2:Phi gBIB c1 a1 t2     1.0000000       0.1976652E-012  1.0000000       1.0000000                           
     3:Phi gBIB c1 a2 t3     0.8699932       0.2576797       0.0714624       0.9982843                           
     4:Phi gBIB c1 a3 t4     0.9999962       0.0011286       0.3379417E-246  1.0000000                           
     5:Phi gBIB c1 a4 t5     0.9999927       0.0012855       0.7103747E-145  1.0000000                           
     6:Phi gBIB c1 a5 t6     1.0000000       0.0000000       1.0000000       1.0000000                           
     7:Phi gBIB c1 a11 t12   0.3146531       0.1287439       0.1247060       0.5966901                           
     8:Phi gBIB c1 a12 t13   1.0000000       0.9577699E-004  0.5211871E-296  1.0000000                           
     9:Phi gBIB c1 a13 t14   1.0000000       0.0000000       1.0000000       1.0000000                           
    10:Phi gBIB c1 a14 t15   0.4949648       0.3360886       0.0656604       0.9318246                           
    11:Phi gBIB c1 a15 t16   1.0000000       0.0000000       1.0000000       1.0000000                           
    12:Phi gBIB c1 a16 t17   1.0000000       0.3996757E-005  0.6923969E-217  1.0000000                           
    13:p gBIB c1 a1 t2       0.0096185       0.0059023       0.0028751       0.0316764                           
    14:p gBIB c1 a2 t3       0.7025201E-075  0.1744737E-073  -.3349433E-073  0.3489937E-073                      
    15:p gBIB c1 a3 t4       0.0023411       0.0024243       0.3067229E-003  0.0176303                           
    16:p gBIB c1 a4 t5       0.0116937       0.0054535       0.0046704       0.0289712                           
    17:p gBIB c1 a5 t6       0.0012819       0.0012969       0.1762146E-003  0.0092607                           
    18:p gBIB c1 a11 t12     0.0325485       0.0073809       0.0208089       0.0505693                           
    19:p gBIB c1 a12 t13     0.0087331       0.0051267       0.0027522       0.0273551                           
    20:p gBIB c1 a13 t14     0.0099437       0.0051576       0.0035841       0.0272787                           
    21:p gBIB c1 a14 t15     0.0055368       0.0031565       0.0018068       0.0168373                           
    22:p gBIB c1 a15 t16     0.0225219       0.0163970       0.0053232       0.0902461                           
    23:p gBIB c1 a16 t17     0.0107960       0.0073063       0.0028470       0.0400482                           
    24:p gBIB c1 a17 t18     0.0066787       0.0044200       0.0018184       0.0242152                           
    25:p gCOC c1 a1 t2       0.0189875       0.0109187       0.0060978       0.0575463                           
    26:p gCOC c1 a2 t3       0.1400059E-074  0.3476987E-073  -.6674890E-073  0.6954901E-073                      
    27:p gCOC c1 a3 t4       0.0046547       0.0049095       0.5856872E-003  0.0359756                           
    28:p gCOC c1 a4 t5       0.0230370       0.0116539       0.0084740       0.0610856                           
    29:p gCOC c1 a5 t6       0.0025514       0.0026349       0.3360731E-003  0.0190908                           
    30:p gCOC c1 a11 t12     0.0628355       0.0193507       0.0340130       0.1132195                           
    31:p gCOC c1 a12 t13     0.0172546       0.0092627       0.0059824       0.0487248                           
    32:p gCOC c1 a13 t14     0.0196232       0.0090726       0.0078797       0.0480214                           
    33:p gCOC c1 a14 t15     0.0109740       0.0057167       0.0039364       0.0302119                           
    34:p gCOC c1 a15 t16     0.0439024       0.0307524       0.0108052       0.1617965                           
    35:p gCOC c1 a16 t17     0.0212872       0.0138939       0.0058513       0.0743963                           
    36:p gCOC c1 a17 t18     0.0132224       0.0085659       0.0036868       0.0462754                           

 Attempted ordering of parameters by estimatibility:
  13  1 14 19 23 21 24 20 22 17 25 16 18  7 10  3  5  4  8 12 11  2  6  9 15

 Beta number 15 is a singular value.

     CPU Time in seconds for last procedure was 0.53

  Program  MARK  - Survival Rate Estimation with Capture-Recapture Data
   gfortran(Win64) Vers. 8.1 Mar 2016    1-Feb-2019 12:19:41    Page  008
 - - - - - - - - - - - - - - - - - - - - - - - - - - - - - - - - - - - - - -
 


  INPUT --- proc stop;

   * *  WARNING  * *   Numerical underflow occurred during final processing of this model. 
     IEEE flag status at final processing of this model:
     overflow       F
     divide by zero F
     invalid        F
     underflow      T
     inexact        T


     CPU Time in minutes for this job was 0.01

     Time Start = 12:19:40.808   Time End = 12:19:41.285

     Wall Clock Time in minutes for this job was 0.01


          E X E C U T I O N   S U C C E S S F U L 
