
   Program  MARK  - Survival Rate Estimation with Capture-Recapture Data
   gfortran(Win64) Vers. 8.1 Mar 2016    1-Feb-2019 12:22:36    Page  001
 - - - - - - - - - - - - - - - - - - - - - - - - - - - - - - - - - - - - - -
 
   This version was compiled by GCC version 5.3.0 using the options: 
     -cpp -iprefix c:\tdm-gcc-64\gcc\bin\../lib/gcc/x86_64-w64-mingw32/5.3.0/ -D_MT
     -U_REENTRANT -D IEEE -m64 -mtune=generic -march=x86-64 -mthreads -O2
     -fimplicit-none -fbounds-check -funroll-loops -ftree-vectorize
     -ffpe-summary=invalid,zero,overflow,underflow -fno-unsafe-math-optimizations
     -frounding-math -fsignaling-nans -fopenmp.

   This problem will use 7 of 8 possible threads.


  INPUT --- proc title ;

     CPU Time in seconds for last procedure was 0.00


  INPUT --- proc chmatrix occasions= 14 groups= 2 etype= Live Nodes= 
  INPUT --- 101 ICMeans NoHist hist= 90  ;

  INPUT ---    time interval 1 1 1 1 1 1 5 1 1 1 1 1 1 ;

  INPUT ---    glabel(1)=SpeciesBIB;

  INPUT ---    glabel(2)=SpeciesCOC;

   * *  WARNING  * *   At least a pair of the encounter histories are duplicates. 

      Number of unique encounter histories read was 71.

      Number of individual covariates read was 0.
      Time interval lengths vary and/or not equal to 1.

      Data type number is 1
      Data type is Live Recaptures (CJS)                                                                               

     CPU Time in seconds for last procedure was 0.00

  Program  MARK  - Survival Rate Estimation with Capture-Recapture Data
   gfortran(Win64) Vers. 8.1 Mar 2016    1-Feb-2019 12:22:36    Page  002
 - - - - - - - - - - - - - - - - - - - - - - - - - - - - - - - - - - - - - -
 


  INPUT --- proc estimate link=Logit NOLOOP varest=2ndPart    ;


  INPUT --- model={ Phi(~1)p(~time) };

  INPUT ---    group=1 Phi    rows=13 cols=13 Triang ;
  INPUT ---        1 1 1 1 1 1 1 1 1 1 1 1 1 ;
  INPUT ---        1 1 1 1 1 1 1 1 1 1 1 1 ;
  INPUT ---        1 1 1 1 1 1 1 1 1 1 1 ;
  INPUT ---        1 1 1 1 1 1 1 1 1 1 ;
  INPUT ---        1 1 1 1 1 1 1 1 1 ;
  INPUT ---        1 1 1 1 1 1 1 1 ;
  INPUT ---        1 1 1 1 1 1 1 ;
  INPUT ---        1 1 1 1 1 1 ;
  INPUT ---        1 1 1 1 1 ;
  INPUT ---        1 1 1 1 ;
  INPUT ---        1 1 1 ;
  INPUT ---        1 1 ;
  INPUT ---        1 ;

  INPUT ---    group=2 Phi    rows=13 cols=13 Triang ;
  INPUT ---        1 1 1 1 1 1 1 1 1 1 1 1 1 ;
  INPUT ---        1 1 1 1 1 1 1 1 1 1 1 1 ;
  INPUT ---        1 1 1 1 1 1 1 1 1 1 1 ;
  INPUT ---        1 1 1 1 1 1 1 1 1 1 ;
  INPUT ---        1 1 1 1 1 1 1 1 1 ;
  INPUT ---        1 1 1 1 1 1 1 1 ;
  INPUT ---        1 1 1 1 1 1 1 ;
  INPUT ---        1 1 1 1 1 1 ;
  INPUT ---        1 1 1 1 1 ;
  INPUT ---        1 1 1 1 ;
  INPUT ---        1 1 1 ;
  INPUT ---        1 1 ;
  INPUT ---        1 ;

  INPUT ---    group=1 p    rows=13 cols=13 Triang ;
  INPUT ---        2 3 4 5 6 7 8 9 10 11 12 13 14 ;
  INPUT ---        3 4 5 6 7 8 9 10 11 12 13 14 ;
  INPUT ---        4 5 6 7 8 9 10 11 12 13 14 ;
  INPUT ---        5 6 7 8 9 10 11 12 13 14 ;
  INPUT ---        6 7 8 9 10 11 12 13 14 ;
  INPUT ---        7 8 9 10 11 12 13 14 ;
  INPUT ---        8 9 10 11 12 13 14 ;
  INPUT ---        9 10 11 12 13 14 ;

  Program  MARK  - Survival Rate Estimation with Capture-Recapture Data
   gfortran(Win64) Vers. 8.1 Mar 2016    1-Feb-2019 12:22:36    Page  003
 - - - - - - - - - - - - - - - - - - - - - - - - - - - - - - - - - - - - - -
 
  INPUT ---        10 11 12 13 14 ;
  INPUT ---        11 12 13 14 ;
  INPUT ---        12 13 14 ;
  INPUT ---        13 14 ;
  INPUT ---        14 ;

  INPUT ---    group=2 p    rows=13 cols=13 Triang ;
  INPUT ---        2 3 4 5 6 7 8 9 10 11 12 13 14 ;
  INPUT ---        3 4 5 6 7 8 9 10 11 12 13 14 ;
  INPUT ---        4 5 6 7 8 9 10 11 12 13 14 ;
  INPUT ---        5 6 7 8 9 10 11 12 13 14 ;
  INPUT ---        6 7 8 9 10 11 12 13 14 ;
  INPUT ---        7 8 9 10 11 12 13 14 ;
  INPUT ---        8 9 10 11 12 13 14 ;
  INPUT ---        9 10 11 12 13 14 ;
  INPUT ---        10 11 12 13 14 ;
  INPUT ---        11 12 13 14 ;
  INPUT ---        12 13 14 ;
  INPUT ---        13 14 ;
  INPUT ---        14 ;

  INPUT ---    design matrix constraints=14 covariates=14;
  INPUT ---        1 0 0 0 0 0 0 0 0 0 0 0 0 0;
  INPUT ---        0 1 0 0 0 0 0 0 0 0 0 0 0 0;
  INPUT ---        0 1 1 0 0 0 0 0 0 0 0 0 0 0;
  INPUT ---        0 1 0 1 0 0 0 0 0 0 0 0 0 0;
  INPUT ---        0 1 0 0 1 0 0 0 0 0 0 0 0 0;
  INPUT ---        0 1 0 0 0 1 0 0 0 0 0 0 0 0;
  INPUT ---        0 1 0 0 0 0 1 0 0 0 0 0 0 0;
  INPUT ---        0 1 0 0 0 0 0 1 0 0 0 0 0 0;
  INPUT ---        0 1 0 0 0 0 0 0 1 0 0 0 0 0;
  INPUT ---        0 1 0 0 0 0 0 0 0 1 0 0 0 0;
  INPUT ---        0 1 0 0 0 0 0 0 0 0 1 0 0 0;
  INPUT ---        0 1 0 0 0 0 0 0 0 0 0 1 0 0;
  INPUT ---        0 1 0 0 0 0 0 0 0 0 0 0 1 0;
  INPUT ---        0 1 0 0 0 0 0 0 0 0 0 0 0 1;
  INPUT ---       blabel(1)=Phi:(Intercept);
  INPUT ---       blabel(2)=p:(Intercept);
  INPUT ---       blabel(3)=p:time3;
  INPUT ---       blabel(4)=p:time4;
  INPUT ---       blabel(5)=p:time5;
  INPUT ---       blabel(6)=p:time6;
  INPUT ---       blabel(7)=p:time7;
  INPUT ---       blabel(8)=p:time12;
  INPUT ---       blabel(9)=p:time13;
  INPUT ---       blabel(10)=p:time14;

  Program  MARK  - Survival Rate Estimation with Capture-Recapture Data
   gfortran(Win64) Vers. 8.1 Mar 2016    1-Feb-2019 12:22:36    Page  004
 - - - - - - - - - - - - - - - - - - - - - - - - - - - - - - - - - - - - - -
 
  INPUT ---       blabel(11)=p:time15;
  INPUT ---       blabel(12)=p:time16;
  INPUT ---       blabel(13)=p:time17;
  INPUT ---       blabel(14)=p:time18;
  INPUT ---       rlabel(1)=Phi gBIB c1 a0 t1;
  INPUT ---       rlabel(2)=p gBIB c1 a1 t2;
  INPUT ---       rlabel(3)=p gBIB c1 a2 t3;
  INPUT ---       rlabel(4)=p gBIB c1 a3 t4;
  INPUT ---       rlabel(5)=p gBIB c1 a4 t5;
  INPUT ---       rlabel(6)=p gBIB c1 a5 t6;
  INPUT ---       rlabel(7)=p gBIB c1 a6 t7;
  INPUT ---       rlabel(8)=p gBIB c1 a11 t12;
  INPUT ---       rlabel(9)=p gBIB c1 a12 t13;
  INPUT ---       rlabel(10)=p gBIB c1 a13 t14;
  INPUT ---       rlabel(11)=p gBIB c1 a14 t15;
  INPUT ---       rlabel(12)=p gBIB c1 a15 t16;
  INPUT ---       rlabel(13)=p gBIB c1 a16 t17;
  INPUT ---       rlabel(14)=p gBIB c1 a17 t18;

 Link Function Used is LOGIT        

 Variance Estimation Procedure Used is 2ndPart 
 -2logL(saturated) = 2040.5974     
 Effective Sample Size = 4699

 Number of function evaluations was 63 for 14 parameters.
 Time for numerical optimization was 0.27 seconds.
 -2logL { Phi(~1)p(~time) } = 2327.3113     
 Penalty { Phi(~1)p(~time) } = -0.0000000    
 Gradient { Phi(~1)p(~time) }:
 -0.1313222E-02 0.4324852E-02 0.1535177E-02-0.2512071E-02 0.6171481E-03
  0.3364245E-02-0.5036352E-03-0.2354075E-02 0.1085080E-02 0.8512062E-03
  0.3594275E-03 0.6598562E-03 0.5171395E-03 0.6810625E-03
 S Vector { Phi(~1)p(~time) }:
   383.3793      53.08468      21.79231      17.27984      16.37041    
   15.57526      10.82224      7.781281      6.313214      4.238205    
   2.173111      1.136640     0.9971438     0.4093612E-05
 Time to compute number of parameters was 0.06 seconds.
   Threshold =  0.3000000E-06     Condition index =  0.1067771E-07     New Threshold =  0.1531689E-04
 New Guessimate of Estimated Parameters { Phi(~1)p(~time) } = 13          
 Conditioned S Vector { Phi(~1)p(~time) }:
   1.000000     0.1384652     0.5684269E-01 0.4507244E-01 0.4270030E-01
  0.4062624E-01 0.2822856E-01 0.2029656E-01 0.1646728E-01 0.1105486E-01
  0.5668305E-02 0.2964792E-02 0.2600933E-02 0.1067771E-07
 Number of Estimated Parameters { Phi(~1)p(~time) } = 13          
 DEVIANCE { Phi(~1)p(~time) } = 286.71390                     
 DEVIANCE Degrees of Freedom { Phi(~1)p(~time) } = 49            
 c-hat { Phi(~1)p(~time) } = 5.8513042                     
 AIC { Phi(~1)p(~time) } = 2353.3113                  
 AICc { Phi(~1)p(~time) } = 2353.3890                    
 BIC { Phi(~1)p(~time) } = 2437.2277                    
 Pearson Chisquare { Phi(~1)p(~time) } = 641.25177                  
 Possible Encounter Histories { Phi(~1)p(~time) } = 32764             
 Pearson Chisquare df { Phi(~1)p(~time) } = 32725        
 Pearson chat { Phi(~1)p(~time) } = 0.0195952                  
 Sum(Observed/Expected) { Phi(~1)p(~time) } = 559.26299                  
 Fletcher chat { Phi(~1)p(~time) } = 1.1479679                  

  Program  MARK  - Survival Rate Estimation with Capture-Recapture Data
   gfortran(Win64) Vers. 8.1 Mar 2016    1-Feb-2019 12:22:36    Page  005
 - - - - - - - - - - - - - - - - - - - - - - - - - - - - - - - - - - - - - -
 


                     LOGIT Link Function Parameters of { Phi(~1)p(~time) }
                                                              95% Confidence Interval
 Parameter                    Beta         Standard Error      Lower           Upper
 -------------------------  --------------  --------------  --------------  --------------
    1:Phi:(Intercept)       2.2204376       0.2281435       1.7732763       2.6675989     
    2:p:(Intercept)         -17.611108      0.0000000       -17.611108      -17.611108    
    3:p:time3               11.618898       0.0000000       11.618898       11.618898     
    4:p:time4               11.490719       0.0000000       11.490719       11.490719     
    5:p:time5               12.852834       0.0000000       12.852834       12.852834     
    6:p:time6               13.355128       0.0000000       13.355128       13.355128     
    7:p:time7               13.446880       0.0000000       13.446880       13.446880     
    8:p:time12              16.153898       0.0000000       16.153898       16.153898     
    9:p:time13              11.824186       0.0000000       11.824186       11.824186     
   10:p:time14              11.661459       0.0000000       11.661459       11.661459     
   11:p:time15              12.664151       0.0000000       12.664151       12.664151     
   12:p:time16              10.577911       0.0000000       10.577911       10.577911     
   13:p:time17              12.981688       0.0000000       12.981688       12.981688     
   14:p:time18              12.687908       0.0000000       12.687908       12.687908     


                     Real Function Parameters of { Phi(~1)p(~time) }
                                                               95% Confidence Interval
  Parameter                  Estimate       Standard Error      Lower           Upper
 --------------------------  --------------  --------------  --------------  --------------
     1:Phi gBIB c1 a0 t1     0.9020699       0.0201542       0.8548646       0.9350874                           
     2:p gBIB c1 a1 t2       0.2246948E-007  0.0000000       0.2246948E-007  0.2246948E-007                      
     3:p gBIB c1 a2 t3       0.0024919       0.0024896       0.3506863E-003  0.0174785                           
     4:p gBIB c1 a3 t4       0.0021928       0.0021948       0.3075579E-003  0.0154551                           
     5:p gBIB c1 a4 t5       0.0085074       0.0042769       0.0031661       0.0226548                           
     6:p gBIB c1 a5 t6       0.0139810       0.0035346       0.0085054       0.0229002                           
     7:p gBIB c1 a6 t7       0.0153039       0.0038209       0.0093667       0.0249098                           
     8:p gBIB c1 a11 t12     0.1888944       0.0337985       0.1312922       0.2640860                           
     9:p gBIB c1 a12 t13     0.0030580       0.0011757       0.0014384       0.0064894                           
    10:p gBIB c1 a13 t14     0.0026000       0.0010845       0.0011472       0.0058819                           
    11:p gBIB c1 a14 t15     0.0070549       0.0019024       0.0041552       0.0119539                           
    12:p gBIB c1 a15 t16     0.8813295E-003  0.6311212E-003  0.2164371E-003  0.0035814                           
    13:p gBIB c1 a16 t17     0.0096661       0.0025239       0.0057879       0.0161008                           
    14:p gBIB c1 a17 t18     0.0072233       0.0021337       0.0040443       0.0128687                           

 Attempted ordering of parameters by estimatibility:
   2  8  1 13  7 11  6 14  9 10  5 12  3  4
 Beta number 4 is a singular value.

     CPU Time in seconds for last procedure was 0.33

  Program  MARK  - Survival Rate Estimation with Capture-Recapture Data
   gfortran(Win64) Vers. 8.1 Mar 2016    1-Feb-2019 12:22:36    Page  006
 - - - - - - - - - - - - - - - - - - - - - - - - - - - - - - - - - - - - - -
 


  INPUT --- proc stop;

     CPU Time in minutes for this job was 0.01

     Time Start = 12:22:36.639   Time End = 12:22:36.972

     Wall Clock Time in minutes for this job was 0.01


          E X E C U T I O N   S U C C E S S F U L 
