
   Program  MARK  - Survival Rate Estimation with Capture-Recapture Data
   gfortran(Win64) Vers. 8.1 Mar 2016   31-Jan-2019 12:41:52    Page  001
 - - - - - - - - - - - - - - - - - - - - - - - - - - - - - - - - - - - - - -
 
   This version was compiled by GCC version 5.3.0 using the options: 
     -cpp -iprefix c:\tdm-gcc-64\gcc\bin\../lib/gcc/x86_64-w64-mingw32/5.3.0/ -D_MT
     -U_REENTRANT -D IEEE -m64 -mtune=generic -march=x86-64 -mthreads -O2
     -fimplicit-none -fbounds-check -funroll-loops -ftree-vectorize
     -ffpe-summary=invalid,zero,overflow,underflow -fno-unsafe-math-optimizations
     -frounding-math -fsignaling-nans -fopenmp.

   This problem will use 7 of 8 possible threads.


  INPUT --- proc title ;

     CPU Time in seconds for last procedure was 0.00


  INPUT --- proc chmatrix occasions= 8 groups= 2 etype= Live Nodes= 101 
  INPUT --- ICMeans NoHist hist= 28 ;

  INPUT ---    time interval 1 11 1 1 1 1 1 ;

  INPUT ---    glabel(1)=SpeciesBIB;

  INPUT ---    glabel(2)=SpeciesCOC;

   * *  WARNING  * *   At least a pair of the encounter histories are duplicates. 

      Number of unique encounter histories read was 17.

      Number of individual covariates read was 0.
      Time interval lengths vary and/or not equal to 1.

      Data type number is 1
      Data type is Live Recaptures (CJS)                                                                               

     CPU Time in seconds for last procedure was 0.00

  Program  MARK  - Survival Rate Estimation with Capture-Recapture Data
   gfortran(Win64) Vers. 8.1 Mar 2016   31-Jan-2019 12:41:52    Page  002
 - - - - - - - - - - - - - - - - - - - - - - - - - - - - - - - - - - - - - -
 


  INPUT --- proc estimate link=Logit NOLOOP varest=2ndPart    ;


  INPUT --- model={ Phi(~1)p(~Species + time) };

  INPUT ---    group=1 Phi    rows=7 cols=7 Triang ;
  INPUT ---        1 1 1 1 1 1 1 ;
  INPUT ---        1 1 1 1 1 1 ;
  INPUT ---        1 1 1 1 1 ;
  INPUT ---        1 1 1 1 ;
  INPUT ---        1 1 1 ;
  INPUT ---        1 1 ;
  INPUT ---        1 ;

  INPUT ---    group=2 Phi    rows=7 cols=7 Triang ;
  INPUT ---        1 1 1 1 1 1 1 ;
  INPUT ---        1 1 1 1 1 1 ;
  INPUT ---        1 1 1 1 1 ;
  INPUT ---        1 1 1 1 ;
  INPUT ---        1 1 1 ;
  INPUT ---        1 1 ;
  INPUT ---        1 ;

  INPUT ---    group=1 p    rows=7 cols=7 Triang ;
  INPUT ---        2 3 4 5 6 7 8 ;
  INPUT ---        3 4 5 6 7 8 ;
  INPUT ---        4 5 6 7 8 ;
  INPUT ---        5 6 7 8 ;
  INPUT ---        6 7 8 ;
  INPUT ---        7 8 ;
  INPUT ---        8 ;

  INPUT ---    group=2 p    rows=7 cols=7 Triang ;
  INPUT ---        9 10 11 12 13 14 15 ;
  INPUT ---        10 11 12 13 14 15 ;
  INPUT ---        11 12 13 14 15 ;
  INPUT ---        12 13 14 15 ;
  INPUT ---        13 14 15 ;
  INPUT ---        14 15 ;
  INPUT ---        15 ;

  INPUT ---    design matrix constraints=15 covariates=9;
  INPUT ---        1 0 0 0 0 0 0 0 0;
  INPUT ---        0 1 0 0 0 0 0 0 0;

  Program  MARK  - Survival Rate Estimation with Capture-Recapture Data
   gfortran(Win64) Vers. 8.1 Mar 2016   31-Jan-2019 12:41:52    Page  003
 - - - - - - - - - - - - - - - - - - - - - - - - - - - - - - - - - - - - - -
 
  INPUT ---        0 1 0 1 0 0 0 0 0;
  INPUT ---        0 1 0 0 1 0 0 0 0;
  INPUT ---        0 1 0 0 0 1 0 0 0;
  INPUT ---        0 1 0 0 0 0 1 0 0;
  INPUT ---        0 1 0 0 0 0 0 1 0;
  INPUT ---        0 1 0 0 0 0 0 0 1;
  INPUT ---        0 1 1 0 0 0 0 0 0;
  INPUT ---        0 1 1 1 0 0 0 0 0;
  INPUT ---        0 1 1 0 1 0 0 0 0;
  INPUT ---        0 1 1 0 0 1 0 0 0;
  INPUT ---        0 1 1 0 0 0 1 0 0;
  INPUT ---        0 1 1 0 0 0 0 1 0;
  INPUT ---        0 1 1 0 0 0 0 0 1;
  INPUT ---       blabel(1)=Phi:(Intercept);
  INPUT ---       blabel(2)=p:(Intercept);
  INPUT ---       blabel(3)=p:SpeciesCOC;
  INPUT ---       blabel(4)=p:time13;
  INPUT ---       blabel(5)=p:time14;
  INPUT ---       blabel(6)=p:time15;
  INPUT ---       blabel(7)=p:time16;
  INPUT ---       blabel(8)=p:time17;
  INPUT ---       blabel(9)=p:time18;
  INPUT ---       rlabel(1)=Phi gBIB c1 a0 t1;
  INPUT ---       rlabel(2)=p gBIB c1 a1 t2;
  INPUT ---       rlabel(3)=p gBIB c1 a12 t13;
  INPUT ---       rlabel(4)=p gBIB c1 a13 t14;
  INPUT ---       rlabel(5)=p gBIB c1 a14 t15;
  INPUT ---       rlabel(6)=p gBIB c1 a15 t16;
  INPUT ---       rlabel(7)=p gBIB c1 a16 t17;
  INPUT ---       rlabel(8)=p gBIB c1 a17 t18;
  INPUT ---       rlabel(9)=p gCOC c1 a1 t2;
  INPUT ---       rlabel(10)=p gCOC c1 a12 t13;
  INPUT ---       rlabel(11)=p gCOC c1 a13 t14;
  INPUT ---       rlabel(12)=p gCOC c1 a14 t15;
  INPUT ---       rlabel(13)=p gCOC c1 a15 t16;
  INPUT ---       rlabel(14)=p gCOC c1 a16 t17;
  INPUT ---       rlabel(15)=p gCOC c1 a17 t18;

 Link Function Used is LOGIT        

 Variance Estimation Procedure Used is 2ndPart 
 -2logL(saturated) = 384.68043     
 Effective Sample Size = 2058

 Number of function evaluations was 39 for 9 parameters.
 Time for numerical optimization was 0.03 seconds.

  Program  MARK  - Survival Rate Estimation with Capture-Recapture Data
   gfortran(Win64) Vers. 8.1 Mar 2016   31-Jan-2019 12:41:52    Page  004
 - - - - - - - - - - - - - - - - - - - - - - - - - - - - - - - - - - - - - -
 
 -2logL { Phi(~1)p(~Species + time) } = 411.99922     
 Penalty { Phi(~1)p(~Species + time) } = -0.0000000    
 Gradient { Phi(~1)p(~Species + time) }:
  0.4406823E-04 0.3215877E-04 0.2473634E-04 0.1297890E-04-0.1324487E-04
  0.5512662E-05  0.000000    -0.4174816E-05-0.5026766E-05
 S Vector { Phi(~1)p(~Species + time) }:
   80.07648      26.14986      7.849697      5.097769      2.607130    
   1.841267     0.9570898     0.4100802     0.1821644E-07
 Time to compute number of parameters was 0.01 seconds.
   Threshold =  0.2000000E-06     Condition index =  0.2274880E-09     New Threshold =  0.5464932E-07
 New Guessimate of Estimated Parameters { Phi(~1)p(~Species + time) } = 8          
 Conditioned S Vector { Phi(~1)p(~Species + time) }:
   1.000000     0.3265610     0.9802749E-01 0.6366125E-01 0.3255800E-01
  0.2299386E-01 0.1195220E-01 0.5121107E-02 0.2274880E-09
 Number of Estimated Parameters { Phi(~1)p(~Species + time) } = 8          
 DEVIANCE { Phi(~1)p(~Species + time) } = 27.318789                     
 DEVIANCE Degrees of Freedom { Phi(~1)p(~Species + time) } = 4            
 c-hat { Phi(~1)p(~Species + time) } = 6.8296974                     
 AIC { Phi(~1)p(~Species + time) } = 427.99922                  
 AICc { Phi(~1)p(~Species + time) } = 428.06950                    
 BIC { Phi(~1)p(~Species + time) } = 473.03514                    
 Pearson Chisquare { Phi(~1)p(~Species + time) } = 47.653019                  
 Possible Encounter Histories { Phi(~1)p(~Species + time) } = 508             
 Pearson Chisquare df { Phi(~1)p(~Species + time) } = 486        
 Pearson chat { Phi(~1)p(~Species + time) } = 0.0980515                  
 Sum(Observed/Expected) { Phi(~1)p(~Species + time) } = 67.786515                  
 Fletcher chat { Phi(~1)p(~Species + time) } = 0.7348092                  


                LOGIT Link Function Parameters of { Phi(~1)p(~Species + time) }
                                                              95% Confidence Interval
 Parameter                    Beta         Standard Error      Lower           Upper
 -------------------------  --------------  --------------  --------------  --------------
    1:Phi:(Intercept)       0.8058544       0.3480855       0.1236067       1.4881021     
    2:p:(Intercept)         -2.3584153      0.2743597       -2.8961604      -1.8206702    
    3:p:SpeciesCOC          -0.1489867      0.3543178       -0.8434496      0.5454762     
    4:p:time13              0.7518686       1.4553458       -2.1006092      3.6043463     
    5:p:time14              -1.1458635      0.4522449       -2.0322636      -0.2594635    
    6:p:time15              -3.1245728      1.0439474       -5.1707097      -1.0784358    
    7:p:time16              -22.644870      7409.1476       -14544.575      14499.285     
    8:p:time17              -1.7231571      0.6828866       -3.0616149      -0.3846993    
    9:p:time18              -2.3924437      0.7639641       -3.8898133      -0.8950741    


                Real Function Parameters of { Phi(~1)p(~Species + time) }
                                                               95% Confidence Interval
  Parameter                  Estimate       Standard Error      Lower           Upper
 --------------------------  --------------  --------------  --------------  --------------
     1:Phi gBIB c1 a0 t1     0.6912254       0.0742929       0.5308624       0.8157932                           
     2:p gBIB c1 a1 t2       0.0863992       0.0216564       0.0523437       0.1393535                           
     3:p gBIB c1 a12 t13     0.1670686       0.2192638       0.0090595       0.8148367                           
     4:p gBIB c1 a13 t14     0.0291907       0.0144075       0.0109788       0.0753127                           
     5:p gBIB c1 a14 t15     0.0041397       0.0044361       0.5041954E-003  0.0331201                           
     6:p gBIB c1 a15 t16     0.1384239E-010  0.1025603E-006  -.2010044E-006  0.2010321E-006                      
     7:p gBIB c1 a16 t17     0.0166007       0.0122137       0.0038803       0.0681677                           
     8:p gBIB c1 a17 t18     0.0085702       0.0067698       0.0018102       0.0395736                           
     9:p gCOC c1 a1 t2       0.0753409       0.0218738       0.0421759       0.1310179                           
    10:p gCOC c1 a12 t13     0.1473506       0.1896965       0.0088815       0.7691990                           
    11:p gCOC c1 a13 t14     0.0252522       0.0097284       0.0117985       0.0532209                           
    12:p gCOC c1 a14 t15     0.0035687       0.0036596       0.4762610E-003  0.0262144                           
    13:p gCOC c1 a15 t16     0.1192633E-010  0.8836397E-007  -.1731815E-006  0.1732053E-006                      

  Program  MARK  - Survival Rate Estimation with Capture-Recapture Data
   gfortran(Win64) Vers. 8.1 Mar 2016   31-Jan-2019 12:41:52    Page  005
 - - - - - - - - - - - - - - - - - - - - - - - - - - - - - - - - - - - - - -
 
    14:p gCOC c1 a16 t17     0.0143358       0.0096617       0.0037933       0.0526308                           
    15:p gCOC c1 a17 t18     0.0073927       0.0057464       0.0016023       0.0334080                           

 Attempted ordering of parameters by estimatibility:
  1 2 3 5 8 9 6 4 7
 Beta number 7 is a singular value.

     CPU Time in seconds for last procedure was 0.03


  INPUT --- proc stop;

     CPU Time in minutes for this job was 0.00

     Time Start = 12:41:52.206   Time End = 12:41:52.320

     Wall Clock Time in minutes for this job was 0.00


          E X E C U T I O N   S U C C E S S F U L 
