
   Program  MARK  - Survival Rate Estimation with Capture-Recapture Data
   gfortran(Win64) Vers. 8.1 Mar 2016   31-Jan-2019 12:41:47    Page  001
 - - - - - - - - - - - - - - - - - - - - - - - - - - - - - - - - - - - - - -
 
   This version was compiled by GCC version 5.3.0 using the options: 
     -cpp -iprefix c:\tdm-gcc-64\gcc\bin\../lib/gcc/x86_64-w64-mingw32/5.3.0/ -D_MT
     -U_REENTRANT -D IEEE -m64 -mtune=generic -march=x86-64 -mthreads -O2
     -fimplicit-none -fbounds-check -funroll-loops -ftree-vectorize
     -ffpe-summary=invalid,zero,overflow,underflow -fno-unsafe-math-optimizations
     -frounding-math -fsignaling-nans -fopenmp.

   This problem will use 7 of 8 possible threads.


  INPUT --- proc title ;

     CPU Time in seconds for last procedure was 0.00


  INPUT --- proc chmatrix occasions= 8 groups= 2 etype= Live Nodes= 101 
  INPUT --- ICMeans NoHist hist= 28 ;

  INPUT ---    time interval 1 11 1 1 1 1 1 ;

  INPUT ---    glabel(1)=SpeciesBIB;

  INPUT ---    glabel(2)=SpeciesCOC;

   * *  WARNING  * *   At least a pair of the encounter histories are duplicates. 

      Number of unique encounter histories read was 17.

      Number of individual covariates read was 0.
      Time interval lengths vary and/or not equal to 1.

      Data type number is 1
      Data type is Live Recaptures (CJS)                                                                               

     CPU Time in seconds for last procedure was 0.00

  Program  MARK  - Survival Rate Estimation with Capture-Recapture Data
   gfortran(Win64) Vers. 8.1 Mar 2016   31-Jan-2019 12:41:47    Page  002
 - - - - - - - - - - - - - - - - - - - - - - - - - - - - - - - - - - - - - -
 


  INPUT --- proc estimate link=Logit NOLOOP varest=2ndPart    ;


  INPUT --- model={ Phi(~time)p(~1) };

  INPUT ---    group=1 Phi    rows=7 cols=7 Triang ;
  INPUT ---        1 2 3 4 5 6 7 ;
  INPUT ---        2 3 4 5 6 7 ;
  INPUT ---        3 4 5 6 7 ;
  INPUT ---        4 5 6 7 ;
  INPUT ---        5 6 7 ;
  INPUT ---        6 7 ;
  INPUT ---        7 ;

  INPUT ---    group=2 Phi    rows=7 cols=7 Triang ;
  INPUT ---        1 2 3 4 5 6 7 ;
  INPUT ---        2 3 4 5 6 7 ;
  INPUT ---        3 4 5 6 7 ;
  INPUT ---        4 5 6 7 ;
  INPUT ---        5 6 7 ;
  INPUT ---        6 7 ;
  INPUT ---        7 ;

  INPUT ---    group=1 p    rows=7 cols=7 Triang ;
  INPUT ---        8 8 8 8 8 8 8 ;
  INPUT ---        8 8 8 8 8 8 ;
  INPUT ---        8 8 8 8 8 ;
  INPUT ---        8 8 8 8 ;
  INPUT ---        8 8 8 ;
  INPUT ---        8 8 ;
  INPUT ---        8 ;

  INPUT ---    group=2 p    rows=7 cols=7 Triang ;
  INPUT ---        8 8 8 8 8 8 8 ;
  INPUT ---        8 8 8 8 8 8 ;
  INPUT ---        8 8 8 8 8 ;
  INPUT ---        8 8 8 8 ;
  INPUT ---        8 8 8 ;
  INPUT ---        8 8 ;
  INPUT ---        8 ;

  INPUT ---    design matrix constraints=8 covariates=8;
  INPUT ---        1 0 0 0 0 0 0 0;
  INPUT ---        1 1 0 0 0 0 0 0;

  Program  MARK  - Survival Rate Estimation with Capture-Recapture Data
   gfortran(Win64) Vers. 8.1 Mar 2016   31-Jan-2019 12:41:47    Page  003
 - - - - - - - - - - - - - - - - - - - - - - - - - - - - - - - - - - - - - -
 
  INPUT ---        1 0 1 0 0 0 0 0;
  INPUT ---        1 0 0 1 0 0 0 0;
  INPUT ---        1 0 0 0 1 0 0 0;
  INPUT ---        1 0 0 0 0 1 0 0;
  INPUT ---        1 0 0 0 0 0 1 0;
  INPUT ---        0 0 0 0 0 0 0 1;
  INPUT ---       blabel(1)=Phi:(Intercept);
  INPUT ---       blabel(2)=Phi:time2;
  INPUT ---       blabel(3)=Phi:time13;
  INPUT ---       blabel(4)=Phi:time14;
  INPUT ---       blabel(5)=Phi:time15;
  INPUT ---       blabel(6)=Phi:time16;
  INPUT ---       blabel(7)=Phi:time17;
  INPUT ---       blabel(8)=p:(Intercept);
  INPUT ---       rlabel(1)=Phi gBIB c1 a0 t1;
  INPUT ---       rlabel(2)=Phi gBIB c1 a1 t2;
  INPUT ---       rlabel(3)=Phi gBIB c1 a12 t13;
  INPUT ---       rlabel(4)=Phi gBIB c1 a13 t14;
  INPUT ---       rlabel(5)=Phi gBIB c1 a14 t15;
  INPUT ---       rlabel(6)=Phi gBIB c1 a15 t16;
  INPUT ---       rlabel(7)=Phi gBIB c1 a16 t17;
  INPUT ---       rlabel(8)=p gBIB c1 a1 t2;

 Link Function Used is LOGIT        

 Variance Estimation Procedure Used is 2ndPart 
 -2logL(saturated) = 384.68043     
 Effective Sample Size = 2058

 Number of function evaluations was 49 for 8 parameters.
 Time for numerical optimization was 0.03 seconds.
 -2logL { Phi(~time)p(~1) } = 406.82345     
 Penalty { Phi(~time)p(~1) } = -0.0000000    
 Gradient { Phi(~time)p(~1) }:
 -0.3825121E-02-0.2392471E-02-0.2291196E-03-0.2654689E-03-0.5745577E-03
   0.000000    -0.3640558E-03-0.2113779E-02
 S Vector { Phi(~time)p(~1) }:
   81.24401      29.46482      5.610985      2.350293      1.325629    
  0.8320220     0.4941936E-05 0.1401318E-06
 Time to compute number of parameters was 0.09 seconds.
   Threshold =  0.1800000E-06     Condition index =  0.1724826E-08     New Threshold =  0.3963525E-06
 New Guessimate of Estimated Parameters { Phi(~time)p(~1) } = 6          
 Conditioned S Vector { Phi(~time)p(~1) }:
   1.000000     0.3626707     0.6906336E-01 0.2892882E-01 0.1631664E-01
  0.1024103E-01 0.6082831E-07 0.1724826E-08
 Number of Estimated Parameters { Phi(~time)p(~1) } = 6          
 DEVIANCE { Phi(~time)p(~1) } = 22.143019                     
 DEVIANCE Degrees of Freedom { Phi(~time)p(~1) } = 6            
 c-hat { Phi(~time)p(~1) } = 3.6905032                     
 AIC { Phi(~time)p(~1) } = 418.82345                  
 AICc { Phi(~time)p(~1) } = 418.86441                    
 BIC { Phi(~time)p(~1) } = 452.60039                    
 Pearson Chisquare { Phi(~time)p(~1) } = 24.206911                  
 Possible Encounter Histories { Phi(~time)p(~1) } = 508             
 Pearson Chisquare df { Phi(~time)p(~1) } = 488        
 Pearson chat { Phi(~time)p(~1) } = 0.0496043                  
 Sum(Observed/Expected) { Phi(~time)p(~1) } = 44.222485                  
 Fletcher chat { Phi(~time)p(~1) } = 0.5698232                  

  Program  MARK  - Survival Rate Estimation with Capture-Recapture Data
   gfortran(Win64) Vers. 8.1 Mar 2016   31-Jan-2019 12:41:47    Page  004
 - - - - - - - - - - - - - - - - - - - - - - - - - - - - - - - - - - - - - -
 


                     LOGIT Link Function Parameters of { Phi(~time)p(~1) }
                                                              95% Confidence Interval
 Parameter                    Beta         Standard Error      Lower           Upper
 -------------------------  --------------  --------------  --------------  --------------
    1:Phi:(Intercept)       10.638786       183.64551       -349.30641      370.58398     
    2:Phi:time2             -9.5158648      183.64500       -369.46008      350.42835     
    3:Phi:time13            -11.429556      183.64111       -371.36613      348.50702     
    4:Phi:time14            -13.389170      183.64842       -373.34008      346.56174     
    5:Phi:time15            -12.474841      183.64369       -372.41649      347.46681     
    6:Phi:time16            6.0010938       0.0000000       6.0010938       6.0010938     
    7:Phi:time17            -12.178157      183.64306       -372.11856      347.76224     
    8:p:(Intercept)         -2.8293987      0.1905048       -3.2027881      -2.4560092    


                     Real Function Parameters of { Phi(~time)p(~1) }
                                                               95% Confidence Interval
  Parameter                  Estimate       Standard Error      Lower           Upper
 --------------------------  --------------  --------------  --------------  --------------
     1:Phi gBIB c1 a0 t1     0.9999760       0.0044014       0.1986790E-151  1.0000000                           
     2:Phi gBIB c1 a1 t2     0.7545301       0.0359483       0.6775431       0.8180718                           
     3:Phi gBIB c1 a12 t13   0.3120033       0.1176076       0.1341648       0.5703025                           
     4:Phi gBIB c1 a13 t14   0.0600649       0.0619851       0.0073747       0.3546931                           
     5:Phi gBIB c1 a14 t15   0.1375185       0.0999326       0.0296713       0.4539671                           
     6:Phi gBIB c1 a15 t16   0.9999999       0.0000000       0.9999999       0.9999999                           
     7:Phi gBIB c1 a16 t17   0.1766266       0.1280911       0.0367670       0.5466021                           
     8:p gBIB c1 a1 t2       0.0557560       0.0100296       0.0390609       0.0790002                           

 Attempted ordering of parameters by estimatibility:
  1 8 2 3 7 5 4 6
 Beta number 6 is a singular value.

     CPU Time in seconds for last procedure was 0.12

  Program  MARK  - Survival Rate Estimation with Capture-Recapture Data
   gfortran(Win64) Vers. 8.1 Mar 2016   31-Jan-2019 12:41:47    Page  005
 - - - - - - - - - - - - - - - - - - - - - - - - - - - - - - - - - - - - - -
 


  INPUT --- proc stop;

     CPU Time in minutes for this job was 0.00

     Time Start = 12:41:47.419   Time End = 12:41:47.622

     Wall Clock Time in minutes for this job was 0.00


          E X E C U T I O N   S U C C E S S F U L 
