
   Program  MARK  - Survival Rate Estimation with Capture-Recapture Data
   gfortran(Win64) Vers. 8.1 Mar 2016    1-Feb-2019 12:21:44    Page  001
 - - - - - - - - - - - - - - - - - - - - - - - - - - - - - - - - - - - - - -
 
   This version was compiled by GCC version 5.3.0 using the options: 
     -cpp -iprefix c:\tdm-gcc-64\gcc\bin\../lib/gcc/x86_64-w64-mingw32/5.3.0/ -D_MT
     -U_REENTRANT -D IEEE -m64 -mtune=generic -march=x86-64 -mthreads -O2
     -fimplicit-none -fbounds-check -funroll-loops -ftree-vectorize
     -ffpe-summary=invalid,zero,overflow,underflow -fno-unsafe-math-optimizations
     -frounding-math -fsignaling-nans -fopenmp.

   This problem will use 7 of 8 possible threads.


  INPUT --- proc title ;

     CPU Time in seconds for last procedure was 0.00


  INPUT --- proc chmatrix occasions= 14 groups= 2 etype= Live Nodes= 
  INPUT --- 101 ICMeans NoHist hist= 90  ;

  INPUT ---    time interval 1 1 1 1 1 1 5 1 1 1 1 1 1 ;

  INPUT ---    glabel(1)=SpeciesBIB;

  INPUT ---    glabel(2)=SpeciesCOC;

   * *  WARNING  * *   At least a pair of the encounter histories are duplicates. 

      Number of unique encounter histories read was 71.

      Number of individual covariates read was 0.
      Time interval lengths vary and/or not equal to 1.

      Data type number is 1
      Data type is Live Recaptures (CJS)                                                                               

     CPU Time in seconds for last procedure was 0.00

  Program  MARK  - Survival Rate Estimation with Capture-Recapture Data
   gfortran(Win64) Vers. 8.1 Mar 2016    1-Feb-2019 12:21:44    Page  002
 - - - - - - - - - - - - - - - - - - - - - - - - - - - - - - - - - - - - - -
 


  INPUT --- proc estimate link=Logit NOLOOP varest=2ndPart    ;


  INPUT --- model={ Phi(~Time)p(~time) };

  INPUT ---    group=1 Phi    rows=13 cols=13 Triang ;
  INPUT ---        1 2 3 4 5 6 7 8 9 10 11 12 13 ;
  INPUT ---        2 3 4 5 6 7 8 9 10 11 12 13 ;
  INPUT ---        3 4 5 6 7 8 9 10 11 12 13 ;
  INPUT ---        4 5 6 7 8 9 10 11 12 13 ;
  INPUT ---        5 6 7 8 9 10 11 12 13 ;
  INPUT ---        6 7 8 9 10 11 12 13 ;
  INPUT ---        7 8 9 10 11 12 13 ;
  INPUT ---        8 9 10 11 12 13 ;
  INPUT ---        9 10 11 12 13 ;
  INPUT ---        10 11 12 13 ;
  INPUT ---        11 12 13 ;
  INPUT ---        12 13 ;
  INPUT ---        13 ;

  INPUT ---    group=2 Phi    rows=13 cols=13 Triang ;
  INPUT ---        1 2 3 4 5 6 7 8 9 10 11 12 13 ;
  INPUT ---        2 3 4 5 6 7 8 9 10 11 12 13 ;
  INPUT ---        3 4 5 6 7 8 9 10 11 12 13 ;
  INPUT ---        4 5 6 7 8 9 10 11 12 13 ;
  INPUT ---        5 6 7 8 9 10 11 12 13 ;
  INPUT ---        6 7 8 9 10 11 12 13 ;
  INPUT ---        7 8 9 10 11 12 13 ;
  INPUT ---        8 9 10 11 12 13 ;
  INPUT ---        9 10 11 12 13 ;
  INPUT ---        10 11 12 13 ;
  INPUT ---        11 12 13 ;
  INPUT ---        12 13 ;
  INPUT ---        13 ;

  INPUT ---    group=1 p    rows=13 cols=13 Triang ;
  INPUT ---        14 15 16 17 18 19 20 21 22 23 24 25 26 ;
  INPUT ---        15 16 17 18 19 20 21 22 23 24 25 26 ;
  INPUT ---        16 17 18 19 20 21 22 23 24 25 26 ;
  INPUT ---        17 18 19 20 21 22 23 24 25 26 ;
  INPUT ---        18 19 20 21 22 23 24 25 26 ;
  INPUT ---        19 20 21 22 23 24 25 26 ;
  INPUT ---        20 21 22 23 24 25 26 ;
  INPUT ---        21 22 23 24 25 26 ;

  Program  MARK  - Survival Rate Estimation with Capture-Recapture Data
   gfortran(Win64) Vers. 8.1 Mar 2016    1-Feb-2019 12:21:44    Page  003
 - - - - - - - - - - - - - - - - - - - - - - - - - - - - - - - - - - - - - -
 
  INPUT ---        22 23 24 25 26 ;
  INPUT ---        23 24 25 26 ;
  INPUT ---        24 25 26 ;
  INPUT ---        25 26 ;
  INPUT ---        26 ;

  INPUT ---    group=2 p    rows=13 cols=13 Triang ;
  INPUT ---        14 15 16 17 18 19 20 21 22 23 24 25 26 ;
  INPUT ---        15 16 17 18 19 20 21 22 23 24 25 26 ;
  INPUT ---        16 17 18 19 20 21 22 23 24 25 26 ;
  INPUT ---        17 18 19 20 21 22 23 24 25 26 ;
  INPUT ---        18 19 20 21 22 23 24 25 26 ;
  INPUT ---        19 20 21 22 23 24 25 26 ;
  INPUT ---        20 21 22 23 24 25 26 ;
  INPUT ---        21 22 23 24 25 26 ;
  INPUT ---        22 23 24 25 26 ;
  INPUT ---        23 24 25 26 ;
  INPUT ---        24 25 26 ;
  INPUT ---        25 26 ;
  INPUT ---        26 ;

  INPUT ---    design matrix constraints=26 covariates=15;
  INPUT ---        1 0 0 0 0 0 0 0 0 0 0 0 0 0 0;
  INPUT ---        1 1 0 0 0 0 0 0 0 0 0 0 0 0 0;
  INPUT ---        1 2 0 0 0 0 0 0 0 0 0 0 0 0 0;
  INPUT ---        1 3 0 0 0 0 0 0 0 0 0 0 0 0 0;
  INPUT ---        1 4 0 0 0 0 0 0 0 0 0 0 0 0 0;
  INPUT ---        1 5 0 0 0 0 0 0 0 0 0 0 0 0 0;
  INPUT ---        1 6 0 0 0 0 0 0 0 0 0 0 0 0 0;
  INPUT ---        1 11 0 0 0 0 0 0 0 0 0 0 0 0 0;
  INPUT ---        1 12 0 0 0 0 0 0 0 0 0 0 0 0 0;
  INPUT ---        1 13 0 0 0 0 0 0 0 0 0 0 0 0 0;
  INPUT ---        1 14 0 0 0 0 0 0 0 0 0 0 0 0 0;
  INPUT ---        1 15 0 0 0 0 0 0 0 0 0 0 0 0 0;
  INPUT ---        1 16 0 0 0 0 0 0 0 0 0 0 0 0 0;
  INPUT ---        0 0 1 0 0 0 0 0 0 0 0 0 0 0 0;
  INPUT ---        0 0 1 1 0 0 0 0 0 0 0 0 0 0 0;
  INPUT ---        0 0 1 0 1 0 0 0 0 0 0 0 0 0 0;
  INPUT ---        0 0 1 0 0 1 0 0 0 0 0 0 0 0 0;
  INPUT ---        0 0 1 0 0 0 1 0 0 0 0 0 0 0 0;
  INPUT ---        0 0 1 0 0 0 0 1 0 0 0 0 0 0 0;
  INPUT ---        0 0 1 0 0 0 0 0 1 0 0 0 0 0 0;
  INPUT ---        0 0 1 0 0 0 0 0 0 1 0 0 0 0 0;
  INPUT ---        0 0 1 0 0 0 0 0 0 0 1 0 0 0 0;
  INPUT ---        0 0 1 0 0 0 0 0 0 0 0 1 0 0 0;
  INPUT ---        0 0 1 0 0 0 0 0 0 0 0 0 1 0 0;

  Program  MARK  - Survival Rate Estimation with Capture-Recapture Data
   gfortran(Win64) Vers. 8.1 Mar 2016    1-Feb-2019 12:21:44    Page  004
 - - - - - - - - - - - - - - - - - - - - - - - - - - - - - - - - - - - - - -
 
  INPUT ---        0 0 1 0 0 0 0 0 0 0 0 0 0 1 0;
  INPUT ---        0 0 1 0 0 0 0 0 0 0 0 0 0 0 1;
  INPUT ---       blabel(1)=Phi:(Intercept);
  INPUT ---       blabel(2)=Phi:Time;
  INPUT ---       blabel(3)=p:(Intercept);
  INPUT ---       blabel(4)=p:time3;
  INPUT ---       blabel(5)=p:time4;
  INPUT ---       blabel(6)=p:time5;
  INPUT ---       blabel(7)=p:time6;
  INPUT ---       blabel(8)=p:time7;
  INPUT ---       blabel(9)=p:time12;
  INPUT ---       blabel(10)=p:time13;
  INPUT ---       blabel(11)=p:time14;
  INPUT ---       blabel(12)=p:time15;
  INPUT ---       blabel(13)=p:time16;
  INPUT ---       blabel(14)=p:time17;
  INPUT ---       blabel(15)=p:time18;
  INPUT ---       rlabel(1)=Phi gBIB c1 a0 t1;
  INPUT ---       rlabel(2)=Phi gBIB c1 a1 t2;
  INPUT ---       rlabel(3)=Phi gBIB c1 a2 t3;
  INPUT ---       rlabel(4)=Phi gBIB c1 a3 t4;
  INPUT ---       rlabel(5)=Phi gBIB c1 a4 t5;
  INPUT ---       rlabel(6)=Phi gBIB c1 a5 t6;
  INPUT ---       rlabel(7)=Phi gBIB c1 a6 t7;
  INPUT ---       rlabel(8)=Phi gBIB c1 a11 t12;
  INPUT ---       rlabel(9)=Phi gBIB c1 a12 t13;
  INPUT ---       rlabel(10)=Phi gBIB c1 a13 t14;
  INPUT ---       rlabel(11)=Phi gBIB c1 a14 t15;
  INPUT ---       rlabel(12)=Phi gBIB c1 a15 t16;
  INPUT ---       rlabel(13)=Phi gBIB c1 a16 t17;
  INPUT ---       rlabel(14)=p gBIB c1 a1 t2;
  INPUT ---       rlabel(15)=p gBIB c1 a2 t3;
  INPUT ---       rlabel(16)=p gBIB c1 a3 t4;
  INPUT ---       rlabel(17)=p gBIB c1 a4 t5;
  INPUT ---       rlabel(18)=p gBIB c1 a5 t6;
  INPUT ---       rlabel(19)=p gBIB c1 a6 t7;
  INPUT ---       rlabel(20)=p gBIB c1 a11 t12;
  INPUT ---       rlabel(21)=p gBIB c1 a12 t13;
  INPUT ---       rlabel(22)=p gBIB c1 a13 t14;
  INPUT ---       rlabel(23)=p gBIB c1 a14 t15;
  INPUT ---       rlabel(24)=p gBIB c1 a15 t16;
  INPUT ---       rlabel(25)=p gBIB c1 a16 t17;
  INPUT ---       rlabel(26)=p gBIB c1 a17 t18;

 Link Function Used is LOGIT        

  Program  MARK  - Survival Rate Estimation with Capture-Recapture Data
   gfortran(Win64) Vers. 8.1 Mar 2016    1-Feb-2019 12:21:44    Page  005
 - - - - - - - - - - - - - - - - - - - - - - - - - - - - - - - - - - - - - -
 

 Variance Estimation Procedure Used is 2ndPart 
 -2logL(saturated) = 2040.5974     
 Effective Sample Size = 4699

 Number of function evaluations was 55 for 15 parameters.
 Time for numerical optimization was 0.14 seconds.
 -2logL { Phi(~Time)p(~time) } = 2274.0861     
 Penalty { Phi(~Time)p(~time) } = -0.0000000    
 Gradient { Phi(~Time)p(~time) }:
  0.2236826E-04 0.1168062E-04  0.000000     0.4121995E-05  0.000000    
  0.1963659E-05 0.5921840E-05 0.1973782E-05-0.2164358E-04 0.2157693E-05
 -0.2182974E-05 0.8362475E-05 0.6961585E-05 0.6230088E-05 0.6331775E-05
 S Vector { Phi(~Time)p(~time) }:
   326.8183      53.61671      24.06836      18.63397      16.29538    
   15.65048      14.96659      7.954305      6.315940      3.981641    
   2.173624      1.118386     0.9928995     0.1049895     0.3461837E-04
 Time to compute number of parameters was 0.08 seconds.
   Threshold =  0.3200000E-06     Condition index =  0.1059254E-06     New Threshold =  0.1340764E-03
 New Guessimate of Estimated Parameters { Phi(~Time)p(~time) } = 14          
 Conditioned S Vector { Phi(~Time)p(~time) }:
   1.000000     0.1640566     0.7364448E-01 0.5701632E-01 0.4986066E-01
  0.4788742E-01 0.4579485E-01 0.2433862E-01 0.1932554E-01 0.1218304E-01
  0.6650865E-02 0.3422042E-02 0.3038078E-02 0.3212473E-03 0.1059254E-06
 Number of Estimated Parameters { Phi(~Time)p(~time) } = 14          
 DEVIANCE { Phi(~Time)p(~time) } = 233.48865                     
 DEVIANCE Degrees of Freedom { Phi(~Time)p(~time) } = 48            
 c-hat { Phi(~Time)p(~time) } = 4.8643468                     
 AIC { Phi(~Time)p(~time) } = 2302.0861                  
 AICc { Phi(~Time)p(~time) } = 2302.1757                    
 BIC { Phi(~Time)p(~time) } = 2392.4576                    
 Pearson Chisquare { Phi(~Time)p(~time) } = 613.76478                  
 Possible Encounter Histories { Phi(~Time)p(~time) } = 32764             
 Pearson Chisquare df { Phi(~Time)p(~time) } = 32724        
 Pearson chat { Phi(~Time)p(~time) } = 0.0187558                  
 Sum(Observed/Expected) { Phi(~Time)p(~time) } = 590.11595                  
 Fletcher chat { Phi(~Time)p(~time) } = 1.0413462                  


                    LOGIT Link Function Parameters of { Phi(~Time)p(~time) }
                                                              95% Confidence Interval
 Parameter                    Beta         Standard Error      Lower           Upper
 -------------------------  --------------  --------------  --------------  --------------
    1:Phi:(Intercept)       -1.0330032      0.3943860       -1.8059997      -0.2600066    
    2:Phi:Time              0.9107947       0.1914425       0.5355675       1.2860220     
    3:p:(Intercept)         -26.091035      0.0000000       -26.091035      -26.091035    
    4:p:time3               21.064432       0.0000000       21.064432       21.064432     
    5:p:time4               20.914141       0.0000000       20.914141       20.914141     
    6:p:time5               22.158158       0.0000000       22.158158       22.158158     
    7:p:time6               22.037471       0.0000000       22.037471       22.037471     
    8:p:time7               22.039389       0.0000000       22.039389       22.039389     
    9:p:time12              24.212874       0.0000000       24.212874       24.212874     
   10:p:time13              20.075624       0.0000000       20.075624       20.075624     
   11:p:time14              19.831549       0.0000000       19.831549       19.831549     
   12:p:time15              20.751806       0.0000000       20.751806       20.751806     
   13:p:time16              18.596716       0.0000000       18.596716       18.596716     
   14:p:time17              20.897636       0.0000000       20.897636       20.897636     
   15:p:time18              20.545965       0.0000000       20.545965       20.545965     

  Program  MARK  - Survival Rate Estimation with Capture-Recapture Data
   gfortran(Win64) Vers. 8.1 Mar 2016    1-Feb-2019 12:21:44    Page  006
 - - - - - - - - - - - - - - - - - - - - - - - - - - - - - - - - - - - - - -
 


                    Real Function Parameters of { Phi(~Time)p(~time) }
                                                               95% Confidence Interval
  Parameter                  Estimate       Standard Error      Lower           Upper
 --------------------------  --------------  --------------  --------------  --------------
     1:Phi gBIB c1 a0 t1     0.2625023       0.0763511       0.1411223       0.4353621                           
     2:Phi gBIB c1 a1 t2     0.4694858       0.0635715       0.3492193       0.5934040                           
     3:Phi gBIB c1 a2 t3     0.6875277       0.0470930       0.5887839       0.7717522                           
     4:Phi gBIB c1 a3 t4     0.8454539       0.0421894       0.7439338       0.9115126                           
     5:Phi gBIB c1 a4 t5     0.9315136       0.0308449       0.8405774       0.9722889                           
     6:Phi gBIB c1 a5 t6     0.9712786       0.0184322       0.9025538       0.9919661                           
     7:Phi gBIB c1 a6 t7     0.9882463       0.0098059       0.9414272       0.9977316                           
     8:Phi gBIB c1 a11 t12   0.9998748       0.2236224E-003  0.9958627       0.9999962                           
     9:Phi gBIB c1 a12 t13   0.9999497       0.9953115E-004  0.9975800       0.9999990                           
    10:Phi gBIB c1 a13 t14   0.9999797       0.4389033E-004  0.9985849       0.9999997                           
    11:Phi gBIB c1 a14 t15   0.9999919       0.1920562E-004  0.9991726       0.9999999                           
    12:Phi gBIB c1 a15 t16   0.9999967       0.8349427E-005  0.9995162       1.0000000                           
    13:Phi gBIB c1 a16 t17   0.9999987       0.3609608E-005  0.9997171       1.0000000                           
    14:p gBIB c1 a1 t2       0.4664525E-011  0.0000000       0.4664525E-011  0.4664525E-011                      
    15:p gBIB c1 a2 t3       0.0065183       0.0065961       0.8903557E-003  0.0460797                           
    16:p gBIB c1 a3 t4       0.0056138       0.0056622       0.7726320E-003  0.0395874                           
    17:p gBIB c1 a4 t5       0.0192110       0.0098649       0.0069706       0.0518235                           
    18:p gBIB c1 a5 t6       0.0170641       0.0043226       0.0103673       0.0279646                           
    19:p gBIB c1 a6 t7       0.0170964       0.0042544       0.0104787       0.0277760                           
    20:p gBIB c1 a11 t12     0.1326003       0.0165122       0.1034428       0.1684323                           
    21:p gBIB c1 a12 t13     0.0024349       0.9240783E-003  0.0011566       0.0051186                           
    22:p gBIB c1 a13 t14     0.0019086       0.7814157E-003  0.8550545E-003  0.0042546                           
    23:p gBIB c1 a14 t15     0.0047766       0.0012021       0.0029154       0.0078169                           
    24:p gBIB c1 a15 t16     0.5559260E-003  0.3933746E-003  0.1388480E-003  0.0022231                           
    25:p gBIB c1 a16 t17     0.0055224       0.0012434       0.0035504       0.0085804                           
    26:p gBIB c1 a17 t18     0.0038915       0.0010092       0.0023397       0.0064657                           

 Attempted ordering of parameters by estimatibility:
   3  9  1 14  8 12  7 15 10 11  6 13  5  2  4
 Beta number 4 is a singular value.

     CPU Time in seconds for last procedure was 0.23

  Program  MARK  - Survival Rate Estimation with Capture-Recapture Data
   gfortran(Win64) Vers. 8.1 Mar 2016    1-Feb-2019 12:21:44    Page  007
 - - - - - - - - - - - - - - - - - - - - - - - - - - - - - - - - - - - - - -
 


  INPUT --- proc stop;

     CPU Time in minutes for this job was 0.00

     Time Start = 12:21:44.532   Time End = 12:21:44.822

     Wall Clock Time in minutes for this job was 0.00


          E X E C U T I O N   S U C C E S S F U L 
