
   Program  MARK  - Survival Rate Estimation with Capture-Recapture Data
   gfortran(Win64) Vers. 8.1 Mar 2016   31-Jan-2019 15:51:49    Page  001
 - - - - - - - - - - - - - - - - - - - - - - - - - - - - - - - - - - - - - -
 
   This version was compiled by GCC version 5.3.0 using the options: 
     -cpp -iprefix c:\tdm-gcc-64\gcc\bin\../lib/gcc/x86_64-w64-mingw32/5.3.0/ -D_MT
     -U_REENTRANT -D IEEE -m64 -mtune=generic -march=x86-64 -mthreads -O2
     -fimplicit-none -fbounds-check -funroll-loops -ftree-vectorize
     -ffpe-summary=invalid,zero,overflow,underflow -fno-unsafe-math-optimizations
     -frounding-math -fsignaling-nans -fopenmp.

   This problem will use 7 of 8 possible threads.


  INPUT --- proc title ;

     CPU Time in seconds for last procedure was 0.00


  INPUT --- proc chmatrix occasions= 13 groups= 2 etype= Live Nodes= 
  INPUT --- 101 ICMeans NoHist hist= 71  ;

  INPUT ---    time interval 1 1 1 1 1 6 1 1 1 1 1 1 ;

  INPUT ---    glabel(1)=SpeciesBIB;

  INPUT ---    glabel(2)=SpeciesCOC;

   * *  WARNING  * *   At least a pair of the encounter histories are duplicates. 

      Number of unique encounter histories read was 49.

      Number of individual covariates read was 0.
      Time interval lengths vary and/or not equal to 1.

      Data type number is 1
      Data type is Live Recaptures (CJS)                                                                               

     CPU Time in seconds for last procedure was 0.00

  Program  MARK  - Survival Rate Estimation with Capture-Recapture Data
   gfortran(Win64) Vers. 8.1 Mar 2016   31-Jan-2019 15:51:49    Page  002
 - - - - - - - - - - - - - - - - - - - - - - - - - - - - - - - - - - - - - -
 


  INPUT --- proc estimate link=Logit NOLOOP varest=2ndPart    ;


  INPUT --- model={ Phi(~time)p(~Species + time) };

  INPUT ---    group=1 Phi    rows=12 cols=12 Triang ;
  INPUT ---        1 2 3 4 5 6 7 8 9 10 11 12 ;
  INPUT ---        2 3 4 5 6 7 8 9 10 11 12 ;
  INPUT ---        3 4 5 6 7 8 9 10 11 12 ;
  INPUT ---        4 5 6 7 8 9 10 11 12 ;
  INPUT ---        5 6 7 8 9 10 11 12 ;
  INPUT ---        6 7 8 9 10 11 12 ;
  INPUT ---        7 8 9 10 11 12 ;
  INPUT ---        8 9 10 11 12 ;
  INPUT ---        9 10 11 12 ;
  INPUT ---        10 11 12 ;
  INPUT ---        11 12 ;
  INPUT ---        12 ;

  INPUT ---    group=2 Phi    rows=12 cols=12 Triang ;
  INPUT ---        1 2 3 4 5 6 7 8 9 10 11 12 ;
  INPUT ---        2 3 4 5 6 7 8 9 10 11 12 ;
  INPUT ---        3 4 5 6 7 8 9 10 11 12 ;
  INPUT ---        4 5 6 7 8 9 10 11 12 ;
  INPUT ---        5 6 7 8 9 10 11 12 ;
  INPUT ---        6 7 8 9 10 11 12 ;
  INPUT ---        7 8 9 10 11 12 ;
  INPUT ---        8 9 10 11 12 ;
  INPUT ---        9 10 11 12 ;
  INPUT ---        10 11 12 ;
  INPUT ---        11 12 ;
  INPUT ---        12 ;

  INPUT ---    group=1 p    rows=12 cols=12 Triang ;
  INPUT ---        13 14 15 16 17 18 19 20 21 22 23 24 ;
  INPUT ---        14 15 16 17 18 19 20 21 22 23 24 ;
  INPUT ---        15 16 17 18 19 20 21 22 23 24 ;
  INPUT ---        16 17 18 19 20 21 22 23 24 ;
  INPUT ---        17 18 19 20 21 22 23 24 ;
  INPUT ---        18 19 20 21 22 23 24 ;
  INPUT ---        19 20 21 22 23 24 ;
  INPUT ---        20 21 22 23 24 ;
  INPUT ---        21 22 23 24 ;
  INPUT ---        22 23 24 ;

  Program  MARK  - Survival Rate Estimation with Capture-Recapture Data
   gfortran(Win64) Vers. 8.1 Mar 2016   31-Jan-2019 15:51:49    Page  003
 - - - - - - - - - - - - - - - - - - - - - - - - - - - - - - - - - - - - - -
 
  INPUT ---        23 24 ;
  INPUT ---        24 ;

  INPUT ---    group=2 p    rows=12 cols=12 Triang ;
  INPUT ---        25 26 27 28 29 30 31 32 33 34 35 36 ;
  INPUT ---        26 27 28 29 30 31 32 33 34 35 36 ;
  INPUT ---        27 28 29 30 31 32 33 34 35 36 ;
  INPUT ---        28 29 30 31 32 33 34 35 36 ;
  INPUT ---        29 30 31 32 33 34 35 36 ;
  INPUT ---        30 31 32 33 34 35 36 ;
  INPUT ---        31 32 33 34 35 36 ;
  INPUT ---        32 33 34 35 36 ;
  INPUT ---        33 34 35 36 ;
  INPUT ---        34 35 36 ;
  INPUT ---        35 36 ;
  INPUT ---        36 ;

  INPUT ---    design matrix constraints=36 covariates=25;
  INPUT ---        1 0 0 0 0 0 0 0 0 0 0 0 0 0 0 0 0 0 0 0 0 0 0 0 0;
  INPUT ---        1 1 0 0 0 0 0 0 0 0 0 0 0 0 0 0 0 0 0 0 0 0 0 0 0;
  INPUT ---        1 0 1 0 0 0 0 0 0 0 0 0 0 0 0 0 0 0 0 0 0 0 0 0 0;
  INPUT ---        1 0 0 1 0 0 0 0 0 0 0 0 0 0 0 0 0 0 0 0 0 0 0 0 0;
  INPUT ---        1 0 0 0 1 0 0 0 0 0 0 0 0 0 0 0 0 0 0 0 0 0 0 0 0;
  INPUT ---        1 0 0 0 0 1 0 0 0 0 0 0 0 0 0 0 0 0 0 0 0 0 0 0 0;
  INPUT ---        1 0 0 0 0 0 1 0 0 0 0 0 0 0 0 0 0 0 0 0 0 0 0 0 0;
  INPUT ---        1 0 0 0 0 0 0 1 0 0 0 0 0 0 0 0 0 0 0 0 0 0 0 0 0;
  INPUT ---        1 0 0 0 0 0 0 0 1 0 0 0 0 0 0 0 0 0 0 0 0 0 0 0 0;
  INPUT ---        1 0 0 0 0 0 0 0 0 1 0 0 0 0 0 0 0 0 0 0 0 0 0 0 0;
  INPUT ---        1 0 0 0 0 0 0 0 0 0 1 0 0 0 0 0 0 0 0 0 0 0 0 0 0;
  INPUT ---        1 0 0 0 0 0 0 0 0 0 0 1 0 0 0 0 0 0 0 0 0 0 0 0 0;
  INPUT ---        0 0 0 0 0 0 0 0 0 0 0 0 1 0 0 0 0 0 0 0 0 0 0 0 0;
  INPUT ---        0 0 0 0 0 0 0 0 0 0 0 0 1 0 1 0 0 0 0 0 0 0 0 0 0;
  INPUT ---        0 0 0 0 0 0 0 0 0 0 0 0 1 0 0 1 0 0 0 0 0 0 0 0 0;
  INPUT ---        0 0 0 0 0 0 0 0 0 0 0 0 1 0 0 0 1 0 0 0 0 0 0 0 0;
  INPUT ---        0 0 0 0 0 0 0 0 0 0 0 0 1 0 0 0 0 1 0 0 0 0 0 0 0;
  INPUT ---        0 0 0 0 0 0 0 0 0 0 0 0 1 0 0 0 0 0 1 0 0 0 0 0 0;
  INPUT ---        0 0 0 0 0 0 0 0 0 0 0 0 1 0 0 0 0 0 0 1 0 0 0 0 0;
  INPUT ---        0 0 0 0 0 0 0 0 0 0 0 0 1 0 0 0 0 0 0 0 1 0 0 0 0;
  INPUT ---        0 0 0 0 0 0 0 0 0 0 0 0 1 0 0 0 0 0 0 0 0 1 0 0 0;
  INPUT ---        0 0 0 0 0 0 0 0 0 0 0 0 1 0 0 0 0 0 0 0 0 0 1 0 0;
  INPUT ---        0 0 0 0 0 0 0 0 0 0 0 0 1 0 0 0 0 0 0 0 0 0 0 1 0;
  INPUT ---        0 0 0 0 0 0 0 0 0 0 0 0 1 0 0 0 0 0 0 0 0 0 0 0 1;
  INPUT ---        0 0 0 0 0 0 0 0 0 0 0 0 1 1 0 0 0 0 0 0 0 0 0 0 0;
  INPUT ---        0 0 0 0 0 0 0 0 0 0 0 0 1 1 1 0 0 0 0 0 0 0 0 0 0;
  INPUT ---        0 0 0 0 0 0 0 0 0 0 0 0 1 1 0 1 0 0 0 0 0 0 0 0 0;
  INPUT ---        0 0 0 0 0 0 0 0 0 0 0 0 1 1 0 0 1 0 0 0 0 0 0 0 0;

  Program  MARK  - Survival Rate Estimation with Capture-Recapture Data
   gfortran(Win64) Vers. 8.1 Mar 2016   31-Jan-2019 15:51:50    Page  004
 - - - - - - - - - - - - - - - - - - - - - - - - - - - - - - - - - - - - - -
 
  INPUT ---        0 0 0 0 0 0 0 0 0 0 0 0 1 1 0 0 0 1 0 0 0 0 0 0 0;
  INPUT ---        0 0 0 0 0 0 0 0 0 0 0 0 1 1 0 0 0 0 1 0 0 0 0 0 0;
  INPUT ---        0 0 0 0 0 0 0 0 0 0 0 0 1 1 0 0 0 0 0 1 0 0 0 0 0;
  INPUT ---        0 0 0 0 0 0 0 0 0 0 0 0 1 1 0 0 0 0 0 0 1 0 0 0 0;
  INPUT ---        0 0 0 0 0 0 0 0 0 0 0 0 1 1 0 0 0 0 0 0 0 1 0 0 0;
  INPUT ---        0 0 0 0 0 0 0 0 0 0 0 0 1 1 0 0 0 0 0 0 0 0 1 0 0;
  INPUT ---        0 0 0 0 0 0 0 0 0 0 0 0 1 1 0 0 0 0 0 0 0 0 0 1 0;
  INPUT ---        0 0 0 0 0 0 0 0 0 0 0 0 1 1 0 0 0 0 0 0 0 0 0 0 1;
  INPUT ---       blabel(1)=Phi:(Intercept);
  INPUT ---       blabel(2)=Phi:time2;
  INPUT ---       blabel(3)=Phi:time3;
  INPUT ---       blabel(4)=Phi:time4;
  INPUT ---       blabel(5)=Phi:time5;
  INPUT ---       blabel(6)=Phi:time6;
  INPUT ---       blabel(7)=Phi:time12;
  INPUT ---       blabel(8)=Phi:time13;
  INPUT ---       blabel(9)=Phi:time14;
  INPUT ---       blabel(10)=Phi:time15;
  INPUT ---       blabel(11)=Phi:time16;
  INPUT ---       blabel(12)=Phi:time17;
  INPUT ---       blabel(13)=p:(Intercept);
  INPUT ---       blabel(14)=p:SpeciesCOC;
  INPUT ---       blabel(15)=p:time3;
  INPUT ---       blabel(16)=p:time4;
  INPUT ---       blabel(17)=p:time5;
  INPUT ---       blabel(18)=p:time6;
  INPUT ---       blabel(19)=p:time12;
  INPUT ---       blabel(20)=p:time13;
  INPUT ---       blabel(21)=p:time14;
  INPUT ---       blabel(22)=p:time15;
  INPUT ---       blabel(23)=p:time16;
  INPUT ---       blabel(24)=p:time17;
  INPUT ---       blabel(25)=p:time18;
  INPUT ---       rlabel(1)=Phi gBIB c1 a0 t1;
  INPUT ---       rlabel(2)=Phi gBIB c1 a1 t2;
  INPUT ---       rlabel(3)=Phi gBIB c1 a2 t3;
  INPUT ---       rlabel(4)=Phi gBIB c1 a3 t4;
  INPUT ---       rlabel(5)=Phi gBIB c1 a4 t5;
  INPUT ---       rlabel(6)=Phi gBIB c1 a5 t6;
  INPUT ---       rlabel(7)=Phi gBIB c1 a11 t12;
  INPUT ---       rlabel(8)=Phi gBIB c1 a12 t13;
  INPUT ---       rlabel(9)=Phi gBIB c1 a13 t14;
  INPUT ---       rlabel(10)=Phi gBIB c1 a14 t15;
  INPUT ---       rlabel(11)=Phi gBIB c1 a15 t16;
  INPUT ---       rlabel(12)=Phi gBIB c1 a16 t17;
  INPUT ---       rlabel(13)=p gBIB c1 a1 t2;

  Program  MARK  - Survival Rate Estimation with Capture-Recapture Data
   gfortran(Win64) Vers. 8.1 Mar 2016   31-Jan-2019 15:51:50    Page  005
 - - - - - - - - - - - - - - - - - - - - - - - - - - - - - - - - - - - - - -
 
  INPUT ---       rlabel(14)=p gBIB c1 a2 t3;
  INPUT ---       rlabel(15)=p gBIB c1 a3 t4;
  INPUT ---       rlabel(16)=p gBIB c1 a4 t5;
  INPUT ---       rlabel(17)=p gBIB c1 a5 t6;
  INPUT ---       rlabel(18)=p gBIB c1 a11 t12;
  INPUT ---       rlabel(19)=p gBIB c1 a12 t13;
  INPUT ---       rlabel(20)=p gBIB c1 a13 t14;
  INPUT ---       rlabel(21)=p gBIB c1 a14 t15;
  INPUT ---       rlabel(22)=p gBIB c1 a15 t16;
  INPUT ---       rlabel(23)=p gBIB c1 a16 t17;
  INPUT ---       rlabel(24)=p gBIB c1 a17 t18;
  INPUT ---       rlabel(25)=p gCOC c1 a1 t2;
  INPUT ---       rlabel(26)=p gCOC c1 a2 t3;
  INPUT ---       rlabel(27)=p gCOC c1 a3 t4;
  INPUT ---       rlabel(28)=p gCOC c1 a4 t5;
  INPUT ---       rlabel(29)=p gCOC c1 a5 t6;
  INPUT ---       rlabel(30)=p gCOC c1 a11 t12;
  INPUT ---       rlabel(31)=p gCOC c1 a12 t13;
  INPUT ---       rlabel(32)=p gCOC c1 a13 t14;
  INPUT ---       rlabel(33)=p gCOC c1 a14 t15;
  INPUT ---       rlabel(34)=p gCOC c1 a15 t16;
  INPUT ---       rlabel(35)=p gCOC c1 a16 t17;
  INPUT ---       rlabel(36)=p gCOC c1 a17 t18;

 Link Function Used is LOGIT        

 Variance Estimation Procedure Used is 2ndPart 
 -2logL(saturated) = 740.80268     
 Effective Sample Size = 2405

 Number of function evaluations was 100 for 25 parameters.
 Time for numerical optimization was 0.45 seconds.
 -2logL { Phi(~time)p(~Species + time) } = 912.13904     
 Penalty { Phi(~time)p(~Species + time) } = -0.0000000    
 Gradient { Phi(~time)p(~Species + time) }:
 -0.3059018E-02  0.000000    -0.1558528E-02-0.2897483E-04-0.3098525E-06
   0.000000    -0.6151333E-03-0.1541884E-04  0.000000    -0.8460941E-03
   0.000000     0.5917309E-06-0.5105884E-02-0.3902707E-02  0.000000    
 -0.1037395E-02-0.3155370E-02-0.8380238E-03-0.6233931E-02-0.4656694E-03
  0.5615382E-03 0.1386885E-03 0.2074594E-03-0.8660459E-03 0.2990574E-03

  Program  MARK  - Survival Rate Estimation with Capture-Recapture Data
   gfortran(Win64) Vers. 8.1 Mar 2016   31-Jan-2019 15:51:50    Page  006
 - - - - - - - - - - - - - - - - - - - - - - - - - - - - - - - - - - - - - -
 
 S Vector { Phi(~time)p(~Species + time) }:
   132.4429      37.62070      19.85573      11.90499      7.836983    
   7.187289      6.679201      5.361536      5.175791      3.407708    
   1.153275     0.9953854     0.4898643     0.2408785     0.2022384    
  0.1167438E-03 0.1400366E-04 0.7703169E-05 0.1175087E-06 0.1316269E-07
  0.1153980E-07 0.4697643E-09 0.2411553E-09 0.1883031E-09 0.2196294E-10
 Time to compute number of parameters was 0.09 seconds.
   Threshold =  0.5200000E-06     Condition index =  0.1658295E-12     New Threshold =  0.1098147E-09
 New Guessimate of Estimated Parameters { Phi(~time)p(~Species + time) } = 19          
 Conditioned S Vector { Phi(~time)p(~Species + time) }:
   1.000000     0.2840523     0.1499192     0.8988774E-01 0.5917255E-01
  0.5426708E-01 0.5043080E-01 0.4048187E-01 0.3907941E-01 0.2572964E-01
  0.8707712E-02 0.7515581E-02 0.3698683E-02 0.1818735E-02 0.1526985E-02
  0.8814653E-06 0.1057336E-06 0.5816219E-07 0.8872404E-09 0.9938385E-10
  0.8713037E-10 0.3546920E-11 0.1820825E-11 0.1421768E-11 0.1658295E-12
 Number of Estimated Parameters { Phi(~time)p(~Species + time) } = 16          
 DEVIANCE { Phi(~time)p(~Species + time) } = 171.33636                     
 DEVIANCE Degrees of Freedom { Phi(~time)p(~Species + time) } = 29            
 c-hat { Phi(~time)p(~Species + time) } = 5.9081504                     
 AIC { Phi(~time)p(~Species + time) } = 944.13904                  
 AICc { Phi(~time)p(~Species + time) } = 944.36685                    
 BIC { Phi(~time)p(~Species + time) } = 1036.7039                    
 Pearson Chisquare { Phi(~time)p(~Species + time) } = 2134.9744                  
 Possible Encounter Histories { Phi(~time)p(~Species + time) } = 16380             
 Pearson Chisquare df { Phi(~time)p(~Species + time) } = 16340        
 Pearson chat { Phi(~time)p(~Species + time) } = 0.1306594                  
 Sum(Observed/Expected) { Phi(~time)p(~Species + time) } = 2143.0895                  
 Fletcher chat { Phi(~time)p(~Species + time) } = 0.9986521                  


               LOGIT Link Function Parameters of { Phi(~time)p(~Species + time) }
                                                              95% Confidence Interval
 Parameter                    Beta         Standard Error      Lower           Upper
 -------------------------  --------------  --------------  --------------  --------------
    1:Phi:(Intercept)       53.222982       47.564833       -40.004092      146.45006     
    2:Phi:time2             -22.234071      0.0000000       -22.234071      -22.234071    
    3:Phi:time3             -51.323446      47.626151       -144.67070      42.023813     
    4:Phi:time4             -40.982962      266.82679       -563.96348      481.99756     
    5:Phi:time5             -35.690627      2918.4013       -5755.7573      5684.3760     
    6:Phi:time6             30.754761       0.0060850       30.742834       30.766687     
    7:Phi:time12            -54.001418      47.566293       -147.23135      39.228518     
    8:Phi:time13            -41.027479      359.92813       -746.48662      664.43166     
    9:Phi:time14            43.320114       0.5423866E-004  43.320008       43.320221     
   10:Phi:time15            -53.243823      47.579290       -146.49923      40.011586     
   11:Phi:time16            49.155776       0.0000000       49.155776       49.155776     
   12:Phi:time17            -37.425184      9308.5746       -18282.232      18207.381     
   13:p:(Intercept)         -4.6332596      0.6192666       -5.8470222      -3.4194971    
   14:p:SpeciesCOC          0.6895548       0.2794464       0.1418397       1.2372698     
   15:p:time3               -145.86022      0.4504891E-005  -145.86023      -145.86021    
   16:p:time4               -1.4219108      1.1984877       -3.7709468      0.9271251     
   17:p:time5               0.1961841       0.7623563       -1.2980344      1.6904025     
   18:p:time6               -2.0252323      1.1770531       -4.3322563      0.2817918     
   19:p:time12              1.2413004       0.6475314       -0.0278612      2.5104620     
   20:p:time13              -0.0986138      0.7971026       -1.6609349      1.4637073     
   21:p:time14              0.0325261       0.7478684       -1.4332960      1.4983483     
   22:p:time15              -0.5574826      0.7836621       -2.0934604      0.9784952     
   23:p:time16              0.8631850       0.9301427       -0.9598948      2.6862647     
   24:p:time17              0.1158048       0.8800470       -1.6090873      1.8406969     
   25:p:time18              -0.3685420      0.8707739       -2.0752590      1.3381749     

  Program  MARK  - Survival Rate Estimation with Capture-Recapture Data
   gfortran(Win64) Vers. 8.1 Mar 2016   31-Jan-2019 15:51:50    Page  007
 - - - - - - - - - - - - - - - - - - - - - - - - - - - - - - - - - - - - - -
 


               Real Function Parameters of { Phi(~time)p(~Species + time) }
                                                               95% Confidence Interval
  Parameter                  Estimate       Standard Error      Lower           Upper
 --------------------------  --------------  --------------  --------------  --------------
     1:Phi gBIB c1 a0 t1     1.0000000       0.0000000       1.0000000       1.0000000                           
     2:Phi gBIB c1 a1 t2     1.0000000       0.0000000       1.0000000       1.0000000                           
     3:Phi gBIB c1 a2 t3     0.8698390       0.2571369       0.0722985       0.9982580                           
     4:Phi gBIB c1 a3 t4     0.9999952       0.0012689       0.6683102E-218  1.0000000                           
     5:Phi gBIB c1 a4 t5     1.0000000       0.7093988E-004  0.4055716E-296  1.0000000                           
     6:Phi gBIB c1 a5 t6     1.0000000       0.0000000       1.0000000       1.0000000                           
     7:Phi gBIB c1 a11 t12   0.3146570       0.1287166       0.1247360       0.5966327                           
     8:Phi gBIB c1 a12 t13   0.9999949       0.0018028       0.3980357E-298  1.0000000                           
     9:Phi gBIB c1 a13 t14   1.0000000       0.0000000       1.0000000       1.0000000                           
    10:Phi gBIB c1 a14 t15   0.4947899       0.3358690       0.0657220       0.9316718                           
    11:Phi gBIB c1 a15 t16   1.0000000       0.0000000       1.0000000       1.0000000                           
    12:Phi gBIB c1 a16 t17   0.9999999       0.0012823       0.7157464E-297  1.0000000                           
    13:p gBIB c1 a1 t2       0.0096294       0.0059057       0.0028802       0.0316917                           
    14:p gBIB c1 a2 t3       0.4380378E-065  0.2712622E-065  -.9363609E-066  0.9697117E-065                      
    15:p gBIB c1 a3 t4       0.0023402       0.0024239       0.3064948E-003  0.0176305                           
    16:p gBIB c1 a4 t5       0.0116922       0.0054520       0.0046704       0.0289637                           
    17:p gBIB c1 a5 t6       0.0012814       0.0012967       0.1760865E-003  0.0092611                           
    18:p gBIB c1 a11 t12     0.0325477       0.0073784       0.0208112       0.0505612                           
    19:p gBIB c1 a12 t13     0.0087330       0.0051263       0.0027523       0.0273528                           
    20:p gBIB c1 a13 t14     0.0099446       0.0051575       0.0035848       0.0272782                           
    21:p gBIB c1 a14 t15     0.0055370       0.0031564       0.0018070       0.0168367                           
    22:p gBIB c1 a15 t16     0.0225310       0.0163996       0.0053272       0.0902513                           
    23:p gBIB c1 a16 t17     0.0107989       0.0073066       0.0028486       0.0400468                           
    24:p gBIB c1 a17 t18     0.0066809       0.0044205       0.0018195       0.0242161                           
    25:p gCOC c1 a1 t2       0.0190080       0.0109243       0.0061082       0.0575722                           
    26:p gCOC c1 a2 t3       0.8729340E-065  0.5114168E-065  -.1294429E-065  0.1875311E-064                      
    27:p gCOC c1 a3 t4       0.0046528       0.0049077       0.5853807E-003  0.0359654                           
    28:p gCOC c1 a4 t5       0.0230331       0.0116454       0.0084773       0.0610431                           
    29:p gCOC c1 a5 t6       0.0025504       0.0026342       0.3358706E-003  0.0190880                           
    30:p gCOC c1 a11 t12     0.0628316       0.0193324       0.0340297       0.1131553                           
    31:p gCOC c1 a12 t13     0.0172538       0.0092623       0.0059821       0.0487227                           
    32:p gCOC c1 a13 t14     0.0196241       0.0090728       0.0078802       0.0480226                           
    33:p gCOC c1 a14 t15     0.0109740       0.0057166       0.0039365       0.0302118                           
    34:p gCOC c1 a15 t16     0.0439180       0.0307555       0.0108129       0.1618002                           
    35:p gCOC c1 a16 t17     0.0212920       0.0138938       0.0058544       0.0743916                           
    36:p gCOC c1 a17 t18     0.0132261       0.0085664       0.0036889       0.0462756                           

 Attempted ordering of parameters by estimatibility:
  13  1 14 19 23 21 24 20 22 17 25 16 18  7 10  3  4  8  5  2 12  6  9 11 15

 Beta number 15 is a singular value.

     CPU Time in seconds for last procedure was 0.55

  Program  MARK  - Survival Rate Estimation with Capture-Recapture Data
   gfortran(Win64) Vers. 8.1 Mar 2016   31-Jan-2019 15:51:50    Page  008
 - - - - - - - - - - - - - - - - - - - - - - - - - - - - - - - - - - - - - -
 


  INPUT --- proc stop;

   * *  WARNING  * *   Numerical underflow occurred during final processing of this model. 
     IEEE flag status at final processing of this model:
     overflow       F
     divide by zero F
     invalid        F
     underflow      T
     inexact        T


     CPU Time in minutes for this job was 0.01

     Time Start = 15:51:49.962   Time End = 15:51:50.428

     Wall Clock Time in minutes for this job was 0.01


          E X E C U T I O N   S U C C E S S F U L 
