
   Program  MARK  - Survival Rate Estimation with Capture-Recapture Data
   gfortran(Win64) Vers. 8.1 Mar 2016    1-Feb-2019 12:22:40    Page  001
 - - - - - - - - - - - - - - - - - - - - - - - - - - - - - - - - - - - - - -
 
   This version was compiled by GCC version 5.3.0 using the options: 
     -cpp -iprefix c:\tdm-gcc-64\gcc\bin\../lib/gcc/x86_64-w64-mingw32/5.3.0/ -D_MT
     -U_REENTRANT -D IEEE -m64 -mtune=generic -march=x86-64 -mthreads -O2
     -fimplicit-none -fbounds-check -funroll-loops -ftree-vectorize
     -ffpe-summary=invalid,zero,overflow,underflow -fno-unsafe-math-optimizations
     -frounding-math -fsignaling-nans -fopenmp.

   This problem will use 7 of 8 possible threads.


  INPUT --- proc title ;

     CPU Time in seconds for last procedure was 0.00


  INPUT --- proc chmatrix occasions= 14 groups= 2 etype= Live Nodes= 
  INPUT --- 101 ICMeans NoHist hist= 90  ;

  INPUT ---    time interval 1 1 1 1 1 1 5 1 1 1 1 1 1 ;

  INPUT ---    glabel(1)=SpeciesBIB;

  INPUT ---    glabel(2)=SpeciesCOC;

   * *  WARNING  * *   At least a pair of the encounter histories are duplicates. 

      Number of unique encounter histories read was 71.

      Number of individual covariates read was 0.
      Time interval lengths vary and/or not equal to 1.

      Data type number is 1
      Data type is Live Recaptures (CJS)                                                                               

     CPU Time in seconds for last procedure was 0.00

  Program  MARK  - Survival Rate Estimation with Capture-Recapture Data
   gfortran(Win64) Vers. 8.1 Mar 2016    1-Feb-2019 12:22:40    Page  002
 - - - - - - - - - - - - - - - - - - - - - - - - - - - - - - - - - - - - - -
 


  INPUT --- proc estimate link=Logit NOLOOP varest=2ndPart    ;


  INPUT --- model={ Phi(~time)p(~Species) };

  INPUT ---    group=1 Phi    rows=13 cols=13 Triang ;
  INPUT ---        1 2 3 4 5 6 7 8 9 10 11 12 13 ;
  INPUT ---        2 3 4 5 6 7 8 9 10 11 12 13 ;
  INPUT ---        3 4 5 6 7 8 9 10 11 12 13 ;
  INPUT ---        4 5 6 7 8 9 10 11 12 13 ;
  INPUT ---        5 6 7 8 9 10 11 12 13 ;
  INPUT ---        6 7 8 9 10 11 12 13 ;
  INPUT ---        7 8 9 10 11 12 13 ;
  INPUT ---        8 9 10 11 12 13 ;
  INPUT ---        9 10 11 12 13 ;
  INPUT ---        10 11 12 13 ;
  INPUT ---        11 12 13 ;
  INPUT ---        12 13 ;
  INPUT ---        13 ;

  INPUT ---    group=2 Phi    rows=13 cols=13 Triang ;
  INPUT ---        1 2 3 4 5 6 7 8 9 10 11 12 13 ;
  INPUT ---        2 3 4 5 6 7 8 9 10 11 12 13 ;
  INPUT ---        3 4 5 6 7 8 9 10 11 12 13 ;
  INPUT ---        4 5 6 7 8 9 10 11 12 13 ;
  INPUT ---        5 6 7 8 9 10 11 12 13 ;
  INPUT ---        6 7 8 9 10 11 12 13 ;
  INPUT ---        7 8 9 10 11 12 13 ;
  INPUT ---        8 9 10 11 12 13 ;
  INPUT ---        9 10 11 12 13 ;
  INPUT ---        10 11 12 13 ;
  INPUT ---        11 12 13 ;
  INPUT ---        12 13 ;
  INPUT ---        13 ;

  INPUT ---    group=1 p    rows=13 cols=13 Triang ;
  INPUT ---        14 14 14 14 14 14 14 14 14 14 14 14 14 ;
  INPUT ---        14 14 14 14 14 14 14 14 14 14 14 14 ;
  INPUT ---        14 14 14 14 14 14 14 14 14 14 14 ;
  INPUT ---        14 14 14 14 14 14 14 14 14 14 ;
  INPUT ---        14 14 14 14 14 14 14 14 14 ;
  INPUT ---        14 14 14 14 14 14 14 14 ;
  INPUT ---        14 14 14 14 14 14 14 ;
  INPUT ---        14 14 14 14 14 14 ;

  Program  MARK  - Survival Rate Estimation with Capture-Recapture Data
   gfortran(Win64) Vers. 8.1 Mar 2016    1-Feb-2019 12:22:40    Page  003
 - - - - - - - - - - - - - - - - - - - - - - - - - - - - - - - - - - - - - -
 
  INPUT ---        14 14 14 14 14 ;
  INPUT ---        14 14 14 14 ;
  INPUT ---        14 14 14 ;
  INPUT ---        14 14 ;
  INPUT ---        14 ;

  INPUT ---    group=2 p    rows=13 cols=13 Triang ;
  INPUT ---        15 15 15 15 15 15 15 15 15 15 15 15 15 ;
  INPUT ---        15 15 15 15 15 15 15 15 15 15 15 15 ;
  INPUT ---        15 15 15 15 15 15 15 15 15 15 15 ;
  INPUT ---        15 15 15 15 15 15 15 15 15 15 ;
  INPUT ---        15 15 15 15 15 15 15 15 15 ;
  INPUT ---        15 15 15 15 15 15 15 15 ;
  INPUT ---        15 15 15 15 15 15 15 ;
  INPUT ---        15 15 15 15 15 15 ;
  INPUT ---        15 15 15 15 15 ;
  INPUT ---        15 15 15 15 ;
  INPUT ---        15 15 15 ;
  INPUT ---        15 15 ;
  INPUT ---        15 ;

  INPUT ---    design matrix constraints=15 covariates=15;
  INPUT ---        1 0 0 0 0 0 0 0 0 0 0 0 0 0 0;
  INPUT ---        1 1 0 0 0 0 0 0 0 0 0 0 0 0 0;
  INPUT ---        1 0 1 0 0 0 0 0 0 0 0 0 0 0 0;
  INPUT ---        1 0 0 1 0 0 0 0 0 0 0 0 0 0 0;
  INPUT ---        1 0 0 0 1 0 0 0 0 0 0 0 0 0 0;
  INPUT ---        1 0 0 0 0 1 0 0 0 0 0 0 0 0 0;
  INPUT ---        1 0 0 0 0 0 1 0 0 0 0 0 0 0 0;
  INPUT ---        1 0 0 0 0 0 0 1 0 0 0 0 0 0 0;
  INPUT ---        1 0 0 0 0 0 0 0 1 0 0 0 0 0 0;
  INPUT ---        1 0 0 0 0 0 0 0 0 1 0 0 0 0 0;
  INPUT ---        1 0 0 0 0 0 0 0 0 0 1 0 0 0 0;
  INPUT ---        1 0 0 0 0 0 0 0 0 0 0 1 0 0 0;
  INPUT ---        1 0 0 0 0 0 0 0 0 0 0 0 1 0 0;
  INPUT ---        0 0 0 0 0 0 0 0 0 0 0 0 0 1 0;
  INPUT ---        0 0 0 0 0 0 0 0 0 0 0 0 0 1 1;
  INPUT ---       blabel(1)=Phi:(Intercept);
  INPUT ---       blabel(2)=Phi:time2;
  INPUT ---       blabel(3)=Phi:time3;
  INPUT ---       blabel(4)=Phi:time4;
  INPUT ---       blabel(5)=Phi:time5;
  INPUT ---       blabel(6)=Phi:time6;
  INPUT ---       blabel(7)=Phi:time7;
  INPUT ---       blabel(8)=Phi:time12;
  INPUT ---       blabel(9)=Phi:time13;

  Program  MARK  - Survival Rate Estimation with Capture-Recapture Data
   gfortran(Win64) Vers. 8.1 Mar 2016    1-Feb-2019 12:22:40    Page  004
 - - - - - - - - - - - - - - - - - - - - - - - - - - - - - - - - - - - - - -
 
  INPUT ---       blabel(10)=Phi:time14;
  INPUT ---       blabel(11)=Phi:time15;
  INPUT ---       blabel(12)=Phi:time16;
  INPUT ---       blabel(13)=Phi:time17;
  INPUT ---       blabel(14)=p:(Intercept);
  INPUT ---       blabel(15)=p:SpeciesCOC;
  INPUT ---       rlabel(1)=Phi gBIB c1 a0 t1;
  INPUT ---       rlabel(2)=Phi gBIB c1 a1 t2;
  INPUT ---       rlabel(3)=Phi gBIB c1 a2 t3;
  INPUT ---       rlabel(4)=Phi gBIB c1 a3 t4;
  INPUT ---       rlabel(5)=Phi gBIB c1 a4 t5;
  INPUT ---       rlabel(6)=Phi gBIB c1 a5 t6;
  INPUT ---       rlabel(7)=Phi gBIB c1 a6 t7;
  INPUT ---       rlabel(8)=Phi gBIB c1 a11 t12;
  INPUT ---       rlabel(9)=Phi gBIB c1 a12 t13;
  INPUT ---       rlabel(10)=Phi gBIB c1 a13 t14;
  INPUT ---       rlabel(11)=Phi gBIB c1 a14 t15;
  INPUT ---       rlabel(12)=Phi gBIB c1 a15 t16;
  INPUT ---       rlabel(13)=Phi gBIB c1 a16 t17;
  INPUT ---       rlabel(14)=p gBIB c1 a1 t2;
  INPUT ---       rlabel(15)=p gCOC c1 a1 t2;

 Link Function Used is LOGIT        

 Variance Estimation Procedure Used is 2ndPart 
 -2logL(saturated) = 2040.5974     
 Effective Sample Size = 4699

 Number of function evaluations was 107 for 15 parameters.
 Time for numerical optimization was 0.33 seconds.
 -2logL { Phi(~time)p(~Species) } = 2475.5621     
 Penalty { Phi(~time)p(~Species) } = -0.0000000    
 Gradient { Phi(~time)p(~Species) }:
  0.2204243E-03 0.2465555E-03 0.4868557E-04  0.000000      0.000000    
   0.000000      0.000000    -0.1641311E-04  0.000000     0.9137609E-06
 -0.8288524E-04  0.000000     0.4599500E-04-0.7069406E-04-0.1087094E-02
 S Vector { Phi(~time)p(~Species) }:
   283.2771      73.72387      38.78828      7.411521      4.298565    
   2.090884     0.2801514     0.1431465     0.2623930E-06 0.4590239E-08
  0.1789921E-08 0.1773058E-09 0.1316570E-09 0.8629665E-10 0.1232280E-10
 Time to compute number of parameters was 0.06 seconds.
   Threshold =  0.3200000E-06     Condition index =  0.4350089E-13     New Threshold =  0.4772601E-10

  Program  MARK  - Survival Rate Estimation with Capture-Recapture Data
   gfortran(Win64) Vers. 8.1 Mar 2016    1-Feb-2019 12:22:40    Page  005
 - - - - - - - - - - - - - - - - - - - - - - - - - - - - - - - - - - - - - -
 
 New Guessimate of Estimated Parameters { Phi(~time)p(~Species) } = 9          
 Conditioned S Vector { Phi(~time)p(~Species) }:
   1.000000     0.2602536     0.1369270     0.2616350E-01 0.1517442E-01
  0.7381056E-02 0.9889659E-03 0.5053231E-03 0.9262768E-09 0.1620406E-10
  0.6318623E-11 0.6259093E-12 0.4647641E-12 0.3046369E-12 0.4350089E-13
 Number of Estimated Parameters { Phi(~time)p(~Species) } = 8          
 DEVIANCE { Phi(~time)p(~Species) } = 434.96470                     
 DEVIANCE Degrees of Freedom { Phi(~time)p(~Species) } = 54            
 c-hat { Phi(~time)p(~Species) } = 8.0549019                     
 AIC { Phi(~time)p(~Species) } = 2491.5621                  
 AICc { Phi(~time)p(~Species) } = 2491.5928                    
 BIC { Phi(~time)p(~Species) } = 2543.2030                    
 Pearson Chisquare { Phi(~time)p(~Species) } = 1160.6193                  
 Possible Encounter Histories { Phi(~time)p(~Species) } = 32764             
 Pearson Chisquare df { Phi(~time)p(~Species) } = 32730        
 Pearson chat { Phi(~time)p(~Species) } = 0.0354604                  
 Sum(Observed/Expected) { Phi(~time)p(~Species) } = 898.01954                  
 Fletcher chat { Phi(~time)p(~Species) } = 1.2937636                  


                  LOGIT Link Function Parameters of { Phi(~time)p(~Species) }
                                                              95% Confidence Interval
 Parameter                    Beta         Standard Error      Lower           Upper
 -------------------------  --------------  --------------  --------------  --------------
    1:Phi:(Intercept)       -0.6504435      0.8058658       -2.2299406      0.9290535     
    2:Phi:time2             0.8444014       1.2196293       -1.5460720      3.2348748     
    3:Phi:time3             2.7361983       2.5682167       -2.2975065      7.7699031     
    4:Phi:time4             367.18538       5.9256565       355.57109       378.79967     
    5:Phi:time5             18.377914       1952.1874       -3807.9094      3844.6653     
    6:Phi:time6             252.21781       0.8379435E-004  252.21764       252.21797     
    7:Phi:time7             298.06151       0.1209887E-003  298.06128       298.06175     
    8:Phi:time12            -1.7706349      0.8267487       -3.3910624      -0.1502074    
    9:Phi:time13            78.696360       0.6989292E-004  78.696223       78.696497     
   10:Phi:time14            48.766559       0.1769332E-003  48.766212       48.766906     
   11:Phi:time15            1.1945879       0.9558219       -0.6788231      3.0679988     
   12:Phi:time16            831.41301       2.6216663       826.27454       836.55147     
   13:Phi:time17            0.9773773       1.0367988       -1.0547484      3.0095029     
   14:p:(Intercept)         -2.8595662      0.0838669       -3.0239452      -2.6951871    
   15:p:SpeciesCOC          -1.5098883      0.1797586       -1.8622152      -1.1575614    


                  Real Function Parameters of { Phi(~time)p(~Species) }
                                                               95% Confidence Interval
  Parameter                  Estimate       Standard Error      Lower           Upper
 --------------------------  --------------  --------------  --------------  --------------
     1:Phi gBIB c1 a0 t1     0.3428896       0.1815747       0.0970938       0.7168832                           
     2:Phi gBIB c1 a1 t2     0.5483380       0.1822828       0.2229388       0.8370633                           
     3:Phi gBIB c1 a2 t3     0.8895109       0.2413959       0.0613213       0.9989931                           
     4:Phi gBIB c1 a3 t4     1.0000000       0.0000000       1.0000000       1.0000000                           
     5:Phi gBIB c1 a4 t5     1.0000000       0.3904619E-004  0.4929528E-296  1.0000000                           
     6:Phi gBIB c1 a5 t6     1.0000000       0.0000000       1.0000000       1.0000000                           
     7:Phi gBIB c1 a6 t7     1.0000000       0.0000000       1.0000000       1.0000000                           
     8:Phi gBIB c1 a11 t12   0.0815794       0.0134867       0.0587517       0.1122193                           
     9:Phi gBIB c1 a12 t13   1.0000000       0.0000000       1.0000000       1.0000000                           
    10:Phi gBIB c1 a13 t14   1.0000000       0.0000000       1.0000000       1.0000000                           
    11:Phi gBIB c1 a14 t15   0.6327760       0.1262037       0.3727682       0.8332236                           
    12:Phi gBIB c1 a15 t16   1.0000000       0.0000000       1.0000000       1.0000000                           
    13:Phi gBIB c1 a16 t17   0.5810131       0.1595359       0.2773693       0.8336079                           
    14:p gBIB c1 a1 t2       0.0541889       0.0042984       0.0463558       0.0632580                           

  Program  MARK  - Survival Rate Estimation with Capture-Recapture Data
   gfortran(Win64) Vers. 8.1 Mar 2016    1-Feb-2019 12:22:40    Page  006
 - - - - - - - - - - - - - - - - - - - - - - - - - - - - - - - - - - - - - -
 
    15:p gCOC c1 a1 t2       0.0124999       0.0021034       0.0089826       0.0173705                           

 Attempted ordering of parameters by estimatibility:
  14  1 15  8 11 13  2  3  5 10  9  6  7  4 12
 Beta number 12 is a singular value.

     CPU Time in seconds for last procedure was 0.39


  INPUT --- proc stop;

   * *  WARNING  * *   Numerical underflow occurred during final processing of this model. 
     IEEE flag status at final processing of this model:
     overflow       F
     divide by zero F
     invalid        F
     underflow      T
     inexact        T


     CPU Time in minutes for this job was 0.01

     Time Start = 12:22:40.167   Time End = 12:22:40.489

     Wall Clock Time in minutes for this job was 0.01


          E X E C U T I O N   S U C C E S S F U L 
