
   Program  MARK  - Survival Rate Estimation with Capture-Recapture Data
   gfortran(Win64) Vers. 8.1 Mar 2016    1-Feb-2019 12:21:42    Page  001
 - - - - - - - - - - - - - - - - - - - - - - - - - - - - - - - - - - - - - -
 
   This version was compiled by GCC version 5.3.0 using the options: 
     -cpp -iprefix c:\tdm-gcc-64\gcc\bin\../lib/gcc/x86_64-w64-mingw32/5.3.0/ -D_MT
     -U_REENTRANT -D IEEE -m64 -mtune=generic -march=x86-64 -mthreads -O2
     -fimplicit-none -fbounds-check -funroll-loops -ftree-vectorize
     -ffpe-summary=invalid,zero,overflow,underflow -fno-unsafe-math-optimizations
     -frounding-math -fsignaling-nans -fopenmp.

   This problem will use 7 of 8 possible threads.


  INPUT --- proc title ;

     CPU Time in seconds for last procedure was 0.00


  INPUT --- proc chmatrix occasions= 14 groups= 2 etype= Live Nodes= 
  INPUT --- 101 ICMeans NoHist hist= 90  ;

  INPUT ---    time interval 1 1 1 1 1 1 5 1 1 1 1 1 1 ;

  INPUT ---    glabel(1)=SpeciesBIB;

  INPUT ---    glabel(2)=SpeciesCOC;

   * *  WARNING  * *   At least a pair of the encounter histories are duplicates. 

      Number of unique encounter histories read was 71.

      Number of individual covariates read was 0.
      Time interval lengths vary and/or not equal to 1.

      Data type number is 1
      Data type is Live Recaptures (CJS)                                                                               

     CPU Time in seconds for last procedure was 0.02

  Program  MARK  - Survival Rate Estimation with Capture-Recapture Data
   gfortran(Win64) Vers. 8.1 Mar 2016    1-Feb-2019 12:21:42    Page  002
 - - - - - - - - - - - - - - - - - - - - - - - - - - - - - - - - - - - - - -
 


  INPUT --- proc estimate link=Logit NOLOOP varest=2ndPart    ;


  INPUT --- model={ Phi(~1)p(~time) };

  INPUT ---    group=1 Phi    rows=13 cols=13 Triang ;
  INPUT ---        1 1 1 1 1 1 1 1 1 1 1 1 1 ;
  INPUT ---        1 1 1 1 1 1 1 1 1 1 1 1 ;
  INPUT ---        1 1 1 1 1 1 1 1 1 1 1 ;
  INPUT ---        1 1 1 1 1 1 1 1 1 1 ;
  INPUT ---        1 1 1 1 1 1 1 1 1 ;
  INPUT ---        1 1 1 1 1 1 1 1 ;
  INPUT ---        1 1 1 1 1 1 1 ;
  INPUT ---        1 1 1 1 1 1 ;
  INPUT ---        1 1 1 1 1 ;
  INPUT ---        1 1 1 1 ;
  INPUT ---        1 1 1 ;
  INPUT ---        1 1 ;
  INPUT ---        1 ;

  INPUT ---    group=2 Phi    rows=13 cols=13 Triang ;
  INPUT ---        1 1 1 1 1 1 1 1 1 1 1 1 1 ;
  INPUT ---        1 1 1 1 1 1 1 1 1 1 1 1 ;
  INPUT ---        1 1 1 1 1 1 1 1 1 1 1 ;
  INPUT ---        1 1 1 1 1 1 1 1 1 1 ;
  INPUT ---        1 1 1 1 1 1 1 1 1 ;
  INPUT ---        1 1 1 1 1 1 1 1 ;
  INPUT ---        1 1 1 1 1 1 1 ;
  INPUT ---        1 1 1 1 1 1 ;
  INPUT ---        1 1 1 1 1 ;
  INPUT ---        1 1 1 1 ;
  INPUT ---        1 1 1 ;
  INPUT ---        1 1 ;
  INPUT ---        1 ;

  INPUT ---    group=1 p    rows=13 cols=13 Triang ;
  INPUT ---        2 3 4 5 6 7 8 9 10 11 12 13 14 ;
  INPUT ---        3 4 5 6 7 8 9 10 11 12 13 14 ;
  INPUT ---        4 5 6 7 8 9 10 11 12 13 14 ;
  INPUT ---        5 6 7 8 9 10 11 12 13 14 ;
  INPUT ---        6 7 8 9 10 11 12 13 14 ;
  INPUT ---        7 8 9 10 11 12 13 14 ;
  INPUT ---        8 9 10 11 12 13 14 ;
  INPUT ---        9 10 11 12 13 14 ;

  Program  MARK  - Survival Rate Estimation with Capture-Recapture Data
   gfortran(Win64) Vers. 8.1 Mar 2016    1-Feb-2019 12:21:42    Page  003
 - - - - - - - - - - - - - - - - - - - - - - - - - - - - - - - - - - - - - -
 
  INPUT ---        10 11 12 13 14 ;
  INPUT ---        11 12 13 14 ;
  INPUT ---        12 13 14 ;
  INPUT ---        13 14 ;
  INPUT ---        14 ;

  INPUT ---    group=2 p    rows=13 cols=13 Triang ;
  INPUT ---        2 3 4 5 6 7 8 9 10 11 12 13 14 ;
  INPUT ---        3 4 5 6 7 8 9 10 11 12 13 14 ;
  INPUT ---        4 5 6 7 8 9 10 11 12 13 14 ;
  INPUT ---        5 6 7 8 9 10 11 12 13 14 ;
  INPUT ---        6 7 8 9 10 11 12 13 14 ;
  INPUT ---        7 8 9 10 11 12 13 14 ;
  INPUT ---        8 9 10 11 12 13 14 ;
  INPUT ---        9 10 11 12 13 14 ;
  INPUT ---        10 11 12 13 14 ;
  INPUT ---        11 12 13 14 ;
  INPUT ---        12 13 14 ;
  INPUT ---        13 14 ;
  INPUT ---        14 ;

  INPUT ---    design matrix constraints=14 covariates=14;
  INPUT ---        1 0 0 0 0 0 0 0 0 0 0 0 0 0;
  INPUT ---        0 1 0 0 0 0 0 0 0 0 0 0 0 0;
  INPUT ---        0 1 1 0 0 0 0 0 0 0 0 0 0 0;
  INPUT ---        0 1 0 1 0 0 0 0 0 0 0 0 0 0;
  INPUT ---        0 1 0 0 1 0 0 0 0 0 0 0 0 0;
  INPUT ---        0 1 0 0 0 1 0 0 0 0 0 0 0 0;
  INPUT ---        0 1 0 0 0 0 1 0 0 0 0 0 0 0;
  INPUT ---        0 1 0 0 0 0 0 1 0 0 0 0 0 0;
  INPUT ---        0 1 0 0 0 0 0 0 1 0 0 0 0 0;
  INPUT ---        0 1 0 0 0 0 0 0 0 1 0 0 0 0;
  INPUT ---        0 1 0 0 0 0 0 0 0 0 1 0 0 0;
  INPUT ---        0 1 0 0 0 0 0 0 0 0 0 1 0 0;
  INPUT ---        0 1 0 0 0 0 0 0 0 0 0 0 1 0;
  INPUT ---        0 1 0 0 0 0 0 0 0 0 0 0 0 1;
  INPUT ---       blabel(1)=Phi:(Intercept);
  INPUT ---       blabel(2)=p:(Intercept);
  INPUT ---       blabel(3)=p:time3;
  INPUT ---       blabel(4)=p:time4;
  INPUT ---       blabel(5)=p:time5;
  INPUT ---       blabel(6)=p:time6;
  INPUT ---       blabel(7)=p:time7;
  INPUT ---       blabel(8)=p:time12;
  INPUT ---       blabel(9)=p:time13;
  INPUT ---       blabel(10)=p:time14;

  Program  MARK  - Survival Rate Estimation with Capture-Recapture Data
   gfortran(Win64) Vers. 8.1 Mar 2016    1-Feb-2019 12:21:42    Page  004
 - - - - - - - - - - - - - - - - - - - - - - - - - - - - - - - - - - - - - -
 
  INPUT ---       blabel(11)=p:time15;
  INPUT ---       blabel(12)=p:time16;
  INPUT ---       blabel(13)=p:time17;
  INPUT ---       blabel(14)=p:time18;
  INPUT ---       rlabel(1)=Phi gBIB c1 a0 t1;
  INPUT ---       rlabel(2)=p gBIB c1 a1 t2;
  INPUT ---       rlabel(3)=p gBIB c1 a2 t3;
  INPUT ---       rlabel(4)=p gBIB c1 a3 t4;
  INPUT ---       rlabel(5)=p gBIB c1 a4 t5;
  INPUT ---       rlabel(6)=p gBIB c1 a5 t6;
  INPUT ---       rlabel(7)=p gBIB c1 a6 t7;
  INPUT ---       rlabel(8)=p gBIB c1 a11 t12;
  INPUT ---       rlabel(9)=p gBIB c1 a12 t13;
  INPUT ---       rlabel(10)=p gBIB c1 a13 t14;
  INPUT ---       rlabel(11)=p gBIB c1 a14 t15;
  INPUT ---       rlabel(12)=p gBIB c1 a15 t16;
  INPUT ---       rlabel(13)=p gBIB c1 a16 t17;
  INPUT ---       rlabel(14)=p gBIB c1 a17 t18;

 Link Function Used is LOGIT        

 Variance Estimation Procedure Used is 2ndPart 
 -2logL(saturated) = 2040.5974     
 Effective Sample Size = 4699

 Number of function evaluations was 64 for 14 parameters.
 Time for numerical optimization was 0.22 seconds.
 -2logL { Phi(~1)p(~time) } = 2327.3113     
 Penalty { Phi(~1)p(~time) } = -0.0000000    
 Gradient { Phi(~1)p(~time) }:
 -0.2824097E-04-0.6111157E-04  0.000000    -0.1028090E-04 0.4773327E-05
  0.3720584E-04 0.4628985E-05-0.2644494E-04  0.000000    -0.2800433E-04
 -0.4821054E-05  0.000000    -0.2133563E-04-0.1925998E-04
 S Vector { Phi(~1)p(~time) }:
   383.3741      53.08349      21.79121      17.27936      16.37000    
   15.57487      10.82134      7.780738      6.312772      4.237884    
   2.172775      1.136907     0.9973781     0.8497185E-05
 Time to compute number of parameters was 0.06 seconds.
   Threshold =  0.3000000E-06     Condition index =  0.2216421E-07     New Threshold =  0.3179355E-04
 New Guessimate of Estimated Parameters { Phi(~1)p(~time) } = 13          
 Conditioned S Vector { Phi(~1)p(~time) }:
   1.000000     0.1384639     0.5684058E-01 0.4507181E-01 0.4269981E-01
  0.4062576E-01 0.2822659E-01 0.2029542E-01 0.1646635E-01 0.1105417E-01
  0.5667507E-02 0.2965528E-02 0.2601579E-02 0.2216421E-07
 Number of Estimated Parameters { Phi(~1)p(~time) } = 13          
 DEVIANCE { Phi(~1)p(~time) } = 286.71389                     
 DEVIANCE Degrees of Freedom { Phi(~1)p(~time) } = 49            
 c-hat { Phi(~1)p(~time) } = 5.8513040                     
 AIC { Phi(~1)p(~time) } = 2353.3113                  
 AICc { Phi(~1)p(~time) } = 2353.3890                    
 BIC { Phi(~1)p(~time) } = 2437.2277                    
 Pearson Chisquare { Phi(~1)p(~time) } = 641.26939                  
 Possible Encounter Histories { Phi(~1)p(~time) } = 32764             
 Pearson Chisquare df { Phi(~1)p(~time) } = 32725        
 Pearson chat { Phi(~1)p(~time) } = 0.0195957                  
 Sum(Observed/Expected) { Phi(~1)p(~time) } = 559.28132                  
 Fletcher chat { Phi(~1)p(~time) } = 1.1479618                  

  Program  MARK  - Survival Rate Estimation with Capture-Recapture Data
   gfortran(Win64) Vers. 8.1 Mar 2016    1-Feb-2019 12:21:42    Page  005
 - - - - - - - - - - - - - - - - - - - - - - - - - - - - - - - - - - - - - -
 


                     LOGIT Link Function Parameters of { Phi(~1)p(~time) }
                                                              95% Confidence Interval
 Parameter                    Beta         Standard Error      Lower           Upper
 -------------------------  --------------  --------------  --------------  --------------
    1:Phi:(Intercept)       2.2204793       0.2281580       1.7732896       2.6676690     
    2:p:(Intercept)         -22.812129      0.0000000       -22.812129      -22.812129    
    3:p:time3               16.819143       0.0000000       16.819143       16.819143     
    4:p:time4               16.692990       0.0000000       16.692990       16.692990     
    5:p:time5               18.053765       0.0000000       18.053765       18.053765     
    6:p:time6               18.556034       0.0000000       18.556034       18.556034     
    7:p:time7               18.647903       0.0000000       18.647903       18.647903     
    8:p:time12              21.354893       0.0000000       21.354893       21.354893     
    9:p:time13              17.025115       0.0000000       17.025115       17.025115     
   10:p:time14              16.862395       0.0000000       16.862395       16.862395     
   11:p:time15              17.865142       0.0000000       17.865142       17.865142     
   12:p:time16              15.778744       0.0000000       15.778744       15.778744     
   13:p:time17              18.182671       0.0000000       18.182671       18.182671     
   14:p:time18              17.888880       0.0000000       17.888880       17.888880     


                     Real Function Parameters of { Phi(~1)p(~time) }
                                                               95% Confidence Interval
  Parameter                  Estimate       Standard Error      Lower           Upper
 --------------------------  --------------  --------------  --------------  --------------
     1:Phi gBIB c1 a0 t1     0.9020735       0.0201548       0.8548663       0.9350917                           
     2:p gBIB c1 a1 t2       0.1238278E-009  0.0000000       0.1238278E-009  0.1238278E-009                      
     3:p gBIB c1 a2 t3       0.0024900       0.0024886       0.3501507E-003  0.0174781                           
     4:p gBIB c1 a3 t4       0.0021955       0.0021962       0.3083207E-003  0.0154555                           
     5:p gBIB c1 a4 t5       0.0085066       0.0042767       0.0031657       0.0226536                           
     6:p gBIB c1 a5 t6       0.0139794       0.0035343       0.0085042       0.0228982                           
     7:p gBIB c1 a6 t7       0.0153039       0.0038209       0.0093667       0.0249098                           
     8:p gBIB c1 a11 t12     0.1888904       0.0337987       0.1312882       0.2640827                           
     9:p gBIB c1 a12 t13     0.0030577       0.0011756       0.0014382       0.0064890                           
    10:p gBIB c1 a13 t14     0.0025998       0.0010844       0.0011470       0.0058816                           
    11:p gBIB c1 a14 t15     0.0070547       0.0019024       0.0041550       0.0119536                           
    12:p gBIB c1 a15 t16     0.8811639E-003  0.6310546E-003  0.2163715E-003  0.0035812                           
    13:p gBIB c1 a16 t17     0.0096657       0.0025238       0.0057876       0.0161003                           
    14:p gBIB c1 a17 t18     0.0072229       0.0021337       0.0040441       0.0128682                           

 Attempted ordering of parameters by estimatibility:
   2  8  1 13  7 11  6 14  9 10  5 12  4  3
 Beta number 3 is a singular value.

     CPU Time in seconds for last procedure was 0.28

  Program  MARK  - Survival Rate Estimation with Capture-Recapture Data
   gfortran(Win64) Vers. 8.1 Mar 2016    1-Feb-2019 12:21:42    Page  006
 - - - - - - - - - - - - - - - - - - - - - - - - - - - - - - - - - - - - - -
 


  INPUT --- proc stop;

     CPU Time in minutes for this job was 0.00

     Time Start = 12:21:42.484   Time End = 12:21:42.736

     Wall Clock Time in minutes for this job was 0.00


          E X E C U T I O N   S U C C E S S F U L 
