
   Program  MARK  - Survival Rate Estimation with Capture-Recapture Data
   gfortran(Win64) Vers. 8.1 Mar 2016    1-Feb-2019 12:22:41    Page  001
 - - - - - - - - - - - - - - - - - - - - - - - - - - - - - - - - - - - - - -
 
   This version was compiled by GCC version 5.3.0 using the options: 
     -cpp -iprefix c:\tdm-gcc-64\gcc\bin\../lib/gcc/x86_64-w64-mingw32/5.3.0/ -D_MT
     -U_REENTRANT -D IEEE -m64 -mtune=generic -march=x86-64 -mthreads -O2
     -fimplicit-none -fbounds-check -funroll-loops -ftree-vectorize
     -ffpe-summary=invalid,zero,overflow,underflow -fno-unsafe-math-optimizations
     -frounding-math -fsignaling-nans -fopenmp.

   This problem will use 7 of 8 possible threads.


  INPUT --- proc title ;

     CPU Time in seconds for last procedure was 0.00


  INPUT --- proc chmatrix occasions= 14 groups= 2 etype= Live Nodes= 
  INPUT --- 101 ICMeans NoHist hist= 90  ;

  INPUT ---    time interval 1 1 1 1 1 1 5 1 1 1 1 1 1 ;

  INPUT ---    glabel(1)=SpeciesBIB;

  INPUT ---    glabel(2)=SpeciesCOC;

   * *  WARNING  * *   At least a pair of the encounter histories are duplicates. 

      Number of unique encounter histories read was 71.

      Number of individual covariates read was 0.
      Time interval lengths vary and/or not equal to 1.

      Data type number is 1
      Data type is Live Recaptures (CJS)                                                                               

     CPU Time in seconds for last procedure was 0.02

  Program  MARK  - Survival Rate Estimation with Capture-Recapture Data
   gfortran(Win64) Vers. 8.1 Mar 2016    1-Feb-2019 12:22:41    Page  002
 - - - - - - - - - - - - - - - - - - - - - - - - - - - - - - - - - - - - - -
 


  INPUT --- proc estimate link=Logit NOLOOP varest=2ndPart    ;


  INPUT --- model={ Phi(~time)p(~Species + time) };

  INPUT ---    group=1 Phi    rows=13 cols=13 Triang ;
  INPUT ---        1 2 3 4 5 6 7 8 9 10 11 12 13 ;
  INPUT ---        2 3 4 5 6 7 8 9 10 11 12 13 ;
  INPUT ---        3 4 5 6 7 8 9 10 11 12 13 ;
  INPUT ---        4 5 6 7 8 9 10 11 12 13 ;
  INPUT ---        5 6 7 8 9 10 11 12 13 ;
  INPUT ---        6 7 8 9 10 11 12 13 ;
  INPUT ---        7 8 9 10 11 12 13 ;
  INPUT ---        8 9 10 11 12 13 ;
  INPUT ---        9 10 11 12 13 ;
  INPUT ---        10 11 12 13 ;
  INPUT ---        11 12 13 ;
  INPUT ---        12 13 ;
  INPUT ---        13 ;

  INPUT ---    group=2 Phi    rows=13 cols=13 Triang ;
  INPUT ---        1 2 3 4 5 6 7 8 9 10 11 12 13 ;
  INPUT ---        2 3 4 5 6 7 8 9 10 11 12 13 ;
  INPUT ---        3 4 5 6 7 8 9 10 11 12 13 ;
  INPUT ---        4 5 6 7 8 9 10 11 12 13 ;
  INPUT ---        5 6 7 8 9 10 11 12 13 ;
  INPUT ---        6 7 8 9 10 11 12 13 ;
  INPUT ---        7 8 9 10 11 12 13 ;
  INPUT ---        8 9 10 11 12 13 ;
  INPUT ---        9 10 11 12 13 ;
  INPUT ---        10 11 12 13 ;
  INPUT ---        11 12 13 ;
  INPUT ---        12 13 ;
  INPUT ---        13 ;

  INPUT ---    group=1 p    rows=13 cols=13 Triang ;
  INPUT ---        14 15 16 17 18 19 20 21 22 23 24 25 26 ;
  INPUT ---        15 16 17 18 19 20 21 22 23 24 25 26 ;
  INPUT ---        16 17 18 19 20 21 22 23 24 25 26 ;
  INPUT ---        17 18 19 20 21 22 23 24 25 26 ;
  INPUT ---        18 19 20 21 22 23 24 25 26 ;
  INPUT ---        19 20 21 22 23 24 25 26 ;
  INPUT ---        20 21 22 23 24 25 26 ;
  INPUT ---        21 22 23 24 25 26 ;

  Program  MARK  - Survival Rate Estimation with Capture-Recapture Data
   gfortran(Win64) Vers. 8.1 Mar 2016    1-Feb-2019 12:22:41    Page  003
 - - - - - - - - - - - - - - - - - - - - - - - - - - - - - - - - - - - - - -
 
  INPUT ---        22 23 24 25 26 ;
  INPUT ---        23 24 25 26 ;
  INPUT ---        24 25 26 ;
  INPUT ---        25 26 ;
  INPUT ---        26 ;

  INPUT ---    group=2 p    rows=13 cols=13 Triang ;
  INPUT ---        27 28 29 30 31 32 33 34 35 36 37 38 39 ;
  INPUT ---        28 29 30 31 32 33 34 35 36 37 38 39 ;
  INPUT ---        29 30 31 32 33 34 35 36 37 38 39 ;
  INPUT ---        30 31 32 33 34 35 36 37 38 39 ;
  INPUT ---        31 32 33 34 35 36 37 38 39 ;
  INPUT ---        32 33 34 35 36 37 38 39 ;
  INPUT ---        33 34 35 36 37 38 39 ;
  INPUT ---        34 35 36 37 38 39 ;
  INPUT ---        35 36 37 38 39 ;
  INPUT ---        36 37 38 39 ;
  INPUT ---        37 38 39 ;
  INPUT ---        38 39 ;
  INPUT ---        39 ;

  INPUT ---    design matrix constraints=39 covariates=27;
  INPUT ---        1 0 0 0 0 0 0 0 0 0 0 0 0 0 0 0 0 0 0 0 0 0 0 0 0 0 0;
  INPUT ---        1 1 0 0 0 0 0 0 0 0 0 0 0 0 0 0 0 0 0 0 0 0 0 0 0 0 0;
  INPUT ---        1 0 1 0 0 0 0 0 0 0 0 0 0 0 0 0 0 0 0 0 0 0 0 0 0 0 0;
  INPUT ---        1 0 0 1 0 0 0 0 0 0 0 0 0 0 0 0 0 0 0 0 0 0 0 0 0 0 0;
  INPUT ---        1 0 0 0 1 0 0 0 0 0 0 0 0 0 0 0 0 0 0 0 0 0 0 0 0 0 0;
  INPUT ---        1 0 0 0 0 1 0 0 0 0 0 0 0 0 0 0 0 0 0 0 0 0 0 0 0 0 0;
  INPUT ---        1 0 0 0 0 0 1 0 0 0 0 0 0 0 0 0 0 0 0 0 0 0 0 0 0 0 0;
  INPUT ---        1 0 0 0 0 0 0 1 0 0 0 0 0 0 0 0 0 0 0 0 0 0 0 0 0 0 0;
  INPUT ---        1 0 0 0 0 0 0 0 1 0 0 0 0 0 0 0 0 0 0 0 0 0 0 0 0 0 0;
  INPUT ---        1 0 0 0 0 0 0 0 0 1 0 0 0 0 0 0 0 0 0 0 0 0 0 0 0 0 0;
  INPUT ---        1 0 0 0 0 0 0 0 0 0 1 0 0 0 0 0 0 0 0 0 0 0 0 0 0 0 0;
  INPUT ---        1 0 0 0 0 0 0 0 0 0 0 1 0 0 0 0 0 0 0 0 0 0 0 0 0 0 0;
  INPUT ---        1 0 0 0 0 0 0 0 0 0 0 0 1 0 0 0 0 0 0 0 0 0 0 0 0 0 0;
  INPUT ---        0 0 0 0 0 0 0 0 0 0 0 0 0 1 0 0 0 0 0 0 0 0 0 0 0 0 0;
  INPUT ---        0 0 0 0 0 0 0 0 0 0 0 0 0 1 0 1 0 0 0 0 0 0 0 0 0 0 0;
  INPUT ---        0 0 0 0 0 0 0 0 0 0 0 0 0 1 0 0 1 0 0 0 0 0 0 0 0 0 0;
  INPUT ---        0 0 0 0 0 0 0 0 0 0 0 0 0 1 0 0 0 1 0 0 0 0 0 0 0 0 0;
  INPUT ---        0 0 0 0 0 0 0 0 0 0 0 0 0 1 0 0 0 0 1 0 0 0 0 0 0 0 0;
  INPUT ---        0 0 0 0 0 0 0 0 0 0 0 0 0 1 0 0 0 0 0 1 0 0 0 0 0 0 0;
  INPUT ---        0 0 0 0 0 0 0 0 0 0 0 0 0 1 0 0 0 0 0 0 1 0 0 0 0 0 0;
  INPUT ---        0 0 0 0 0 0 0 0 0 0 0 0 0 1 0 0 0 0 0 0 0 1 0 0 0 0 0;
  INPUT ---        0 0 0 0 0 0 0 0 0 0 0 0 0 1 0 0 0 0 0 0 0 0 1 0 0 0 0;
  INPUT ---        0 0 0 0 0 0 0 0 0 0 0 0 0 1 0 0 0 0 0 0 0 0 0 1 0 0 0;
  INPUT ---        0 0 0 0 0 0 0 0 0 0 0 0 0 1 0 0 0 0 0 0 0 0 0 0 1 0 0;

  Program  MARK  - Survival Rate Estimation with Capture-Recapture Data
   gfortran(Win64) Vers. 8.1 Mar 2016    1-Feb-2019 12:22:41    Page  004
 - - - - - - - - - - - - - - - - - - - - - - - - - - - - - - - - - - - - - -
 
  INPUT ---        0 0 0 0 0 0 0 0 0 0 0 0 0 1 0 0 0 0 0 0 0 0 0 0 0 1 0;
  INPUT ---        0 0 0 0 0 0 0 0 0 0 0 0 0 1 0 0 0 0 0 0 0 0 0 0 0 0 1;
  INPUT ---        0 0 0 0 0 0 0 0 0 0 0 0 0 1 1 0 0 0 0 0 0 0 0 0 0 0 0;
  INPUT ---        0 0 0 0 0 0 0 0 0 0 0 0 0 1 1 1 0 0 0 0 0 0 0 0 0 0 0;
  INPUT ---        0 0 0 0 0 0 0 0 0 0 0 0 0 1 1 0 1 0 0 0 0 0 0 0 0 0 0;
  INPUT ---        0 0 0 0 0 0 0 0 0 0 0 0 0 1 1 0 0 1 0 0 0 0 0 0 0 0 0;
  INPUT ---        0 0 0 0 0 0 0 0 0 0 0 0 0 1 1 0 0 0 1 0 0 0 0 0 0 0 0;
  INPUT ---        0 0 0 0 0 0 0 0 0 0 0 0 0 1 1 0 0 0 0 1 0 0 0 0 0 0 0;
  INPUT ---        0 0 0 0 0 0 0 0 0 0 0 0 0 1 1 0 0 0 0 0 1 0 0 0 0 0 0;
  INPUT ---        0 0 0 0 0 0 0 0 0 0 0 0 0 1 1 0 0 0 0 0 0 1 0 0 0 0 0;
  INPUT ---        0 0 0 0 0 0 0 0 0 0 0 0 0 1 1 0 0 0 0 0 0 0 1 0 0 0 0;
  INPUT ---        0 0 0 0 0 0 0 0 0 0 0 0 0 1 1 0 0 0 0 0 0 0 0 1 0 0 0;
  INPUT ---        0 0 0 0 0 0 0 0 0 0 0 0 0 1 1 0 0 0 0 0 0 0 0 0 1 0 0;
  INPUT ---        0 0 0 0 0 0 0 0 0 0 0 0 0 1 1 0 0 0 0 0 0 0 0 0 0 1 0;
  INPUT ---        0 0 0 0 0 0 0 0 0 0 0 0 0 1 1 0 0 0 0 0 0 0 0 0 0 0 1;
  INPUT ---       blabel(1)=Phi:(Intercept);
  INPUT ---       blabel(2)=Phi:time2;
  INPUT ---       blabel(3)=Phi:time3;
  INPUT ---       blabel(4)=Phi:time4;
  INPUT ---       blabel(5)=Phi:time5;
  INPUT ---       blabel(6)=Phi:time6;
  INPUT ---       blabel(7)=Phi:time7;
  INPUT ---       blabel(8)=Phi:time12;
  INPUT ---       blabel(9)=Phi:time13;
  INPUT ---       blabel(10)=Phi:time14;
  INPUT ---       blabel(11)=Phi:time15;
  INPUT ---       blabel(12)=Phi:time16;
  INPUT ---       blabel(13)=Phi:time17;
  INPUT ---       blabel(14)=p:(Intercept);
  INPUT ---       blabel(15)=p:SpeciesCOC;
  INPUT ---       blabel(16)=p:time3;
  INPUT ---       blabel(17)=p:time4;
  INPUT ---       blabel(18)=p:time5;
  INPUT ---       blabel(19)=p:time6;
  INPUT ---       blabel(20)=p:time7;
  INPUT ---       blabel(21)=p:time12;
  INPUT ---       blabel(22)=p:time13;
  INPUT ---       blabel(23)=p:time14;
  INPUT ---       blabel(24)=p:time15;
  INPUT ---       blabel(25)=p:time16;
  INPUT ---       blabel(26)=p:time17;
  INPUT ---       blabel(27)=p:time18;
  INPUT ---       rlabel(1)=Phi gBIB c1 a0 t1;
  INPUT ---       rlabel(2)=Phi gBIB c1 a1 t2;
  INPUT ---       rlabel(3)=Phi gBIB c1 a2 t3;
  INPUT ---       rlabel(4)=Phi gBIB c1 a3 t4;

  Program  MARK  - Survival Rate Estimation with Capture-Recapture Data
   gfortran(Win64) Vers. 8.1 Mar 2016    1-Feb-2019 12:22:42    Page  005
 - - - - - - - - - - - - - - - - - - - - - - - - - - - - - - - - - - - - - -
 
  INPUT ---       rlabel(5)=Phi gBIB c1 a4 t5;
  INPUT ---       rlabel(6)=Phi gBIB c1 a5 t6;
  INPUT ---       rlabel(7)=Phi gBIB c1 a6 t7;
  INPUT ---       rlabel(8)=Phi gBIB c1 a11 t12;
  INPUT ---       rlabel(9)=Phi gBIB c1 a12 t13;
  INPUT ---       rlabel(10)=Phi gBIB c1 a13 t14;
  INPUT ---       rlabel(11)=Phi gBIB c1 a14 t15;
  INPUT ---       rlabel(12)=Phi gBIB c1 a15 t16;
  INPUT ---       rlabel(13)=Phi gBIB c1 a16 t17;
  INPUT ---       rlabel(14)=p gBIB c1 a1 t2;
  INPUT ---       rlabel(15)=p gBIB c1 a2 t3;
  INPUT ---       rlabel(16)=p gBIB c1 a3 t4;
  INPUT ---       rlabel(17)=p gBIB c1 a4 t5;
  INPUT ---       rlabel(18)=p gBIB c1 a5 t6;
  INPUT ---       rlabel(19)=p gBIB c1 a6 t7;
  INPUT ---       rlabel(20)=p gBIB c1 a11 t12;
  INPUT ---       rlabel(21)=p gBIB c1 a12 t13;
  INPUT ---       rlabel(22)=p gBIB c1 a13 t14;
  INPUT ---       rlabel(23)=p gBIB c1 a14 t15;
  INPUT ---       rlabel(24)=p gBIB c1 a15 t16;
  INPUT ---       rlabel(25)=p gBIB c1 a16 t17;
  INPUT ---       rlabel(26)=p gBIB c1 a17 t18;
  INPUT ---       rlabel(27)=p gCOC c1 a1 t2;
  INPUT ---       rlabel(28)=p gCOC c1 a2 t3;
  INPUT ---       rlabel(29)=p gCOC c1 a3 t4;
  INPUT ---       rlabel(30)=p gCOC c1 a4 t5;
  INPUT ---       rlabel(31)=p gCOC c1 a5 t6;
  INPUT ---       rlabel(32)=p gCOC c1 a6 t7;
  INPUT ---       rlabel(33)=p gCOC c1 a11 t12;
  INPUT ---       rlabel(34)=p gCOC c1 a12 t13;
  INPUT ---       rlabel(35)=p gCOC c1 a13 t14;
  INPUT ---       rlabel(36)=p gCOC c1 a14 t15;
  INPUT ---       rlabel(37)=p gCOC c1 a15 t16;
  INPUT ---       rlabel(38)=p gCOC c1 a16 t17;
  INPUT ---       rlabel(39)=p gCOC c1 a17 t18;

 Link Function Used is LOGIT        

 Variance Estimation Procedure Used is 2ndPart 
 -2logL(saturated) = 2040.5974     
 Effective Sample Size = 4699

 Number of function evaluations was 176 for 27 parameters.
 Time for numerical optimization was 0.69 seconds.

  Program  MARK  - Survival Rate Estimation with Capture-Recapture Data
   gfortran(Win64) Vers. 8.1 Mar 2016    1-Feb-2019 12:22:42    Page  006
 - - - - - - - - - - - - - - - - - - - - - - - - - - - - - - - - - - - - - -
 
 -2logL { Phi(~time)p(~Species + time) } = 2245.7534     
 Penalty { Phi(~time)p(~Species + time) } = -0.0000000    
 Gradient { Phi(~time)p(~Species + time) }:
  0.1703465E-02 0.4390511E-04  0.000000     0.4029855E-03 0.2546332E-05
   0.000000      0.000000     0.1240466E-03-0.3022158E-05  0.000000    
   0.000000      0.000000     0.1063057E-02-0.7070641E-04 0.4103331E-03
  0.4594886E-04 0.1678425E-04-0.9744024E-04-0.8250172E-04 0.6098826E-04
 -0.2711915E-03-0.4430667E-04-0.2598170E-04-0.1480349E-03-0.6806718E-04
  0.2292311E-03 0.3125862E-03
 S Vector { Phi(~time)p(~Species + time) }:
   338.6161      94.80664      37.28127      35.65030      20.08453    
   17.13790      16.16572      9.835501      7.597297      6.327133    
   4.322831      2.375580      1.806174      1.311651     0.9990982    
  0.5603336     0.1534623     0.9511226E-01 0.1226556E-02 0.3489873E-05
  0.2790801E-06 0.1608715E-07 0.4581146E-08 0.3806812E-08 0.1511865E-08
  0.1393300E-08 0.1388926E-08
 Time to compute number of parameters was 0.16 seconds.
   Threshold =  0.5600000E-06     Condition index =  0.4101773E-11     New Threshold =  0.7217074E-08
 New Guessimate of Estimated Parameters { Phi(~time)p(~Species + time) } = 20          
 Conditioned S Vector { Phi(~time)p(~Species + time) }:
   1.000000     0.2799827     0.1100989     0.1052824     0.5931357E-01
  0.5061160E-01 0.4774056E-01 0.2904617E-01 0.2243631E-01 0.1868527E-01
  0.1276617E-01 0.7015554E-02 0.5333989E-02 0.3873564E-02 0.2950534E-02
  0.1654776E-02 0.4532043E-03 0.2808852E-03 0.3622261E-05 0.1030628E-07
  0.8241785E-09 0.4750851E-10 0.1352903E-10 0.1124226E-10 0.4464834E-11
  0.4114690E-11 0.4101773E-11
 Number of Estimated Parameters { Phi(~time)p(~Species + time) } = 19          
 DEVIANCE { Phi(~time)p(~Species + time) } = 205.15592                     
 DEVIANCE Degrees of Freedom { Phi(~time)p(~Species + time) } = 43            
 c-hat { Phi(~time)p(~Species + time) } = 4.7710680                     
 AIC { Phi(~time)p(~Species + time) } = 2283.7534                  
 AICc { Phi(~time)p(~Species + time) } = 2283.9158                    
 BIC { Phi(~time)p(~Species + time) } = 2406.4004                    
 Pearson Chisquare { Phi(~time)p(~Species + time) } = 749.70241                  
 Possible Encounter Histories { Phi(~time)p(~Species + time) } = 32764             
 Pearson Chisquare df { Phi(~time)p(~Species + time) } = 32719        
 Pearson chat { Phi(~time)p(~Species + time) } = 0.0229134                  
 Sum(Observed/Expected) { Phi(~time)p(~Species + time) } = 752.80712                  
 Fletcher chat { Phi(~time)p(~Species + time) } = 0.9972455                  


               LOGIT Link Function Parameters of { Phi(~time)p(~Species + time) }
                                                              95% Confidence Interval
 Parameter                    Beta         Standard Error      Lower           Upper
 -------------------------  --------------  --------------  --------------  --------------
    1:Phi:(Intercept)       -0.2012942      1.0247503       -2.2098049      1.8072165     
    2:Phi:time2             1.0715010       1.9244329       -2.7003876      4.8433896     
    3:Phi:time3             25.631403       0.0000000       25.631403       25.631403     
    4:Phi:time4             0.3541350       1.2294368       -2.0555611      2.7638311     
    5:Phi:time5             16.858920       1892.8951       -3693.2155      3726.9333     
    6:Phi:time6             48.815925       0.0000000       48.815925       48.815925     
    7:Phi:time7             85.876365       0.0000000       85.876365       85.876365     
    8:Phi:time12            -0.4663762      1.1382697       -2.6973850      1.7646325     
    9:Phi:time13            14.047107       534.46926       -1033.5127      1061.6069     
   10:Phi:time14            89.626291       0.0000000       89.626291       89.626291     
   11:Phi:time15            53.746179       0.0000000       53.746179       53.746179     
   12:Phi:time16            89.330152       0.0000000       89.330152       89.330152     
   13:Phi:time17            -4.2188345      1.5816163       -7.3188026      -1.1188665    
   14:p:(Intercept)         -142.42217      0.0000000       -142.42217      -142.42217    
   15:p:SpeciesCOC          -0.7731833      0.2211187       -1.2065759      -0.3397907    
   16:p:time3               137.55541       0.0000000       137.55541       137.55541     

  Program  MARK  - Survival Rate Estimation with Capture-Recapture Data
   gfortran(Win64) Vers. 8.1 Mar 2016    1-Feb-2019 12:22:42    Page  007
 - - - - - - - - - - - - - - - - - - - - - - - - - - - - - - - - - - - - - -
 
   17:p:time4               137.17782       0.0000000       137.17782       137.17782     
   18:p:time5               139.00808       0.0000000       139.00808       139.00808     
   19:p:time6               138.45295       0.0000000       138.45295       138.45295     
   20:p:time7               138.43299       0.0000000       138.43299       138.43299     
   21:p:time12              140.52608       0.0000000       140.52608       140.52608     
   22:p:time13              137.55904       0.0000000       137.55904       137.55904     
   23:p:time14              137.27056       0.0000000       137.27056       137.27056     
   24:p:time15              138.15675       0.0000000       138.15675       138.15675     
   25:p:time16              135.95765       0.0000000       135.95765       135.95765     
   26:p:time17              138.26236       0.0000000       138.26236       138.26236     
   27:p:time18              143.31518       0.0000000       143.31518       143.31518     


               Real Function Parameters of { Phi(~time)p(~Species + time) }
                                                               95% Confidence Interval
  Parameter                  Estimate       Standard Error      Lower           Upper
 --------------------------  --------------  --------------  --------------  --------------
     1:Phi gBIB c1 a0 t1     0.4498457       0.2536099       0.0988735       0.8590251                           
     2:Phi gBIB c1 a1 t2     0.7047887       0.2760197       0.1505903       0.9698335                           
     3:Phi gBIB c1 a2 t3     1.0000000       0.0000000       1.0000000       1.0000000                           
     4:Phi gBIB c1 a3 t4     0.5381360       0.1715053       0.2315413       0.8183652                           
     5:Phi gBIB c1 a4 t5     0.9999999       0.1103599E-003  0.1691133E-296  1.0000000                           
     6:Phi gBIB c1 a5 t6     1.0000000       0.0000000       1.0000000       1.0000000                           
     7:Phi gBIB c1 a6 t7     1.0000000       0.0000000       1.0000000       1.0000000                           
     8:Phi gBIB c1 a11 t12   0.3390187       0.1085142       0.1656453       0.5699063                           
     9:Phi gBIB c1 a12 t13   0.9999990       0.5185146E-003  0.1016302E-297  1.0000000                           
    10:Phi gBIB c1 a13 t14   1.0000000       0.0000000       1.0000000       1.0000000                           
    11:Phi gBIB c1 a14 t15   1.0000000       0.0000000       1.0000000       1.0000000                           
    12:Phi gBIB c1 a15 t16   1.0000000       0.0000000       1.0000000       1.0000000                           
    13:Phi gBIB c1 a16 t17   0.0118896       0.0141790       0.0011286       0.1135892                           
    14:p gBIB c1 a1 t2       0.1402293E-061  0.0000000       0.1402293E-061  0.1402293E-061                      
    15:p gBIB c1 a2 t3       0.0076395       0.0081802       0.9279111E-003  0.0599815                           
    16:p gBIB c1 a3 t4       0.0052495       0.0054531       0.6811191E-003  0.0392558                           
    17:p gBIB c1 a4 t5       0.0318580       0.0168820       0.0111302       0.0877613                           
    18:p gBIB c1 a5 t6       0.0185381       0.0046321       0.0113378       0.0301715                           
    19:p gBIB c1 a6 t7       0.0181785       0.0044073       0.0112824       0.0291651                           
    20:p gBIB c1 a11 t12     0.1305523       0.0105254       0.1112703       0.1526021                           
    21:p gBIB c1 a12 t13     0.0076671       0.0038349       0.0028686       0.0203286                           
    22:p gBIB c1 a13 t14     0.0057567       0.0029119       0.0021316       0.0154518                           
    23:p gBIB c1 a14 t15     0.0138515       0.0051708       0.0066441       0.0286519                           
    24:p gBIB c1 a15 t16     0.0015553       0.0011711       0.3551354E-003  0.0067840                           
    25:p gBIB c1 a16 t17     0.0153706       0.0052283       0.0078691       0.0298082                           
    26:p gBIB c1 a17 t18     0.7095107       0.6306197       0.0060358       0.9989831                           
    27:p gCOC c1 a1 t2       0.6472164E-062  0.0000000       0.6472164E-062  0.6472164E-062                      
    28:p gCOC c1 a2 t3       0.0035405       0.0037761       0.4358566E-003  0.0281374                           
    29:p gCOC c1 a3 t4       0.0024298       0.0025096       0.3199888E-003  0.0181965                           

  Program  MARK  - Survival Rate Estimation with Capture-Recapture Data
   gfortran(Win64) Vers. 8.1 Mar 2016    1-Feb-2019 12:22:42    Page  008
 - - - - - - - - - - - - - - - - - - - - - - - - - - - - - - - - - - - - - -
 
    30:p gCOC c1 a4 t5       0.0149604       0.0085197       0.0048669       0.0450393                           
    31:p gCOC c1 a5 t6       0.0086424       0.0027846       0.0045893       0.0162167                           
    32:p gCOC c1 a6 t7       0.0084730       0.0026718       0.0045608       0.0156884                           
    33:p gCOC c1 a11 t12     0.0648114       0.0135141       0.0428490       0.0968912                           
    34:p gCOC c1 a12 t13     0.0035533       0.0017303       0.0013665       0.0092077                           
    35:p gCOC c1 a13 t14     0.0026652       0.0013031       0.0010213       0.0069371                           
    36:p gCOC c1 a14 t15     0.0064411       0.0022534       0.0032406       0.0127619                           
    37:p gCOC c1 a15 t16     0.7184461E-003  0.5322072E-003  0.1681199E-003  0.0030647                           
    38:p gCOC c1 a16 t17     0.0071534       0.0022384       0.0038696       0.0131868                           
    39:p gCOC c1 a17 t18     0.5299205       0.7612612       0.0028152       0.9977834                           

 Attempted ordering of parameters by estimatibility:
  14  1 21 15 26 24 20 19 13 22 23  8 18 25 16  4  2 27 17  9  5  3  6 11  7
  12 10
 Beta number 10 is a singular value.

     CPU Time in seconds for last procedure was 0.84


  INPUT --- proc stop;

   * *  WARNING  * *   Numerical underflow occurred during final processing of this model. 
     IEEE flag status at final processing of this model:
     overflow       F
     divide by zero F
     invalid        F
     underflow      T
     inexact        T


     CPU Time in minutes for this job was 0.01

     Time Start = 12:22:41.902   Time End = 12:22:42.568

     Wall Clock Time in minutes for this job was 0.01


          E X E C U T I O N   S U C C E S S F U L 
