
   Program  MARK  - Survival Rate Estimation with Capture-Recapture Data
   gfortran(Win64) Vers. 8.1 Mar 2016    1-Feb-2019 12:19:39    Page  001
 - - - - - - - - - - - - - - - - - - - - - - - - - - - - - - - - - - - - - -
 
   This version was compiled by GCC version 5.3.0 using the options: 
     -cpp -iprefix c:\tdm-gcc-64\gcc\bin\../lib/gcc/x86_64-w64-mingw32/5.3.0/ -D_MT
     -U_REENTRANT -D IEEE -m64 -mtune=generic -march=x86-64 -mthreads -O2
     -fimplicit-none -fbounds-check -funroll-loops -ftree-vectorize
     -ffpe-summary=invalid,zero,overflow,underflow -fno-unsafe-math-optimizations
     -frounding-math -fsignaling-nans -fopenmp.

   This problem will use 7 of 8 possible threads.


  INPUT --- proc title ;

     CPU Time in seconds for last procedure was 0.00


  INPUT --- proc chmatrix occasions= 13 groups= 2 etype= Live Nodes= 
  INPUT --- 101 ICMeans NoHist hist= 71  ;

  INPUT ---    time interval 1 1 1 1 1 6 1 1 1 1 1 1 ;

  INPUT ---    glabel(1)=SpeciesBIB;

  INPUT ---    glabel(2)=SpeciesCOC;

   * *  WARNING  * *   At least a pair of the encounter histories are duplicates. 

      Number of unique encounter histories read was 49.

      Number of individual covariates read was 0.
      Time interval lengths vary and/or not equal to 1.

      Data type number is 1
      Data type is Live Recaptures (CJS)                                                                               

     CPU Time in seconds for last procedure was 0.02

  Program  MARK  - Survival Rate Estimation with Capture-Recapture Data
   gfortran(Win64) Vers. 8.1 Mar 2016    1-Feb-2019 12:19:39    Page  002
 - - - - - - - - - - - - - - - - - - - - - - - - - - - - - - - - - - - - - -
 


  INPUT --- proc estimate link=Logit NOLOOP varest=2ndPart    ;


  INPUT --- model={ Phi(~time)p(~Species) };

  INPUT ---    group=1 Phi    rows=12 cols=12 Triang ;
  INPUT ---        1 2 3 4 5 6 7 8 9 10 11 12 ;
  INPUT ---        2 3 4 5 6 7 8 9 10 11 12 ;
  INPUT ---        3 4 5 6 7 8 9 10 11 12 ;
  INPUT ---        4 5 6 7 8 9 10 11 12 ;
  INPUT ---        5 6 7 8 9 10 11 12 ;
  INPUT ---        6 7 8 9 10 11 12 ;
  INPUT ---        7 8 9 10 11 12 ;
  INPUT ---        8 9 10 11 12 ;
  INPUT ---        9 10 11 12 ;
  INPUT ---        10 11 12 ;
  INPUT ---        11 12 ;
  INPUT ---        12 ;

  INPUT ---    group=2 Phi    rows=12 cols=12 Triang ;
  INPUT ---        1 2 3 4 5 6 7 8 9 10 11 12 ;
  INPUT ---        2 3 4 5 6 7 8 9 10 11 12 ;
  INPUT ---        3 4 5 6 7 8 9 10 11 12 ;
  INPUT ---        4 5 6 7 8 9 10 11 12 ;
  INPUT ---        5 6 7 8 9 10 11 12 ;
  INPUT ---        6 7 8 9 10 11 12 ;
  INPUT ---        7 8 9 10 11 12 ;
  INPUT ---        8 9 10 11 12 ;
  INPUT ---        9 10 11 12 ;
  INPUT ---        10 11 12 ;
  INPUT ---        11 12 ;
  INPUT ---        12 ;

  INPUT ---    group=1 p    rows=12 cols=12 Triang ;
  INPUT ---        13 13 13 13 13 13 13 13 13 13 13 13 ;
  INPUT ---        13 13 13 13 13 13 13 13 13 13 13 ;
  INPUT ---        13 13 13 13 13 13 13 13 13 13 ;
  INPUT ---        13 13 13 13 13 13 13 13 13 ;
  INPUT ---        13 13 13 13 13 13 13 13 ;
  INPUT ---        13 13 13 13 13 13 13 ;
  INPUT ---        13 13 13 13 13 13 ;
  INPUT ---        13 13 13 13 13 ;
  INPUT ---        13 13 13 13 ;
  INPUT ---        13 13 13 ;

  Program  MARK  - Survival Rate Estimation with Capture-Recapture Data
   gfortran(Win64) Vers. 8.1 Mar 2016    1-Feb-2019 12:19:39    Page  003
 - - - - - - - - - - - - - - - - - - - - - - - - - - - - - - - - - - - - - -
 
  INPUT ---        13 13 ;
  INPUT ---        13 ;

  INPUT ---    group=2 p    rows=12 cols=12 Triang ;
  INPUT ---        14 14 14 14 14 14 14 14 14 14 14 14 ;
  INPUT ---        14 14 14 14 14 14 14 14 14 14 14 ;
  INPUT ---        14 14 14 14 14 14 14 14 14 14 ;
  INPUT ---        14 14 14 14 14 14 14 14 14 ;
  INPUT ---        14 14 14 14 14 14 14 14 ;
  INPUT ---        14 14 14 14 14 14 14 ;
  INPUT ---        14 14 14 14 14 14 ;
  INPUT ---        14 14 14 14 14 ;
  INPUT ---        14 14 14 14 ;
  INPUT ---        14 14 14 ;
  INPUT ---        14 14 ;
  INPUT ---        14 ;

  INPUT ---    design matrix constraints=14 covariates=14;
  INPUT ---        1 0 0 0 0 0 0 0 0 0 0 0 0 0;
  INPUT ---        1 1 0 0 0 0 0 0 0 0 0 0 0 0;
  INPUT ---        1 0 1 0 0 0 0 0 0 0 0 0 0 0;
  INPUT ---        1 0 0 1 0 0 0 0 0 0 0 0 0 0;
  INPUT ---        1 0 0 0 1 0 0 0 0 0 0 0 0 0;
  INPUT ---        1 0 0 0 0 1 0 0 0 0 0 0 0 0;
  INPUT ---        1 0 0 0 0 0 1 0 0 0 0 0 0 0;
  INPUT ---        1 0 0 0 0 0 0 1 0 0 0 0 0 0;
  INPUT ---        1 0 0 0 0 0 0 0 1 0 0 0 0 0;
  INPUT ---        1 0 0 0 0 0 0 0 0 1 0 0 0 0;
  INPUT ---        1 0 0 0 0 0 0 0 0 0 1 0 0 0;
  INPUT ---        1 0 0 0 0 0 0 0 0 0 0 1 0 0;
  INPUT ---        0 0 0 0 0 0 0 0 0 0 0 0 1 0;
  INPUT ---        0 0 0 0 0 0 0 0 0 0 0 0 1 1;
  INPUT ---       blabel(1)=Phi:(Intercept);
  INPUT ---       blabel(2)=Phi:time2;
  INPUT ---       blabel(3)=Phi:time3;
  INPUT ---       blabel(4)=Phi:time4;
  INPUT ---       blabel(5)=Phi:time5;
  INPUT ---       blabel(6)=Phi:time6;
  INPUT ---       blabel(7)=Phi:time12;
  INPUT ---       blabel(8)=Phi:time13;
  INPUT ---       blabel(9)=Phi:time14;
  INPUT ---       blabel(10)=Phi:time15;
  INPUT ---       blabel(11)=Phi:time16;
  INPUT ---       blabel(12)=Phi:time17;
  INPUT ---       blabel(13)=p:(Intercept);
  INPUT ---       blabel(14)=p:SpeciesCOC;

  Program  MARK  - Survival Rate Estimation with Capture-Recapture Data
   gfortran(Win64) Vers. 8.1 Mar 2016    1-Feb-2019 12:19:39    Page  004
 - - - - - - - - - - - - - - - - - - - - - - - - - - - - - - - - - - - - - -
 
  INPUT ---       rlabel(1)=Phi gBIB c1 a0 t1;
  INPUT ---       rlabel(2)=Phi gBIB c1 a1 t2;
  INPUT ---       rlabel(3)=Phi gBIB c1 a2 t3;
  INPUT ---       rlabel(4)=Phi gBIB c1 a3 t4;
  INPUT ---       rlabel(5)=Phi gBIB c1 a4 t5;
  INPUT ---       rlabel(6)=Phi gBIB c1 a5 t6;
  INPUT ---       rlabel(7)=Phi gBIB c1 a11 t12;
  INPUT ---       rlabel(8)=Phi gBIB c1 a12 t13;
  INPUT ---       rlabel(9)=Phi gBIB c1 a13 t14;
  INPUT ---       rlabel(10)=Phi gBIB c1 a14 t15;
  INPUT ---       rlabel(11)=Phi gBIB c1 a15 t16;
  INPUT ---       rlabel(12)=Phi gBIB c1 a16 t17;
  INPUT ---       rlabel(13)=p gBIB c1 a1 t2;
  INPUT ---       rlabel(14)=p gCOC c1 a1 t2;

 Link Function Used is LOGIT        

 Variance Estimation Procedure Used is 2ndPart 
 -2logL(saturated) = 740.80268     
 Effective Sample Size = 2405

 Number of function evaluations was 72 for 14 parameters.
 Time for numerical optimization was 0.17 seconds.
 -2logL { Phi(~time)p(~Species) } = 963.35585     
 Penalty { Phi(~time)p(~Species) } = -0.0000000    
 Gradient { Phi(~time)p(~Species) }:
  0.4766738E-02 0.4351866E-03  0.000000      0.000000      0.000000    
   0.000000     0.3080478E-02  0.000000     0.2231177E-03-0.2309509E-05
  0.5384995E-03 0.4854796E-03 0.3629046E-02 0.1993019E-02
 S Vector { Phi(~time)p(~Species) }:
   125.7218      29.57350      10.43088      2.640073      1.489382    
  0.5124529     0.3441029     0.4382806E-05 0.3278300E-05 0.2985983E-06
  0.1412727E-06 0.1939882E-07 0.1898980E-07 0.7475177E-08
 Time to compute number of parameters was 0.06 seconds.
   Threshold =  0.3000000E-06     Condition index =  0.5945807E-10     New Threshold =  0.2796955E-07
 New Guessimate of Estimated Parameters { Phi(~time)p(~Species) } = 8          
 Conditioned S Vector { Phi(~time)p(~Species) }:
   1.000000     0.2352296     0.8296792E-01 0.2099932E-01 0.1184664E-01
  0.4076085E-02 0.2737018E-02 0.3486114E-07 0.2607582E-07 0.2375071E-08
  0.1123692E-08 0.1542996E-09 0.1510462E-09 0.5945807E-10
 Number of Estimated Parameters { Phi(~time)p(~Species) } = 7          
 DEVIANCE { Phi(~time)p(~Species) } = 222.55317                     
 DEVIANCE Degrees of Freedom { Phi(~time)p(~Species) } = 38            
 c-hat { Phi(~time)p(~Species) } = 5.8566624                     
 AIC { Phi(~time)p(~Species) } = 977.35585                  
 AICc { Phi(~time)p(~Species) } = 977.40258                    
 BIC { Phi(~time)p(~Species) } = 1017.8530                    
 Pearson Chisquare { Phi(~time)p(~Species) } = 5829.9962                  
 Possible Encounter Histories { Phi(~time)p(~Species) } = 16380             
 Pearson Chisquare df { Phi(~time)p(~Species) } = 16349        
 Pearson chat { Phi(~time)p(~Species) } = 0.3565965                  
 Sum(Observed/Expected) { Phi(~time)p(~Species) } = 5776.0124                  
 Fletcher chat { Phi(~time)p(~Species) } = 1.0112601                  


                  LOGIT Link Function Parameters of { Phi(~time)p(~Species) }
                                                              95% Confidence Interval
 Parameter                    Beta         Standard Error      Lower           Upper
 -------------------------  --------------  --------------  --------------  --------------
    1:Phi:(Intercept)       12.704226       222.41649       -423.23211      448.64056     
    2:Phi:time2             -11.696117      222.41987       -447.63907      424.24684     
    3:Phi:time3             10.596013       0.0000000       10.596013       10.596013     

  Program  MARK  - Survival Rate Estimation with Capture-Recapture Data
   gfortran(Win64) Vers. 8.1 Mar 2016    1-Feb-2019 12:19:39    Page  005
 - - - - - - - - - - - - - - - - - - - - - - - - - - - - - - - - - - - - - -
 
    4:Phi:time4             11.758388       0.0000000       11.758388       11.758388     
    5:Phi:time5             8.7567217       2529.9156       -4949.8779      4967.3914     
    6:Phi:time6             31.452555       5726.9974       -11193.463      11256.368     
    7:Phi:time12            -13.869261      222.41652       -449.80565      422.06713     
    8:Phi:time13            1.3072368       491.36863       -961.77530      964.38977     
    9:Phi:time14            -11.177945      222.42375       -447.12851      424.77262     
   10:Phi:time15            3.9225551       1793.3548       -3511.0530      3518.8981     
   11:Phi:time16            -11.857075      222.41998       -447.80024      424.08609     
   12:Phi:time17            -12.511854      222.41933       -448.45375      423.43004     
   13:p:(Intercept)         -4.2629228      0.2134676       -4.6813193      -3.8445262    
   14:p:SpeciesCOC          0.5002188       0.2518331       0.0066259       0.9938117     


                  Real Function Parameters of { Phi(~time)p(~Species) }
                                                               95% Confidence Interval
  Parameter                  Estimate       Standard Error      Lower           Upper
 --------------------------  --------------  --------------  --------------  --------------
     1:Phi gBIB c1 a0 t1     0.9999970       0.6757548E-003  0.1558225E-183  1.0000000                           
     2:Phi gBIB c1 a1 t2     0.7326499       0.1809612       0.3094553       0.9436878                           
     3:Phi gBIB c1 a2 t3     1.0000000       0.0000000       1.0000000       1.0000000                           
     4:Phi gBIB c1 a3 t4     1.0000000       0.0000000       1.0000000       1.0000000                           
     5:Phi gBIB c1 a4 t5     1.0000000       0.1212841E-005  0.9999976       1.0000024                           
     6:Phi gBIB c1 a5 t6     1.0000000       0.0000000       1.0000000       1.0000000                           
     7:Phi gBIB c1 a11 t12   0.2377536       0.0651217       0.1336185       0.3868120                           
     8:Phi gBIB c1 a12 t13   0.9999992       0.4277083E-003  0.1199399E-297  1.0000000                           
     9:Phi gBIB c1 a13 t14   0.8214616       0.2398625       0.1571954       0.9912664                           
    10:Phi gBIB c1 a14 t15   0.9999999       0.1084184E-003  0.1639766E-296  1.0000000                           
    11:Phi gBIB c1 a15 t16   0.6999691       0.2682056       0.1603059       0.9661132                           
    12:Phi gBIB c1 a16 t17   0.5479451       0.2922169       0.1071805       0.9244646                           
    13:p gBIB c1 a1 t2       0.0138856       0.0029230       0.0091817       0.0209483                           
    14:p gCOC c1 a1 t2       0.0226939       0.0050378       0.0146594       0.0349756                           

 Attempted ordering of parameters by estimatibility:
  13 14  1  7  2 12 11  9  8 10  5  6  4  3
 Beta number 3 is a singular value.

     CPU Time in seconds for last procedure was 0.25

  Program  MARK  - Survival Rate Estimation with Capture-Recapture Data
   gfortran(Win64) Vers. 8.1 Mar 2016    1-Feb-2019 12:19:39    Page  006
 - - - - - - - - - - - - - - - - - - - - - - - - - - - - - - - - - - - - - -
 


  INPUT --- proc stop;

   * *  WARNING  * *   Numerical underflow occurred during final processing of this model. 
     IEEE flag status at final processing of this model:
     overflow       F
     divide by zero F
     invalid        F
     underflow      T
     inexact        T


     CPU Time in minutes for this job was 0.00

     Time Start = 12:19:39.334   Time End = 12:19:39.621

     Wall Clock Time in minutes for this job was 0.00


          E X E C U T I O N   S U C C E S S F U L 
