
   Program  MARK  - Survival Rate Estimation with Capture-Recapture Data
   gfortran(Win64) Vers. 8.1 Mar 2016   31-Jan-2019 15:51:44    Page  001
 - - - - - - - - - - - - - - - - - - - - - - - - - - - - - - - - - - - - - -
 
   This version was compiled by GCC version 5.3.0 using the options: 
     -cpp -iprefix c:\tdm-gcc-64\gcc\bin\../lib/gcc/x86_64-w64-mingw32/5.3.0/ -D_MT
     -U_REENTRANT -D IEEE -m64 -mtune=generic -march=x86-64 -mthreads -O2
     -fimplicit-none -fbounds-check -funroll-loops -ftree-vectorize
     -ffpe-summary=invalid,zero,overflow,underflow -fno-unsafe-math-optimizations
     -frounding-math -fsignaling-nans -fopenmp.

   This problem will use 7 of 8 possible threads.


  INPUT --- proc title ;

     CPU Time in seconds for last procedure was 0.00


  INPUT --- proc chmatrix occasions= 13 groups= 2 etype= Live Nodes= 
  INPUT --- 101 ICMeans NoHist hist= 71  ;

  INPUT ---    time interval 1 1 1 1 1 6 1 1 1 1 1 1 ;

  INPUT ---    glabel(1)=SpeciesBIB;

  INPUT ---    glabel(2)=SpeciesCOC;

   * *  WARNING  * *   At least a pair of the encounter histories are duplicates. 

      Number of unique encounter histories read was 49.

      Number of individual covariates read was 0.
      Time interval lengths vary and/or not equal to 1.

      Data type number is 1
      Data type is Live Recaptures (CJS)                                                                               

     CPU Time in seconds for last procedure was 0.00

  Program  MARK  - Survival Rate Estimation with Capture-Recapture Data
   gfortran(Win64) Vers. 8.1 Mar 2016   31-Jan-2019 15:51:44    Page  002
 - - - - - - - - - - - - - - - - - - - - - - - - - - - - - - - - - - - - - -
 


  INPUT --- proc estimate link=Logit NOLOOP varest=2ndPart    ;


  INPUT --- model={ Phi(~Time)p(~time) };

  INPUT ---    group=1 Phi    rows=12 cols=12 Triang ;
  INPUT ---        1 2 3 4 5 6 7 8 9 10 11 12 ;
  INPUT ---        2 3 4 5 6 7 8 9 10 11 12 ;
  INPUT ---        3 4 5 6 7 8 9 10 11 12 ;
  INPUT ---        4 5 6 7 8 9 10 11 12 ;
  INPUT ---        5 6 7 8 9 10 11 12 ;
  INPUT ---        6 7 8 9 10 11 12 ;
  INPUT ---        7 8 9 10 11 12 ;
  INPUT ---        8 9 10 11 12 ;
  INPUT ---        9 10 11 12 ;
  INPUT ---        10 11 12 ;
  INPUT ---        11 12 ;
  INPUT ---        12 ;

  INPUT ---    group=2 Phi    rows=12 cols=12 Triang ;
  INPUT ---        1 2 3 4 5 6 7 8 9 10 11 12 ;
  INPUT ---        2 3 4 5 6 7 8 9 10 11 12 ;
  INPUT ---        3 4 5 6 7 8 9 10 11 12 ;
  INPUT ---        4 5 6 7 8 9 10 11 12 ;
  INPUT ---        5 6 7 8 9 10 11 12 ;
  INPUT ---        6 7 8 9 10 11 12 ;
  INPUT ---        7 8 9 10 11 12 ;
  INPUT ---        8 9 10 11 12 ;
  INPUT ---        9 10 11 12 ;
  INPUT ---        10 11 12 ;
  INPUT ---        11 12 ;
  INPUT ---        12 ;

  INPUT ---    group=1 p    rows=12 cols=12 Triang ;
  INPUT ---        13 14 15 16 17 18 19 20 21 22 23 24 ;
  INPUT ---        14 15 16 17 18 19 20 21 22 23 24 ;
  INPUT ---        15 16 17 18 19 20 21 22 23 24 ;
  INPUT ---        16 17 18 19 20 21 22 23 24 ;
  INPUT ---        17 18 19 20 21 22 23 24 ;
  INPUT ---        18 19 20 21 22 23 24 ;
  INPUT ---        19 20 21 22 23 24 ;
  INPUT ---        20 21 22 23 24 ;
  INPUT ---        21 22 23 24 ;
  INPUT ---        22 23 24 ;

  Program  MARK  - Survival Rate Estimation with Capture-Recapture Data
   gfortran(Win64) Vers. 8.1 Mar 2016   31-Jan-2019 15:51:44    Page  003
 - - - - - - - - - - - - - - - - - - - - - - - - - - - - - - - - - - - - - -
 
  INPUT ---        23 24 ;
  INPUT ---        24 ;

  INPUT ---    group=2 p    rows=12 cols=12 Triang ;
  INPUT ---        13 14 15 16 17 18 19 20 21 22 23 24 ;
  INPUT ---        14 15 16 17 18 19 20 21 22 23 24 ;
  INPUT ---        15 16 17 18 19 20 21 22 23 24 ;
  INPUT ---        16 17 18 19 20 21 22 23 24 ;
  INPUT ---        17 18 19 20 21 22 23 24 ;
  INPUT ---        18 19 20 21 22 23 24 ;
  INPUT ---        19 20 21 22 23 24 ;
  INPUT ---        20 21 22 23 24 ;
  INPUT ---        21 22 23 24 ;
  INPUT ---        22 23 24 ;
  INPUT ---        23 24 ;
  INPUT ---        24 ;

  INPUT ---    design matrix constraints=24 covariates=14;
  INPUT ---        1 0 0 0 0 0 0 0 0 0 0 0 0 0;
  INPUT ---        1 1 0 0 0 0 0 0 0 0 0 0 0 0;
  INPUT ---        1 2 0 0 0 0 0 0 0 0 0 0 0 0;
  INPUT ---        1 3 0 0 0 0 0 0 0 0 0 0 0 0;
  INPUT ---        1 4 0 0 0 0 0 0 0 0 0 0 0 0;
  INPUT ---        1 5 0 0 0 0 0 0 0 0 0 0 0 0;
  INPUT ---        1 11 0 0 0 0 0 0 0 0 0 0 0 0;
  INPUT ---        1 12 0 0 0 0 0 0 0 0 0 0 0 0;
  INPUT ---        1 13 0 0 0 0 0 0 0 0 0 0 0 0;
  INPUT ---        1 14 0 0 0 0 0 0 0 0 0 0 0 0;
  INPUT ---        1 15 0 0 0 0 0 0 0 0 0 0 0 0;
  INPUT ---        1 16 0 0 0 0 0 0 0 0 0 0 0 0;
  INPUT ---        0 0 1 0 0 0 0 0 0 0 0 0 0 0;
  INPUT ---        0 0 1 1 0 0 0 0 0 0 0 0 0 0;
  INPUT ---        0 0 1 0 1 0 0 0 0 0 0 0 0 0;
  INPUT ---        0 0 1 0 0 1 0 0 0 0 0 0 0 0;
  INPUT ---        0 0 1 0 0 0 1 0 0 0 0 0 0 0;
  INPUT ---        0 0 1 0 0 0 0 1 0 0 0 0 0 0;
  INPUT ---        0 0 1 0 0 0 0 0 1 0 0 0 0 0;
  INPUT ---        0 0 1 0 0 0 0 0 0 1 0 0 0 0;
  INPUT ---        0 0 1 0 0 0 0 0 0 0 1 0 0 0;
  INPUT ---        0 0 1 0 0 0 0 0 0 0 0 1 0 0;
  INPUT ---        0 0 1 0 0 0 0 0 0 0 0 0 1 0;
  INPUT ---        0 0 1 0 0 0 0 0 0 0 0 0 0 1;
  INPUT ---       blabel(1)=Phi:(Intercept);
  INPUT ---       blabel(2)=Phi:Time;
  INPUT ---       blabel(3)=p:(Intercept);
  INPUT ---       blabel(4)=p:time3;

  Program  MARK  - Survival Rate Estimation with Capture-Recapture Data
   gfortran(Win64) Vers. 8.1 Mar 2016   31-Jan-2019 15:51:44    Page  004
 - - - - - - - - - - - - - - - - - - - - - - - - - - - - - - - - - - - - - -
 
  INPUT ---       blabel(5)=p:time4;
  INPUT ---       blabel(6)=p:time5;
  INPUT ---       blabel(7)=p:time6;
  INPUT ---       blabel(8)=p:time12;
  INPUT ---       blabel(9)=p:time13;
  INPUT ---       blabel(10)=p:time14;
  INPUT ---       blabel(11)=p:time15;
  INPUT ---       blabel(12)=p:time16;
  INPUT ---       blabel(13)=p:time17;
  INPUT ---       blabel(14)=p:time18;
  INPUT ---       rlabel(1)=Phi gBIB c1 a0 t1;
  INPUT ---       rlabel(2)=Phi gBIB c1 a1 t2;
  INPUT ---       rlabel(3)=Phi gBIB c1 a2 t3;
  INPUT ---       rlabel(4)=Phi gBIB c1 a3 t4;
  INPUT ---       rlabel(5)=Phi gBIB c1 a4 t5;
  INPUT ---       rlabel(6)=Phi gBIB c1 a5 t6;
  INPUT ---       rlabel(7)=Phi gBIB c1 a11 t12;
  INPUT ---       rlabel(8)=Phi gBIB c1 a12 t13;
  INPUT ---       rlabel(9)=Phi gBIB c1 a13 t14;
  INPUT ---       rlabel(10)=Phi gBIB c1 a14 t15;
  INPUT ---       rlabel(11)=Phi gBIB c1 a15 t16;
  INPUT ---       rlabel(12)=Phi gBIB c1 a16 t17;
  INPUT ---       rlabel(13)=p gBIB c1 a1 t2;
  INPUT ---       rlabel(14)=p gBIB c1 a2 t3;
  INPUT ---       rlabel(15)=p gBIB c1 a3 t4;
  INPUT ---       rlabel(16)=p gBIB c1 a4 t5;
  INPUT ---       rlabel(17)=p gBIB c1 a5 t6;
  INPUT ---       rlabel(18)=p gBIB c1 a11 t12;
  INPUT ---       rlabel(19)=p gBIB c1 a12 t13;
  INPUT ---       rlabel(20)=p gBIB c1 a13 t14;
  INPUT ---       rlabel(21)=p gBIB c1 a14 t15;
  INPUT ---       rlabel(22)=p gBIB c1 a15 t16;
  INPUT ---       rlabel(23)=p gBIB c1 a16 t17;
  INPUT ---       rlabel(24)=p gBIB c1 a17 t18;

 Link Function Used is LOGIT        

 Variance Estimation Procedure Used is 2ndPart 
 -2logL(saturated) = 740.80268     
 Effective Sample Size = 2405

 Number of function evaluations was 66 for 14 parameters.
 Time for numerical optimization was 0.09 seconds.

  Program  MARK  - Survival Rate Estimation with Capture-Recapture Data
   gfortran(Win64) Vers. 8.1 Mar 2016   31-Jan-2019 15:51:44    Page  005
 - - - - - - - - - - - - - - - - - - - - - - - - - - - - - - - - - - - - - -
 
 -2logL { Phi(~Time)p(~time) } = 931.10858     
 Penalty { Phi(~Time)p(~time) } = -0.0000000    
 Gradient { Phi(~Time)p(~time) }:
 -0.1120184E-03-0.1099127E-03-0.1080133E-03  0.000000      0.000000    
   0.000000    -0.3113366E-04 0.5031782E-04-0.4789118E-05-0.1243083E-04
 -0.1785045E-04-0.2304367E-04-0.5441050E-04-0.3141742E-04
 S Vector { Phi(~Time)p(~time) }:
   157.6070      51.26999      13.29173      10.00096      7.278442    
   5.958094      5.709736      5.048374      1.848126     0.9976534    
  0.8218787     0.2132271     0.9693013E-01 0.1255746E-06
 Time to compute number of parameters was 0.09 seconds.
   Threshold =  0.3000000E-06     Condition index =  0.7967579E-09     New Threshold =  0.4698571E-06
 New Guessimate of Estimated Parameters { Phi(~Time)p(~time) } = 13          
 Conditioned S Vector { Phi(~Time)p(~time) }:
   1.000000     0.3253028     0.8433464E-01 0.6345509E-01 0.4618097E-01
  0.3780349E-01 0.3622769E-01 0.3203142E-01 0.1172617E-01 0.6330008E-02
  0.5214736E-02 0.1352904E-02 0.6150117E-03 0.7967579E-09
 Number of Estimated Parameters { Phi(~Time)p(~time) } = 13          
 DEVIANCE { Phi(~Time)p(~time) } = 190.30590                     
 DEVIANCE Degrees of Freedom { Phi(~Time)p(~time) } = 32            
 c-hat { Phi(~Time)p(~time) } = 5.9470593                     
 AIC { Phi(~Time)p(~time) } = 957.10858                  
 AICc { Phi(~Time)p(~time) } = 957.26081                    
 BIC { Phi(~Time)p(~time) } = 1032.3175                    
 Pearson Chisquare { Phi(~Time)p(~time) } = 14946.810                  
 Possible Encounter Histories { Phi(~Time)p(~time) } = 16380             
 Pearson Chisquare df { Phi(~Time)p(~time) } = 16343        
 Pearson chat { Phi(~Time)p(~time) } = 0.9145696                  
 Sum(Observed/Expected) { Phi(~Time)p(~time) } = 14948.677                  
 Fletcher chat { Phi(~Time)p(~time) } = 1.0021388                  


                    LOGIT Link Function Parameters of { Phi(~Time)p(~time) }
                                                              95% Confidence Interval
 Parameter                    Beta         Standard Error      Lower           Upper
 -------------------------  --------------  --------------  --------------  --------------
    1:Phi:(Intercept)       6.5102192       1.9708626       2.6473283       10.373110     
    2:Phi:Time              -0.4546688      0.1544586       -0.7574077      -0.1519299    
    3:p:(Intercept)         -4.1573797      0.5818568       -5.2978191      -3.0169404    
    4:p:time3               -17.219643      2821.9487       -5548.2391      5513.7998     
    5:p:time4               -1.6102802      1.1583480       -3.8806423      0.6600818     
    6:p:time5               -0.0157574      0.7127776       -1.4128016      1.3812868     
    7:p:time6               -2.2864163      1.1578481       -4.5557986      -0.0170341    
    8:p:time12              1.0334377       0.6249766       -0.1915165      2.2583918     
    9:p:time13              -1.3738573      0.7211834       -2.7873768      0.0396621     
   10:p:time14              -0.8291106      0.7127159       -2.2260339      0.5678126     
   11:p:time15              -0.9106549      0.8014545       -2.4815059      0.6601960     
   12:p:time16              0.4800614       0.8018761       -1.0916157      2.0517385     
   13:p:time17              0.6715427       0.9829569       -1.2550529      2.5981383     
   14:p:time18              1.1711554       1.2063307       -1.1932529      3.5355636     


                    Real Function Parameters of { Phi(~Time)p(~time) }
                                                               95% Confidence Interval
  Parameter                  Estimate       Standard Error      Lower           Upper
 --------------------------  --------------  --------------  --------------  --------------
     1:Phi gBIB c1 a0 t1     0.9985141       0.0029242       0.9338461       0.9999687                           
     2:Phi gBIB c1 a1 t2     0.9976607       0.0042469       0.9233611       0.9999338                           
     3:Phi gBIB c1 a2 t3     0.9963190       0.0061216       0.9112759       0.9998598                           
     4:Phi gBIB c1 a3 t4     0.9942123       0.0087430       0.8973549       0.9997038                           
     5:Phi gBIB c1 a4 t5     0.9909109       0.0123452       0.8813198       0.9993756                           

  Program  MARK  - Survival Rate Estimation with Capture-Recapture Data
   gfortran(Win64) Vers. 8.1 Mar 2016   31-Jan-2019 15:51:44    Page  006
 - - - - - - - - - - - - - - - - - - - - - - - - - - - - - - - - - - - - - -
 
     6:Phi gBIB c1 a5 t6     0.9857532       0.0171812       0.8628318       0.9986878                           
     7:Phi gBIB c1 a11 t12   0.8188925       0.0673435       0.6499603       0.9167403                           
     8:Phi gBIB c1 a12 t13   0.7415793       0.0762004       0.5682833       0.8621825                           
     9:Phi gBIB c1 a13 t14   0.6455475       0.0908764       0.4553919       0.7986627                           
    10:Phi gBIB c1 a14 t15   0.5361508       0.1126230       0.3224035       0.7373925                           
    11:Phi gBIB c1 a15 t16   0.4231604       0.1337284       0.2004309       0.6822167                           
    12:Phi gBIB c1 a16 t17   0.3176740       0.1442564       0.1121563       0.6317982                           
    13:p gBIB c1 a1 t2       0.0154074       0.0088268       0.0049776       0.0466664                           
    14:p gBIB c1 a2 t3       0.5200880E-009  0.1467662E-005  -.2876097E-005  0.2877137E-005                      
    15:p gBIB c1 a3 t4       0.0031173       0.0031127       0.4388627E-003  0.0217866                           
    16:p gBIB c1 a4 t5       0.0151702       0.0061529       0.0068248       0.0333773                           
    17:p gBIB c1 a5 t6       0.0015878       0.0015871       0.2234833E-003  0.0111882                           
    18:p gBIB c1 a11 t12     0.0421304       0.0092725       0.0272707       0.0645499                           
    19:p gBIB c1 a12 t13     0.0039455       0.0016772       0.0017131       0.0090604                           
    20:p gBIB c1 a13 t14     0.0067833       0.0027796       0.0030331       0.0150999                           
    21:p gBIB c1 a14 t15     0.0062554       0.0034305       0.0021296       0.0182282                           
    22:p gBIB c1 a15 t16     0.0246669       0.0132808       0.0084989       0.0694382                           
    23:p gBIB c1 a16 t17     0.0297179       0.0228298       0.0064471       0.1263067                           
    24:p gBIB c1 a17 t18     0.0480521       0.0482845       0.0063362       0.2855020                           

 Attempted ordering of parameters by estimatibility:
   3  1  8 12 10  9 13 11  6  7  5 14  2  4
 Beta number 4 is a singular value.

     CPU Time in seconds for last procedure was 0.20

  Program  MARK  - Survival Rate Estimation with Capture-Recapture Data
   gfortran(Win64) Vers. 8.1 Mar 2016   31-Jan-2019 15:51:44    Page  007
 - - - - - - - - - - - - - - - - - - - - - - - - - - - - - - - - - - - - - -
 


  INPUT --- proc stop;

     CPU Time in minutes for this job was 0.00

     Time Start = 15:51:44.224   Time End = 15:51:44.558

     Wall Clock Time in minutes for this job was 0.01


          E X E C U T I O N   S U C C E S S F U L 
