
   Program  MARK  - Survival Rate Estimation with Capture-Recapture Data
   gfortran(Win64) Vers. 8.1 Mar 2016   31-Jan-2019 10:37:33    Page  001
 - - - - - - - - - - - - - - - - - - - - - - - - - - - - - - - - - - - - - -
 
   This version was compiled by GCC version 5.3.0 using the options: 
     -cpp -iprefix c:\tdm-gcc-64\gcc\bin\../lib/gcc/x86_64-w64-mingw32/5.3.0/ -D_MT
     -U_REENTRANT -D IEEE -m64 -mtune=generic -march=x86-64 -mthreads -O2
     -fimplicit-none -fbounds-check -funroll-loops -ftree-vectorize
     -ffpe-summary=invalid,zero,overflow,underflow -fno-unsafe-math-optimizations
     -frounding-math -fsignaling-nans -fopenmp.

   This problem will use 7 of 8 possible threads.


  INPUT --- proc title ;

     CPU Time in seconds for last procedure was 0.00


  INPUT --- proc chmatrix occasions= 6 groups= 1 etype= Live Nodes= 101 
  INPUT --- ICMeans NoHist hist= 10 ;

  INPUT ---    time interval 1 1 1 1 1 ;

  INPUT ---    glabel(1)=Group 1;

      Number of unique encounter histories read was 10.

      Number of individual covariates read was 0.
      Time interval lengths are all equal to 1.

      Data type number is 1
      Data type is Live Recaptures (CJS)                                                                               

     CPU Time in seconds for last procedure was 0.00

  Program  MARK  - Survival Rate Estimation with Capture-Recapture Data
   gfortran(Win64) Vers. 8.1 Mar 2016   31-Jan-2019 10:37:33    Page  002
 - - - - - - - - - - - - - - - - - - - - - - - - - - - - - - - - - - - - - -
 


  INPUT --- proc estimate link=Logit NOLOOP varest=2ndPart    ;


  INPUT --- model={ Phi(~1)p(~1) };

  INPUT ---    group=1 Phi    rows=5 cols=5 Triang ;
  INPUT ---        1 1 1 1 1 ;
  INPUT ---        1 1 1 1 ;
  INPUT ---        1 1 1 ;
  INPUT ---        1 1 ;
  INPUT ---        1 ;

  INPUT ---    group=1 p    rows=5 cols=5 Triang ;
  INPUT ---        2 2 2 2 2 ;
  INPUT ---        2 2 2 2 ;
  INPUT ---        2 2 2 ;
  INPUT ---        2 2 ;
  INPUT ---        2 ;

  INPUT ---    design matrix constraints=2 covariates=2 identity;
  INPUT ---       blabel(1)=Phi:(Intercept);
  INPUT ---       blabel(2)=p:(Intercept);
  INPUT ---       rlabel(1)=Phi g1 c1 a0 t1;
  INPUT ---       rlabel(2)=p g1 c1 a1 t2;

 Link Function Used is LOGIT        

 Variance Estimation Procedure Used is 2ndPart 
 -2logL(saturated) = 91.655113     
 Effective Sample Size = 512

 Number of function evaluations was 17 for 2 parameters.
 Time for numerical optimization was 0.01 seconds.
 -2logL { Phi(~1)p(~1) } = 100.81976     
 Penalty { Phi(~1)p(~1) } = -0.0000000    
 Gradient { Phi(~1)p(~1) }:
 -0.1209403E-05  0.000000    
 S Vector { Phi(~1)p(~1) }:
   17.00498     0.8144071    
 Time to compute number of parameters was 0.01 seconds.
   Threshold =  0.6000000E-07     Condition index =  0.4789228E-01     New Threshold =   1.151746    
 New Guessimate of Estimated Parameters { Phi(~1)p(~1) } = 1          
 Conditioned S Vector { Phi(~1)p(~1) }:
   1.000000     0.4789228E-01
 Number of Estimated Parameters { Phi(~1)p(~1) } = 2          
 DEVIANCE { Phi(~1)p(~1) } = 9.1646462                     
 DEVIANCE Degrees of Freedom { Phi(~1)p(~1) } = 2            
 c-hat { Phi(~1)p(~1) } = 4.5823231                     
 AIC { Phi(~1)p(~1) } = 104.81976                  
 AICc { Phi(~1)p(~1) } = 104.84333                    
 BIC { Phi(~1)p(~1) } = 113.29641                    
 Pearson Chisquare { Phi(~1)p(~1) } = 11.863117                  
 Possible Encounter Histories { Phi(~1)p(~1) } = 62             
 Pearson Chisquare df { Phi(~1)p(~1) } = 55        
 Pearson chat { Phi(~1)p(~1) } = 0.2156930                  
 Sum(Observed/Expected) { Phi(~1)p(~1) } = 20.033760                  
 Fletcher chat { Phi(~1)p(~1) } = 0.6675216                  

  Program  MARK  - Survival Rate Estimation with Capture-Recapture Data
   gfortran(Win64) Vers. 8.1 Mar 2016   31-Jan-2019 10:37:33    Page  003
 - - - - - - - - - - - - - - - - - - - - - - - - - - - - - - - - - - - - - -
 


                       LOGIT Link Function Parameters of { Phi(~1)p(~1) }
                                                              95% Confidence Interval
 Parameter                    Beta         Standard Error      Lower           Upper
 -------------------------  --------------  --------------  --------------  --------------
    1:Phi:(Intercept)       -1.3500606      0.7445118       -2.8093037      0.1091825     
    2:p:(Intercept)         -2.5897241      0.8558012       -4.2670945      -0.9123537    


                       Real Function Parameters of { Phi(~1)p(~1) }
                                                               95% Confidence Interval
  Parameter                  Estimate       Standard Error      Lower           Upper
 --------------------------  --------------  --------------  --------------  --------------
     1:Phi g1 c1 a0 t1       0.2058605       0.1217142       0.0568235       0.5272685                           
     2:p g1 c1 a1 t2         0.0698027       0.0555674       0.0138286       0.2865184                           

     CPU Time in seconds for last procedure was 0.00

  Program  MARK  - Survival Rate Estimation with Capture-Recapture Data
   gfortran(Win64) Vers. 8.1 Mar 2016   31-Jan-2019 10:37:33    Page  004
 - - - - - - - - - - - - - - - - - - - - - - - - - - - - - - - - - - - - - -
 


  INPUT --- proc stop;

     CPU Time in minutes for this job was 0.00

     Time Start = 10:37:33.280   Time End = 10:37:33.280

     Wall Clock Time in minutes for this job was 0.00


          E X E C U T I O N   S U C C E S S F U L 
