
   Program  MARK  - Survival Rate Estimation with Capture-Recapture Data
   gfortran(Win64) Vers. 8.1 Mar 2016    1-Feb-2019 12:20:26    Page  001
 - - - - - - - - - - - - - - - - - - - - - - - - - - - - - - - - - - - - - -
 
   This version was compiled by GCC version 5.3.0 using the options: 
     -cpp -iprefix c:\tdm-gcc-64\gcc\bin\../lib/gcc/x86_64-w64-mingw32/5.3.0/ -D_MT
     -U_REENTRANT -D IEEE -m64 -mtune=generic -march=x86-64 -mthreads -O2
     -fimplicit-none -fbounds-check -funroll-loops -ftree-vectorize
     -ffpe-summary=invalid,zero,overflow,underflow -fno-unsafe-math-optimizations
     -frounding-math -fsignaling-nans -fopenmp.

   This problem will use 7 of 8 possible threads.


  INPUT --- proc title ;

     CPU Time in seconds for last procedure was 0.00


  INPUT --- proc chmatrix occasions= 13 groups= 2 etype= Live Nodes= 
  INPUT --- 101 ICMeans NoHist hist= 71  ;

  INPUT ---    time interval 1 1 1 1 1 6 1 1 1 1 1 1 ;

  INPUT ---    glabel(1)=SpeciesBIB;

  INPUT ---    glabel(2)=SpeciesCOC;

   * *  WARNING  * *   At least a pair of the encounter histories are duplicates. 

      Number of unique encounter histories read was 49.

      Number of individual covariates read was 0.
      Time interval lengths vary and/or not equal to 1.

      Data type number is 1
      Data type is Live Recaptures (CJS)                                                                               

     CPU Time in seconds for last procedure was 0.02

  Program  MARK  - Survival Rate Estimation with Capture-Recapture Data
   gfortran(Win64) Vers. 8.1 Mar 2016    1-Feb-2019 12:20:26    Page  002
 - - - - - - - - - - - - - - - - - - - - - - - - - - - - - - - - - - - - - -
 


  INPUT --- proc estimate link=Logit NOLOOP varest=2ndPart    ;


  INPUT --- model={ Phi(~time)p(~Species + time) };

  INPUT ---    group=1 Phi    rows=12 cols=12 Triang ;
  INPUT ---        1 2 3 4 5 6 7 8 9 10 11 12 ;
  INPUT ---        2 3 4 5 6 7 8 9 10 11 12 ;
  INPUT ---        3 4 5 6 7 8 9 10 11 12 ;
  INPUT ---        4 5 6 7 8 9 10 11 12 ;
  INPUT ---        5 6 7 8 9 10 11 12 ;
  INPUT ---        6 7 8 9 10 11 12 ;
  INPUT ---        7 8 9 10 11 12 ;
  INPUT ---        8 9 10 11 12 ;
  INPUT ---        9 10 11 12 ;
  INPUT ---        10 11 12 ;
  INPUT ---        11 12 ;
  INPUT ---        12 ;

  INPUT ---    group=2 Phi    rows=12 cols=12 Triang ;
  INPUT ---        1 2 3 4 5 6 7 8 9 10 11 12 ;
  INPUT ---        2 3 4 5 6 7 8 9 10 11 12 ;
  INPUT ---        3 4 5 6 7 8 9 10 11 12 ;
  INPUT ---        4 5 6 7 8 9 10 11 12 ;
  INPUT ---        5 6 7 8 9 10 11 12 ;
  INPUT ---        6 7 8 9 10 11 12 ;
  INPUT ---        7 8 9 10 11 12 ;
  INPUT ---        8 9 10 11 12 ;
  INPUT ---        9 10 11 12 ;
  INPUT ---        10 11 12 ;
  INPUT ---        11 12 ;
  INPUT ---        12 ;

  INPUT ---    group=1 p    rows=12 cols=12 Triang ;
  INPUT ---        13 14 15 16 17 18 19 20 21 22 23 24 ;
  INPUT ---        14 15 16 17 18 19 20 21 22 23 24 ;
  INPUT ---        15 16 17 18 19 20 21 22 23 24 ;
  INPUT ---        16 17 18 19 20 21 22 23 24 ;
  INPUT ---        17 18 19 20 21 22 23 24 ;
  INPUT ---        18 19 20 21 22 23 24 ;
  INPUT ---        19 20 21 22 23 24 ;
  INPUT ---        20 21 22 23 24 ;
  INPUT ---        21 22 23 24 ;
  INPUT ---        22 23 24 ;

  Program  MARK  - Survival Rate Estimation with Capture-Recapture Data
   gfortran(Win64) Vers. 8.1 Mar 2016    1-Feb-2019 12:20:26    Page  003
 - - - - - - - - - - - - - - - - - - - - - - - - - - - - - - - - - - - - - -
 
  INPUT ---        23 24 ;
  INPUT ---        24 ;

  INPUT ---    group=2 p    rows=12 cols=12 Triang ;
  INPUT ---        25 26 27 28 29 30 31 32 33 34 35 36 ;
  INPUT ---        26 27 28 29 30 31 32 33 34 35 36 ;
  INPUT ---        27 28 29 30 31 32 33 34 35 36 ;
  INPUT ---        28 29 30 31 32 33 34 35 36 ;
  INPUT ---        29 30 31 32 33 34 35 36 ;
  INPUT ---        30 31 32 33 34 35 36 ;
  INPUT ---        31 32 33 34 35 36 ;
  INPUT ---        32 33 34 35 36 ;
  INPUT ---        33 34 35 36 ;
  INPUT ---        34 35 36 ;
  INPUT ---        35 36 ;
  INPUT ---        36 ;

  INPUT ---    design matrix constraints=36 covariates=25;
  INPUT ---        1 0 0 0 0 0 0 0 0 0 0 0 0 0 0 0 0 0 0 0 0 0 0 0 0;
  INPUT ---        1 1 0 0 0 0 0 0 0 0 0 0 0 0 0 0 0 0 0 0 0 0 0 0 0;
  INPUT ---        1 0 1 0 0 0 0 0 0 0 0 0 0 0 0 0 0 0 0 0 0 0 0 0 0;
  INPUT ---        1 0 0 1 0 0 0 0 0 0 0 0 0 0 0 0 0 0 0 0 0 0 0 0 0;
  INPUT ---        1 0 0 0 1 0 0 0 0 0 0 0 0 0 0 0 0 0 0 0 0 0 0 0 0;
  INPUT ---        1 0 0 0 0 1 0 0 0 0 0 0 0 0 0 0 0 0 0 0 0 0 0 0 0;
  INPUT ---        1 0 0 0 0 0 1 0 0 0 0 0 0 0 0 0 0 0 0 0 0 0 0 0 0;
  INPUT ---        1 0 0 0 0 0 0 1 0 0 0 0 0 0 0 0 0 0 0 0 0 0 0 0 0;
  INPUT ---        1 0 0 0 0 0 0 0 1 0 0 0 0 0 0 0 0 0 0 0 0 0 0 0 0;
  INPUT ---        1 0 0 0 0 0 0 0 0 1 0 0 0 0 0 0 0 0 0 0 0 0 0 0 0;
  INPUT ---        1 0 0 0 0 0 0 0 0 0 1 0 0 0 0 0 0 0 0 0 0 0 0 0 0;
  INPUT ---        1 0 0 0 0 0 0 0 0 0 0 1 0 0 0 0 0 0 0 0 0 0 0 0 0;
  INPUT ---        0 0 0 0 0 0 0 0 0 0 0 0 1 0 0 0 0 0 0 0 0 0 0 0 0;
  INPUT ---        0 0 0 0 0 0 0 0 0 0 0 0 1 0 1 0 0 0 0 0 0 0 0 0 0;
  INPUT ---        0 0 0 0 0 0 0 0 0 0 0 0 1 0 0 1 0 0 0 0 0 0 0 0 0;
  INPUT ---        0 0 0 0 0 0 0 0 0 0 0 0 1 0 0 0 1 0 0 0 0 0 0 0 0;
  INPUT ---        0 0 0 0 0 0 0 0 0 0 0 0 1 0 0 0 0 1 0 0 0 0 0 0 0;
  INPUT ---        0 0 0 0 0 0 0 0 0 0 0 0 1 0 0 0 0 0 1 0 0 0 0 0 0;
  INPUT ---        0 0 0 0 0 0 0 0 0 0 0 0 1 0 0 0 0 0 0 1 0 0 0 0 0;
  INPUT ---        0 0 0 0 0 0 0 0 0 0 0 0 1 0 0 0 0 0 0 0 1 0 0 0 0;
  INPUT ---        0 0 0 0 0 0 0 0 0 0 0 0 1 0 0 0 0 0 0 0 0 1 0 0 0;
  INPUT ---        0 0 0 0 0 0 0 0 0 0 0 0 1 0 0 0 0 0 0 0 0 0 1 0 0;
  INPUT ---        0 0 0 0 0 0 0 0 0 0 0 0 1 0 0 0 0 0 0 0 0 0 0 1 0;
  INPUT ---        0 0 0 0 0 0 0 0 0 0 0 0 1 0 0 0 0 0 0 0 0 0 0 0 1;
  INPUT ---        0 0 0 0 0 0 0 0 0 0 0 0 1 1 0 0 0 0 0 0 0 0 0 0 0;
  INPUT ---        0 0 0 0 0 0 0 0 0 0 0 0 1 1 1 0 0 0 0 0 0 0 0 0 0;
  INPUT ---        0 0 0 0 0 0 0 0 0 0 0 0 1 1 0 1 0 0 0 0 0 0 0 0 0;
  INPUT ---        0 0 0 0 0 0 0 0 0 0 0 0 1 1 0 0 1 0 0 0 0 0 0 0 0;

  Program  MARK  - Survival Rate Estimation with Capture-Recapture Data
   gfortran(Win64) Vers. 8.1 Mar 2016    1-Feb-2019 12:20:26    Page  004
 - - - - - - - - - - - - - - - - - - - - - - - - - - - - - - - - - - - - - -
 
  INPUT ---        0 0 0 0 0 0 0 0 0 0 0 0 1 1 0 0 0 1 0 0 0 0 0 0 0;
  INPUT ---        0 0 0 0 0 0 0 0 0 0 0 0 1 1 0 0 0 0 1 0 0 0 0 0 0;
  INPUT ---        0 0 0 0 0 0 0 0 0 0 0 0 1 1 0 0 0 0 0 1 0 0 0 0 0;
  INPUT ---        0 0 0 0 0 0 0 0 0 0 0 0 1 1 0 0 0 0 0 0 1 0 0 0 0;
  INPUT ---        0 0 0 0 0 0 0 0 0 0 0 0 1 1 0 0 0 0 0 0 0 1 0 0 0;
  INPUT ---        0 0 0 0 0 0 0 0 0 0 0 0 1 1 0 0 0 0 0 0 0 0 1 0 0;
  INPUT ---        0 0 0 0 0 0 0 0 0 0 0 0 1 1 0 0 0 0 0 0 0 0 0 1 0;
  INPUT ---        0 0 0 0 0 0 0 0 0 0 0 0 1 1 0 0 0 0 0 0 0 0 0 0 1;
  INPUT ---       blabel(1)=Phi:(Intercept);
  INPUT ---       blabel(2)=Phi:time2;
  INPUT ---       blabel(3)=Phi:time3;
  INPUT ---       blabel(4)=Phi:time4;
  INPUT ---       blabel(5)=Phi:time5;
  INPUT ---       blabel(6)=Phi:time6;
  INPUT ---       blabel(7)=Phi:time12;
  INPUT ---       blabel(8)=Phi:time13;
  INPUT ---       blabel(9)=Phi:time14;
  INPUT ---       blabel(10)=Phi:time15;
  INPUT ---       blabel(11)=Phi:time16;
  INPUT ---       blabel(12)=Phi:time17;
  INPUT ---       blabel(13)=p:(Intercept);
  INPUT ---       blabel(14)=p:SpeciesCOC;
  INPUT ---       blabel(15)=p:time3;
  INPUT ---       blabel(16)=p:time4;
  INPUT ---       blabel(17)=p:time5;
  INPUT ---       blabel(18)=p:time6;
  INPUT ---       blabel(19)=p:time12;
  INPUT ---       blabel(20)=p:time13;
  INPUT ---       blabel(21)=p:time14;
  INPUT ---       blabel(22)=p:time15;
  INPUT ---       blabel(23)=p:time16;
  INPUT ---       blabel(24)=p:time17;
  INPUT ---       blabel(25)=p:time18;
  INPUT ---       rlabel(1)=Phi gBIB c1 a0 t1;
  INPUT ---       rlabel(2)=Phi gBIB c1 a1 t2;
  INPUT ---       rlabel(3)=Phi gBIB c1 a2 t3;
  INPUT ---       rlabel(4)=Phi gBIB c1 a3 t4;
  INPUT ---       rlabel(5)=Phi gBIB c1 a4 t5;
  INPUT ---       rlabel(6)=Phi gBIB c1 a5 t6;
  INPUT ---       rlabel(7)=Phi gBIB c1 a11 t12;
  INPUT ---       rlabel(8)=Phi gBIB c1 a12 t13;
  INPUT ---       rlabel(9)=Phi gBIB c1 a13 t14;
  INPUT ---       rlabel(10)=Phi gBIB c1 a14 t15;
  INPUT ---       rlabel(11)=Phi gBIB c1 a15 t16;
  INPUT ---       rlabel(12)=Phi gBIB c1 a16 t17;
  INPUT ---       rlabel(13)=p gBIB c1 a1 t2;

  Program  MARK  - Survival Rate Estimation with Capture-Recapture Data
   gfortran(Win64) Vers. 8.1 Mar 2016    1-Feb-2019 12:20:26    Page  005
 - - - - - - - - - - - - - - - - - - - - - - - - - - - - - - - - - - - - - -
 
  INPUT ---       rlabel(14)=p gBIB c1 a2 t3;
  INPUT ---       rlabel(15)=p gBIB c1 a3 t4;
  INPUT ---       rlabel(16)=p gBIB c1 a4 t5;
  INPUT ---       rlabel(17)=p gBIB c1 a5 t6;
  INPUT ---       rlabel(18)=p gBIB c1 a11 t12;
  INPUT ---       rlabel(19)=p gBIB c1 a12 t13;
  INPUT ---       rlabel(20)=p gBIB c1 a13 t14;
  INPUT ---       rlabel(21)=p gBIB c1 a14 t15;
  INPUT ---       rlabel(22)=p gBIB c1 a15 t16;
  INPUT ---       rlabel(23)=p gBIB c1 a16 t17;
  INPUT ---       rlabel(24)=p gBIB c1 a17 t18;
  INPUT ---       rlabel(25)=p gCOC c1 a1 t2;
  INPUT ---       rlabel(26)=p gCOC c1 a2 t3;
  INPUT ---       rlabel(27)=p gCOC c1 a3 t4;
  INPUT ---       rlabel(28)=p gCOC c1 a4 t5;
  INPUT ---       rlabel(29)=p gCOC c1 a5 t6;
  INPUT ---       rlabel(30)=p gCOC c1 a11 t12;
  INPUT ---       rlabel(31)=p gCOC c1 a12 t13;
  INPUT ---       rlabel(32)=p gCOC c1 a13 t14;
  INPUT ---       rlabel(33)=p gCOC c1 a14 t15;
  INPUT ---       rlabel(34)=p gCOC c1 a15 t16;
  INPUT ---       rlabel(35)=p gCOC c1 a16 t17;
  INPUT ---       rlabel(36)=p gCOC c1 a17 t18;

 Link Function Used is LOGIT        

 Variance Estimation Procedure Used is 2ndPart 
 -2logL(saturated) = 740.80268     
 Effective Sample Size = 2405

 Number of function evaluations was 99 for 25 parameters.
 Time for numerical optimization was 0.38 seconds.
 -2logL { Phi(~time)p(~Species + time) } = 912.13902     
 Penalty { Phi(~time)p(~Species + time) } = -0.0000000    
 Gradient { Phi(~time)p(~Species + time) }:
 -0.4854813E-03  0.000000    -0.1062141E-03-0.9905840E-05-0.8281809E-05
   0.000000    -0.3344686E-03-0.1031415E-04  0.000000    -0.2172307E-04
   0.000000      0.000000    -0.1589974E-02-0.8747275E-03  0.000000    
 -0.6105987E-04-0.2088751E-03-0.3383764E-04-0.8213045E-03-0.1657443E-03
 -0.1099912E-03 0.5113201E-04-0.6709065E-04-0.5090188E-04  0.000000    

  Program  MARK  - Survival Rate Estimation with Capture-Recapture Data
   gfortran(Win64) Vers. 8.1 Mar 2016    1-Feb-2019 12:20:27    Page  006
 - - - - - - - - - - - - - - - - - - - - - - - - - - - - - - - - - - - - - -
 
 S Vector { Phi(~time)p(~Species + time) }:
   132.4415      37.62059      19.85620      11.90390      7.837097    
   7.188238      6.679362      5.361496      5.175703      3.407091    
   1.153550     0.9958178     0.4893570     0.2402483     0.2016554    
  0.1065842E-03 0.5053253E-05 0.4930064E-05 0.4080105E-05 0.2569933E-07
  0.1368681E-07 0.1563460E-08 0.8596979E-09 0.6469993E-09 0.1254690E-13
 Time to compute number of parameters was 0.09 seconds.
   Threshold =  0.5200000E-06     Condition index =  0.9473544E-16     New Threshold =  0.6273450E-13
 New Guessimate of Estimated Parameters { Phi(~time)p(~Species + time) } = 24          
 Conditioned S Vector { Phi(~time)p(~Species + time) }:
   1.000000     0.2840544     0.1499244     0.8988042E-01 0.5917404E-01
  0.5427483E-01 0.5043256E-01 0.4048200E-01 0.3907917E-01 0.2572526E-01
  0.8709883E-02 0.7518928E-02 0.3694893E-02 0.1813996E-02 0.1522600E-02
  0.8047648E-06 0.3815461E-07 0.3722447E-07 0.3080686E-07 0.1940429E-09
  0.1033423E-09 0.1180492E-10 0.6491153E-11 0.4885171E-11 0.9473544E-16
 Number of Estimated Parameters { Phi(~time)p(~Species + time) } = 16          
 DEVIANCE { Phi(~time)p(~Species + time) } = 171.33634                     
 DEVIANCE Degrees of Freedom { Phi(~time)p(~Species + time) } = 29            
 c-hat { Phi(~time)p(~Species + time) } = 5.9081497                     
 AIC { Phi(~time)p(~Species + time) } = 944.13902                  
 AICc { Phi(~time)p(~Species + time) } = 944.36683                    
 BIC { Phi(~time)p(~Species + time) } = 1036.7039                    
 Pearson Chisquare { Phi(~time)p(~Species + time) } = 2134.7096                  
 Possible Encounter Histories { Phi(~time)p(~Species + time) } = 16380             
 Pearson Chisquare df { Phi(~time)p(~Species + time) } = 16340        
 Pearson chat { Phi(~time)p(~Species + time) } = 0.1306432                  
 Sum(Observed/Expected) { Phi(~time)p(~Species + time) } = 2142.8310                  
 Fletcher chat { Phi(~time)p(~Species + time) } = 0.9986487                  


               LOGIT Link Function Parameters of { Phi(~time)p(~Species + time) }
                                                              95% Confidence Interval
 Parameter                    Beta         Standard Error      Lower           Upper
 -------------------------  --------------  --------------  --------------  --------------
    1:Phi:(Intercept)       51.314352       49.299527       -45.312722      147.94143     
    2:Phi:time2             -24.431632      6223.0293       -12221.569      12172.706     
    3:Phi:time3             -49.413728      49.358978       -146.15733      47.329869     
    4:Phi:time4             -38.020946      447.70434       -915.52147      839.47958     
    5:Phi:time5             -37.436425      494.62194       -1006.8954      932.02259     
    6:Phi:time6             29.148563       0.0000000       29.148563       29.148563     
    7:Phi:time12            -52.092831      49.300934       -148.72266      44.537002     
    8:Phi:time13            -38.680708      447.57373       -915.92524      838.56382     
    9:Phi:time14            41.505166       0.5244745E-004  41.505063       41.505269     
   10:Phi:time15            -51.334606      49.313496       -147.98906      45.319848     
   11:Phi:time16            45.861644       0.0698082       45.724820       45.998469     
   12:Phi:time17            -33.893166      0.0000000       -33.893166      -33.893166    
   13:p:(Intercept)         -4.6343847      0.6195921       -5.8487853      -3.4199841    
   14:p:SpeciesCOC          0.6895877       0.2795348       0.1416995       1.2374759     
   15:p:time3               -138.39941      0.0234634       -138.44540      -138.35343    
   16:p:time4               -1.4204586      1.1985645       -3.7696450      0.9287278     
   17:p:time5               0.1974192       0.7627266       -1.2975249      1.6923633     
   18:p:time6               -2.0237968      1.1770975       -4.3309080      0.2833143     
   19:p:time12              1.2424408       0.6479103       -0.0274635      2.5123451     
   20:p:time13              -0.0974672      0.7973425       -1.6602586      1.4653242     
   21:p:time14              0.0335997       0.7481273       -1.4327299      1.4999293     
   22:p:time15              -0.5563791      0.7839074       -2.0928377      0.9800794     
   23:p:time16              0.8639785       0.9304677       -0.9597382      2.6876951     
   24:p:time17              0.1167252       0.8803621       -1.6087846      1.8422350     
   25:p:time18              -0.3676754      0.8710842       -2.0750005      1.3396496     

  Program  MARK  - Survival Rate Estimation with Capture-Recapture Data
   gfortran(Win64) Vers. 8.1 Mar 2016    1-Feb-2019 12:20:27    Page  007
 - - - - - - - - - - - - - - - - - - - - - - - - - - - - - - - - - - - - - -
 


               Real Function Parameters of { Phi(~time)p(~Species + time) }
                                                               95% Confidence Interval
  Parameter                  Estimate       Standard Error      Lower           Upper
 --------------------------  --------------  --------------  --------------  --------------
     1:Phi gBIB c1 a0 t1     1.0000000       0.0000000       1.0000000       1.0000000                           
     2:Phi gBIB c1 a1 t2     1.0000000       0.1315229E-007  1.0000000       1.0000000                           
     3:Phi gBIB c1 a2 t3     0.8699621       0.2575793       0.0716199       0.9982793                           
     4:Phi gBIB c1 a3 t4     0.9999983       0.7500396E-003  0.5849461E-298  1.0000000                           
     5:Phi gBIB c1 a4 t5     0.9999991       0.4623588E-003  0.1049470E-297  1.0000000                           
     6:Phi gBIB c1 a5 t6     1.0000000       0.0000000       1.0000000       1.0000000                           
     7:Phi gBIB c1 a11 t12   0.3146478       0.1287363       0.1247097       0.5966699                           
     8:Phi gBIB c1 a12 t13   0.9999967       0.0014504       0.3024021E-298  1.0000000                           
     9:Phi gBIB c1 a13 t14   1.0000000       0.0000000       1.0000000       1.0000000                           
    10:Phi gBIB c1 a14 t15   0.4949366       0.3360580       0.0656681       0.9318023                           
    11:Phi gBIB c1 a15 t16   1.0000000       0.0000000       1.0000000       1.0000000                           
    12:Phi gBIB c1 a16 t17   1.0000000       0.0000000       1.0000000       1.0000000                           
    13:p gBIB c1 a1 t2       0.0096187       0.0059023       0.0028751       0.0316767                           
    14:p gBIB c1 a2 t3       0.7606945E-062  0.4716554E-062  -.1637500E-062  0.1685139E-061                      
    15:p gBIB c1 a3 t4       0.0023410       0.0024243       0.3066966E-003  0.0176304                           
    16:p gBIB c1 a4 t5       0.0116934       0.0054533       0.0046704       0.0289699                           
    17:p gBIB c1 a5 t6       0.0012818       0.0012969       0.1762034E-003  0.0092607                           
    18:p gBIB c1 a11 t12     0.0325482       0.0073804       0.0208092       0.0505674                           
    19:p gBIB c1 a12 t13     0.0087332       0.0051267       0.0027522       0.0273551                           
    20:p gBIB c1 a13 t14     0.0099441       0.0051577       0.0035843       0.0272791                           
    21:p gBIB c1 a14 t15     0.0055369       0.0031565       0.0018069       0.0168375                           
    22:p gBIB c1 a15 t16     0.0225237       0.0163978       0.0053239       0.0902490                           
    23:p gBIB c1 a16 t17     0.0107967       0.0073065       0.0028473       0.0400491                           
    24:p gBIB c1 a17 t18     0.0066792       0.0044202       0.0018186       0.0242158                           
    25:p gCOC c1 a1 t2       0.0189876       0.0109188       0.0060978       0.0575470                           
    26:p gCOC c1 a2 t3       0.1515983E-061  0.8893528E-062  -.2271482E-062  0.3259115E-061                      
    27:p gCOC c1 a3 t4       0.0046545       0.0049092       0.5856599E-003  0.0359739                           
    28:p gCOC c1 a4 t5       0.0230363       0.0116524       0.0084746       0.0610780                           
    29:p gCOC c1 a5 t6       0.0025513       0.0026348       0.3360590E-003  0.0190903                           
    30:p gCOC c1 a11 t12     0.0628345       0.0193473       0.0340159       0.1132071                           
    31:p gCOC c1 a12 t13     0.0172547       0.0092628       0.0059825       0.0487253                           
    32:p gCOC c1 a13 t14     0.0196237       0.0090728       0.0078800       0.0480224                           
    33:p gCOC c1 a14 t15     0.0109742       0.0057168       0.0039365       0.0302123                           
    34:p gCOC c1 a15 t16     0.0439054       0.0307536       0.0108064       0.1618010                           
    35:p gCOC c1 a16 t17     0.0212885       0.0138943       0.0058519       0.0743978                           
    36:p gCOC c1 a17 t18     0.0132232       0.0085661       0.0036872       0.0462763                           

 Attempted ordering of parameters by estimatibility:
  13  1 14 19 23 21 24 20 22 17 25 16 18  7 10  3  8  4  5  2 12  6  9 11 15

 Beta number 15 is a singular value.

     CPU Time in seconds for last procedure was 0.47

  Program  MARK  - Survival Rate Estimation with Capture-Recapture Data
   gfortran(Win64) Vers. 8.1 Mar 2016    1-Feb-2019 12:20:27    Page  008
 - - - - - - - - - - - - - - - - - - - - - - - - - - - - - - - - - - - - - -
 


  INPUT --- proc stop;

   * *  WARNING  * *   Numerical underflow occurred during final processing of this model. 
     IEEE flag status at final processing of this model:
     overflow       F
     divide by zero F
     invalid        F
     underflow      T
     inexact        T


     CPU Time in minutes for this job was 0.01

     Time Start = 12:20:26.853   Time End = 12:20:27.296

     Wall Clock Time in minutes for this job was 0.01


          E X E C U T I O N   S U C C E S S F U L 
