
   Program  MARK  - Survival Rate Estimation with Capture-Recapture Data
   gfortran(Win64) Vers. 8.1 Mar 2016    1-Feb-2019 12:22:36    Page  001
 - - - - - - - - - - - - - - - - - - - - - - - - - - - - - - - - - - - - - -
 
   This version was compiled by GCC version 5.3.0 using the options: 
     -cpp -iprefix c:\tdm-gcc-64\gcc\bin\../lib/gcc/x86_64-w64-mingw32/5.3.0/ -D_MT
     -U_REENTRANT -D IEEE -m64 -mtune=generic -march=x86-64 -mthreads -O2
     -fimplicit-none -fbounds-check -funroll-loops -ftree-vectorize
     -ffpe-summary=invalid,zero,overflow,underflow -fno-unsafe-math-optimizations
     -frounding-math -fsignaling-nans -fopenmp.

   This problem will use 7 of 8 possible threads.


  INPUT --- proc title ;

     CPU Time in seconds for last procedure was 0.00


  INPUT --- proc chmatrix occasions= 14 groups= 2 etype= Live Nodes= 
  INPUT --- 101 ICMeans NoHist hist= 90  ;

  INPUT ---    time interval 1 1 1 1 1 1 5 1 1 1 1 1 1 ;

  INPUT ---    glabel(1)=SpeciesBIB;

  INPUT ---    glabel(2)=SpeciesCOC;

   * *  WARNING  * *   At least a pair of the encounter histories are duplicates. 

      Number of unique encounter histories read was 71.

      Number of individual covariates read was 0.
      Time interval lengths vary and/or not equal to 1.

      Data type number is 1
      Data type is Live Recaptures (CJS)                                                                               

     CPU Time in seconds for last procedure was 0.02

  Program  MARK  - Survival Rate Estimation with Capture-Recapture Data
   gfortran(Win64) Vers. 8.1 Mar 2016    1-Feb-2019 12:22:36    Page  002
 - - - - - - - - - - - - - - - - - - - - - - - - - - - - - - - - - - - - - -
 


  INPUT --- proc estimate link=Logit NOLOOP varest=2ndPart    ;


  INPUT --- model={ Phi(~Time)p(~1) };

  INPUT ---    group=1 Phi    rows=13 cols=13 Triang ;
  INPUT ---        1 2 3 4 5 6 7 8 9 10 11 12 13 ;
  INPUT ---        2 3 4 5 6 7 8 9 10 11 12 13 ;
  INPUT ---        3 4 5 6 7 8 9 10 11 12 13 ;
  INPUT ---        4 5 6 7 8 9 10 11 12 13 ;
  INPUT ---        5 6 7 8 9 10 11 12 13 ;
  INPUT ---        6 7 8 9 10 11 12 13 ;
  INPUT ---        7 8 9 10 11 12 13 ;
  INPUT ---        8 9 10 11 12 13 ;
  INPUT ---        9 10 11 12 13 ;
  INPUT ---        10 11 12 13 ;
  INPUT ---        11 12 13 ;
  INPUT ---        12 13 ;
  INPUT ---        13 ;

  INPUT ---    group=2 Phi    rows=13 cols=13 Triang ;
  INPUT ---        1 2 3 4 5 6 7 8 9 10 11 12 13 ;
  INPUT ---        2 3 4 5 6 7 8 9 10 11 12 13 ;
  INPUT ---        3 4 5 6 7 8 9 10 11 12 13 ;
  INPUT ---        4 5 6 7 8 9 10 11 12 13 ;
  INPUT ---        5 6 7 8 9 10 11 12 13 ;
  INPUT ---        6 7 8 9 10 11 12 13 ;
  INPUT ---        7 8 9 10 11 12 13 ;
  INPUT ---        8 9 10 11 12 13 ;
  INPUT ---        9 10 11 12 13 ;
  INPUT ---        10 11 12 13 ;
  INPUT ---        11 12 13 ;
  INPUT ---        12 13 ;
  INPUT ---        13 ;

  INPUT ---    group=1 p    rows=13 cols=13 Triang ;
  INPUT ---        14 14 14 14 14 14 14 14 14 14 14 14 14 ;
  INPUT ---        14 14 14 14 14 14 14 14 14 14 14 14 ;
  INPUT ---        14 14 14 14 14 14 14 14 14 14 14 ;
  INPUT ---        14 14 14 14 14 14 14 14 14 14 ;
  INPUT ---        14 14 14 14 14 14 14 14 14 ;
  INPUT ---        14 14 14 14 14 14 14 14 ;
  INPUT ---        14 14 14 14 14 14 14 ;
  INPUT ---        14 14 14 14 14 14 ;

  Program  MARK  - Survival Rate Estimation with Capture-Recapture Data
   gfortran(Win64) Vers. 8.1 Mar 2016    1-Feb-2019 12:22:36    Page  003
 - - - - - - - - - - - - - - - - - - - - - - - - - - - - - - - - - - - - - -
 
  INPUT ---        14 14 14 14 14 ;
  INPUT ---        14 14 14 14 ;
  INPUT ---        14 14 14 ;
  INPUT ---        14 14 ;
  INPUT ---        14 ;

  INPUT ---    group=2 p    rows=13 cols=13 Triang ;
  INPUT ---        14 14 14 14 14 14 14 14 14 14 14 14 14 ;
  INPUT ---        14 14 14 14 14 14 14 14 14 14 14 14 ;
  INPUT ---        14 14 14 14 14 14 14 14 14 14 14 ;
  INPUT ---        14 14 14 14 14 14 14 14 14 14 ;
  INPUT ---        14 14 14 14 14 14 14 14 14 ;
  INPUT ---        14 14 14 14 14 14 14 14 ;
  INPUT ---        14 14 14 14 14 14 14 ;
  INPUT ---        14 14 14 14 14 14 ;
  INPUT ---        14 14 14 14 14 ;
  INPUT ---        14 14 14 14 ;
  INPUT ---        14 14 14 ;
  INPUT ---        14 14 ;
  INPUT ---        14 ;

  INPUT ---    design matrix constraints=14 covariates=3;
  INPUT ---        1 0 0;
  INPUT ---        1 1 0;
  INPUT ---        1 2 0;
  INPUT ---        1 3 0;
  INPUT ---        1 4 0;
  INPUT ---        1 5 0;
  INPUT ---        1 6 0;
  INPUT ---        1 11 0;
  INPUT ---        1 12 0;
  INPUT ---        1 13 0;
  INPUT ---        1 14 0;
  INPUT ---        1 15 0;
  INPUT ---        1 16 0;
  INPUT ---        0 0 1;
  INPUT ---       blabel(1)=Phi:(Intercept);
  INPUT ---       blabel(2)=Phi:Time;
  INPUT ---       blabel(3)=p:(Intercept);
  INPUT ---       rlabel(1)=Phi gBIB c1 a0 t1;
  INPUT ---       rlabel(2)=Phi gBIB c1 a1 t2;
  INPUT ---       rlabel(3)=Phi gBIB c1 a2 t3;
  INPUT ---       rlabel(4)=Phi gBIB c1 a3 t4;
  INPUT ---       rlabel(5)=Phi gBIB c1 a4 t5;
  INPUT ---       rlabel(6)=Phi gBIB c1 a5 t6;
  INPUT ---       rlabel(7)=Phi gBIB c1 a6 t7;

  Program  MARK  - Survival Rate Estimation with Capture-Recapture Data
   gfortran(Win64) Vers. 8.1 Mar 2016    1-Feb-2019 12:22:36    Page  004
 - - - - - - - - - - - - - - - - - - - - - - - - - - - - - - - - - - - - - -
 
  INPUT ---       rlabel(8)=Phi gBIB c1 a11 t12;
  INPUT ---       rlabel(9)=Phi gBIB c1 a12 t13;
  INPUT ---       rlabel(10)=Phi gBIB c1 a13 t14;
  INPUT ---       rlabel(11)=Phi gBIB c1 a14 t15;
  INPUT ---       rlabel(12)=Phi gBIB c1 a15 t16;
  INPUT ---       rlabel(13)=Phi gBIB c1 a16 t17;
  INPUT ---       rlabel(14)=p gBIB c1 a1 t2;

 Link Function Used is LOGIT        

 Variance Estimation Procedure Used is 2ndPart 
 -2logL(saturated) = 2040.5974     
 Effective Sample Size = 4699

 Number of function evaluations was 23 for 3 parameters.
 Time for numerical optimization was 0.01 seconds.
 -2logL { Phi(~Time)p(~1) } = 2836.7372     
 Penalty { Phi(~Time)p(~1) } = -0.0000000    
 Gradient { Phi(~Time)p(~1) }:
  0.6019174E-05 0.5709573E-05  0.000000    
 S Vector { Phi(~Time)p(~1) }:
   316.5922      61.96484      1.358563    
 Time to compute number of parameters was 0.01 seconds.
   Threshold =  0.8000000E-07     Condition index =  0.4291209E-02     New Threshold =   2.353100    
 New Guessimate of Estimated Parameters { Phi(~Time)p(~1) } = 1          
 Conditioned S Vector { Phi(~Time)p(~1) }:
   1.000000     0.1957245     0.4291209E-02
 Number of Estimated Parameters { Phi(~Time)p(~1) } = 3          
 DEVIANCE { Phi(~Time)p(~1) } = 796.13981                     
 DEVIANCE Degrees of Freedom { Phi(~Time)p(~1) } = 59            
 c-hat { Phi(~Time)p(~1) } = 13.493895                     
 AIC { Phi(~Time)p(~1) } = 2842.7372                  
 AICc { Phi(~Time)p(~1) } = 2842.7424                    
 BIC { Phi(~Time)p(~1) } = 2862.1026                    
 Pearson Chisquare { Phi(~Time)p(~1) } = 2018.4886                  
 Possible Encounter Histories { Phi(~Time)p(~1) } = 32764             
 Pearson Chisquare df { Phi(~Time)p(~1) } = 32735        
 Pearson chat { Phi(~Time)p(~1) } = 0.0616615                  
 Sum(Observed/Expected) { Phi(~Time)p(~1) } = 673.26696                  
 Fletcher chat { Phi(~Time)p(~1) } = 3.0007069                  


                     LOGIT Link Function Parameters of { Phi(~Time)p(~1) }
                                                              95% Confidence Interval
 Parameter                    Beta         Standard Error      Lower           Upper
 -------------------------  --------------  --------------  --------------  --------------
    1:Phi:(Intercept)       6.5549790       0.5554893       5.4662200       7.6437381     
    2:Phi:Time              -0.4352904      0.0414409       -0.5165147      -0.3540662    
    3:p:(Intercept)         -4.1083250      0.0846068       -4.2741543      -3.9424958    


                     Real Function Parameters of { Phi(~Time)p(~1) }
                                                               95% Confidence Interval
  Parameter                  Estimate       Standard Error      Lower           Upper
 --------------------------  --------------  --------------  --------------  --------------
     1:Phi gBIB c1 a0 t1     0.9985790       0.7882235E-003  0.9957906       0.9995212                           
     2:Phi gBIB c1 a1 t2     0.9978057       0.0011289       0.9939948       0.9992001                           
     3:Phi gBIB c1 a2 t3     0.9966129       0.0016067       0.9914350       0.9986648                           
     4:Phi gBIB c1 a3 t4     0.9947752       0.0022698       0.9877894       0.9977734                           
     5:Phi gBIB c1 a4 t5     0.9919485       0.0031776       0.9826046       0.9962923                           
     6:Phi gBIB c1 a5 t6     0.9876116       0.0043997       0.9752460       0.9938391                           
     7:Phi gBIB c1 a6 t7     0.9809833       0.0060094       0.9648333       0.9897950                           

  Program  MARK  - Survival Rate Estimation with Capture-Recapture Data
   gfortran(Win64) Vers. 8.1 Mar 2016    1-Feb-2019 12:22:36    Page  005
 - - - - - - - - - - - - - - - - - - - - - - - - - - - - - - - - - - - - - -
 
     8:Phi gBIB c1 a11 t12   0.8540573       0.0206914       0.8086737       0.8901382                           
     9:Phi gBIB c1 a12 t13   0.7910876       0.0248558       0.7382157       0.8356583                           
    10:Phi gBIB c1 a13 t14   0.7101687       0.0299096       0.6482579       0.7651305                           
    11:Phi gBIB c1 a14 t15   0.6132307       0.0360066       0.5407497       0.6810203                           
    12:Phi gBIB c1 a15 t16   0.5064053       0.0421333       0.4243950       0.5880723                           
    13:Phi gBIB c1 a16 t17   0.3989917       0.0462588       0.3126483       0.4921085                           
    14:p gBIB c1 a1 t2       0.0161695       0.0013459       0.0137326       0.0190305                           

     CPU Time in seconds for last procedure was 0.02


  INPUT --- proc stop;

     CPU Time in minutes for this job was 0.00

     Time Start = 12:22:36.013   Time End = 12:22:36.138

     Wall Clock Time in minutes for this job was 0.00


          E X E C U T I O N   S U C C E S S F U L 
