
   Program  MARK  - Survival Rate Estimation with Capture-Recapture Data
   gfortran(Win64) Vers. 8.1 Mar 2016    1-Feb-2019 12:20:22    Page  001
 - - - - - - - - - - - - - - - - - - - - - - - - - - - - - - - - - - - - - -
 
   This version was compiled by GCC version 5.3.0 using the options: 
     -cpp -iprefix c:\tdm-gcc-64\gcc\bin\../lib/gcc/x86_64-w64-mingw32/5.3.0/ -D_MT
     -U_REENTRANT -D IEEE -m64 -mtune=generic -march=x86-64 -mthreads -O2
     -fimplicit-none -fbounds-check -funroll-loops -ftree-vectorize
     -ffpe-summary=invalid,zero,overflow,underflow -fno-unsafe-math-optimizations
     -frounding-math -fsignaling-nans -fopenmp.

   This problem will use 7 of 8 possible threads.


  INPUT --- proc title ;

     CPU Time in seconds for last procedure was 0.00


  INPUT --- proc chmatrix occasions= 13 groups= 2 etype= Live Nodes= 
  INPUT --- 101 ICMeans NoHist hist= 71  ;

  INPUT ---    time interval 1 1 1 1 1 6 1 1 1 1 1 1 ;

  INPUT ---    glabel(1)=SpeciesBIB;

  INPUT ---    glabel(2)=SpeciesCOC;

   * *  WARNING  * *   At least a pair of the encounter histories are duplicates. 

      Number of unique encounter histories read was 49.

      Number of individual covariates read was 0.
      Time interval lengths vary and/or not equal to 1.

      Data type number is 1
      Data type is Live Recaptures (CJS)                                                                               

     CPU Time in seconds for last procedure was 0.00

  Program  MARK  - Survival Rate Estimation with Capture-Recapture Data
   gfortran(Win64) Vers. 8.1 Mar 2016    1-Feb-2019 12:20:22    Page  002
 - - - - - - - - - - - - - - - - - - - - - - - - - - - - - - - - - - - - - -
 


  INPUT --- proc estimate link=Logit NOLOOP varest=2ndPart    ;


  INPUT --- model={ Phi(~1)p(~time) };

  INPUT ---    group=1 Phi    rows=12 cols=12 Triang ;
  INPUT ---        1 1 1 1 1 1 1 1 1 1 1 1 ;
  INPUT ---        1 1 1 1 1 1 1 1 1 1 1 ;
  INPUT ---        1 1 1 1 1 1 1 1 1 1 ;
  INPUT ---        1 1 1 1 1 1 1 1 1 ;
  INPUT ---        1 1 1 1 1 1 1 1 ;
  INPUT ---        1 1 1 1 1 1 1 ;
  INPUT ---        1 1 1 1 1 1 ;
  INPUT ---        1 1 1 1 1 ;
  INPUT ---        1 1 1 1 ;
  INPUT ---        1 1 1 ;
  INPUT ---        1 1 ;
  INPUT ---        1 ;

  INPUT ---    group=2 Phi    rows=12 cols=12 Triang ;
  INPUT ---        1 1 1 1 1 1 1 1 1 1 1 1 ;
  INPUT ---        1 1 1 1 1 1 1 1 1 1 1 ;
  INPUT ---        1 1 1 1 1 1 1 1 1 1 ;
  INPUT ---        1 1 1 1 1 1 1 1 1 ;
  INPUT ---        1 1 1 1 1 1 1 1 ;
  INPUT ---        1 1 1 1 1 1 1 ;
  INPUT ---        1 1 1 1 1 1 ;
  INPUT ---        1 1 1 1 1 ;
  INPUT ---        1 1 1 1 ;
  INPUT ---        1 1 1 ;
  INPUT ---        1 1 ;
  INPUT ---        1 ;

  INPUT ---    group=1 p    rows=12 cols=12 Triang ;
  INPUT ---        2 3 4 5 6 7 8 9 10 11 12 13 ;
  INPUT ---        3 4 5 6 7 8 9 10 11 12 13 ;
  INPUT ---        4 5 6 7 8 9 10 11 12 13 ;
  INPUT ---        5 6 7 8 9 10 11 12 13 ;
  INPUT ---        6 7 8 9 10 11 12 13 ;
  INPUT ---        7 8 9 10 11 12 13 ;
  INPUT ---        8 9 10 11 12 13 ;
  INPUT ---        9 10 11 12 13 ;
  INPUT ---        10 11 12 13 ;
  INPUT ---        11 12 13 ;

  Program  MARK  - Survival Rate Estimation with Capture-Recapture Data
   gfortran(Win64) Vers. 8.1 Mar 2016    1-Feb-2019 12:20:22    Page  003
 - - - - - - - - - - - - - - - - - - - - - - - - - - - - - - - - - - - - - -
 
  INPUT ---        12 13 ;
  INPUT ---        13 ;

  INPUT ---    group=2 p    rows=12 cols=12 Triang ;
  INPUT ---        2 3 4 5 6 7 8 9 10 11 12 13 ;
  INPUT ---        3 4 5 6 7 8 9 10 11 12 13 ;
  INPUT ---        4 5 6 7 8 9 10 11 12 13 ;
  INPUT ---        5 6 7 8 9 10 11 12 13 ;
  INPUT ---        6 7 8 9 10 11 12 13 ;
  INPUT ---        7 8 9 10 11 12 13 ;
  INPUT ---        8 9 10 11 12 13 ;
  INPUT ---        9 10 11 12 13 ;
  INPUT ---        10 11 12 13 ;
  INPUT ---        11 12 13 ;
  INPUT ---        12 13 ;
  INPUT ---        13 ;

  INPUT ---    design matrix constraints=13 covariates=13;
  INPUT ---        1 0 0 0 0 0 0 0 0 0 0 0 0;
  INPUT ---        0 1 0 0 0 0 0 0 0 0 0 0 0;
  INPUT ---        0 1 1 0 0 0 0 0 0 0 0 0 0;
  INPUT ---        0 1 0 1 0 0 0 0 0 0 0 0 0;
  INPUT ---        0 1 0 0 1 0 0 0 0 0 0 0 0;
  INPUT ---        0 1 0 0 0 1 0 0 0 0 0 0 0;
  INPUT ---        0 1 0 0 0 0 1 0 0 0 0 0 0;
  INPUT ---        0 1 0 0 0 0 0 1 0 0 0 0 0;
  INPUT ---        0 1 0 0 0 0 0 0 1 0 0 0 0;
  INPUT ---        0 1 0 0 0 0 0 0 0 1 0 0 0;
  INPUT ---        0 1 0 0 0 0 0 0 0 0 1 0 0;
  INPUT ---        0 1 0 0 0 0 0 0 0 0 0 1 0;
  INPUT ---        0 1 0 0 0 0 0 0 0 0 0 0 1;
  INPUT ---       blabel(1)=Phi:(Intercept);
  INPUT ---       blabel(2)=p:(Intercept);
  INPUT ---       blabel(3)=p:time3;
  INPUT ---       blabel(4)=p:time4;
  INPUT ---       blabel(5)=p:time5;
  INPUT ---       blabel(6)=p:time6;
  INPUT ---       blabel(7)=p:time12;
  INPUT ---       blabel(8)=p:time13;
  INPUT ---       blabel(9)=p:time14;
  INPUT ---       blabel(10)=p:time15;
  INPUT ---       blabel(11)=p:time16;
  INPUT ---       blabel(12)=p:time17;
  INPUT ---       blabel(13)=p:time18;
  INPUT ---       rlabel(1)=Phi gBIB c1 a0 t1;
  INPUT ---       rlabel(2)=p gBIB c1 a1 t2;

  Program  MARK  - Survival Rate Estimation with Capture-Recapture Data
   gfortran(Win64) Vers. 8.1 Mar 2016    1-Feb-2019 12:20:22    Page  004
 - - - - - - - - - - - - - - - - - - - - - - - - - - - - - - - - - - - - - -
 
  INPUT ---       rlabel(3)=p gBIB c1 a2 t3;
  INPUT ---       rlabel(4)=p gBIB c1 a3 t4;
  INPUT ---       rlabel(5)=p gBIB c1 a4 t5;
  INPUT ---       rlabel(6)=p gBIB c1 a5 t6;
  INPUT ---       rlabel(7)=p gBIB c1 a11 t12;
  INPUT ---       rlabel(8)=p gBIB c1 a12 t13;
  INPUT ---       rlabel(9)=p gBIB c1 a13 t14;
  INPUT ---       rlabel(10)=p gBIB c1 a14 t15;
  INPUT ---       rlabel(11)=p gBIB c1 a15 t16;
  INPUT ---       rlabel(12)=p gBIB c1 a16 t17;
  INPUT ---       rlabel(13)=p gBIB c1 a17 t18;

 Link Function Used is LOGIT        

 Variance Estimation Procedure Used is 2ndPart 
 -2logL(saturated) = 740.80268     
 Effective Sample Size = 2405

 Number of function evaluations was 64 for 13 parameters.
 Time for numerical optimization was 0.16 seconds.
 -2logL { Phi(~1)p(~time) } = 938.61950     
 Penalty { Phi(~1)p(~time) } = -0.0000000    
 Gradient { Phi(~1)p(~time) }:
   0.000000    -0.2203714E-05  0.000000      0.000000    -0.1108368E-04
   0.000000      0.000000     0.4353277E-05 0.9640306E-05  0.000000    
   0.000000    -0.8731479E-05  0.000000    
 S Vector { Phi(~1)p(~time) }:
   97.09538      19.88989      10.39372      7.550720      6.556370    
   5.945070      5.326438      4.988557      1.236458     0.9976683    
  0.2472141     0.4350655E-06 0.2202142E-15
 Time to compute number of parameters was 0.02 seconds.
   Threshold =  0.2800000E-06     Condition index =  0.2268019E-17     New Threshold =  0.7939934E-15
 New Guessimate of Estimated Parameters { Phi(~1)p(~time) } = 12          
 Conditioned S Vector { Phi(~1)p(~time) }:
   1.000000     0.2048489     0.1070465     0.7776600E-01 0.6752504E-01
  0.6122917E-01 0.5485778E-01 0.5137790E-01 0.1273447E-01 0.1027514E-01
  0.2546096E-02 0.4480806E-08 0.2268019E-17
 Number of Estimated Parameters { Phi(~1)p(~time) } = 11          
 DEVIANCE { Phi(~1)p(~time) } = 197.81682                     
 DEVIANCE Degrees of Freedom { Phi(~1)p(~time) } = 34            
 c-hat { Phi(~1)p(~time) } = 5.8181418                     
 AIC { Phi(~1)p(~time) } = 960.61950                  
 AICc { Phi(~1)p(~time) } = 960.72982                    
 BIC { Phi(~1)p(~time) } = 1024.2579                    
 Pearson Chisquare { Phi(~1)p(~time) } = 18982.674                  
 Possible Encounter Histories { Phi(~1)p(~time) } = 16380             
 Pearson Chisquare df { Phi(~1)p(~time) } = 16345        
 Pearson chat { Phi(~1)p(~time) } = 1.1613750                  
 Sum(Observed/Expected) { Phi(~1)p(~time) } = 18987.416                  
 Fletcher chat { Phi(~1)p(~time) } = 1.0018910                  


                     LOGIT Link Function Parameters of { Phi(~1)p(~time) }
                                                              95% Confidence Interval
 Parameter                    Beta         Standard Error      Lower           Upper
 -------------------------  --------------  --------------  --------------  --------------
    1:Phi:(Intercept)       13.920579       1516.0819       -2957.6000      2985.4411     
    2:p:(Intercept)         -4.1588752      0.5818409       -5.2992834      -3.0184670    
    3:p:time3               -154.48626      0.7404606E-008  -154.48626      -154.48626    
    4:p:time4               -1.6156744      1.1582934       -3.8859294      0.6545806     
    5:p:time5               -0.0257139      0.7125647       -1.4223408      1.3709130     
    6:p:time6               -2.3010271      1.1576298       -4.5699815      -0.0320726    

  Program  MARK  - Survival Rate Estimation with Capture-Recapture Data
   gfortran(Win64) Vers. 8.1 Mar 2016    1-Feb-2019 12:20:22    Page  005
 - - - - - - - - - - - - - - - - - - - - - - - - - - - - - - - - - - - - - -
 
    7:p:time12              0.9317653       0.6119610       -0.2676782      2.1312089     
    8:p:time13              -1.6115234      0.7111552       -3.0053877      -0.2176591    
    9:p:time14              -1.3585731      0.6812260       -2.6937762      -0.0233701    
   10:p:time15              -1.8592261      0.7342126       -3.2982829      -0.4201693    
   11:p:time16              -1.0317586      0.6499177       -2.3055972      0.2420801     
   12:p:time17              -1.6040682      0.6942043       -2.9647086      -0.2434277    
   13:p:time18              -1.9818638      0.7342080       -3.4209116      -0.5428160    


                     Real Function Parameters of { Phi(~1)p(~time) }
                                                               95% Confidence Interval
  Parameter                  Estimate       Standard Error      Lower           Upper
 --------------------------  --------------  --------------  --------------  --------------
     1:Phi gBIB c1 a0 t1     0.9999991       0.0013649       0.1095200E-297  1.0000000                           
     2:p gBIB c1 a1 t2       0.0153847       0.0088138       0.0049703       0.0465985                           
     3:p gBIB c1 a2 t3       0.1262678E-068  0.7346776E-069  -.1772903E-069  0.2702646E-068                      
     4:p gBIB c1 a3 t4       0.0030960       0.0030912       0.4359262E-003  0.0216365                           
     5:p gBIB c1 a4 t5       0.0150000       0.0060780       0.0067538       0.0329803                           
     6:p gBIB c1 a5 t6       0.0015625       0.0015613       0.2200467E-003  0.0110048                           
     7:p gBIB c1 a11 t12     0.0381582       0.0069632       0.0266238       0.0544103                           
     8:p gBIB c1 a12 t13     0.0031088       0.0012673       0.0013972       0.0069028                           
     9:p gBIB c1 a13 t14     0.0040000       0.0014117       0.0020013       0.0079788                           
    10:p gBIB c1 a14 t15     0.0024284       0.0010849       0.0010109       0.0058216                           
    11:p gBIB c1 a15 t16     0.0055376       0.0015950       0.0031465       0.0097280                           
    12:p gBIB c1 a16 t17     0.0031320       0.0011824       0.0014934       0.0065567                           
    13:p gBIB c1 a17 t18     0.0021487       0.9602005E-003  0.8943681E-003  0.0051532                           

 Attempted ordering of parameters by estimatibility:
   2  7 11  9 12  8  5 13 10  6  4  1  3
 Beta number 3 is a singular value.

     CPU Time in seconds for last procedure was 0.17

  Program  MARK  - Survival Rate Estimation with Capture-Recapture Data
   gfortran(Win64) Vers. 8.1 Mar 2016    1-Feb-2019 12:20:22    Page  006
 - - - - - - - - - - - - - - - - - - - - - - - - - - - - - - - - - - - - - -
 


  INPUT --- proc stop;

   * *  WARNING  * *   Numerical underflow occurred during final processing of this model. 
     IEEE flag status at final processing of this model:
     overflow       F
     divide by zero F
     invalid        F
     underflow      T
     inexact        T


     CPU Time in minutes for this job was 0.00

     Time Start = 12:20:22.511   Time End = 12:20:22.678

     Wall Clock Time in minutes for this job was 0.00


          E X E C U T I O N   S U C C E S S F U L 
