
   Program  MARK  - Survival Rate Estimation with Capture-Recapture Data
   gfortran(Win64) Vers. 8.1 Mar 2016    1-Feb-2019 12:14:39    Page  001
 - - - - - - - - - - - - - - - - - - - - - - - - - - - - - - - - - - - - - -
 
   This version was compiled by GCC version 5.3.0 using the options: 
     -cpp -iprefix c:\tdm-gcc-64\gcc\bin\../lib/gcc/x86_64-w64-mingw32/5.3.0/ -D_MT
     -U_REENTRANT -D IEEE -m64 -mtune=generic -march=x86-64 -mthreads -O2
     -fimplicit-none -fbounds-check -funroll-loops -ftree-vectorize
     -ffpe-summary=invalid,zero,overflow,underflow -fno-unsafe-math-optimizations
     -frounding-math -fsignaling-nans -fopenmp.

   This problem will use 7 of 8 possible threads.


  INPUT --- proc title ;

     CPU Time in seconds for last procedure was 0.00


  INPUT --- proc chmatrix occasions= 8 groups= 2 etype= Live Nodes= 101 
  INPUT --- ICMeans NoHist hist= 28 ;

  INPUT ---    time interval 1 11 1 1 1 1 1 ;

  INPUT ---    glabel(1)=SpeciesBIB;

  INPUT ---    glabel(2)=SpeciesCOC;

   * *  WARNING  * *   At least a pair of the encounter histories are duplicates. 

      Number of unique encounter histories read was 17.

      Number of individual covariates read was 0.
      Time interval lengths vary and/or not equal to 1.

      Data type number is 1
      Data type is Live Recaptures (CJS)                                                                               

     CPU Time in seconds for last procedure was 0.00

  Program  MARK  - Survival Rate Estimation with Capture-Recapture Data
   gfortran(Win64) Vers. 8.1 Mar 2016    1-Feb-2019 12:14:39    Page  002
 - - - - - - - - - - - - - - - - - - - - - - - - - - - - - - - - - - - - - -
 


  INPUT --- proc estimate link=Logit NOLOOP varest=2ndPart    ;


  INPUT --- model={ Phi(~time)p(~Species) };

  INPUT ---    group=1 Phi    rows=7 cols=7 Triang ;
  INPUT ---        1 2 3 4 5 6 7 ;
  INPUT ---        2 3 4 5 6 7 ;
  INPUT ---        3 4 5 6 7 ;
  INPUT ---        4 5 6 7 ;
  INPUT ---        5 6 7 ;
  INPUT ---        6 7 ;
  INPUT ---        7 ;

  INPUT ---    group=2 Phi    rows=7 cols=7 Triang ;
  INPUT ---        1 2 3 4 5 6 7 ;
  INPUT ---        2 3 4 5 6 7 ;
  INPUT ---        3 4 5 6 7 ;
  INPUT ---        4 5 6 7 ;
  INPUT ---        5 6 7 ;
  INPUT ---        6 7 ;
  INPUT ---        7 ;

  INPUT ---    group=1 p    rows=7 cols=7 Triang ;
  INPUT ---        8 8 8 8 8 8 8 ;
  INPUT ---        8 8 8 8 8 8 ;
  INPUT ---        8 8 8 8 8 ;
  INPUT ---        8 8 8 8 ;
  INPUT ---        8 8 8 ;
  INPUT ---        8 8 ;
  INPUT ---        8 ;

  INPUT ---    group=2 p    rows=7 cols=7 Triang ;
  INPUT ---        9 9 9 9 9 9 9 ;
  INPUT ---        9 9 9 9 9 9 ;
  INPUT ---        9 9 9 9 9 ;
  INPUT ---        9 9 9 9 ;
  INPUT ---        9 9 9 ;
  INPUT ---        9 9 ;
  INPUT ---        9 ;

  INPUT ---    design matrix constraints=9 covariates=9;
  INPUT ---        1 0 0 0 0 0 0 0 0;
  INPUT ---        1 1 0 0 0 0 0 0 0;

  Program  MARK  - Survival Rate Estimation with Capture-Recapture Data
   gfortran(Win64) Vers. 8.1 Mar 2016    1-Feb-2019 12:14:39    Page  003
 - - - - - - - - - - - - - - - - - - - - - - - - - - - - - - - - - - - - - -
 
  INPUT ---        1 0 1 0 0 0 0 0 0;
  INPUT ---        1 0 0 1 0 0 0 0 0;
  INPUT ---        1 0 0 0 1 0 0 0 0;
  INPUT ---        1 0 0 0 0 1 0 0 0;
  INPUT ---        1 0 0 0 0 0 1 0 0;
  INPUT ---        0 0 0 0 0 0 0 1 0;
  INPUT ---        0 0 0 0 0 0 0 1 1;
  INPUT ---       blabel(1)=Phi:(Intercept);
  INPUT ---       blabel(2)=Phi:time2;
  INPUT ---       blabel(3)=Phi:time13;
  INPUT ---       blabel(4)=Phi:time14;
  INPUT ---       blabel(5)=Phi:time15;
  INPUT ---       blabel(6)=Phi:time16;
  INPUT ---       blabel(7)=Phi:time17;
  INPUT ---       blabel(8)=p:(Intercept);
  INPUT ---       blabel(9)=p:SpeciesCOC;
  INPUT ---       rlabel(1)=Phi gBIB c1 a0 t1;
  INPUT ---       rlabel(2)=Phi gBIB c1 a1 t2;
  INPUT ---       rlabel(3)=Phi gBIB c1 a12 t13;
  INPUT ---       rlabel(4)=Phi gBIB c1 a13 t14;
  INPUT ---       rlabel(5)=Phi gBIB c1 a14 t15;
  INPUT ---       rlabel(6)=Phi gBIB c1 a15 t16;
  INPUT ---       rlabel(7)=Phi gBIB c1 a16 t17;
  INPUT ---       rlabel(8)=p gBIB c1 a1 t2;
  INPUT ---       rlabel(9)=p gCOC c1 a1 t2;

 Link Function Used is LOGIT        

 Variance Estimation Procedure Used is 2ndPart 
 -2logL(saturated) = 384.68043     
 Effective Sample Size = 2058

 Number of function evaluations was 72 for 9 parameters.
 Time for numerical optimization was 0.14 seconds.
 -2logL { Phi(~time)p(~Species) } = 406.81988     
 Penalty { Phi(~time)p(~Species) } = -0.0000000    
 Gradient { Phi(~time)p(~Species) }:
  0.5885399E-04 0.7558254E-04-0.9361798E-05 0.8912480E-05-0.7897820E-06
   0.000000    -0.1694325E-04-0.2962699E-04-0.3342875E-04
 S Vector { Phi(~time)p(~Species) }:
   85.83825      35.58820      8.444294      4.827951      2.250587    
   1.305180     0.8322073     0.5605673E-05 0.3704133E-08
 Time to compute number of parameters was 0.01 seconds.
   Threshold =  0.2000000E-06     Condition index =  0.4315248E-10     New Threshold =  0.1111240E-07
 New Guessimate of Estimated Parameters { Phi(~time)p(~Species) } = 8          
 Conditioned S Vector { Phi(~time)p(~Species) }:
   1.000000     0.4145961     0.9837449E-01 0.5624475E-01 0.2621893E-01
  0.1520510E-01 0.9695064E-02 0.6530507E-07 0.4315248E-10
 Number of Estimated Parameters { Phi(~time)p(~Species) } = 7          
 DEVIANCE { Phi(~time)p(~Species) } = 22.139446                     
 DEVIANCE Degrees of Freedom { Phi(~time)p(~Species) } = 5            
 c-hat { Phi(~time)p(~Species) } = 4.4278893                     
 AIC { Phi(~time)p(~Species) } = 420.81988                  
 AICc { Phi(~time)p(~Species) } = 420.87451                    
 BIC { Phi(~time)p(~Species) } = 460.22631                    
 Pearson Chisquare { Phi(~time)p(~Species) } = 24.061272                  
 Possible Encounter Histories { Phi(~time)p(~Species) } = 508             
 Pearson Chisquare df { Phi(~time)p(~Species) } = 487        
 Pearson chat { Phi(~time)p(~Species) } = 0.0494071                  
 Sum(Observed/Expected) { Phi(~time)p(~Species) } = 44.047793                  
 Fletcher chat { Phi(~time)p(~Species) } = 0.5698088                  

  Program  MARK  - Survival Rate Estimation with Capture-Recapture Data
   gfortran(Win64) Vers. 8.1 Mar 2016    1-Feb-2019 12:14:39    Page  004
 - - - - - - - - - - - - - - - - - - - - - - - - - - - - - - - - - - - - - -
 


                  LOGIT Link Function Parameters of { Phi(~time)p(~Species) }
                                                              95% Confidence Interval
 Parameter                    Beta         Standard Error      Lower           Upper
 -------------------------  --------------  --------------  --------------  --------------
    1:Phi:(Intercept)       11.555893       172.42974       -326.40640      349.51818     
    2:Phi:time2             -10.431476      172.42953       -348.39336      327.53041     
    3:Phi:time13            -12.358066      172.42873       -350.31838      325.60225     
    4:Phi:time14            -14.307098      172.43333       -352.27644      323.66224     
    5:Phi:time15            -13.394711      172.43037       -351.35825      324.56883     
    6:Phi:time16            14.995315       0.1970829       14.609033       15.381598     
    7:Phi:time17            -13.090705      172.43021       -351.05391      324.87250     
    8:p:(Intercept)         -2.8372724      0.2318956       -3.2917878      -2.3827571    
    9:p:SpeciesCOC          0.0202610       0.3389915       -0.6441623      0.6846844     


                  Real Function Parameters of { Phi(~time)p(~Species) }
                                                               95% Confidence Interval
  Parameter                  Estimate       Standard Error      Lower           Upper
 --------------------------  --------------  --------------  --------------  --------------
     1:Phi gBIB c1 a0 t1     0.9999904       0.0016517       0.1751878E-141  1.0000000                           
     2:Phi gBIB c1 a1 t2     0.7548072       0.0362410       0.6771294       0.8187979                           
     3:Phi gBIB c1 a12 t13   0.3095610       0.1235405       0.1261896       0.5819378                           
     4:Phi gBIB c1 a13 t14   0.0600187       0.0619321       0.0073708       0.3544392                           
     5:Phi gBIB c1 a14 t15   0.1371911       0.0998529       0.0295347       0.4537761                           
     6:Phi gBIB c1 a15 t16   1.0000000       0.5082288E-009  1.0000000       1.0000000                           
     7:Phi gBIB c1 a16 t17   0.1772907       0.1290278       0.0366627       0.5495914                           
     8:p gBIB c1 a1 t2       0.0553430       0.0121235       0.0358540       0.0844970                           
     9:p gCOC c1 a1 t2       0.0564118       0.0149644       0.0333098       0.0939785                           

 Attempted ordering of parameters by estimatibility:
  1 8 9 2 3 7 5 4 6
 Beta number 6 is a singular value.

     CPU Time in seconds for last procedure was 0.14

  Program  MARK  - Survival Rate Estimation with Capture-Recapture Data
   gfortran(Win64) Vers. 8.1 Mar 2016    1-Feb-2019 12:14:39    Page  005
 - - - - - - - - - - - - - - - - - - - - - - - - - - - - - - - - - - - - - -
 


  INPUT --- proc stop;

     CPU Time in minutes for this job was 0.00

     Time Start = 12:14:39.596   Time End = 12:14:39.795

     Wall Clock Time in minutes for this job was 0.00


          E X E C U T I O N   S U C C E S S F U L 
