
   Program  MARK  - Survival Rate Estimation with Capture-Recapture Data
   gfortran(Win64) Vers. 8.1 Mar 2016    1-Feb-2019 12:21:40    Page  001
 - - - - - - - - - - - - - - - - - - - - - - - - - - - - - - - - - - - - - -
 
   This version was compiled by GCC version 5.3.0 using the options: 
     -cpp -iprefix c:\tdm-gcc-64\gcc\bin\../lib/gcc/x86_64-w64-mingw32/5.3.0/ -D_MT
     -U_REENTRANT -D IEEE -m64 -mtune=generic -march=x86-64 -mthreads -O2
     -fimplicit-none -fbounds-check -funroll-loops -ftree-vectorize
     -ffpe-summary=invalid,zero,overflow,underflow -fno-unsafe-math-optimizations
     -frounding-math -fsignaling-nans -fopenmp.

   This problem will use 7 of 8 possible threads.


  INPUT --- proc title ;

     CPU Time in seconds for last procedure was 0.00


  INPUT --- proc chmatrix occasions= 14 groups= 2 etype= Live Nodes= 
  INPUT --- 101 ICMeans NoHist hist= 90  ;

  INPUT ---    time interval 1 1 1 1 1 1 5 1 1 1 1 1 1 ;

  INPUT ---    glabel(1)=SpeciesBIB;

  INPUT ---    glabel(2)=SpeciesCOC;

   * *  WARNING  * *   At least a pair of the encounter histories are duplicates. 

      Number of unique encounter histories read was 71.

      Number of individual covariates read was 0.
      Time interval lengths vary and/or not equal to 1.

      Data type number is 1
      Data type is Live Recaptures (CJS)                                                                               

     CPU Time in seconds for last procedure was 0.00

  Program  MARK  - Survival Rate Estimation with Capture-Recapture Data
   gfortran(Win64) Vers. 8.1 Mar 2016    1-Feb-2019 12:21:40    Page  002
 - - - - - - - - - - - - - - - - - - - - - - - - - - - - - - - - - - - - - -
 


  INPUT --- proc estimate link=Logit NOLOOP varest=2ndPart    ;


  INPUT --- model={ Phi(~Species + time)p(~1) };

  INPUT ---    group=1 Phi    rows=13 cols=13 Triang ;
  INPUT ---        1 2 3 4 5 6 7 8 9 10 11 12 13 ;
  INPUT ---        2 3 4 5 6 7 8 9 10 11 12 13 ;
  INPUT ---        3 4 5 6 7 8 9 10 11 12 13 ;
  INPUT ---        4 5 6 7 8 9 10 11 12 13 ;
  INPUT ---        5 6 7 8 9 10 11 12 13 ;
  INPUT ---        6 7 8 9 10 11 12 13 ;
  INPUT ---        7 8 9 10 11 12 13 ;
  INPUT ---        8 9 10 11 12 13 ;
  INPUT ---        9 10 11 12 13 ;
  INPUT ---        10 11 12 13 ;
  INPUT ---        11 12 13 ;
  INPUT ---        12 13 ;
  INPUT ---        13 ;

  INPUT ---    group=2 Phi    rows=13 cols=13 Triang ;
  INPUT ---        14 15 16 17 18 19 20 21 22 23 24 25 26 ;
  INPUT ---        15 16 17 18 19 20 21 22 23 24 25 26 ;
  INPUT ---        16 17 18 19 20 21 22 23 24 25 26 ;
  INPUT ---        17 18 19 20 21 22 23 24 25 26 ;
  INPUT ---        18 19 20 21 22 23 24 25 26 ;
  INPUT ---        19 20 21 22 23 24 25 26 ;
  INPUT ---        20 21 22 23 24 25 26 ;
  INPUT ---        21 22 23 24 25 26 ;
  INPUT ---        22 23 24 25 26 ;
  INPUT ---        23 24 25 26 ;
  INPUT ---        24 25 26 ;
  INPUT ---        25 26 ;
  INPUT ---        26 ;

  INPUT ---    group=1 p    rows=13 cols=13 Triang ;
  INPUT ---        27 27 27 27 27 27 27 27 27 27 27 27 27 ;
  INPUT ---        27 27 27 27 27 27 27 27 27 27 27 27 ;
  INPUT ---        27 27 27 27 27 27 27 27 27 27 27 ;
  INPUT ---        27 27 27 27 27 27 27 27 27 27 ;
  INPUT ---        27 27 27 27 27 27 27 27 27 ;
  INPUT ---        27 27 27 27 27 27 27 27 ;
  INPUT ---        27 27 27 27 27 27 27 ;
  INPUT ---        27 27 27 27 27 27 ;

  Program  MARK  - Survival Rate Estimation with Capture-Recapture Data
   gfortran(Win64) Vers. 8.1 Mar 2016    1-Feb-2019 12:21:40    Page  003
 - - - - - - - - - - - - - - - - - - - - - - - - - - - - - - - - - - - - - -
 
  INPUT ---        27 27 27 27 27 ;
  INPUT ---        27 27 27 27 ;
  INPUT ---        27 27 27 ;
  INPUT ---        27 27 ;
  INPUT ---        27 ;

  INPUT ---    group=2 p    rows=13 cols=13 Triang ;
  INPUT ---        27 27 27 27 27 27 27 27 27 27 27 27 27 ;
  INPUT ---        27 27 27 27 27 27 27 27 27 27 27 27 ;
  INPUT ---        27 27 27 27 27 27 27 27 27 27 27 ;
  INPUT ---        27 27 27 27 27 27 27 27 27 27 ;
  INPUT ---        27 27 27 27 27 27 27 27 27 ;
  INPUT ---        27 27 27 27 27 27 27 27 ;
  INPUT ---        27 27 27 27 27 27 27 ;
  INPUT ---        27 27 27 27 27 27 ;
  INPUT ---        27 27 27 27 27 ;
  INPUT ---        27 27 27 27 ;
  INPUT ---        27 27 27 ;
  INPUT ---        27 27 ;
  INPUT ---        27 ;

  INPUT ---    design matrix constraints=27 covariates=15;
  INPUT ---        1 0 0 0 0 0 0 0 0 0 0 0 0 0 0;
  INPUT ---        1 0 1 0 0 0 0 0 0 0 0 0 0 0 0;
  INPUT ---        1 0 0 1 0 0 0 0 0 0 0 0 0 0 0;
  INPUT ---        1 0 0 0 1 0 0 0 0 0 0 0 0 0 0;
  INPUT ---        1 0 0 0 0 1 0 0 0 0 0 0 0 0 0;
  INPUT ---        1 0 0 0 0 0 1 0 0 0 0 0 0 0 0;
  INPUT ---        1 0 0 0 0 0 0 1 0 0 0 0 0 0 0;
  INPUT ---        1 0 0 0 0 0 0 0 1 0 0 0 0 0 0;
  INPUT ---        1 0 0 0 0 0 0 0 0 1 0 0 0 0 0;
  INPUT ---        1 0 0 0 0 0 0 0 0 0 1 0 0 0 0;
  INPUT ---        1 0 0 0 0 0 0 0 0 0 0 1 0 0 0;
  INPUT ---        1 0 0 0 0 0 0 0 0 0 0 0 1 0 0;
  INPUT ---        1 0 0 0 0 0 0 0 0 0 0 0 0 1 0;
  INPUT ---        1 1 0 0 0 0 0 0 0 0 0 0 0 0 0;
  INPUT ---        1 1 1 0 0 0 0 0 0 0 0 0 0 0 0;
  INPUT ---        1 1 0 1 0 0 0 0 0 0 0 0 0 0 0;
  INPUT ---        1 1 0 0 1 0 0 0 0 0 0 0 0 0 0;
  INPUT ---        1 1 0 0 0 1 0 0 0 0 0 0 0 0 0;
  INPUT ---        1 1 0 0 0 0 1 0 0 0 0 0 0 0 0;
  INPUT ---        1 1 0 0 0 0 0 1 0 0 0 0 0 0 0;
  INPUT ---        1 1 0 0 0 0 0 0 1 0 0 0 0 0 0;
  INPUT ---        1 1 0 0 0 0 0 0 0 1 0 0 0 0 0;
  INPUT ---        1 1 0 0 0 0 0 0 0 0 1 0 0 0 0;
  INPUT ---        1 1 0 0 0 0 0 0 0 0 0 1 0 0 0;

  Program  MARK  - Survival Rate Estimation with Capture-Recapture Data
   gfortran(Win64) Vers. 8.1 Mar 2016    1-Feb-2019 12:21:41    Page  004
 - - - - - - - - - - - - - - - - - - - - - - - - - - - - - - - - - - - - - -
 
  INPUT ---        1 1 0 0 0 0 0 0 0 0 0 0 1 0 0;
  INPUT ---        1 1 0 0 0 0 0 0 0 0 0 0 0 1 0;
  INPUT ---        0 0 0 0 0 0 0 0 0 0 0 0 0 0 1;
  INPUT ---       blabel(1)=Phi:(Intercept);
  INPUT ---       blabel(2)=Phi:SpeciesCOC;
  INPUT ---       blabel(3)=Phi:time2;
  INPUT ---       blabel(4)=Phi:time3;
  INPUT ---       blabel(5)=Phi:time4;
  INPUT ---       blabel(6)=Phi:time5;
  INPUT ---       blabel(7)=Phi:time6;
  INPUT ---       blabel(8)=Phi:time7;
  INPUT ---       blabel(9)=Phi:time12;
  INPUT ---       blabel(10)=Phi:time13;
  INPUT ---       blabel(11)=Phi:time14;
  INPUT ---       blabel(12)=Phi:time15;
  INPUT ---       blabel(13)=Phi:time16;
  INPUT ---       blabel(14)=Phi:time17;
  INPUT ---       blabel(15)=p:(Intercept);
  INPUT ---       rlabel(1)=Phi gBIB c1 a0 t1;
  INPUT ---       rlabel(2)=Phi gBIB c1 a1 t2;
  INPUT ---       rlabel(3)=Phi gBIB c1 a2 t3;
  INPUT ---       rlabel(4)=Phi gBIB c1 a3 t4;
  INPUT ---       rlabel(5)=Phi gBIB c1 a4 t5;
  INPUT ---       rlabel(6)=Phi gBIB c1 a5 t6;
  INPUT ---       rlabel(7)=Phi gBIB c1 a6 t7;
  INPUT ---       rlabel(8)=Phi gBIB c1 a11 t12;
  INPUT ---       rlabel(9)=Phi gBIB c1 a12 t13;
  INPUT ---       rlabel(10)=Phi gBIB c1 a13 t14;
  INPUT ---       rlabel(11)=Phi gBIB c1 a14 t15;
  INPUT ---       rlabel(12)=Phi gBIB c1 a15 t16;
  INPUT ---       rlabel(13)=Phi gBIB c1 a16 t17;
  INPUT ---       rlabel(14)=Phi gCOC c1 a0 t1;
  INPUT ---       rlabel(15)=Phi gCOC c1 a1 t2;
  INPUT ---       rlabel(16)=Phi gCOC c1 a2 t3;
  INPUT ---       rlabel(17)=Phi gCOC c1 a3 t4;
  INPUT ---       rlabel(18)=Phi gCOC c1 a4 t5;
  INPUT ---       rlabel(19)=Phi gCOC c1 a5 t6;
  INPUT ---       rlabel(20)=Phi gCOC c1 a6 t7;
  INPUT ---       rlabel(21)=Phi gCOC c1 a11 t12;
  INPUT ---       rlabel(22)=Phi gCOC c1 a12 t13;
  INPUT ---       rlabel(23)=Phi gCOC c1 a13 t14;
  INPUT ---       rlabel(24)=Phi gCOC c1 a14 t15;
  INPUT ---       rlabel(25)=Phi gCOC c1 a15 t16;
  INPUT ---       rlabel(26)=Phi gCOC c1 a16 t17;
  INPUT ---       rlabel(27)=p gBIB c1 a1 t2;

  Program  MARK  - Survival Rate Estimation with Capture-Recapture Data
   gfortran(Win64) Vers. 8.1 Mar 2016    1-Feb-2019 12:21:41    Page  005
 - - - - - - - - - - - - - - - - - - - - - - - - - - - - - - - - - - - - - -
 

 Link Function Used is LOGIT        

 Variance Estimation Procedure Used is 2ndPart 
 -2logL(saturated) = 2040.5974     
 Effective Sample Size = 4699

 Number of function evaluations was 61 for 15 parameters.
 Time for numerical optimization was 0.09 seconds.
 -2logL { Phi(~Species + time)p(~1) } = 2552.8471     
 Penalty { Phi(~Species + time)p(~1) } = -0.0000000    
 Gradient { Phi(~Species + time)p(~1) }:
 -0.3199926E-02-0.1739085E-02-0.6303660E-03-0.2743261E-03-0.1401706E-03
   0.000000      0.000000    -0.2075002E-05-0.9680661E-03-0.7434614E-03
 -0.9957624E-04-0.8221918E-03  0.000000      0.000000    -0.3586221E-02
 S Vector { Phi(~Species + time)p(~1) }:
   337.3075      84.31597      39.07183      13.79326      7.222460    
   3.461581      2.156719     0.6153618     0.2929506     0.6593665E-01
  0.9876098E-06 0.1390527E-06 0.8937849E-07 0.2872094E-07 0.1961493E-07
 Time to compute number of parameters was 0.09 seconds.
   Threshold =  0.3200000E-06     Condition index =  0.5815147E-10     New Threshold =  0.7596828E-07
 New Guessimate of Estimated Parameters { Phi(~Species + time)p(~1) } = 10          
 Conditioned S Vector { Phi(~Species + time)p(~1) }:
   1.000000     0.2499677     0.1158345     0.4089224E-01 0.2141210E-01
  0.1026239E-01 0.6393925E-02 0.1824335E-02 0.8684972E-03 0.1954794E-03
  0.2927922E-08 0.4122432E-09 0.2649763E-09 0.8514764E-10 0.5815147E-10
 Number of Estimated Parameters { Phi(~Species + time)p(~1) } = 10          
 DEVIANCE { Phi(~Species + time)p(~1) } = 512.24970                     
 DEVIANCE Degrees of Freedom { Phi(~Species + time)p(~1) } = 52            
 c-hat { Phi(~Species + time)p(~1) } = 9.8509558                     
 AIC { Phi(~Species + time)p(~1) } = 2572.8471                  
 AICc { Phi(~Species + time)p(~1) } = 2572.8941                    
 BIC { Phi(~Species + time)p(~1) } = 2637.3982                    
 Pearson Chisquare { Phi(~Species + time)p(~1) } = 1074.7938                  
 Possible Encounter Histories { Phi(~Species + time)p(~1) } = 32764             
 Pearson Chisquare df { Phi(~Species + time)p(~1) } = 32728        
 Pearson chat { Phi(~Species + time)p(~1) } = 0.0328402                  
 Sum(Observed/Expected) { Phi(~Species + time)p(~1) } = 686.52212                  
 Fletcher chat { Phi(~Species + time)p(~1) } = 1.5672853                  


                LOGIT Link Function Parameters of { Phi(~Species + time)p(~1) }
                                                              95% Confidence Interval
 Parameter                    Beta         Standard Error      Lower           Upper
 -------------------------  --------------  --------------  --------------  --------------
    1:Phi:(Intercept)       -1.0042225      0.7012271       -2.3786276      0.3701826     
    2:Phi:SpeciesCOC        -0.2289455      0.2226701       -0.6653790      0.2074879     
    3:Phi:time2             0.7319953       0.9120916       -1.0557043      2.5196949     
    4:Phi:time3             1.9842584       1.1994322       -0.3666287      4.3351456     
    5:Phi:time4             2.2445974       1.2065226       -0.1201870      4.6093818     
    6:Phi:time5             21.470209       2947.0079       -5754.6654      5797.6058     
    7:Phi:time6             24.793082       6904.6925       -13508.404      13557.991     
    8:Phi:time7             21.295888       1007.1372       -1952.6930      1995.2848     
    9:Phi:time12            -0.7376223      0.7330115       -2.1743248      0.6990803     
   10:Phi:time13            1.7529962       0.8929940       0.0027279       3.5032645     
   11:Phi:time14            4.0234884       3.8791296       -3.5796059      11.626583     
   12:Phi:time15            0.5491435       0.7428257       -0.9067949      2.0050820     
   13:Phi:time16            25.149557       5978.7898       -11693.279      11743.578     
   14:Phi:time17            19.321238       0.0000000       19.321238       19.321238     

  Program  MARK  - Survival Rate Estimation with Capture-Recapture Data
   gfortran(Win64) Vers. 8.1 Mar 2016    1-Feb-2019 12:21:41    Page  006
 - - - - - - - - - - - - - - - - - - - - - - - - - - - - - - - - - - - - - -
 
   15:p:(Intercept)         -3.1972009      0.0831497       -3.3601743      -3.0342276    


                Real Function Parameters of { Phi(~Species + time)p(~1) }
                                                               95% Confidence Interval
  Parameter                  Estimate       Standard Error      Lower           Upper
 --------------------------  --------------  --------------  --------------  --------------
     1:Phi gBIB c1 a0 t1     0.2681120       0.1376004       0.0848170       0.5915031                           
     2:Phi gBIB c1 a1 t2     0.4323604       0.1308525       0.2112787       0.6841221                           
     3:Phi gBIB c1 a2 t3     0.7271154       0.2024992       0.2649744       0.9516782                           
     4:Phi gBIB c1 a3 t4     0.7756293       0.1786527       0.3161104       0.9627612                           
     5:Phi gBIB c1 a4 t5     1.0000000       0.3811679E-005  0.9999925       1.0000075                           
     6:Phi gBIB c1 a5 t6     1.0000000       0.3219400E-006  0.9999994       1.0000006                           
     7:Phi gBIB c1 a6 t7     1.0000000       0.1550708E-005  0.9999970       1.0000030                           
     8:Phi gBIB c1 a11 t12   0.1490788       0.0272775       0.1030946       0.2107541                           
     9:Phi gBIB c1 a12 t13   0.6789114       0.1354301       0.3848751       0.8772297                           
    10:Phi gBIB c1 a13 t14   0.9534369       0.1694719       0.0113988       0.9999725                           
    11:Phi gBIB c1 a14 t15   0.3881539       0.0789489       0.2484976       0.5489635                           
    12:Phi gBIB c1 a15 t16   1.0000000       0.1951762E-006  0.9999996       1.0000004                           
    13:Phi gBIB c1 a16 t17   1.0000000       0.0000000       1.0000000       1.0000000                           
    14:Phi gCOC c1 a0 t1     0.2256274       0.1168176       0.0728560       0.5193123                           
    15:Phi gCOC c1 a1 t2     0.3772651       0.1162440       0.1867966       0.6150560                           
    16:Phi gCOC c1 a2 t3     0.6794163       0.2175611       0.2302905       0.9375470                           
    17:Phi gCOC c1 a3 t4     0.7332998       0.1979780       0.2743444       0.9523727                           
    18:Phi gCOC c1 a4 t5     1.0000000       0.4792323E-005  0.9999906       1.0000094                           
    19:Phi gCOC c1 a5 t6     1.0000000       0.4047653E-006  0.9999992       1.0000008                           
    20:Phi gCOC c1 a6 t7     1.0000000       0.1949665E-005  0.9999962       1.0000038                           
    21:Phi gCOC c1 a11 t12   0.1223040       0.0339421       0.0697503       0.2056989                           
    22:Phi gCOC c1 a12 t13   0.6271076       0.1396411       0.3428549       0.8442575                           
    23:Phi gCOC c1 a13 t14   0.9421505       0.2086560       0.0088958       0.9999662                           
    24:Phi gCOC c1 a14 t15   0.3353637       0.0744724       0.2076929       0.4927104                           
    25:Phi gCOC c1 a15 t16   1.0000000       0.2453898E-006  0.9999995       1.0000005                           
    26:Phi gCOC c1 a16 t17   1.0000000       0.0000000       1.0000000       1.0000000                           
    27:p gBIB c1 a1 t2       0.0392712       0.0031372       0.0335636       0.0459033                           

 Attempted ordering of parameters by estimatibility:
  15  1  2 12  9 10  3  4  5 11  8  6 14 13  7
 Beta number 7 is a singular value.

     CPU Time in seconds for last procedure was 0.19

  Program  MARK  - Survival Rate Estimation with Capture-Recapture Data
   gfortran(Win64) Vers. 8.1 Mar 2016    1-Feb-2019 12:21:41    Page  007
 - - - - - - - - - - - - - - - - - - - - - - - - - - - - - - - - - - - - - -
 


  INPUT --- proc stop;

     CPU Time in minutes for this job was 0.00

     Time Start = 12:21:40.915   Time End = 12:21:41.223

     Wall Clock Time in minutes for this job was 0.01


          E X E C U T I O N   S U C C E S S F U L 
