
   Program  MARK  - Survival Rate Estimation with Capture-Recapture Data
   gfortran(Win64) Vers. 8.1 Mar 2016   31-Jan-2019 15:52:49    Page  001
 - - - - - - - - - - - - - - - - - - - - - - - - - - - - - - - - - - - - - -
 
   This version was compiled by GCC version 5.3.0 using the options: 
     -cpp -iprefix c:\tdm-gcc-64\gcc\bin\../lib/gcc/x86_64-w64-mingw32/5.3.0/ -D_MT
     -U_REENTRANT -D IEEE -m64 -mtune=generic -march=x86-64 -mthreads -O2
     -fimplicit-none -fbounds-check -funroll-loops -ftree-vectorize
     -ffpe-summary=invalid,zero,overflow,underflow -fno-unsafe-math-optimizations
     -frounding-math -fsignaling-nans -fopenmp.

   This problem will use 7 of 8 possible threads.


  INPUT --- proc title ;

     CPU Time in seconds for last procedure was 0.00


  INPUT --- proc chmatrix occasions= 13 groups= 2 etype= Live Nodes= 
  INPUT --- 101 ICMeans NoHist hist= 71  ;

  INPUT ---    time interval 1 1 1 1 1 6 1 1 1 1 1 1 ;

  INPUT ---    glabel(1)=SpeciesBIB;

  INPUT ---    glabel(2)=SpeciesCOC;

   * *  WARNING  * *   At least a pair of the encounter histories are duplicates. 

      Number of unique encounter histories read was 49.

      Number of individual covariates read was 0.
      Time interval lengths vary and/or not equal to 1.

      Data type number is 1
      Data type is Live Recaptures (CJS)                                                                               

     CPU Time in seconds for last procedure was 0.00

  Program  MARK  - Survival Rate Estimation with Capture-Recapture Data
   gfortran(Win64) Vers. 8.1 Mar 2016   31-Jan-2019 15:52:49    Page  002
 - - - - - - - - - - - - - - - - - - - - - - - - - - - - - - - - - - - - - -
 


  INPUT --- proc estimate link=Logit NOLOOP varest=2ndPart    ;


  INPUT --- model={ Phi(~Time)p(~time) };

  INPUT ---    group=1 Phi    rows=12 cols=12 Triang ;
  INPUT ---        1 2 3 4 5 6 7 8 9 10 11 12 ;
  INPUT ---        2 3 4 5 6 7 8 9 10 11 12 ;
  INPUT ---        3 4 5 6 7 8 9 10 11 12 ;
  INPUT ---        4 5 6 7 8 9 10 11 12 ;
  INPUT ---        5 6 7 8 9 10 11 12 ;
  INPUT ---        6 7 8 9 10 11 12 ;
  INPUT ---        7 8 9 10 11 12 ;
  INPUT ---        8 9 10 11 12 ;
  INPUT ---        9 10 11 12 ;
  INPUT ---        10 11 12 ;
  INPUT ---        11 12 ;
  INPUT ---        12 ;

  INPUT ---    group=2 Phi    rows=12 cols=12 Triang ;
  INPUT ---        1 2 3 4 5 6 7 8 9 10 11 12 ;
  INPUT ---        2 3 4 5 6 7 8 9 10 11 12 ;
  INPUT ---        3 4 5 6 7 8 9 10 11 12 ;
  INPUT ---        4 5 6 7 8 9 10 11 12 ;
  INPUT ---        5 6 7 8 9 10 11 12 ;
  INPUT ---        6 7 8 9 10 11 12 ;
  INPUT ---        7 8 9 10 11 12 ;
  INPUT ---        8 9 10 11 12 ;
  INPUT ---        9 10 11 12 ;
  INPUT ---        10 11 12 ;
  INPUT ---        11 12 ;
  INPUT ---        12 ;

  INPUT ---    group=1 p    rows=12 cols=12 Triang ;
  INPUT ---        13 14 15 16 17 18 19 20 21 22 23 24 ;
  INPUT ---        14 15 16 17 18 19 20 21 22 23 24 ;
  INPUT ---        15 16 17 18 19 20 21 22 23 24 ;
  INPUT ---        16 17 18 19 20 21 22 23 24 ;
  INPUT ---        17 18 19 20 21 22 23 24 ;
  INPUT ---        18 19 20 21 22 23 24 ;
  INPUT ---        19 20 21 22 23 24 ;
  INPUT ---        20 21 22 23 24 ;
  INPUT ---        21 22 23 24 ;
  INPUT ---        22 23 24 ;

  Program  MARK  - Survival Rate Estimation with Capture-Recapture Data
   gfortran(Win64) Vers. 8.1 Mar 2016   31-Jan-2019 15:52:49    Page  003
 - - - - - - - - - - - - - - - - - - - - - - - - - - - - - - - - - - - - - -
 
  INPUT ---        23 24 ;
  INPUT ---        24 ;

  INPUT ---    group=2 p    rows=12 cols=12 Triang ;
  INPUT ---        13 14 15 16 17 18 19 20 21 22 23 24 ;
  INPUT ---        14 15 16 17 18 19 20 21 22 23 24 ;
  INPUT ---        15 16 17 18 19 20 21 22 23 24 ;
  INPUT ---        16 17 18 19 20 21 22 23 24 ;
  INPUT ---        17 18 19 20 21 22 23 24 ;
  INPUT ---        18 19 20 21 22 23 24 ;
  INPUT ---        19 20 21 22 23 24 ;
  INPUT ---        20 21 22 23 24 ;
  INPUT ---        21 22 23 24 ;
  INPUT ---        22 23 24 ;
  INPUT ---        23 24 ;
  INPUT ---        24 ;

  INPUT ---    design matrix constraints=24 covariates=14;
  INPUT ---        1 0 0 0 0 0 0 0 0 0 0 0 0 0;
  INPUT ---        1 1 0 0 0 0 0 0 0 0 0 0 0 0;
  INPUT ---        1 2 0 0 0 0 0 0 0 0 0 0 0 0;
  INPUT ---        1 3 0 0 0 0 0 0 0 0 0 0 0 0;
  INPUT ---        1 4 0 0 0 0 0 0 0 0 0 0 0 0;
  INPUT ---        1 5 0 0 0 0 0 0 0 0 0 0 0 0;
  INPUT ---        1 11 0 0 0 0 0 0 0 0 0 0 0 0;
  INPUT ---        1 12 0 0 0 0 0 0 0 0 0 0 0 0;
  INPUT ---        1 13 0 0 0 0 0 0 0 0 0 0 0 0;
  INPUT ---        1 14 0 0 0 0 0 0 0 0 0 0 0 0;
  INPUT ---        1 15 0 0 0 0 0 0 0 0 0 0 0 0;
  INPUT ---        1 16 0 0 0 0 0 0 0 0 0 0 0 0;
  INPUT ---        0 0 1 0 0 0 0 0 0 0 0 0 0 0;
  INPUT ---        0 0 1 1 0 0 0 0 0 0 0 0 0 0;
  INPUT ---        0 0 1 0 1 0 0 0 0 0 0 0 0 0;
  INPUT ---        0 0 1 0 0 1 0 0 0 0 0 0 0 0;
  INPUT ---        0 0 1 0 0 0 1 0 0 0 0 0 0 0;
  INPUT ---        0 0 1 0 0 0 0 1 0 0 0 0 0 0;
  INPUT ---        0 0 1 0 0 0 0 0 1 0 0 0 0 0;
  INPUT ---        0 0 1 0 0 0 0 0 0 1 0 0 0 0;
  INPUT ---        0 0 1 0 0 0 0 0 0 0 1 0 0 0;
  INPUT ---        0 0 1 0 0 0 0 0 0 0 0 1 0 0;
  INPUT ---        0 0 1 0 0 0 0 0 0 0 0 0 1 0;
  INPUT ---        0 0 1 0 0 0 0 0 0 0 0 0 0 1;
  INPUT ---       blabel(1)=Phi:(Intercept);
  INPUT ---       blabel(2)=Phi:Time;
  INPUT ---       blabel(3)=p:(Intercept);
  INPUT ---       blabel(4)=p:time3;

  Program  MARK  - Survival Rate Estimation with Capture-Recapture Data
   gfortran(Win64) Vers. 8.1 Mar 2016   31-Jan-2019 15:52:49    Page  004
 - - - - - - - - - - - - - - - - - - - - - - - - - - - - - - - - - - - - - -
 
  INPUT ---       blabel(5)=p:time4;
  INPUT ---       blabel(6)=p:time5;
  INPUT ---       blabel(7)=p:time6;
  INPUT ---       blabel(8)=p:time12;
  INPUT ---       blabel(9)=p:time13;
  INPUT ---       blabel(10)=p:time14;
  INPUT ---       blabel(11)=p:time15;
  INPUT ---       blabel(12)=p:time16;
  INPUT ---       blabel(13)=p:time17;
  INPUT ---       blabel(14)=p:time18;
  INPUT ---       rlabel(1)=Phi gBIB c1 a0 t1;
  INPUT ---       rlabel(2)=Phi gBIB c1 a1 t2;
  INPUT ---       rlabel(3)=Phi gBIB c1 a2 t3;
  INPUT ---       rlabel(4)=Phi gBIB c1 a3 t4;
  INPUT ---       rlabel(5)=Phi gBIB c1 a4 t5;
  INPUT ---       rlabel(6)=Phi gBIB c1 a5 t6;
  INPUT ---       rlabel(7)=Phi gBIB c1 a11 t12;
  INPUT ---       rlabel(8)=Phi gBIB c1 a12 t13;
  INPUT ---       rlabel(9)=Phi gBIB c1 a13 t14;
  INPUT ---       rlabel(10)=Phi gBIB c1 a14 t15;
  INPUT ---       rlabel(11)=Phi gBIB c1 a15 t16;
  INPUT ---       rlabel(12)=Phi gBIB c1 a16 t17;
  INPUT ---       rlabel(13)=p gBIB c1 a1 t2;
  INPUT ---       rlabel(14)=p gBIB c1 a2 t3;
  INPUT ---       rlabel(15)=p gBIB c1 a3 t4;
  INPUT ---       rlabel(16)=p gBIB c1 a4 t5;
  INPUT ---       rlabel(17)=p gBIB c1 a5 t6;
  INPUT ---       rlabel(18)=p gBIB c1 a11 t12;
  INPUT ---       rlabel(19)=p gBIB c1 a12 t13;
  INPUT ---       rlabel(20)=p gBIB c1 a13 t14;
  INPUT ---       rlabel(21)=p gBIB c1 a14 t15;
  INPUT ---       rlabel(22)=p gBIB c1 a15 t16;
  INPUT ---       rlabel(23)=p gBIB c1 a16 t17;
  INPUT ---       rlabel(24)=p gBIB c1 a17 t18;

 Link Function Used is LOGIT        

 Variance Estimation Procedure Used is 2ndPart 
 -2logL(saturated) = 740.80268     
 Effective Sample Size = 2405

 Number of function evaluations was 80 for 14 parameters.
 Time for numerical optimization was 0.09 seconds.

  Program  MARK  - Survival Rate Estimation with Capture-Recapture Data
   gfortran(Win64) Vers. 8.1 Mar 2016   31-Jan-2019 15:52:49    Page  005
 - - - - - - - - - - - - - - - - - - - - - - - - - - - - - - - - - - - - - -
 
 -2logL { Phi(~Time)p(~time) } = 931.10858     
 Penalty { Phi(~Time)p(~time) } = -0.0000000    
 Gradient { Phi(~Time)p(~time) }:
 -0.7568835E-05-0.4121733E-05-0.1102172E-04  0.000000      0.000000    
  0.2238505E-04  0.000000     0.1118163E-04-0.4789163E-05  0.000000    
   0.000000     0.3072411E-04 0.1360225E-04 0.5236119E-05
 S Vector { Phi(~Time)p(~time) }:
   157.6084      51.27013      13.29173      10.00099      7.278453    
   5.958102      5.709750      5.048390      1.848144     0.9976622    
  0.8218896     0.2132288     0.9693298E-01 0.4885644E-07
 Time to compute number of parameters was 0.02 seconds.
   Threshold =  0.3000000E-06     Condition index =  0.3099861E-09     New Threshold =  0.1828040E-06
 New Guessimate of Estimated Parameters { Phi(~Time)p(~time) } = 13          
 Conditioned S Vector { Phi(~Time)p(~time) }:
   1.000000     0.3253006     0.8433386E-01 0.6345466E-01 0.4618060E-01
  0.3780319E-01 0.3622744E-01 0.3203122E-01 0.1172617E-01 0.6330005E-02
  0.5214756E-02 0.1352902E-02 0.6150240E-03 0.3099861E-09
 Number of Estimated Parameters { Phi(~Time)p(~time) } = 13          
 DEVIANCE { Phi(~Time)p(~time) } = 190.30590                     
 DEVIANCE Degrees of Freedom { Phi(~Time)p(~time) } = 32            
 c-hat { Phi(~Time)p(~time) } = 5.9470593                     
 AIC { Phi(~Time)p(~time) } = 957.10858                  
 AICc { Phi(~Time)p(~time) } = 957.26081                    
 BIC { Phi(~Time)p(~time) } = 1032.3175                    
 Pearson Chisquare { Phi(~Time)p(~time) } = 14946.748                  
 Possible Encounter Histories { Phi(~Time)p(~time) } = 16380             
 Pearson Chisquare df { Phi(~Time)p(~time) } = 16343        
 Pearson chat { Phi(~Time)p(~time) } = 0.9145657                  
 Sum(Observed/Expected) { Phi(~Time)p(~time) } = 14948.615                  
 Fletcher chat { Phi(~Time)p(~time) } = 1.0021388                  


                    LOGIT Link Function Parameters of { Phi(~Time)p(~time) }
                                                              95% Confidence Interval
 Parameter                    Beta         Standard Error      Lower           Upper
 -------------------------  --------------  --------------  --------------  --------------
    1:Phi:(Intercept)       6.5101937       1.9708301       2.6473667       10.373021     
    2:Phi:Time              -0.4546680      0.1544563       -0.7574024      -0.1519335    
    3:p:(Intercept)         -4.1573979      0.5818574       -5.2978384      -3.0169575    
    4:p:time3               -20.118713      4524.1720       -8887.4961      8847.2587     
    5:p:time4               -1.6102640      1.1583473       -3.8806247      0.6600967     
    6:p:time5               -0.0157390      0.7127761       -1.4127802      1.3813023     
    7:p:time6               -2.2863834      1.1578415       -4.5557528      -0.0170141    
    8:p:time12              1.0334573       0.6249771       -0.1914978      2.2584123     
    9:p:time13              -1.3738352      0.7211830       -2.7873540      0.0396836     
   10:p:time14              -0.8290840      0.7127151       -2.2260056      0.5678376     
   11:p:time15              -0.9106220      0.8014511       -2.4814662      0.6602221     
   12:p:time16              0.4800996       0.8018712       -1.0915681      2.0517672     
   13:p:time17              0.6715886       0.9829517       -1.2549967      2.5981739     
   14:p:time18              1.1712043       1.2063221       -1.1931871      3.5355957     


                    Real Function Parameters of { Phi(~Time)p(~time) }
                                                               95% Confidence Interval
  Parameter                  Estimate       Standard Error      Lower           Upper
 --------------------------  --------------  --------------  --------------  --------------
     1:Phi gBIB c1 a0 t1     0.9985140       0.0029243       0.9338485       0.9999687                           
     2:Phi gBIB c1 a1 t2     0.9976606       0.0042470       0.9233635       0.9999338                           
     3:Phi gBIB c1 a2 t3     0.9963189       0.0061216       0.9112785       0.9998598                           
     4:Phi gBIB c1 a3 t4     0.9942122       0.0087431       0.8973574       0.9997038                           
     5:Phi gBIB c1 a4 t5     0.9909107       0.0123452       0.8813223       0.9993756                           

  Program  MARK  - Survival Rate Estimation with Capture-Recapture Data
   gfortran(Win64) Vers. 8.1 Mar 2016   31-Jan-2019 15:52:50    Page  006
 - - - - - - - - - - - - - - - - - - - - - - - - - - - - - - - - - - - - - -
 
     6:Phi gBIB c1 a5 t6     0.9857529       0.0171812       0.8628342       0.9986877                           
     7:Phi gBIB c1 a11 t12   0.8188901       0.0673429       0.6499606       0.9167378                           
     8:Phi gBIB c1 a12 t13   0.7415764       0.0761996       0.5682830       0.8621790                           
     9:Phi gBIB c1 a13 t14   0.6455443       0.0908755       0.4553912       0.7986586                           
    10:Phi gBIB c1 a14 t15   0.5361474       0.1126217       0.3224029       0.7373878                           
    11:Phi gBIB c1 a15 t16   0.4231573       0.1337266       0.2004308       0.6822113                           
    12:Phi gBIB c1 a16 t17   0.3176714       0.1442542       0.1121566       0.6317920                           
    13:p gBIB c1 a1 t2       0.0154071       0.0088266       0.0049775       0.0466656                           
    14:p gBIB c1 a2 t3       0.2864302E-010  0.1295860E-006  -.2539598E-006  0.2540171E-006                      
    15:p gBIB c1 a3 t4       0.0031173       0.0031127       0.4388626E-003  0.0217865                           
    16:p gBIB c1 a4 t5       0.0151702       0.0061529       0.0068248       0.0333773                           
    17:p gBIB c1 a5 t6       0.0015879       0.0015871       0.2234900E-003  0.0111882                           
    18:p gBIB c1 a11 t12     0.0421305       0.0092726       0.0272707       0.0645500                           
    19:p gBIB c1 a12 t13     0.0039455       0.0016772       0.0017131       0.0090605                           
    20:p gBIB c1 a13 t14     0.0067833       0.0027796       0.0030331       0.0151000                           
    21:p gBIB c1 a14 t15     0.0062555       0.0034305       0.0021297       0.0182283                           
    22:p gBIB c1 a15 t16     0.0246673       0.0132810       0.0084991       0.0694391                           
    23:p gBIB c1 a16 t17     0.0297187       0.0228303       0.0064473       0.1263088                           
    24:p gBIB c1 a17 t18     0.0480535       0.0482855       0.0063365       0.2855052                           

 Attempted ordering of parameters by estimatibility:
   3  1  8 12 10  9 13 11  6  7  5 14  2  4
 Beta number 4 is a singular value.

     CPU Time in seconds for last procedure was 0.11

  Program  MARK  - Survival Rate Estimation with Capture-Recapture Data
   gfortran(Win64) Vers. 8.1 Mar 2016   31-Jan-2019 15:52:50    Page  007
 - - - - - - - - - - - - - - - - - - - - - - - - - - - - - - - - - - - - - -
 


  INPUT --- proc stop;

     CPU Time in minutes for this job was 0.00

     Time Start = 15:52:49.713   Time End = 15:52:50.050

     Wall Clock Time in minutes for this job was 0.01


          E X E C U T I O N   S U C C E S S F U L 
