
   Program  MARK  - Survival Rate Estimation with Capture-Recapture Data
   gfortran(Win64) Vers. 8.1 Mar 2016   31-Jan-2019 12:41:50    Page  001
 - - - - - - - - - - - - - - - - - - - - - - - - - - - - - - - - - - - - - -
 
   This version was compiled by GCC version 5.3.0 using the options: 
     -cpp -iprefix c:\tdm-gcc-64\gcc\bin\../lib/gcc/x86_64-w64-mingw32/5.3.0/ -D_MT
     -U_REENTRANT -D IEEE -m64 -mtune=generic -march=x86-64 -mthreads -O2
     -fimplicit-none -fbounds-check -funroll-loops -ftree-vectorize
     -ffpe-summary=invalid,zero,overflow,underflow -fno-unsafe-math-optimizations
     -frounding-math -fsignaling-nans -fopenmp.

   This problem will use 7 of 8 possible threads.


  INPUT --- proc title ;

     CPU Time in seconds for last procedure was 0.00


  INPUT --- proc chmatrix occasions= 8 groups= 2 etype= Live Nodes= 101 
  INPUT --- ICMeans NoHist hist= 28 ;

  INPUT ---    time interval 1 11 1 1 1 1 1 ;

  INPUT ---    glabel(1)=SpeciesBIB;

  INPUT ---    glabel(2)=SpeciesCOC;

   * *  WARNING  * *   At least a pair of the encounter histories are duplicates. 

      Number of unique encounter histories read was 17.

      Number of individual covariates read was 0.
      Time interval lengths vary and/or not equal to 1.

      Data type number is 1
      Data type is Live Recaptures (CJS)                                                                               

     CPU Time in seconds for last procedure was 0.00

  Program  MARK  - Survival Rate Estimation with Capture-Recapture Data
   gfortran(Win64) Vers. 8.1 Mar 2016   31-Jan-2019 12:41:50    Page  002
 - - - - - - - - - - - - - - - - - - - - - - - - - - - - - - - - - - - - - -
 


  INPUT --- proc estimate link=Logit NOLOOP varest=2ndPart    ;


  INPUT --- model={ Phi(~Time)p(~time) };

  INPUT ---    group=1 Phi    rows=7 cols=7 Triang ;
  INPUT ---        1 2 3 4 5 6 7 ;
  INPUT ---        2 3 4 5 6 7 ;
  INPUT ---        3 4 5 6 7 ;
  INPUT ---        4 5 6 7 ;
  INPUT ---        5 6 7 ;
  INPUT ---        6 7 ;
  INPUT ---        7 ;

  INPUT ---    group=2 Phi    rows=7 cols=7 Triang ;
  INPUT ---        1 2 3 4 5 6 7 ;
  INPUT ---        2 3 4 5 6 7 ;
  INPUT ---        3 4 5 6 7 ;
  INPUT ---        4 5 6 7 ;
  INPUT ---        5 6 7 ;
  INPUT ---        6 7 ;
  INPUT ---        7 ;

  INPUT ---    group=1 p    rows=7 cols=7 Triang ;
  INPUT ---        8 9 10 11 12 13 14 ;
  INPUT ---        9 10 11 12 13 14 ;
  INPUT ---        10 11 12 13 14 ;
  INPUT ---        11 12 13 14 ;
  INPUT ---        12 13 14 ;
  INPUT ---        13 14 ;
  INPUT ---        14 ;

  INPUT ---    group=2 p    rows=7 cols=7 Triang ;
  INPUT ---        8 9 10 11 12 13 14 ;
  INPUT ---        9 10 11 12 13 14 ;
  INPUT ---        10 11 12 13 14 ;
  INPUT ---        11 12 13 14 ;
  INPUT ---        12 13 14 ;
  INPUT ---        13 14 ;
  INPUT ---        14 ;

  INPUT ---    design matrix constraints=14 covariates=9;
  INPUT ---        1 0 0 0 0 0 0 0 0;
  INPUT ---        1 1 0 0 0 0 0 0 0;

  Program  MARK  - Survival Rate Estimation with Capture-Recapture Data
   gfortran(Win64) Vers. 8.1 Mar 2016   31-Jan-2019 12:41:50    Page  003
 - - - - - - - - - - - - - - - - - - - - - - - - - - - - - - - - - - - - - -
 
  INPUT ---        1 12 0 0 0 0 0 0 0;
  INPUT ---        1 13 0 0 0 0 0 0 0;
  INPUT ---        1 14 0 0 0 0 0 0 0;
  INPUT ---        1 15 0 0 0 0 0 0 0;
  INPUT ---        1 16 0 0 0 0 0 0 0;
  INPUT ---        0 0 1 0 0 0 0 0 0;
  INPUT ---        0 0 1 1 0 0 0 0 0;
  INPUT ---        0 0 1 0 1 0 0 0 0;
  INPUT ---        0 0 1 0 0 1 0 0 0;
  INPUT ---        0 0 1 0 0 0 1 0 0;
  INPUT ---        0 0 1 0 0 0 0 1 0;
  INPUT ---        0 0 1 0 0 0 0 0 1;
  INPUT ---       blabel(1)=Phi:(Intercept);
  INPUT ---       blabel(2)=Phi:Time;
  INPUT ---       blabel(3)=p:(Intercept);
  INPUT ---       blabel(4)=p:time13;
  INPUT ---       blabel(5)=p:time14;
  INPUT ---       blabel(6)=p:time15;
  INPUT ---       blabel(7)=p:time16;
  INPUT ---       blabel(8)=p:time17;
  INPUT ---       blabel(9)=p:time18;
  INPUT ---       rlabel(1)=Phi gBIB c1 a0 t1;
  INPUT ---       rlabel(2)=Phi gBIB c1 a1 t2;
  INPUT ---       rlabel(3)=Phi gBIB c1 a12 t13;
  INPUT ---       rlabel(4)=Phi gBIB c1 a13 t14;
  INPUT ---       rlabel(5)=Phi gBIB c1 a14 t15;
  INPUT ---       rlabel(6)=Phi gBIB c1 a15 t16;
  INPUT ---       rlabel(7)=Phi gBIB c1 a16 t17;
  INPUT ---       rlabel(8)=p gBIB c1 a1 t2;
  INPUT ---       rlabel(9)=p gBIB c1 a12 t13;
  INPUT ---       rlabel(10)=p gBIB c1 a13 t14;
  INPUT ---       rlabel(11)=p gBIB c1 a14 t15;
  INPUT ---       rlabel(12)=p gBIB c1 a15 t16;
  INPUT ---       rlabel(13)=p gBIB c1 a16 t17;
  INPUT ---       rlabel(14)=p gBIB c1 a17 t18;

 Link Function Used is LOGIT        

 Variance Estimation Procedure Used is 2ndPart 
 -2logL(saturated) = 384.68043     
 Effective Sample Size = 2058

 Number of function evaluations was 41 for 9 parameters.
 Time for numerical optimization was 0.05 seconds.

  Program  MARK  - Survival Rate Estimation with Capture-Recapture Data
   gfortran(Win64) Vers. 8.1 Mar 2016   31-Jan-2019 12:41:50    Page  004
 - - - - - - - - - - - - - - - - - - - - - - - - - - - - - - - - - - - - - -
 
 -2logL { Phi(~Time)p(~time) } = 404.06591     
 Penalty { Phi(~Time)p(~time) } = -0.0000000    
 Gradient { Phi(~Time)p(~time) }:
 -0.2874271E-04  0.000000    -0.1275457E-04  0.000000      0.000000    
 -0.5114979E-05  0.000000    -0.7724406E-05-0.1819471E-04
 S Vector { Phi(~Time)p(~time) }:
   80.01243      18.13228      7.772122      4.889229      1.579351    
   1.021788     0.6238366     0.1531491     0.1094718E-07
 Time to compute number of parameters was 0.01 seconds.
   Threshold =  0.2000000E-06     Condition index =  0.1368185E-09     New Threshold =  0.3284153E-07
 New Guessimate of Estimated Parameters { Phi(~Time)p(~time) } = 8          
 Conditioned S Vector { Phi(~Time)p(~time) }:
   1.000000     0.2266183     0.9713643E-01 0.6110586E-01 0.1973882E-01
  0.1277037E-01 0.7796746E-02 0.1914066E-02 0.1368185E-09
 Number of Estimated Parameters { Phi(~Time)p(~time) } = 8          
 DEVIANCE { Phi(~Time)p(~time) } = 19.385475                     
 DEVIANCE Degrees of Freedom { Phi(~Time)p(~time) } = 4            
 c-hat { Phi(~Time)p(~time) } = 4.8463688                     
 AIC { Phi(~Time)p(~time) } = 420.06591                  
 AICc { Phi(~Time)p(~time) } = 420.13619                    
 BIC { Phi(~Time)p(~time) } = 465.10183                    
 Pearson Chisquare { Phi(~Time)p(~time) } = 20.913546                  
 Possible Encounter Histories { Phi(~Time)p(~time) } = 508             
 Pearson Chisquare df { Phi(~Time)p(~time) } = 486        
 Pearson chat { Phi(~Time)p(~time) } = 0.0430320                  
 Sum(Observed/Expected) { Phi(~Time)p(~time) } = 41.732486                  
 Fletcher chat { Phi(~Time)p(~time) } = 0.5238185                  


                    LOGIT Link Function Parameters of { Phi(~Time)p(~time) }
                                                              95% Confidence Interval
 Parameter                    Beta         Standard Error      Lower           Upper
 -------------------------  --------------  --------------  --------------  --------------
    1:Phi:(Intercept)       1.3731963       0.4130420       0.5636341       2.1827586     
    2:Phi:Time              -0.2035025      0.0661808       -0.3332170      -0.0737881    
    3:p:(Intercept)         -2.5653678      0.2203529       -2.9972595      -2.1334761    
    4:p:time13              -0.3220534      1.1508369       -2.5776938      1.9335870     
    5:p:time14              -0.1094709      0.6631291       -1.4092040      1.1902621     
    6:p:time15              -1.2226258      1.3385437       -3.8461715      1.4009200     
    7:p:time16              -18.734219      0.0000000       -18.734219      -18.734219    
    8:p:time17              1.9435748       1.9424471       -1.8636216      5.7507713     
    9:p:time18              0.2496693       1.2148580       -2.1314525      2.6307910     


                    Real Function Parameters of { Phi(~Time)p(~time) }
                                                               95% Confidence Interval
  Parameter                  Estimate       Standard Error      Lower           Upper
 --------------------------  --------------  --------------  --------------  --------------
     1:Phi gBIB c1 a0 t1     0.7978961       0.0666063       0.6372930       0.8986905                           
     2:Phi gBIB c1 a1 t2     0.7630897       0.0678834       0.6067626       0.8705312                           
     3:Phi gBIB c1 a12 t13   0.2556248       0.1193567       0.0912659       0.5400657                           
     4:Phi gBIB c1 a13 t14   0.2188575       0.1170754       0.0682062       0.5174685                           
     5:Phi gBIB c1 a14 t15   0.1860567       0.1126412       0.0505129       0.4955038                           
     6:Phi gBIB c1 a15 t16   0.1571826       0.1064991       0.0371474       0.4741041                           
     7:Phi gBIB c1 a16 t17   0.1320625       0.0991373       0.0271709       0.4532301                           
     8:p gBIB c1 a1 t2       0.0714008       0.0146100       0.0475498       0.1058854                           
     9:p gBIB c1 a12 t13     0.0527789       0.0604506       0.0051818       0.3734513                           
    10:p gBIB c1 a13 t14     0.0644745       0.0382311       0.0195096       0.1927047                           
    11:p gBIB c1 a14 t15     0.0221397       0.0284897       0.0017139       0.2299250                           
    12:p gBIB c1 a15 t16     0.5619618E-009  0.0000000       0.5619618E-009  0.5619618E-009                      
    13:p gBIB c1 a16 t17     0.3493738       0.4346176       0.0125019       0.9579407                           

  Program  MARK  - Survival Rate Estimation with Capture-Recapture Data
   gfortran(Win64) Vers. 8.1 Mar 2016   31-Jan-2019 12:41:50    Page  005
 - - - - - - - - - - - - - - - - - - - - - - - - - - - - - - - - - - - - - -
 
    14:p gBIB c1 a17 t18     0.0898311       0.0961451       0.0097518       0.4972770                           

 Attempted ordering of parameters by estimatibility:
  1 3 2 5 9 6 4 8 7
 Beta number 7 is a singular value.

     CPU Time in seconds for last procedure was 0.06


  INPUT --- proc stop;

     CPU Time in minutes for this job was 0.00

     Time Start = 12:41:50.592   Time End = 12:41:50.765

     Wall Clock Time in minutes for this job was 0.00


          E X E C U T I O N   S U C C E S S F U L 
