
   Program  MARK  - Survival Rate Estimation with Capture-Recapture Data
   gfortran(Win64) Vers. 8.1 Mar 2016   31-Jan-2019 15:51:00    Page  001
 - - - - - - - - - - - - - - - - - - - - - - - - - - - - - - - - - - - - - -
 
   This version was compiled by GCC version 5.3.0 using the options: 
     -cpp -iprefix c:\tdm-gcc-64\gcc\bin\../lib/gcc/x86_64-w64-mingw32/5.3.0/ -D_MT
     -U_REENTRANT -D IEEE -m64 -mtune=generic -march=x86-64 -mthreads -O2
     -fimplicit-none -fbounds-check -funroll-loops -ftree-vectorize
     -ffpe-summary=invalid,zero,overflow,underflow -fno-unsafe-math-optimizations
     -frounding-math -fsignaling-nans -fopenmp.

   This problem will use 7 of 8 possible threads.


  INPUT --- proc title ;

     CPU Time in seconds for last procedure was 0.00


  INPUT --- proc chmatrix occasions= 13 groups= 2 etype= Live Nodes= 
  INPUT --- 101 ICMeans NoHist hist= 71  ;

  INPUT ---    time interval 1 1 1 1 1 6 1 1 1 1 1 1 ;

  INPUT ---    glabel(1)=SpeciesBIB;

  INPUT ---    glabel(2)=SpeciesCOC;

   * *  WARNING  * *   At least a pair of the encounter histories are duplicates. 

      Number of unique encounter histories read was 49.

      Number of individual covariates read was 0.
      Time interval lengths vary and/or not equal to 1.

      Data type number is 1
      Data type is Live Recaptures (CJS)                                                                               

     CPU Time in seconds for last procedure was 0.02

  Program  MARK  - Survival Rate Estimation with Capture-Recapture Data
   gfortran(Win64) Vers. 8.1 Mar 2016   31-Jan-2019 15:51:00    Page  002
 - - - - - - - - - - - - - - - - - - - - - - - - - - - - - - - - - - - - - -
 


  INPUT --- proc estimate link=Logit NOLOOP varest=2ndPart    ;


  INPUT --- model={ Phi(~Species + time)p(~1) };

  INPUT ---    group=1 Phi    rows=12 cols=12 Triang ;
  INPUT ---        1 2 3 4 5 6 7 8 9 10 11 12 ;
  INPUT ---        2 3 4 5 6 7 8 9 10 11 12 ;
  INPUT ---        3 4 5 6 7 8 9 10 11 12 ;
  INPUT ---        4 5 6 7 8 9 10 11 12 ;
  INPUT ---        5 6 7 8 9 10 11 12 ;
  INPUT ---        6 7 8 9 10 11 12 ;
  INPUT ---        7 8 9 10 11 12 ;
  INPUT ---        8 9 10 11 12 ;
  INPUT ---        9 10 11 12 ;
  INPUT ---        10 11 12 ;
  INPUT ---        11 12 ;
  INPUT ---        12 ;

  INPUT ---    group=2 Phi    rows=12 cols=12 Triang ;
  INPUT ---        13 14 15 16 17 18 19 20 21 22 23 24 ;
  INPUT ---        14 15 16 17 18 19 20 21 22 23 24 ;
  INPUT ---        15 16 17 18 19 20 21 22 23 24 ;
  INPUT ---        16 17 18 19 20 21 22 23 24 ;
  INPUT ---        17 18 19 20 21 22 23 24 ;
  INPUT ---        18 19 20 21 22 23 24 ;
  INPUT ---        19 20 21 22 23 24 ;
  INPUT ---        20 21 22 23 24 ;
  INPUT ---        21 22 23 24 ;
  INPUT ---        22 23 24 ;
  INPUT ---        23 24 ;
  INPUT ---        24 ;

  INPUT ---    group=1 p    rows=12 cols=12 Triang ;
  INPUT ---        25 25 25 25 25 25 25 25 25 25 25 25 ;
  INPUT ---        25 25 25 25 25 25 25 25 25 25 25 ;
  INPUT ---        25 25 25 25 25 25 25 25 25 25 ;
  INPUT ---        25 25 25 25 25 25 25 25 25 ;
  INPUT ---        25 25 25 25 25 25 25 25 ;
  INPUT ---        25 25 25 25 25 25 25 ;
  INPUT ---        25 25 25 25 25 25 ;
  INPUT ---        25 25 25 25 25 ;
  INPUT ---        25 25 25 25 ;
  INPUT ---        25 25 25 ;

  Program  MARK  - Survival Rate Estimation with Capture-Recapture Data
   gfortran(Win64) Vers. 8.1 Mar 2016   31-Jan-2019 15:51:00    Page  003
 - - - - - - - - - - - - - - - - - - - - - - - - - - - - - - - - - - - - - -
 
  INPUT ---        25 25 ;
  INPUT ---        25 ;

  INPUT ---    group=2 p    rows=12 cols=12 Triang ;
  INPUT ---        25 25 25 25 25 25 25 25 25 25 25 25 ;
  INPUT ---        25 25 25 25 25 25 25 25 25 25 25 ;
  INPUT ---        25 25 25 25 25 25 25 25 25 25 ;
  INPUT ---        25 25 25 25 25 25 25 25 25 ;
  INPUT ---        25 25 25 25 25 25 25 25 ;
  INPUT ---        25 25 25 25 25 25 25 ;
  INPUT ---        25 25 25 25 25 25 ;
  INPUT ---        25 25 25 25 25 ;
  INPUT ---        25 25 25 25 ;
  INPUT ---        25 25 25 ;
  INPUT ---        25 25 ;
  INPUT ---        25 ;

  INPUT ---    design matrix constraints=25 covariates=14;
  INPUT ---        1 0 0 0 0 0 0 0 0 0 0 0 0 0;
  INPUT ---        1 0 1 0 0 0 0 0 0 0 0 0 0 0;
  INPUT ---        1 0 0 1 0 0 0 0 0 0 0 0 0 0;
  INPUT ---        1 0 0 0 1 0 0 0 0 0 0 0 0 0;
  INPUT ---        1 0 0 0 0 1 0 0 0 0 0 0 0 0;
  INPUT ---        1 0 0 0 0 0 1 0 0 0 0 0 0 0;
  INPUT ---        1 0 0 0 0 0 0 1 0 0 0 0 0 0;
  INPUT ---        1 0 0 0 0 0 0 0 1 0 0 0 0 0;
  INPUT ---        1 0 0 0 0 0 0 0 0 1 0 0 0 0;
  INPUT ---        1 0 0 0 0 0 0 0 0 0 1 0 0 0;
  INPUT ---        1 0 0 0 0 0 0 0 0 0 0 1 0 0;
  INPUT ---        1 0 0 0 0 0 0 0 0 0 0 0 1 0;
  INPUT ---        1 1 0 0 0 0 0 0 0 0 0 0 0 0;
  INPUT ---        1 1 1 0 0 0 0 0 0 0 0 0 0 0;
  INPUT ---        1 1 0 1 0 0 0 0 0 0 0 0 0 0;
  INPUT ---        1 1 0 0 1 0 0 0 0 0 0 0 0 0;
  INPUT ---        1 1 0 0 0 1 0 0 0 0 0 0 0 0;
  INPUT ---        1 1 0 0 0 0 1 0 0 0 0 0 0 0;
  INPUT ---        1 1 0 0 0 0 0 1 0 0 0 0 0 0;
  INPUT ---        1 1 0 0 0 0 0 0 1 0 0 0 0 0;
  INPUT ---        1 1 0 0 0 0 0 0 0 1 0 0 0 0;
  INPUT ---        1 1 0 0 0 0 0 0 0 0 1 0 0 0;
  INPUT ---        1 1 0 0 0 0 0 0 0 0 0 1 0 0;
  INPUT ---        1 1 0 0 0 0 0 0 0 0 0 0 1 0;
  INPUT ---        0 0 0 0 0 0 0 0 0 0 0 0 0 1;
  INPUT ---       blabel(1)=Phi:(Intercept);
  INPUT ---       blabel(2)=Phi:SpeciesCOC;
  INPUT ---       blabel(3)=Phi:time2;

  Program  MARK  - Survival Rate Estimation with Capture-Recapture Data
   gfortran(Win64) Vers. 8.1 Mar 2016   31-Jan-2019 15:51:00    Page  004
 - - - - - - - - - - - - - - - - - - - - - - - - - - - - - - - - - - - - - -
 
  INPUT ---       blabel(4)=Phi:time3;
  INPUT ---       blabel(5)=Phi:time4;
  INPUT ---       blabel(6)=Phi:time5;
  INPUT ---       blabel(7)=Phi:time6;
  INPUT ---       blabel(8)=Phi:time12;
  INPUT ---       blabel(9)=Phi:time13;
  INPUT ---       blabel(10)=Phi:time14;
  INPUT ---       blabel(11)=Phi:time15;
  INPUT ---       blabel(12)=Phi:time16;
  INPUT ---       blabel(13)=Phi:time17;
  INPUT ---       blabel(14)=p:(Intercept);
  INPUT ---       rlabel(1)=Phi gBIB c1 a0 t1;
  INPUT ---       rlabel(2)=Phi gBIB c1 a1 t2;
  INPUT ---       rlabel(3)=Phi gBIB c1 a2 t3;
  INPUT ---       rlabel(4)=Phi gBIB c1 a3 t4;
  INPUT ---       rlabel(5)=Phi gBIB c1 a4 t5;
  INPUT ---       rlabel(6)=Phi gBIB c1 a5 t6;
  INPUT ---       rlabel(7)=Phi gBIB c1 a11 t12;
  INPUT ---       rlabel(8)=Phi gBIB c1 a12 t13;
  INPUT ---       rlabel(9)=Phi gBIB c1 a13 t14;
  INPUT ---       rlabel(10)=Phi gBIB c1 a14 t15;
  INPUT ---       rlabel(11)=Phi gBIB c1 a15 t16;
  INPUT ---       rlabel(12)=Phi gBIB c1 a16 t17;
  INPUT ---       rlabel(13)=Phi gCOC c1 a0 t1;
  INPUT ---       rlabel(14)=Phi gCOC c1 a1 t2;
  INPUT ---       rlabel(15)=Phi gCOC c1 a2 t3;
  INPUT ---       rlabel(16)=Phi gCOC c1 a3 t4;
  INPUT ---       rlabel(17)=Phi gCOC c1 a4 t5;
  INPUT ---       rlabel(18)=Phi gCOC c1 a5 t6;
  INPUT ---       rlabel(19)=Phi gCOC c1 a11 t12;
  INPUT ---       rlabel(20)=Phi gCOC c1 a12 t13;
  INPUT ---       rlabel(21)=Phi gCOC c1 a13 t14;
  INPUT ---       rlabel(22)=Phi gCOC c1 a14 t15;
  INPUT ---       rlabel(23)=Phi gCOC c1 a15 t16;
  INPUT ---       rlabel(24)=Phi gCOC c1 a16 t17;
  INPUT ---       rlabel(25)=p gBIB c1 a1 t2;

 Link Function Used is LOGIT        

 Variance Estimation Procedure Used is 2ndPart 
 -2logL(saturated) = 740.80268     
 Effective Sample Size = 2405

 Number of function evaluations was 52 for 14 parameters.
 Time for numerical optimization was 0.22 seconds.

  Program  MARK  - Survival Rate Estimation with Capture-Recapture Data
   gfortran(Win64) Vers. 8.1 Mar 2016   31-Jan-2019 15:51:00    Page  005
 - - - - - - - - - - - - - - - - - - - - - - - - - - - - - - - - - - - - - -
 
 -2logL { Phi(~Species + time)p(~1) } = 937.41600     
 Penalty { Phi(~Species + time)p(~1) } = -0.0000000    
 Gradient { Phi(~Species + time)p(~1) }:
  0.5559161E-05 0.6207423E-03 0.3190387E-04  0.000000      0.000000    
 -0.5241801E-06  0.000000    -0.3452740E-03  0.000000      0.000000    
   0.000000      0.000000     0.3186907E-03 0.3598747E-03
 S Vector { Phi(~Species + time)p(~1) }:
   92.24625      16.08958      2.487029      1.211022     0.5580516    
  0.6234615E-05 0.8049124E-06 0.2736882E-06 0.1559127E-06 0.9691053E-07
  0.1210822E-07 0.1658715E-09 0.9858531E-10 0.8823151E-10
 Time to compute number of parameters was 0.03 seconds.
   Threshold =  0.3000000E-06     Condition index =  0.9564780E-12     New Threshold =  0.3301321E-09
 New Guessimate of Estimated Parameters { Phi(~Species + time)p(~1) } = 10          
 Conditioned S Vector { Phi(~Species + time)p(~1) }:
   1.000000     0.1744199     0.2696076E-01 0.1312814E-01 0.6049586E-02
  0.6758666E-07 0.8725692E-08 0.2966930E-08 0.1690179E-08 0.1050563E-08
  0.1312597E-09 0.1798138E-11 0.1068719E-11 0.9564780E-12
 Number of Estimated Parameters { Phi(~Species + time)p(~1) } = 5          
 DEVIANCE { Phi(~Species + time)p(~1) } = 196.61332                     
 DEVIANCE Degrees of Freedom { Phi(~Species + time)p(~1) } = 40            
 c-hat { Phi(~Species + time)p(~1) } = 4.9153330                     
 AIC { Phi(~Species + time)p(~1) } = 947.41600                  
 AICc { Phi(~Species + time)p(~1) } = 947.44101                    
 BIC { Phi(~Species + time)p(~1) } = 976.34253                    
 Pearson Chisquare { Phi(~Species + time)p(~1) } = 4785.7048                  
 Possible Encounter Histories { Phi(~Species + time)p(~1) } = 16380             
 Pearson Chisquare df { Phi(~Species + time)p(~1) } = 16351        
 Pearson chat { Phi(~Species + time)p(~1) } = 0.2926858                  
 Sum(Observed/Expected) { Phi(~Species + time)p(~1) } = 4769.7839                  
 Fletcher chat { Phi(~Species + time)p(~1) } = 1.0051174                  


                LOGIT Link Function Parameters of { Phi(~Species + time)p(~1) }
                                                              95% Confidence Interval
 Parameter                    Beta         Standard Error      Lower           Upper
 -------------------------  --------------  --------------  --------------  --------------
    1:Phi:(Intercept)       37.855681       0.0000000       37.855681       37.855681     
    2:Phi:SpeciesCOC        2.9010225       0.7943122       1.3441705       4.4578745     
    3:Phi:time2             -37.484916      0.0000000       -37.484916      -37.484916    
    4:Phi:time3             103.46605       4.3580575       94.924257       112.00784     
    5:Phi:time4             -10.124194      0.0000000       -10.124194      -10.124194    
    6:Phi:time5             -20.688508      1901.7666       -3748.1511      3706.7741     
    7:Phi:time6             101.18894       0.0000000       101.18894       101.18894     
    8:Phi:time12            -40.224049      0.0000000       -40.224049      -40.224049    
    9:Phi:time13            -14.117935      3049.4872       -5991.1129      5962.8770     
   10:Phi:time14            74.575079       0.0000000       74.575079       74.575079     
   11:Phi:time15            -0.0927465      0.0000000       -0.0927465      -0.0927465    
   12:Phi:time16            1.5259303       0.0000000       1.5259303       1.5259303     
   13:Phi:time17            -37.812331      0.0000000       -37.812331      -37.812331    
   14:p:(Intercept)         -4.1176893      0.1606604       -4.4325837      -3.8027950    


                Real Function Parameters of { Phi(~Species + time)p(~1) }
                                                               95% Confidence Interval
  Parameter                  Estimate       Standard Error      Lower           Upper
 --------------------------  --------------  --------------  --------------  --------------
     1:Phi gBIB c1 a0 t1     1.0000000       0.0000000       1.0000000       1.0000000                           
     2:Phi gBIB c1 a1 t2     0.5916437       0.2400509       0.1712695       0.9103720                           
     3:Phi gBIB c1 a2 t3     1.0000000       0.0000000       1.0000000       1.0000000                           
     4:Phi gBIB c1 a3 t4     1.0000000       0.0000000       1.0000000       1.0000000                           
     5:Phi gBIB c1 a4 t5     1.0000000       0.6688027E-004  0.2814951E-296  1.0000000                           

  Program  MARK  - Survival Rate Estimation with Capture-Recapture Data
   gfortran(Win64) Vers. 8.1 Mar 2016   31-Jan-2019 15:51:00    Page  006
 - - - - - - - - - - - - - - - - - - - - - - - - - - - - - - - - - - - - - -
 
     6:Phi gBIB c1 a5 t6     1.0000000       0.0000000       1.0000000       1.0000000                           
     7:Phi gBIB c1 a11 t12   0.0856168       0.0281087       0.0442727       0.1591411                           
     8:Phi gBIB c1 a12 t13   1.0000000       0.1492425E-006  0.9999997       1.0000003                           
     9:Phi gBIB c1 a13 t14   1.0000000       0.0000000       1.0000000       1.0000000                           
    10:Phi gBIB c1 a14 t15   1.0000000       0.0000000       1.0000000       1.0000000                           
    11:Phi gBIB c1 a15 t16   1.0000000       0.0000000       1.0000000       1.0000000                           
    12:Phi gBIB c1 a16 t17   0.5108358       0.3718434       0.0534907       0.9507327                           
    13:Phi gCOC c1 a0 t1     1.0000000       0.0000000       1.0000000       1.0000000                           
    14:Phi gCOC c1 a1 t2     0.9634482       0.0498286       0.6221033       0.9976361                           
    15:Phi gCOC c1 a2 t3     1.0000000       0.0000000       1.0000000       1.0000000                           
    16:Phi gCOC c1 a3 t4     1.0000000       0.0000000       1.0000000       1.0000000                           
    17:Phi gCOC c1 a4 t5     1.0000000       0.3676207E-005  0.9999928       1.0000072                           
    18:Phi gCOC c1 a5 t6     1.0000000       0.0000000       1.0000000       1.0000000                           
    19:Phi gCOC c1 a11 t12   0.6301020       0.1753671       0.2804821       0.8815698                           
    20:Phi gCOC c1 a12 t13   1.0000000       0.8203686E-008  1.0000000       1.0000000                           
    21:Phi gCOC c1 a13 t14   1.0000000       0.0000000       1.0000000       1.0000000                           
    22:Phi gCOC c1 a14 t15   1.0000000       0.0000000       1.0000000       1.0000000                           
    23:Phi gCOC c1 a15 t16   1.0000000       0.0000000       1.0000000       1.0000000                           
    24:Phi gCOC c1 a16 t17   0.9499968       0.0904749       0.3124517       0.9987426                           
    25:p gBIB c1 a1 t2       0.0160212       0.0025327       0.0117442       0.0218215                           

 Attempted ordering of parameters by estimatibility:
  14  1  2  3 13  8 11  6 12  9  5 10  7  4
 Beta number 4 is a singular value.

     CPU Time in seconds for last procedure was 0.27

  Program  MARK  - Survival Rate Estimation with Capture-Recapture Data
   gfortran(Win64) Vers. 8.1 Mar 2016   31-Jan-2019 15:51:00    Page  007
 - - - - - - - - - - - - - - - - - - - - - - - - - - - - - - - - - - - - - -
 


  INPUT --- proc stop;

   * *  WARNING  * *   Numerical underflow occurred during final processing of this model. 
     IEEE flag status at final processing of this model:
     overflow       F
     divide by zero F
     invalid        F
     underflow      T
     inexact        T


     CPU Time in minutes for this job was 0.00

     Time Start = 15:51:00.608   Time End = 15:51:00.797

     Wall Clock Time in minutes for this job was 0.00


          E X E C U T I O N   S U C C E S S F U L 
