
   Program  MARK  - Survival Rate Estimation with Capture-Recapture Data
   gfortran(Win64) Vers. 8.1 Mar 2016   31-Jan-2019 10:41:48    Page  001
 - - - - - - - - - - - - - - - - - - - - - - - - - - - - - - - - - - - - - -
 
   This version was compiled by GCC version 5.3.0 using the options: 
     -cpp -iprefix c:\tdm-gcc-64\gcc\bin\../lib/gcc/x86_64-w64-mingw32/5.3.0/ -D_MT
     -U_REENTRANT -D IEEE -m64 -mtune=generic -march=x86-64 -mthreads -O2
     -fimplicit-none -fbounds-check -funroll-loops -ftree-vectorize
     -ffpe-summary=invalid,zero,overflow,underflow -fno-unsafe-math-optimizations
     -frounding-math -fsignaling-nans -fopenmp.

   This problem will use 7 of 8 possible threads.


  INPUT --- proc title ;

     CPU Time in seconds for last procedure was 0.00


  INPUT --- proc chmatrix occasions= 6 groups= 1 etype= Live Nodes= 101 
  INPUT --- ICMeans NoHist hist= 10 ;

  INPUT ---    time interval 1 1 1 1 1 ;

  INPUT ---    glabel(1)=Group 1;

      Number of unique encounter histories read was 10.

      Number of individual covariates read was 0.
      Time interval lengths are all equal to 1.

      Data type number is 1
      Data type is Live Recaptures (CJS)                                                                               

     CPU Time in seconds for last procedure was 0.00

  Program  MARK  - Survival Rate Estimation with Capture-Recapture Data
   gfortran(Win64) Vers. 8.1 Mar 2016   31-Jan-2019 10:41:48    Page  002
 - - - - - - - - - - - - - - - - - - - - - - - - - - - - - - - - - - - - - -
 


  INPUT --- proc estimate link=Logit NOLOOP varest=2ndPart    ;


  INPUT --- model={ Phi(~Time)p(~time) };

  INPUT ---    group=1 Phi    rows=5 cols=5 Triang ;
  INPUT ---        1 2 3 4 5 ;
  INPUT ---        2 3 4 5 ;
  INPUT ---        3 4 5 ;
  INPUT ---        4 5 ;
  INPUT ---        5 ;

  INPUT ---    group=1 p    rows=5 cols=5 Triang ;
  INPUT ---        6 7 8 9 10 ;
  INPUT ---        7 8 9 10 ;
  INPUT ---        8 9 10 ;
  INPUT ---        9 10 ;
  INPUT ---        10 ;

  INPUT ---    design matrix constraints=10 covariates=7;
  INPUT ---        1 0 0 0 0 0 0;
  INPUT ---        1 1 0 0 0 0 0;
  INPUT ---        1 2 0 0 0 0 0;
  INPUT ---        1 3 0 0 0 0 0;
  INPUT ---        1 4 0 0 0 0 0;
  INPUT ---        0 0 1 0 0 0 0;
  INPUT ---        0 0 1 1 0 0 0;
  INPUT ---        0 0 1 0 1 0 0;
  INPUT ---        0 0 1 0 0 1 0;
  INPUT ---        0 0 1 0 0 0 1;
  INPUT ---       blabel(1)=Phi:(Intercept);
  INPUT ---       blabel(2)=Phi:Time;
  INPUT ---       blabel(3)=p:(Intercept);
  INPUT ---       blabel(4)=p:time3;
  INPUT ---       blabel(5)=p:time4;
  INPUT ---       blabel(6)=p:time5;
  INPUT ---       blabel(7)=p:time6;
  INPUT ---       rlabel(1)=Phi g1 c1 a0 t1;
  INPUT ---       rlabel(2)=Phi g1 c1 a1 t2;
  INPUT ---       rlabel(3)=Phi g1 c1 a2 t3;
  INPUT ---       rlabel(4)=Phi g1 c1 a3 t4;
  INPUT ---       rlabel(5)=Phi g1 c1 a4 t5;
  INPUT ---       rlabel(6)=p g1 c1 a1 t2;
  INPUT ---       rlabel(7)=p g1 c1 a2 t3;

  Program  MARK  - Survival Rate Estimation with Capture-Recapture Data
   gfortran(Win64) Vers. 8.1 Mar 2016   31-Jan-2019 10:41:48    Page  003
 - - - - - - - - - - - - - - - - - - - - - - - - - - - - - - - - - - - - - -
 
  INPUT ---       rlabel(8)=p g1 c1 a3 t4;
  INPUT ---       rlabel(9)=p g1 c1 a4 t5;
  INPUT ---       rlabel(10)=p g1 c1 a5 t6;

 Link Function Used is LOGIT        

 Variance Estimation Procedure Used is 2ndPart 
 -2logL(saturated) = 91.655113     
 Effective Sample Size = 512

 Number of function evaluations was 70 for 7 parameters.
 Time for numerical optimization was 0.08 seconds.
 -2logL { Phi(~Time)p(~time) } = 93.418598     
 Penalty { Phi(~Time)p(~time) } = -0.0000000    
 Gradient { Phi(~Time)p(~time) }:
 -0.3270635E-04-0.2089336E-05-0.2538555E-04  0.000000      0.000000    
 -0.8077232E-07  0.000000    
 S Vector { Phi(~Time)p(~time) }:
   15.29657      3.858296     0.7630229     0.1067176     0.8072306E-07
  0.9138151E-10 0.1834258E-10
 Time to compute number of parameters was 0.02 seconds.
   Threshold =  0.1600000E-06     Condition index =  0.1199131E-11     New Threshold =  0.4852991E-10
 New Guessimate of Estimated Parameters { Phi(~Time)p(~time) } = 5          
 Conditioned S Vector { Phi(~Time)p(~time) }:
   1.000000     0.2522328     0.4988196E-01 0.6976573E-02 0.5277201E-08
  0.5973988E-11 0.1199131E-11
 Number of Estimated Parameters { Phi(~Time)p(~time) } = 4          
 DEVIANCE { Phi(~Time)p(~time) } = 1.7634852                     
 DEVIANCE Degrees of Freedom { Phi(~Time)p(~time) } = 0            
 c-hat { Phi(~Time)p(~time) } = 1.0000000                     
 AIC { Phi(~Time)p(~time) } = 101.41860                  
 AICc { Phi(~Time)p(~time) } = 101.49749                    
 BIC { Phi(~Time)p(~time) } = 118.37190                    
 Pearson Chisquare { Phi(~Time)p(~time) } = 1.1336643                  
 Possible Encounter Histories { Phi(~Time)p(~time) } = 62             
 Pearson Chisquare df { Phi(~Time)p(~time) } = 53        
 Pearson chat { Phi(~Time)p(~time) } = 0.0213899                  
 Sum(Observed/Expected) { Phi(~Time)p(~time) } = 10.202685                  
 Fletcher chat { Phi(~Time)p(~time) } = 0.1299828                  


                    LOGIT Link Function Parameters of { Phi(~Time)p(~time) }
                                                              95% Confidence Interval
 Parameter                    Beta         Standard Error      Lower           Upper
 -------------------------  --------------  --------------  --------------  --------------
    1:Phi:(Intercept)       -1.0421421      1.3908801       -3.7682670      1.6839829     
    2:Phi:Time              -0.4301613      0.6298955       -1.6647565      0.8044338     
    3:p:(Intercept)         -2.6946857      1.1727421       -4.9932602      -0.3961112    
    4:p:time3               -0.5543933      1.1608304       -2.8296208      1.7208343     
    5:p:time4               -55.816468      0.0000000       -55.816468      -55.816468    
    6:p:time5               16.593719       3519.6626       -6881.9451      6915.1326     
    7:p:time6               -145.27578      3.0061982       -151.16793      -139.38364    


                    Real Function Parameters of { Phi(~Time)p(~time) }
                                                               95% Confidence Interval
  Parameter                  Estimate       Standard Error      Lower           Upper
 --------------------------  --------------  --------------  --------------  --------------
     1:Phi g1 c1 a0 t1       0.2607369       0.2680965       0.0225708       0.8434312                           
     2:Phi g1 c1 a1 t2       0.1865928       0.1228035       0.0448665       0.5283580                           
     3:Phi g1 c1 a2 t3       0.1298298       0.0463482       0.0625870       0.2500466                           
     4:Phi g1 c1 a3 t4       0.0884567       0.0556008       0.0245026       0.2726766                           

  Program  MARK  - Survival Rate Estimation with Capture-Recapture Data
   gfortran(Win64) Vers. 8.1 Mar 2016   31-Jan-2019 10:41:48    Page  004
 - - - - - - - - - - - - - - - - - - - - - - - - - - - - - - - - - - - - - -
 
     5:Phi g1 c1 a4 t5       0.0593685       0.0701106       0.0053595       0.4250550                           
     6:p g1 c1 a1 t2         0.0632877       0.0695229       0.0067378       0.4022470                           
     7:p g1 c1 a2 t3         0.0373600       0.0618469       0.0013321       0.5303348                           
     8:p g1 c1 a3 t4         0.3880867E-025  0.4551256E-025  -.5039595E-025  0.1280133E-024                      
     9:p g1 c1 a4 t5         0.9999991       0.0032376       0.1071855E-297  1.0000000                           
    10:p g1 c1 a5 t6         0.5460610E-064  0.1762615E-063  -.2908664E-063  0.4000786E-063                      

 Attempted ordering of parameters by estimatibility:
  1 3 4 2 6 7 5
 Beta number 5 is a singular value.

     CPU Time in seconds for last procedure was 0.09


  INPUT --- proc stop;

   * *  WARNING  * *   Numerical underflow occurred during final processing of this model. 
     IEEE flag status at final processing of this model:
     overflow       F
     divide by zero F
     invalid        F
     underflow      T
     inexact        T


     CPU Time in minutes for this job was 0.00

     Time Start = 10:41:48.640   Time End = 10:41:48.781

     Wall Clock Time in minutes for this job was 0.00


          E X E C U T I O N   S U C C E S S F U L 
