
   Program  MARK  - Survival Rate Estimation with Capture-Recapture Data
   gfortran(Win64) Vers. 8.1 Mar 2016    1-Feb-2019 12:20:26    Page  001
 - - - - - - - - - - - - - - - - - - - - - - - - - - - - - - - - - - - - - -
 
   This version was compiled by GCC version 5.3.0 using the options: 
     -cpp -iprefix c:\tdm-gcc-64\gcc\bin\../lib/gcc/x86_64-w64-mingw32/5.3.0/ -D_MT
     -U_REENTRANT -D IEEE -m64 -mtune=generic -march=x86-64 -mthreads -O2
     -fimplicit-none -fbounds-check -funroll-loops -ftree-vectorize
     -ffpe-summary=invalid,zero,overflow,underflow -fno-unsafe-math-optimizations
     -frounding-math -fsignaling-nans -fopenmp.

   This problem will use 7 of 8 possible threads.


  INPUT --- proc title ;

     CPU Time in seconds for last procedure was 0.00


  INPUT --- proc chmatrix occasions= 13 groups= 2 etype= Live Nodes= 
  INPUT --- 101 ICMeans NoHist hist= 71  ;

  INPUT ---    time interval 1 1 1 1 1 6 1 1 1 1 1 1 ;

  INPUT ---    glabel(1)=SpeciesBIB;

  INPUT ---    glabel(2)=SpeciesCOC;

   * *  WARNING  * *   At least a pair of the encounter histories are duplicates. 

      Number of unique encounter histories read was 49.

      Number of individual covariates read was 0.
      Time interval lengths vary and/or not equal to 1.

      Data type number is 1
      Data type is Live Recaptures (CJS)                                                                               

     CPU Time in seconds for last procedure was 0.00

  Program  MARK  - Survival Rate Estimation with Capture-Recapture Data
   gfortran(Win64) Vers. 8.1 Mar 2016    1-Feb-2019 12:20:26    Page  002
 - - - - - - - - - - - - - - - - - - - - - - - - - - - - - - - - - - - - - -
 


  INPUT --- proc estimate link=Logit NOLOOP varest=2ndPart    ;


  INPUT --- model={ Phi(~1)p(~Species + time) };

  INPUT ---    group=1 Phi    rows=12 cols=12 Triang ;
  INPUT ---        1 1 1 1 1 1 1 1 1 1 1 1 ;
  INPUT ---        1 1 1 1 1 1 1 1 1 1 1 ;
  INPUT ---        1 1 1 1 1 1 1 1 1 1 ;
  INPUT ---        1 1 1 1 1 1 1 1 1 ;
  INPUT ---        1 1 1 1 1 1 1 1 ;
  INPUT ---        1 1 1 1 1 1 1 ;
  INPUT ---        1 1 1 1 1 1 ;
  INPUT ---        1 1 1 1 1 ;
  INPUT ---        1 1 1 1 ;
  INPUT ---        1 1 1 ;
  INPUT ---        1 1 ;
  INPUT ---        1 ;

  INPUT ---    group=2 Phi    rows=12 cols=12 Triang ;
  INPUT ---        1 1 1 1 1 1 1 1 1 1 1 1 ;
  INPUT ---        1 1 1 1 1 1 1 1 1 1 1 ;
  INPUT ---        1 1 1 1 1 1 1 1 1 1 ;
  INPUT ---        1 1 1 1 1 1 1 1 1 ;
  INPUT ---        1 1 1 1 1 1 1 1 ;
  INPUT ---        1 1 1 1 1 1 1 ;
  INPUT ---        1 1 1 1 1 1 ;
  INPUT ---        1 1 1 1 1 ;
  INPUT ---        1 1 1 1 ;
  INPUT ---        1 1 1 ;
  INPUT ---        1 1 ;
  INPUT ---        1 ;

  INPUT ---    group=1 p    rows=12 cols=12 Triang ;
  INPUT ---        2 3 4 5 6 7 8 9 10 11 12 13 ;
  INPUT ---        3 4 5 6 7 8 9 10 11 12 13 ;
  INPUT ---        4 5 6 7 8 9 10 11 12 13 ;
  INPUT ---        5 6 7 8 9 10 11 12 13 ;
  INPUT ---        6 7 8 9 10 11 12 13 ;
  INPUT ---        7 8 9 10 11 12 13 ;
  INPUT ---        8 9 10 11 12 13 ;
  INPUT ---        9 10 11 12 13 ;
  INPUT ---        10 11 12 13 ;
  INPUT ---        11 12 13 ;

  Program  MARK  - Survival Rate Estimation with Capture-Recapture Data
   gfortran(Win64) Vers. 8.1 Mar 2016    1-Feb-2019 12:20:26    Page  003
 - - - - - - - - - - - - - - - - - - - - - - - - - - - - - - - - - - - - - -
 
  INPUT ---        12 13 ;
  INPUT ---        13 ;

  INPUT ---    group=2 p    rows=12 cols=12 Triang ;
  INPUT ---        14 15 16 17 18 19 20 21 22 23 24 25 ;
  INPUT ---        15 16 17 18 19 20 21 22 23 24 25 ;
  INPUT ---        16 17 18 19 20 21 22 23 24 25 ;
  INPUT ---        17 18 19 20 21 22 23 24 25 ;
  INPUT ---        18 19 20 21 22 23 24 25 ;
  INPUT ---        19 20 21 22 23 24 25 ;
  INPUT ---        20 21 22 23 24 25 ;
  INPUT ---        21 22 23 24 25 ;
  INPUT ---        22 23 24 25 ;
  INPUT ---        23 24 25 ;
  INPUT ---        24 25 ;
  INPUT ---        25 ;

  INPUT ---    design matrix constraints=25 covariates=14;
  INPUT ---        1 0 0 0 0 0 0 0 0 0 0 0 0 0;
  INPUT ---        0 1 0 0 0 0 0 0 0 0 0 0 0 0;
  INPUT ---        0 1 0 1 0 0 0 0 0 0 0 0 0 0;
  INPUT ---        0 1 0 0 1 0 0 0 0 0 0 0 0 0;
  INPUT ---        0 1 0 0 0 1 0 0 0 0 0 0 0 0;
  INPUT ---        0 1 0 0 0 0 1 0 0 0 0 0 0 0;
  INPUT ---        0 1 0 0 0 0 0 1 0 0 0 0 0 0;
  INPUT ---        0 1 0 0 0 0 0 0 1 0 0 0 0 0;
  INPUT ---        0 1 0 0 0 0 0 0 0 1 0 0 0 0;
  INPUT ---        0 1 0 0 0 0 0 0 0 0 1 0 0 0;
  INPUT ---        0 1 0 0 0 0 0 0 0 0 0 1 0 0;
  INPUT ---        0 1 0 0 0 0 0 0 0 0 0 0 1 0;
  INPUT ---        0 1 0 0 0 0 0 0 0 0 0 0 0 1;
  INPUT ---        0 1 1 0 0 0 0 0 0 0 0 0 0 0;
  INPUT ---        0 1 1 1 0 0 0 0 0 0 0 0 0 0;
  INPUT ---        0 1 1 0 1 0 0 0 0 0 0 0 0 0;
  INPUT ---        0 1 1 0 0 1 0 0 0 0 0 0 0 0;
  INPUT ---        0 1 1 0 0 0 1 0 0 0 0 0 0 0;
  INPUT ---        0 1 1 0 0 0 0 1 0 0 0 0 0 0;
  INPUT ---        0 1 1 0 0 0 0 0 1 0 0 0 0 0;
  INPUT ---        0 1 1 0 0 0 0 0 0 1 0 0 0 0;
  INPUT ---        0 1 1 0 0 0 0 0 0 0 1 0 0 0;
  INPUT ---        0 1 1 0 0 0 0 0 0 0 0 1 0 0;
  INPUT ---        0 1 1 0 0 0 0 0 0 0 0 0 1 0;
  INPUT ---        0 1 1 0 0 0 0 0 0 0 0 0 0 1;
  INPUT ---       blabel(1)=Phi:(Intercept);
  INPUT ---       blabel(2)=p:(Intercept);
  INPUT ---       blabel(3)=p:SpeciesCOC;

  Program  MARK  - Survival Rate Estimation with Capture-Recapture Data
   gfortran(Win64) Vers. 8.1 Mar 2016    1-Feb-2019 12:20:26    Page  004
 - - - - - - - - - - - - - - - - - - - - - - - - - - - - - - - - - - - - - -
 
  INPUT ---       blabel(4)=p:time3;
  INPUT ---       blabel(5)=p:time4;
  INPUT ---       blabel(6)=p:time5;
  INPUT ---       blabel(7)=p:time6;
  INPUT ---       blabel(8)=p:time12;
  INPUT ---       blabel(9)=p:time13;
  INPUT ---       blabel(10)=p:time14;
  INPUT ---       blabel(11)=p:time15;
  INPUT ---       blabel(12)=p:time16;
  INPUT ---       blabel(13)=p:time17;
  INPUT ---       blabel(14)=p:time18;
  INPUT ---       rlabel(1)=Phi gBIB c1 a0 t1;
  INPUT ---       rlabel(2)=p gBIB c1 a1 t2;
  INPUT ---       rlabel(3)=p gBIB c1 a2 t3;
  INPUT ---       rlabel(4)=p gBIB c1 a3 t4;
  INPUT ---       rlabel(5)=p gBIB c1 a4 t5;
  INPUT ---       rlabel(6)=p gBIB c1 a5 t6;
  INPUT ---       rlabel(7)=p gBIB c1 a11 t12;
  INPUT ---       rlabel(8)=p gBIB c1 a12 t13;
  INPUT ---       rlabel(9)=p gBIB c1 a13 t14;
  INPUT ---       rlabel(10)=p gBIB c1 a14 t15;
  INPUT ---       rlabel(11)=p gBIB c1 a15 t16;
  INPUT ---       rlabel(12)=p gBIB c1 a16 t17;
  INPUT ---       rlabel(13)=p gBIB c1 a17 t18;
  INPUT ---       rlabel(14)=p gCOC c1 a1 t2;
  INPUT ---       rlabel(15)=p gCOC c1 a2 t3;
  INPUT ---       rlabel(16)=p gCOC c1 a3 t4;
  INPUT ---       rlabel(17)=p gCOC c1 a4 t5;
  INPUT ---       rlabel(18)=p gCOC c1 a5 t6;
  INPUT ---       rlabel(19)=p gCOC c1 a11 t12;
  INPUT ---       rlabel(20)=p gCOC c1 a12 t13;
  INPUT ---       rlabel(21)=p gCOC c1 a13 t14;
  INPUT ---       rlabel(22)=p gCOC c1 a14 t15;
  INPUT ---       rlabel(23)=p gCOC c1 a15 t16;
  INPUT ---       rlabel(24)=p gCOC c1 a16 t17;
  INPUT ---       rlabel(25)=p gCOC c1 a17 t18;

 Link Function Used is LOGIT        

 Variance Estimation Procedure Used is 2ndPart 
 -2logL(saturated) = 740.80268     
 Effective Sample Size = 2405

 Number of function evaluations was 46 for 14 parameters.
 Time for numerical optimization was 0.08 seconds.

  Program  MARK  - Survival Rate Estimation with Capture-Recapture Data
   gfortran(Win64) Vers. 8.1 Mar 2016    1-Feb-2019 12:20:26    Page  005
 - - - - - - - - - - - - - - - - - - - - - - - - - - - - - - - - - - - - - -
 
 -2logL { Phi(~1)p(~Species + time) } = 924.26777     
 Penalty { Phi(~1)p(~Species + time) } = -0.0000000    
 Gradient { Phi(~1)p(~Species + time) }:
  0.4857959E-05 0.1374365E-04 0.5910313E-05  0.000000     0.4540646E-05
   0.000000     0.3809460E-05 0.9252550E-05 0.5484710E-05  0.000000    
   0.000000      0.000000     0.5452478E-05  0.000000    
 S Vector { Phi(~1)p(~Species + time) }:
   115.3516      20.31754      16.49285      10.33767      7.483548    
   6.546005      5.732936      5.330945      4.983254      1.264572    
  0.9966289     0.6748950     0.2237782     0.4055269E-07
 Time to compute number of parameters was 0.02 seconds.
   Threshold =  0.3000000E-06     Condition index =  0.3515573E-09     New Threshold =  0.1517343E-06
 New Guessimate of Estimated Parameters { Phi(~1)p(~Species + time) } = 13          
 Conditioned S Vector { Phi(~1)p(~Species + time) }:
   1.000000     0.1761358     0.1429790     0.8961883E-01 0.6487599E-01
  0.5674829E-01 0.4969968E-01 0.4621476E-01 0.4320057E-01 0.1096276E-01
  0.8639925E-02 0.5850765E-02 0.1939967E-02 0.3515573E-09
 Number of Estimated Parameters { Phi(~1)p(~Species + time) } = 13          
 DEVIANCE { Phi(~1)p(~Species + time) } = 183.46509                     
 DEVIANCE Degrees of Freedom { Phi(~1)p(~Species + time) } = 32            
 c-hat { Phi(~1)p(~Species + time) } = 5.7332842                     
 AIC { Phi(~1)p(~Species + time) } = 950.26777                  
 AICc { Phi(~1)p(~Species + time) } = 950.42001                    
 BIC { Phi(~1)p(~Species + time) } = 1025.4767                    
 Pearson Chisquare { Phi(~1)p(~Species + time) } = 2814.0451                  
 Possible Encounter Histories { Phi(~1)p(~Species + time) } = 16380             
 Pearson Chisquare df { Phi(~1)p(~Species + time) } = 16343        
 Pearson chat { Phi(~1)p(~Species + time) } = 0.1721866                  
 Sum(Observed/Expected) { Phi(~1)p(~Species + time) } = 2825.8821                  
 Fletcher chat { Phi(~1)p(~Species + time) } = 0.9980657                  


                LOGIT Link Function Parameters of { Phi(~1)p(~Species + time) }
                                                              95% Confidence Interval
 Parameter                    Beta         Standard Error      Lower           Upper
 -------------------------  --------------  --------------  --------------  --------------
    1:Phi:(Intercept)       3.6804361       1.2194867       1.2902422       6.0706300     
    2:p:(Intercept)         -4.7903684      0.6114561       -5.9888224      -3.5919145    
    3:p:SpeciesCOC          0.9235334       0.2393423       0.4544224       1.3926443     
    4:p:time3               -20.615711      4965.8106       -9753.6048      9712.3733     
    5:p:time4               -1.5037592      1.1604254       -3.7781930      0.7706747     
    6:p:time5               0.1673741       0.7186696       -1.2412184      1.5759666     
    7:p:time6               -1.9843293      1.1629146       -4.2636418      0.2949833     
    8:p:time12              1.4574163       0.6749388       0.1345362       2.7802963     
    9:p:time13              -1.0727957      0.7339393       -2.5113167      0.3657254     
   10:p:time14              -0.8248214      0.7076583       -2.2118318      0.5621889     
   11:p:time15              -1.3241002      0.7623349       -2.8182766      0.1700763     
   12:p:time16              -0.5124348      0.6834440       -1.8519851      0.8271155     
   13:p:time17              -1.0850490      0.7297100       -2.5152806      0.3451825     
   14:p:time18              -1.4381721      0.7742404       -2.9556833      0.0793392     


                Real Function Parameters of { Phi(~1)p(~Species + time) }
                                                               95% Confidence Interval
  Parameter                  Estimate       Standard Error      Lower           Upper
 --------------------------  --------------  --------------  --------------  --------------
     1:Phi gBIB c1 a0 t1     0.9754080       0.0292521       0.7841882       0.9976956                           
     2:p gBIB c1 a1 t2       0.0082409       0.0049974       0.0025003       0.0268071                           
     3:p gBIB c1 a2 t3       0.9252942E-011  0.4594836E-007  -.9004954E-007  0.9006804E-007                      
     4:p gBIB c1 a3 t4       0.0018437       0.0018715       0.2516184E-003  0.0133749                           
     5:p gBIB c1 a4 t5       0.0097278       0.0042801       0.0040951       0.0229294                           

  Program  MARK  - Survival Rate Estimation with Capture-Recapture Data
   gfortran(Win64) Vers. 8.1 Mar 2016    1-Feb-2019 12:20:26    Page  006
 - - - - - - - - - - - - - - - - - - - - - - - - - - - - - - - - - - - - - -
 
     6:p gBIB c1 a5 t6       0.0011410       0.0011520       0.1575220E-003  0.0082145                           
     7:p gBIB c1 a11 t12     0.0344579       0.0110878       0.0182326       0.0641782                           
     8:p gBIB c1 a12 t13     0.0028342       0.0012182       0.0012196       0.0065721                           
     9:p gBIB c1 a13 t14     0.0036289       0.0014016       0.0017008       0.0077260                           
    10:p gBIB c1 a14 t15     0.0022058       0.0010606       0.8589269E-003  0.0056526                           
    11:p gBIB c1 a15 t16     0.0049530       0.0017167       0.0025085       0.0097560                           
    12:p gBIB c1 a16 t17     0.0027998       0.0012115       0.0011980       0.0065290                           
    13:p gBIB c1 a17 t18     0.0019684       0.9895885E-003  0.7343234E-003  0.0052657                           
    14:p gCOC c1 a1 t2       0.0204956       0.0117698       0.0065877       0.0619351                           
    15:p gCOC c1 a2 t3       0.2330050E-010  0.1157059E-006  -.2267602E-006  0.2268068E-006                      
    16:p gCOC c1 a3 t4       0.0046298       0.0046480       0.6438200E-003  0.0324916                           
    17:p gCOC c1 a4 t5       0.0241397       0.0102869       0.0104014       0.0550150                           
    18:p gCOC c1 a5 t6       0.0028683       0.0029026       0.3933861E-003  0.0205929                           
    19:p gCOC c1 a11 t12     0.0824573       0.0294155       0.0402541       0.1614634                           
    20:p gCOC c1 a12 t13     0.0071064       0.0033534       0.0028117       0.0178434                           
    21:p gCOC c1 a13 t14     0.0090881       0.0039140       0.0038975       0.0210456                           
    22:p gCOC c1 a14 t15     0.0055360       0.0028630       0.0020048       0.0151924                           
    23:p gCOC c1 a15 t16     0.0123793       0.0048373       0.0057388       0.0264992                           
    24:p gCOC c1 a16 t17     0.0070204       0.0032912       0.0027947       0.0175235                           
    25:p gCOC c1 a17 t18     0.0049421       0.0026572       0.0017194       0.0141201                           

 Attempted ordering of parameters by estimatibility:
   2  8  3 12 10 13  9  6 14 11  5  1  7  4
 Beta number 4 is a singular value.

     CPU Time in seconds for last procedure was 0.09

  Program  MARK  - Survival Rate Estimation with Capture-Recapture Data
   gfortran(Win64) Vers. 8.1 Mar 2016    1-Feb-2019 12:20:26    Page  007
 - - - - - - - - - - - - - - - - - - - - - - - - - - - - - - - - - - - - - -
 


  INPUT --- proc stop;

     CPU Time in minutes for this job was 0.00

     Time Start = 12:20:26.168   Time End = 12:20:26.372

     Wall Clock Time in minutes for this job was 0.00


          E X E C U T I O N   S U C C E S S F U L 
