
   Program  MARK  - Survival Rate Estimation with Capture-Recapture Data
   gfortran(Win64) Vers. 8.1 Mar 2016    1-Feb-2019 12:14:36    Page  001
 - - - - - - - - - - - - - - - - - - - - - - - - - - - - - - - - - - - - - -
 
   This version was compiled by GCC version 5.3.0 using the options: 
     -cpp -iprefix c:\tdm-gcc-64\gcc\bin\../lib/gcc/x86_64-w64-mingw32/5.3.0/ -D_MT
     -U_REENTRANT -D IEEE -m64 -mtune=generic -march=x86-64 -mthreads -O2
     -fimplicit-none -fbounds-check -funroll-loops -ftree-vectorize
     -ffpe-summary=invalid,zero,overflow,underflow -fno-unsafe-math-optimizations
     -frounding-math -fsignaling-nans -fopenmp.

   This problem will use 7 of 8 possible threads.


  INPUT --- proc title ;

     CPU Time in seconds for last procedure was 0.00


  INPUT --- proc chmatrix occasions= 8 groups= 2 etype= Live Nodes= 101 
  INPUT --- ICMeans NoHist hist= 28 ;

  INPUT ---    time interval 1 11 1 1 1 1 1 ;

  INPUT ---    glabel(1)=SpeciesBIB;

  INPUT ---    glabel(2)=SpeciesCOC;

   * *  WARNING  * *   At least a pair of the encounter histories are duplicates. 

      Number of unique encounter histories read was 17.

      Number of individual covariates read was 0.
      Time interval lengths vary and/or not equal to 1.

      Data type number is 1
      Data type is Live Recaptures (CJS)                                                                               

     CPU Time in seconds for last procedure was 0.00

  Program  MARK  - Survival Rate Estimation with Capture-Recapture Data
   gfortran(Win64) Vers. 8.1 Mar 2016    1-Feb-2019 12:14:36    Page  002
 - - - - - - - - - - - - - - - - - - - - - - - - - - - - - - - - - - - - - -
 


  INPUT --- proc estimate link=Logit NOLOOP varest=2ndPart    ;


  INPUT --- model={ Phi(~Time)p(~1) };

  INPUT ---    group=1 Phi    rows=7 cols=7 Triang ;
  INPUT ---        1 2 3 4 5 6 7 ;
  INPUT ---        2 3 4 5 6 7 ;
  INPUT ---        3 4 5 6 7 ;
  INPUT ---        4 5 6 7 ;
  INPUT ---        5 6 7 ;
  INPUT ---        6 7 ;
  INPUT ---        7 ;

  INPUT ---    group=2 Phi    rows=7 cols=7 Triang ;
  INPUT ---        1 2 3 4 5 6 7 ;
  INPUT ---        2 3 4 5 6 7 ;
  INPUT ---        3 4 5 6 7 ;
  INPUT ---        4 5 6 7 ;
  INPUT ---        5 6 7 ;
  INPUT ---        6 7 ;
  INPUT ---        7 ;

  INPUT ---    group=1 p    rows=7 cols=7 Triang ;
  INPUT ---        8 8 8 8 8 8 8 ;
  INPUT ---        8 8 8 8 8 8 ;
  INPUT ---        8 8 8 8 8 ;
  INPUT ---        8 8 8 8 ;
  INPUT ---        8 8 8 ;
  INPUT ---        8 8 ;
  INPUT ---        8 ;

  INPUT ---    group=2 p    rows=7 cols=7 Triang ;
  INPUT ---        8 8 8 8 8 8 8 ;
  INPUT ---        8 8 8 8 8 8 ;
  INPUT ---        8 8 8 8 8 ;
  INPUT ---        8 8 8 8 ;
  INPUT ---        8 8 8 ;
  INPUT ---        8 8 ;
  INPUT ---        8 ;

  INPUT ---    design matrix constraints=8 covariates=3;
  INPUT ---        1 0 0;
  INPUT ---        1 1 0;

  Program  MARK  - Survival Rate Estimation with Capture-Recapture Data
   gfortran(Win64) Vers. 8.1 Mar 2016    1-Feb-2019 12:14:36    Page  003
 - - - - - - - - - - - - - - - - - - - - - - - - - - - - - - - - - - - - - -
 
  INPUT ---        1 12 0;
  INPUT ---        1 13 0;
  INPUT ---        1 14 0;
  INPUT ---        1 15 0;
  INPUT ---        1 16 0;
  INPUT ---        0 0 1;
  INPUT ---       blabel(1)=Phi:(Intercept);
  INPUT ---       blabel(2)=Phi:Time;
  INPUT ---       blabel(3)=p:(Intercept);
  INPUT ---       rlabel(1)=Phi gBIB c1 a0 t1;
  INPUT ---       rlabel(2)=Phi gBIB c1 a1 t2;
  INPUT ---       rlabel(3)=Phi gBIB c1 a12 t13;
  INPUT ---       rlabel(4)=Phi gBIB c1 a13 t14;
  INPUT ---       rlabel(5)=Phi gBIB c1 a14 t15;
  INPUT ---       rlabel(6)=Phi gBIB c1 a15 t16;
  INPUT ---       rlabel(7)=Phi gBIB c1 a16 t17;
  INPUT ---       rlabel(8)=p gBIB c1 a1 t2;

 Link Function Used is LOGIT        

 Variance Estimation Procedure Used is 2ndPart 
 -2logL(saturated) = 384.68043     
 Effective Sample Size = 2058

 Number of function evaluations was 16 for 3 parameters.
 Time for numerical optimization was 0.01 seconds.
 -2logL { Phi(~Time)p(~1) } = 415.28603     
 Penalty { Phi(~Time)p(~1) } = -0.0000000    
 Gradient { Phi(~Time)p(~1) }:
  0.7505611E-05  0.000000     0.4756702E-05
 S Vector { Phi(~Time)p(~1) }:
   81.30311      17.02480      4.980368    
 Time to compute number of parameters was 0.01 seconds.
   Threshold =  0.8000000E-07     Condition index =  0.6125680E-01     New Threshold =   8.626251    
 New Guessimate of Estimated Parameters { Phi(~Time)p(~1) } = 1          
 Conditioned S Vector { Phi(~Time)p(~1) }:
   1.000000     0.2093991     0.6125680E-01
 Number of Estimated Parameters { Phi(~Time)p(~1) } = 3          
 DEVIANCE { Phi(~Time)p(~1) } = 30.605593                     
 DEVIANCE Degrees of Freedom { Phi(~Time)p(~1) } = 9            
 c-hat { Phi(~Time)p(~1) } = 3.4006214                     
 AIC { Phi(~Time)p(~1) } = 421.28603                  
 AICc { Phi(~Time)p(~1) } = 421.29771                    
 BIC { Phi(~Time)p(~1) } = 438.17450                    
 Pearson Chisquare { Phi(~Time)p(~1) } = 47.021196                  
 Possible Encounter Histories { Phi(~Time)p(~1) } = 508             
 Pearson Chisquare df { Phi(~Time)p(~1) } = 491        
 Pearson chat { Phi(~Time)p(~1) } = 0.0957662                  
 Sum(Observed/Expected) { Phi(~Time)p(~1) } = 66.620313                  
 Fletcher chat { Phi(~Time)p(~1) } = 0.7302461                  


                     LOGIT Link Function Parameters of { Phi(~Time)p(~1) }
                                                              95% Confidence Interval
 Parameter                    Beta         Standard Error      Lower           Upper
 -------------------------  --------------  --------------  --------------  --------------
    1:Phi:(Intercept)       1.2720370       0.2048539       0.8705233       1.6735506     
    2:Phi:Time              -0.1995650      0.0269662       -0.2524188      -0.1467112    
    3:p:(Intercept)         -2.5850527      0.2090531       -2.9947968      -2.1753087    

  Program  MARK  - Survival Rate Estimation with Capture-Recapture Data
   gfortran(Win64) Vers. 8.1 Mar 2016    1-Feb-2019 12:14:37    Page  004
 - - - - - - - - - - - - - - - - - - - - - - - - - - - - - - - - - - - - - -
 


                     Real Function Parameters of { Phi(~Time)p(~1) }
                                                               95% Confidence Interval
  Parameter                  Estimate       Standard Error      Lower           Upper
 --------------------------  --------------  --------------  --------------  --------------
     1:Phi gBIB c1 a0 t1     0.7810912       0.0350275       0.7048546       0.8420486                           
     2:Phi gBIB c1 a1 t2     0.7450667       0.0364904       0.6672849       0.8098465                           
     3:Phi gBIB c1 a12 t13   0.2455028       0.0514861       0.1587528       0.3594046                           
     4:Phi gBIB c1 a13 t14   0.2104345       0.0497497       0.1290733       0.3240022                           
     5:Phi gBIB c1 a14 t15   0.1791858       0.0473178       0.1041032       0.2908407                           
     6:Phi gBIB c1 a15 t16   0.1516860       0.0443529       0.0834005       0.2600208                           
     7:Phi gBIB c1 a16 t17   0.1277497       0.0410273       0.0664431       0.2315906                           
     8:p gBIB c1 a1 t2       0.0701066       0.0136285       0.0476615       0.1019898                           

     CPU Time in seconds for last procedure was 0.00


  INPUT --- proc stop;

     CPU Time in minutes for this job was 0.00

     Time Start = 12:14:36.982   Time End = 12:14:37.087

     Wall Clock Time in minutes for this job was 0.00


          E X E C U T I O N   S U C C E S S F U L 
