
   Program  MARK  - Survival Rate Estimation with Capture-Recapture Data
   gfortran(Win64) Vers. 8.1 Mar 2016   31-Jan-2019 10:40:26    Page  001
 - - - - - - - - - - - - - - - - - - - - - - - - - - - - - - - - - - - - - -
 
   This version was compiled by GCC version 5.3.0 using the options: 
     -cpp -iprefix c:\tdm-gcc-64\gcc\bin\../lib/gcc/x86_64-w64-mingw32/5.3.0/ -D_MT
     -U_REENTRANT -D IEEE -m64 -mtune=generic -march=x86-64 -mthreads -O2
     -fimplicit-none -fbounds-check -funroll-loops -ftree-vectorize
     -ffpe-summary=invalid,zero,overflow,underflow -fno-unsafe-math-optimizations
     -frounding-math -fsignaling-nans -fopenmp.

   This problem will use 7 of 8 possible threads.


  INPUT --- proc title ;

     CPU Time in seconds for last procedure was 0.00


  INPUT --- proc chmatrix occasions= 6 groups= 1 etype= Live Nodes= 101 
  INPUT --- ICMeans NoHist hist= 10 ;

  INPUT ---    time interval 1 1 1 1 1 ;

  INPUT ---    glabel(1)=Group 1;

      Number of unique encounter histories read was 10.

      Number of individual covariates read was 0.
      Time interval lengths are all equal to 1.

      Data type number is 1
      Data type is Live Recaptures (CJS)                                                                               

     CPU Time in seconds for last procedure was 0.00

  Program  MARK  - Survival Rate Estimation with Capture-Recapture Data
   gfortran(Win64) Vers. 8.1 Mar 2016   31-Jan-2019 10:40:26    Page  002
 - - - - - - - - - - - - - - - - - - - - - - - - - - - - - - - - - - - - - -
 


  INPUT --- proc estimate link=Logit NOLOOP varest=2ndPart    ;


  INPUT --- model={ Phi(~time)p(~1) };

  INPUT ---    group=1 Phi    rows=5 cols=5 Triang ;
  INPUT ---        1 2 3 4 5 ;
  INPUT ---        2 3 4 5 ;
  INPUT ---        3 4 5 ;
  INPUT ---        4 5 ;
  INPUT ---        5 ;

  INPUT ---    group=1 p    rows=5 cols=5 Triang ;
  INPUT ---        6 6 6 6 6 ;
  INPUT ---        6 6 6 6 ;
  INPUT ---        6 6 6 ;
  INPUT ---        6 6 ;
  INPUT ---        6 ;

  INPUT ---    design matrix constraints=6 covariates=6;
  INPUT ---        1 0 0 0 0 0;
  INPUT ---        1 1 0 0 0 0;
  INPUT ---        1 0 1 0 0 0;
  INPUT ---        1 0 0 1 0 0;
  INPUT ---        1 0 0 0 1 0;
  INPUT ---        0 0 0 0 0 1;
  INPUT ---       blabel(1)=Phi:(Intercept);
  INPUT ---       blabel(2)=Phi:time2;
  INPUT ---       blabel(3)=Phi:time3;
  INPUT ---       blabel(4)=Phi:time4;
  INPUT ---       blabel(5)=Phi:time5;
  INPUT ---       blabel(6)=p:(Intercept);
  INPUT ---       rlabel(1)=Phi g1 c1 a0 t1;
  INPUT ---       rlabel(2)=Phi g1 c1 a1 t2;
  INPUT ---       rlabel(3)=Phi g1 c1 a2 t3;
  INPUT ---       rlabel(4)=Phi g1 c1 a3 t4;
  INPUT ---       rlabel(5)=Phi g1 c1 a4 t5;
  INPUT ---       rlabel(6)=p g1 c1 a1 t2;

 Link Function Used is LOGIT        

 Variance Estimation Procedure Used is 2ndPart 
 -2logL(saturated) = 91.655113     
 Effective Sample Size = 512

 Number of function evaluations was 41 for 6 parameters.

  Program  MARK  - Survival Rate Estimation with Capture-Recapture Data
   gfortran(Win64) Vers. 8.1 Mar 2016   31-Jan-2019 10:40:26    Page  003
 - - - - - - - - - - - - - - - - - - - - - - - - - - - - - - - - - - - - - -
 
 Time for numerical optimization was 0.01 seconds.
 -2logL { Phi(~time)p(~1) } = 94.638005     
 Penalty { Phi(~time)p(~1) } = -0.0000000    
 Gradient { Phi(~time)p(~1) }:
  0.2089170E-05 0.1829497E-05  0.000000      0.000000      0.000000    
 -0.1567323E-05
 S Vector { Phi(~time)p(~1) }:
   14.13477      1.248517     0.6849525     0.2143450     0.1311265E-09
  0.5121284E-10
 Time to compute number of parameters was 0.01 seconds.
   Threshold =  0.1400000E-06     Condition index =  0.3623181E-11     New Threshold =  0.1254453E-09
 New Guessimate of Estimated Parameters { Phi(~time)p(~1) } = 4          
 Conditioned S Vector { Phi(~time)p(~1) }:
   1.000000     0.8832949E-01 0.4845869E-01 0.1516438E-01 0.9276875E-11
  0.3623181E-11
 Number of Estimated Parameters { Phi(~time)p(~1) } = 4          
 DEVIANCE { Phi(~time)p(~1) } = 2.9828917                     
 DEVIANCE Degrees of Freedom { Phi(~time)p(~1) } = 0            
 c-hat { Phi(~time)p(~1) } = 1.0000000                     
 AIC { Phi(~time)p(~1) } = 102.63800                  
 AICc { Phi(~time)p(~1) } = 102.71690                    
 BIC { Phi(~time)p(~1) } = 119.59130                    
 Pearson Chisquare { Phi(~time)p(~1) } = 2.4552380                  
 Possible Encounter Histories { Phi(~time)p(~1) } = 62             
 Pearson Chisquare df { Phi(~time)p(~1) } = 53        
 Pearson chat { Phi(~time)p(~1) } = 0.0463252                  
 Sum(Observed/Expected) { Phi(~time)p(~1) } = 11.787613                  
 Fletcher chat { Phi(~time)p(~1) } = 0.2436596                  


                     LOGIT Link Function Parameters of { Phi(~time)p(~1) }
                                                              95% Confidence Interval
 Parameter                    Beta         Standard Error      Lower           Upper
 -------------------------  --------------  --------------  --------------  --------------
    1:Phi:(Intercept)       -1.0406458      1.2809309       -3.5512704      1.4699787     
    2:Phi:time2             -1.3302882      1.6583786       -4.5807104      1.9201340     
    3:Phi:time3             -1.0437362      1.2944318       -3.5808225      1.4933501     
    4:Phi:time4             109.41831       0.4859069E-008  109.41831       109.41831     
    5:Phi:time5             -175.68388      0.0000000       -175.68388      -175.68388    
    6:p:(Intercept)         -2.6267847      0.9646091       -4.5174185      -0.7361509    


                     Real Function Parameters of { Phi(~time)p(~1) }
                                                               95% Confidence Interval
  Parameter                  Estimate       Standard Error      Lower           Upper
 --------------------------  --------------  --------------  --------------  --------------
     1:Phi g1 c1 a0 t1       0.2610254       0.2470802       0.0278881       0.8130542                           
     2:Phi g1 c1 a1 t2       0.0854161       0.0903788       0.0095796       0.4741802                           
     3:Phi g1 c1 a2 t3       0.1106241       0.1378175       0.0079240       0.6595170                           
     4:Phi g1 c1 a3 t4       1.0000000       0.0000000       1.0000000       1.0000000                           
     5:Phi g1 c1 a4 t5       0.1776287E-076  0.2275301E-076  -.2683303E-076  0.6235877E-076                      
     6:p g1 c1 a1 t2         0.0674344       0.0606613       0.0107993       0.3238464                           

 Attempted ordering of parameters by estimatibility:
  6 1 3 2 4 5
 Beta number 5 is a singular value.

     CPU Time in seconds for last procedure was 0.00

  Program  MARK  - Survival Rate Estimation with Capture-Recapture Data
   gfortran(Win64) Vers. 8.1 Mar 2016   31-Jan-2019 10:40:26    Page  004
 - - - - - - - - - - - - - - - - - - - - - - - - - - - - - - - - - - - - - -
 


  INPUT --- proc stop;

     CPU Time in minutes for this job was 0.00

     Time Start = 10:40:26.238   Time End = 10:40:26.360

     Wall Clock Time in minutes for this job was 0.00


          E X E C U T I O N   S U C C E S S F U L 
