
   Program  MARK  - Survival Rate Estimation with Capture-Recapture Data
   gfortran(Win64) Vers. 8.1 Mar 2016    1-Feb-2019 12:21:40    Page  001
 - - - - - - - - - - - - - - - - - - - - - - - - - - - - - - - - - - - - - -
 
   This version was compiled by GCC version 5.3.0 using the options: 
     -cpp -iprefix c:\tdm-gcc-64\gcc\bin\../lib/gcc/x86_64-w64-mingw32/5.3.0/ -D_MT
     -U_REENTRANT -D IEEE -m64 -mtune=generic -march=x86-64 -mthreads -O2
     -fimplicit-none -fbounds-check -funroll-loops -ftree-vectorize
     -ffpe-summary=invalid,zero,overflow,underflow -fno-unsafe-math-optimizations
     -frounding-math -fsignaling-nans -fopenmp.

   This problem will use 7 of 8 possible threads.


  INPUT --- proc title ;

     CPU Time in seconds for last procedure was 0.00


  INPUT --- proc chmatrix occasions= 14 groups= 2 etype= Live Nodes= 
  INPUT --- 101 ICMeans NoHist hist= 90  ;

  INPUT ---    time interval 1 1 1 1 1 1 5 1 1 1 1 1 1 ;

  INPUT ---    glabel(1)=SpeciesBIB;

  INPUT ---    glabel(2)=SpeciesCOC;

   * *  WARNING  * *   At least a pair of the encounter histories are duplicates. 

      Number of unique encounter histories read was 71.

      Number of individual covariates read was 0.
      Time interval lengths vary and/or not equal to 1.

      Data type number is 1
      Data type is Live Recaptures (CJS)                                                                               

     CPU Time in seconds for last procedure was 0.00

  Program  MARK  - Survival Rate Estimation with Capture-Recapture Data
   gfortran(Win64) Vers. 8.1 Mar 2016    1-Feb-2019 12:21:40    Page  002
 - - - - - - - - - - - - - - - - - - - - - - - - - - - - - - - - - - - - - -
 


  INPUT --- proc estimate link=Logit NOLOOP varest=2ndPart    ;


  INPUT --- model={ Phi(~Species)p(~1) };

  INPUT ---    group=1 Phi    rows=13 cols=13 Triang ;
  INPUT ---        1 1 1 1 1 1 1 1 1 1 1 1 1 ;
  INPUT ---        1 1 1 1 1 1 1 1 1 1 1 1 ;
  INPUT ---        1 1 1 1 1 1 1 1 1 1 1 ;
  INPUT ---        1 1 1 1 1 1 1 1 1 1 ;
  INPUT ---        1 1 1 1 1 1 1 1 1 ;
  INPUT ---        1 1 1 1 1 1 1 1 ;
  INPUT ---        1 1 1 1 1 1 1 ;
  INPUT ---        1 1 1 1 1 1 ;
  INPUT ---        1 1 1 1 1 ;
  INPUT ---        1 1 1 1 ;
  INPUT ---        1 1 1 ;
  INPUT ---        1 1 ;
  INPUT ---        1 ;

  INPUT ---    group=2 Phi    rows=13 cols=13 Triang ;
  INPUT ---        2 2 2 2 2 2 2 2 2 2 2 2 2 ;
  INPUT ---        2 2 2 2 2 2 2 2 2 2 2 2 ;
  INPUT ---        2 2 2 2 2 2 2 2 2 2 2 ;
  INPUT ---        2 2 2 2 2 2 2 2 2 2 ;
  INPUT ---        2 2 2 2 2 2 2 2 2 ;
  INPUT ---        2 2 2 2 2 2 2 2 ;
  INPUT ---        2 2 2 2 2 2 2 ;
  INPUT ---        2 2 2 2 2 2 ;
  INPUT ---        2 2 2 2 2 ;
  INPUT ---        2 2 2 2 ;
  INPUT ---        2 2 2 ;
  INPUT ---        2 2 ;
  INPUT ---        2 ;

  INPUT ---    group=1 p    rows=13 cols=13 Triang ;
  INPUT ---        3 3 3 3 3 3 3 3 3 3 3 3 3 ;
  INPUT ---        3 3 3 3 3 3 3 3 3 3 3 3 ;
  INPUT ---        3 3 3 3 3 3 3 3 3 3 3 ;
  INPUT ---        3 3 3 3 3 3 3 3 3 3 ;
  INPUT ---        3 3 3 3 3 3 3 3 3 ;
  INPUT ---        3 3 3 3 3 3 3 3 ;
  INPUT ---        3 3 3 3 3 3 3 ;
  INPUT ---        3 3 3 3 3 3 ;

  Program  MARK  - Survival Rate Estimation with Capture-Recapture Data
   gfortran(Win64) Vers. 8.1 Mar 2016    1-Feb-2019 12:21:40    Page  003
 - - - - - - - - - - - - - - - - - - - - - - - - - - - - - - - - - - - - - -
 
  INPUT ---        3 3 3 3 3 ;
  INPUT ---        3 3 3 3 ;
  INPUT ---        3 3 3 ;
  INPUT ---        3 3 ;
  INPUT ---        3 ;

  INPUT ---    group=2 p    rows=13 cols=13 Triang ;
  INPUT ---        3 3 3 3 3 3 3 3 3 3 3 3 3 ;
  INPUT ---        3 3 3 3 3 3 3 3 3 3 3 3 ;
  INPUT ---        3 3 3 3 3 3 3 3 3 3 3 ;
  INPUT ---        3 3 3 3 3 3 3 3 3 3 ;
  INPUT ---        3 3 3 3 3 3 3 3 3 ;
  INPUT ---        3 3 3 3 3 3 3 3 ;
  INPUT ---        3 3 3 3 3 3 3 ;
  INPUT ---        3 3 3 3 3 3 ;
  INPUT ---        3 3 3 3 3 ;
  INPUT ---        3 3 3 3 ;
  INPUT ---        3 3 3 ;
  INPUT ---        3 3 ;
  INPUT ---        3 ;

  INPUT ---    design matrix constraints=3 covariates=3;
  INPUT ---        1 0 0;
  INPUT ---        1 1 0;
  INPUT ---        0 0 1;
  INPUT ---       blabel(1)=Phi:(Intercept);
  INPUT ---       blabel(2)=Phi:SpeciesCOC;
  INPUT ---       blabel(3)=p:(Intercept);
  INPUT ---       rlabel(1)=Phi gBIB c1 a0 t1;
  INPUT ---       rlabel(2)=Phi gCOC c1 a0 t1;
  INPUT ---       rlabel(3)=p gBIB c1 a1 t2;

 Link Function Used is LOGIT        

 Variance Estimation Procedure Used is 2ndPart 
 -2logL(saturated) = 2040.5974     
 Effective Sample Size = 4699

 Number of function evaluations was 39 for 3 parameters.
 Time for numerical optimization was 0.02 seconds.
 -2logL { Phi(~Species)p(~1) } = 2918.6908     
 Penalty { Phi(~Species)p(~1) } = -0.0000000    
 Gradient { Phi(~Species)p(~1) }:
 -0.2425557E-02-0.2428340E-02-0.6700502E-02
 S Vector { Phi(~Species)p(~1) }:
   260.2127      39.77030     0.3206512E-04
 Time to compute number of parameters was 0.01 seconds.
   Threshold =  0.8000000E-07     Condition index =  0.1232266E-06     New Threshold =  0.5553841E-04

  Program  MARK  - Survival Rate Estimation with Capture-Recapture Data
   gfortran(Win64) Vers. 8.1 Mar 2016    1-Feb-2019 12:21:40    Page  004
 - - - - - - - - - - - - - - - - - - - - - - - - - - - - - - - - - - - - - -
 
 New Guessimate of Estimated Parameters { Phi(~Species)p(~1) } = 2          
   Ratio Threshold =   500.0000       Max Gap =   1240298.      Next Max Gap =  0.1528377    
 Conditioned S Vector { Phi(~Species)p(~1) }:
   1.000000     0.1528377     0.1232266E-06
 Number of Estimated Parameters { Phi(~Species)p(~1) } = 2          
 DEVIANCE { Phi(~Species)p(~1) } = 878.09336                     
 DEVIANCE Degrees of Freedom { Phi(~Species)p(~1) } = 60            
 c-hat { Phi(~Species)p(~1) } = 14.634889                     
 AIC { Phi(~Species)p(~1) } = 2922.6908                  
 AICc { Phi(~Species)p(~1) } = 2922.6933                    
 BIC { Phi(~Species)p(~1) } = 2935.6010                    
 Pearson Chisquare { Phi(~Species)p(~1) } = 2832.8571                  
 Possible Encounter Histories { Phi(~Species)p(~1) } = 32764             
 Pearson Chisquare df { Phi(~Species)p(~1) } = 32736        
 Pearson chat { Phi(~Species)p(~1) } = 0.0865364                  
 Sum(Observed/Expected) { Phi(~Species)p(~1) } = 740.37383                  
 Fletcher chat { Phi(~Species)p(~1) } = 3.8295250                  


                    LOGIT Link Function Parameters of { Phi(~Species)p(~1) }
                                                              95% Confidence Interval
 Parameter                    Beta         Standard Error      Lower           Upper
 -------------------------  --------------  --------------  --------------  --------------
    1:Phi:(Intercept)       20.991596       0.0000000       20.991596       20.991596     
    2:Phi:SpeciesCOC        -18.737913      0.0000000       -18.737913      -18.737913    
    3:p:(Intercept)         -4.5855080      0.0687645       -4.7202865      -4.4507295    


                    Real Function Parameters of { Phi(~Species)p(~1) }
                                                               95% Confidence Interval
  Parameter                  Estimate       Standard Error      Lower           Upper
 --------------------------  --------------  --------------  --------------  --------------
     1:Phi gBIB c1 a0 t1     1.0000000       0.0000000       1.0000000       1.0000000                           
     2:Phi gCOC c1 a0 t1     0.9049678       0.0189432       0.8608011       0.9361601                           
     3:p gBIB c1 a1 t2       0.0100956       0.6872112E-003  0.0088339       0.0115354                           

 Attempted ordering of parameters by estimatibility:
  3 1 2
 Beta number 2 is a singular value.

     CPU Time in seconds for last procedure was 0.03

  Program  MARK  - Survival Rate Estimation with Capture-Recapture Data
   gfortran(Win64) Vers. 8.1 Mar 2016    1-Feb-2019 12:21:40    Page  005
 - - - - - - - - - - - - - - - - - - - - - - - - - - - - - - - - - - - - - -
 


  INPUT --- proc stop;

     CPU Time in minutes for this job was 0.00

     Time Start = 12:21:40.303   Time End = 12:21:40.415

     Wall Clock Time in minutes for this job was 0.00


          E X E C U T I O N   S U C C E S S F U L 
