
   Program  MARK  - Survival Rate Estimation with Capture-Recapture Data
   gfortran(Win64) Vers. 8.1 Mar 2016    1-Feb-2019 12:14:36    Page  001
 - - - - - - - - - - - - - - - - - - - - - - - - - - - - - - - - - - - - - -
 
   This version was compiled by GCC version 5.3.0 using the options: 
     -cpp -iprefix c:\tdm-gcc-64\gcc\bin\../lib/gcc/x86_64-w64-mingw32/5.3.0/ -D_MT
     -U_REENTRANT -D IEEE -m64 -mtune=generic -march=x86-64 -mthreads -O2
     -fimplicit-none -fbounds-check -funroll-loops -ftree-vectorize
     -ffpe-summary=invalid,zero,overflow,underflow -fno-unsafe-math-optimizations
     -frounding-math -fsignaling-nans -fopenmp.

   This problem will use 7 of 8 possible threads.


  INPUT --- proc title ;

     CPU Time in seconds for last procedure was 0.00


  INPUT --- proc chmatrix occasions= 8 groups= 2 etype= Live Nodes= 101 
  INPUT --- ICMeans NoHist hist= 28 ;

  INPUT ---    time interval 1 11 1 1 1 1 1 ;

  INPUT ---    glabel(1)=SpeciesBIB;

  INPUT ---    glabel(2)=SpeciesCOC;

   * *  WARNING  * *   At least a pair of the encounter histories are duplicates. 

      Number of unique encounter histories read was 17.

      Number of individual covariates read was 0.
      Time interval lengths vary and/or not equal to 1.

      Data type number is 1
      Data type is Live Recaptures (CJS)                                                                               

     CPU Time in seconds for last procedure was 0.00

  Program  MARK  - Survival Rate Estimation with Capture-Recapture Data
   gfortran(Win64) Vers. 8.1 Mar 2016    1-Feb-2019 12:14:36    Page  002
 - - - - - - - - - - - - - - - - - - - - - - - - - - - - - - - - - - - - - -
 


  INPUT --- proc estimate link=Logit NOLOOP varest=2ndPart    ;


  INPUT --- model={ Phi(~Species + time)p(~1) };

  INPUT ---    group=1 Phi    rows=7 cols=7 Triang ;
  INPUT ---        1 2 3 4 5 6 7 ;
  INPUT ---        2 3 4 5 6 7 ;
  INPUT ---        3 4 5 6 7 ;
  INPUT ---        4 5 6 7 ;
  INPUT ---        5 6 7 ;
  INPUT ---        6 7 ;
  INPUT ---        7 ;

  INPUT ---    group=2 Phi    rows=7 cols=7 Triang ;
  INPUT ---        8 9 10 11 12 13 14 ;
  INPUT ---        9 10 11 12 13 14 ;
  INPUT ---        10 11 12 13 14 ;
  INPUT ---        11 12 13 14 ;
  INPUT ---        12 13 14 ;
  INPUT ---        13 14 ;
  INPUT ---        14 ;

  INPUT ---    group=1 p    rows=7 cols=7 Triang ;
  INPUT ---        15 15 15 15 15 15 15 ;
  INPUT ---        15 15 15 15 15 15 ;
  INPUT ---        15 15 15 15 15 ;
  INPUT ---        15 15 15 15 ;
  INPUT ---        15 15 15 ;
  INPUT ---        15 15 ;
  INPUT ---        15 ;

  INPUT ---    group=2 p    rows=7 cols=7 Triang ;
  INPUT ---        15 15 15 15 15 15 15 ;
  INPUT ---        15 15 15 15 15 15 ;
  INPUT ---        15 15 15 15 15 ;
  INPUT ---        15 15 15 15 ;
  INPUT ---        15 15 15 ;
  INPUT ---        15 15 ;
  INPUT ---        15 ;

  INPUT ---    design matrix constraints=15 covariates=9;
  INPUT ---        1 0 0 0 0 0 0 0 0;
  INPUT ---        1 0 1 0 0 0 0 0 0;

  Program  MARK  - Survival Rate Estimation with Capture-Recapture Data
   gfortran(Win64) Vers. 8.1 Mar 2016    1-Feb-2019 12:14:36    Page  003
 - - - - - - - - - - - - - - - - - - - - - - - - - - - - - - - - - - - - - -
 
  INPUT ---        1 0 0 1 0 0 0 0 0;
  INPUT ---        1 0 0 0 1 0 0 0 0;
  INPUT ---        1 0 0 0 0 1 0 0 0;
  INPUT ---        1 0 0 0 0 0 1 0 0;
  INPUT ---        1 0 0 0 0 0 0 1 0;
  INPUT ---        1 1 0 0 0 0 0 0 0;
  INPUT ---        1 1 1 0 0 0 0 0 0;
  INPUT ---        1 1 0 1 0 0 0 0 0;
  INPUT ---        1 1 0 0 1 0 0 0 0;
  INPUT ---        1 1 0 0 0 1 0 0 0;
  INPUT ---        1 1 0 0 0 0 1 0 0;
  INPUT ---        1 1 0 0 0 0 0 1 0;
  INPUT ---        0 0 0 0 0 0 0 0 1;
  INPUT ---       blabel(1)=Phi:(Intercept);
  INPUT ---       blabel(2)=Phi:SpeciesCOC;
  INPUT ---       blabel(3)=Phi:time2;
  INPUT ---       blabel(4)=Phi:time13;
  INPUT ---       blabel(5)=Phi:time14;
  INPUT ---       blabel(6)=Phi:time15;
  INPUT ---       blabel(7)=Phi:time16;
  INPUT ---       blabel(8)=Phi:time17;
  INPUT ---       blabel(9)=p:(Intercept);
  INPUT ---       rlabel(1)=Phi gBIB c1 a0 t1;
  INPUT ---       rlabel(2)=Phi gBIB c1 a1 t2;
  INPUT ---       rlabel(3)=Phi gBIB c1 a12 t13;
  INPUT ---       rlabel(4)=Phi gBIB c1 a13 t14;
  INPUT ---       rlabel(5)=Phi gBIB c1 a14 t15;
  INPUT ---       rlabel(6)=Phi gBIB c1 a15 t16;
  INPUT ---       rlabel(7)=Phi gBIB c1 a16 t17;
  INPUT ---       rlabel(8)=Phi gCOC c1 a0 t1;
  INPUT ---       rlabel(9)=Phi gCOC c1 a1 t2;
  INPUT ---       rlabel(10)=Phi gCOC c1 a12 t13;
  INPUT ---       rlabel(11)=Phi gCOC c1 a13 t14;
  INPUT ---       rlabel(12)=Phi gCOC c1 a14 t15;
  INPUT ---       rlabel(13)=Phi gCOC c1 a15 t16;
  INPUT ---       rlabel(14)=Phi gCOC c1 a16 t17;
  INPUT ---       rlabel(15)=p gBIB c1 a1 t2;

 Link Function Used is LOGIT        

 Variance Estimation Procedure Used is 2ndPart 
 -2logL(saturated) = 384.68043     
 Effective Sample Size = 2058

 Number of function evaluations was 57 for 9 parameters.
 Time for numerical optimization was 0.08 seconds.

  Program  MARK  - Survival Rate Estimation with Capture-Recapture Data
   gfortran(Win64) Vers. 8.1 Mar 2016    1-Feb-2019 12:14:36    Page  004
 - - - - - - - - - - - - - - - - - - - - - - - - - - - - - - - - - - - - - -
 
 -2logL { Phi(~Species + time)p(~1) } = 398.98015     
 Penalty { Phi(~Species + time)p(~1) } = -0.0000000    
 Gradient { Phi(~Species + time)p(~1) }:
  0.8153904E-06  0.000000     0.2116286E-05  0.000000     0.1284052E-05
  0.1381588E-05 0.2873500E-05 0.2540050E-05 0.1786204E-04
 S Vector { Phi(~Species + time)p(~1) }:
   77.56911      26.81440      6.687091      3.088262      2.238769    
   1.077236     0.7620013     0.1836086E-01 0.1743046E-06
 Time to compute number of parameters was 0.01 seconds.
   Threshold =  0.2000000E-06     Condition index =  0.2247088E-08     New Threshold =  0.5229137E-06
 New Guessimate of Estimated Parameters { Phi(~Species + time)p(~1) } = 8          
 Conditioned S Vector { Phi(~Species + time)p(~1) }:
   1.000000     0.3456840     0.8620817E-01 0.3981304E-01 0.2886160E-01
  0.1388744E-01 0.9823515E-02 0.2367032E-03 0.2247088E-08
 Number of Estimated Parameters { Phi(~Species + time)p(~1) } = 8          
 DEVIANCE { Phi(~Species + time)p(~1) } = 14.299716                     
 DEVIANCE Degrees of Freedom { Phi(~Species + time)p(~1) } = 4            
 c-hat { Phi(~Species + time)p(~1) } = 3.5749289                     
 AIC { Phi(~Species + time)p(~1) } = 414.98015                  
 AICc { Phi(~Species + time)p(~1) } = 415.05043                    
 BIC { Phi(~Species + time)p(~1) } = 460.01607                    
 Pearson Chisquare { Phi(~Species + time)p(~1) } = 13.051736                  
 Possible Encounter Histories { Phi(~Species + time)p(~1) } = 508             
 Pearson Chisquare df { Phi(~Species + time)p(~1) } = 486        
 Pearson chat { Phi(~Species + time)p(~1) } = 0.0268554                  
 Sum(Observed/Expected) { Phi(~Species + time)p(~1) } = 36.791800                  
 Fletcher chat { Phi(~Species + time)p(~1) } = 0.3708042                  


                LOGIT Link Function Parameters of { Phi(~Species + time)p(~1) }
                                                              95% Confidence Interval
 Parameter                    Beta         Standard Error      Lower           Upper
 -------------------------  --------------  --------------  --------------  --------------
    1:Phi:(Intercept)       12.942626       0.0000000       12.942626       12.942626     
    2:Phi:SpeciesCOC        1.0682528       0.4592659       0.1680916       1.9684139     
    3:Phi:time2             -12.429992      0.0000000       -12.429992      -12.429992    
    4:Phi:time13            -14.659336      0.0000000       -14.659336      -14.659336    
    5:Phi:time14            -16.707509      0.0000000       -16.707509      -16.707509    
    6:Phi:time15            -15.457412      0.0000000       -15.457412      -15.457412    
    7:Phi:time16            -10.869168      0.0000000       -10.869168      -10.869168    
    8:Phi:time17            -14.665203      0.0000000       -14.665203      -14.665203    
    9:p:(Intercept)         -2.8188305      0.1931159       -3.1973376      -2.4403234    


                Real Function Parameters of { Phi(~Species + time)p(~1) }
                                                               95% Confidence Interval
  Parameter                  Estimate       Standard Error      Lower           Upper
 --------------------------  --------------  --------------  --------------  --------------
     1:Phi gBIB c1 a0 t1     0.9999976       0.0000000       0.9999976       0.9999976                           
     2:Phi gBIB c1 a1 t2     0.6254239       0.0973292       0.4251502       0.7903333                           
     3:Phi gBIB c1 a12 t13   0.1522955       0.0900630       0.0437708       0.4135310                           
     4:Phi gBIB c1 a13 t14   0.0226456       0.0267540       0.0021629       0.1985079                           
     5:Phi gBIB c1 a14 t15   0.0748281       0.0675610       0.0118026       0.3538849                           
     6:Phi gBIB c1 a15 t16   0.8882966       0.7855943       0.1449438E-005  1.0000000                           
     7:Phi gBIB c1 a16 t17   0.1515395       0.1208225       0.0275345       0.5297745                           
     8:Phi gCOC c1 a0 t1     0.9999992       0.0000000       0.9999992       0.9999992                           
     9:Phi gCOC c1 a1 t2     0.8293302       0.0395783       0.7374634       0.8936852                           
    10:Phi gCOC c1 a12 t13   0.3433374       0.1282825       0.1463306       0.6146172                           
    11:Phi gCOC c1 a13 t14   0.0631725       0.0655910       0.0076233       0.3718321                           
    12:Phi gCOC c1 a14 t15   0.1905357       0.1420805       0.0372511       0.5888095                           
    13:Phi gCOC c1 a15 t16   0.9585809       0.3142827       0.4230815E-005  1.0000000                           

  Program  MARK  - Survival Rate Estimation with Capture-Recapture Data
   gfortran(Win64) Vers. 8.1 Mar 2016    1-Feb-2019 12:14:36    Page  005
 - - - - - - - - - - - - - - - - - - - - - - - - - - - - - - - - - - - - - -
 
    14:Phi gCOC c1 a16 t17   0.3420157       0.2294965       0.0657963       0.7932260                           
    15:p gBIB c1 a1 t2       0.0563151       0.0102629       0.0392660       0.0801491                           

 Attempted ordering of parameters by estimatibility:
  9 1 3 2 4 8 5 7 6
 Beta number 6 is a singular value.

     CPU Time in seconds for last procedure was 0.09


  INPUT --- proc stop;

     CPU Time in minutes for this job was 0.00

     Time Start = 12:14:36.442   Time End = 12:14:36.587

     Wall Clock Time in minutes for this job was 0.00


          E X E C U T I O N   S U C C E S S F U L 
