
   Program  MARK  - Survival Rate Estimation with Capture-Recapture Data
   gfortran(Win64) Vers. 8.1 Mar 2016   31-Jan-2019 10:41:40    Page  001
 - - - - - - - - - - - - - - - - - - - - - - - - - - - - - - - - - - - - - -
 
   This version was compiled by GCC version 5.3.0 using the options: 
     -cpp -iprefix c:\tdm-gcc-64\gcc\bin\../lib/gcc/x86_64-w64-mingw32/5.3.0/ -D_MT
     -U_REENTRANT -D IEEE -m64 -mtune=generic -march=x86-64 -mthreads -O2
     -fimplicit-none -fbounds-check -funroll-loops -ftree-vectorize
     -ffpe-summary=invalid,zero,overflow,underflow -fno-unsafe-math-optimizations
     -frounding-math -fsignaling-nans -fopenmp.

   This problem will use 7 of 8 possible threads.


  INPUT --- proc title ;

     CPU Time in seconds for last procedure was 0.00


  INPUT --- proc chmatrix occasions= 6 groups= 1 etype= Live Nodes= 101 
  INPUT --- ICMeans NoHist hist= 10 ;

  INPUT ---    time interval 1 1 1 1 1 ;

  INPUT ---    glabel(1)=Group 1;

      Number of unique encounter histories read was 10.

      Number of individual covariates read was 0.
      Time interval lengths are all equal to 1.

      Data type number is 1
      Data type is Live Recaptures (CJS)                                                                               

     CPU Time in seconds for last procedure was 0.00

  Program  MARK  - Survival Rate Estimation with Capture-Recapture Data
   gfortran(Win64) Vers. 8.1 Mar 2016   31-Jan-2019 10:41:40    Page  002
 - - - - - - - - - - - - - - - - - - - - - - - - - - - - - - - - - - - - - -
 


  INPUT --- proc estimate link=Logit NOLOOP varest=2ndPart    ;


  INPUT --- model={ Phi(~1)p(~time) };

  INPUT ---    group=1 Phi    rows=5 cols=5 Triang ;
  INPUT ---        1 1 1 1 1 ;
  INPUT ---        1 1 1 1 ;
  INPUT ---        1 1 1 ;
  INPUT ---        1 1 ;
  INPUT ---        1 ;

  INPUT ---    group=1 p    rows=5 cols=5 Triang ;
  INPUT ---        2 3 4 5 6 ;
  INPUT ---        3 4 5 6 ;
  INPUT ---        4 5 6 ;
  INPUT ---        5 6 ;
  INPUT ---        6 ;

  INPUT ---    design matrix constraints=6 covariates=6;
  INPUT ---        1 0 0 0 0 0;
  INPUT ---        0 1 0 0 0 0;
  INPUT ---        0 1 1 0 0 0;
  INPUT ---        0 1 0 1 0 0;
  INPUT ---        0 1 0 0 1 0;
  INPUT ---        0 1 0 0 0 1;
  INPUT ---       blabel(1)=Phi:(Intercept);
  INPUT ---       blabel(2)=p:(Intercept);
  INPUT ---       blabel(3)=p:time3;
  INPUT ---       blabel(4)=p:time4;
  INPUT ---       blabel(5)=p:time5;
  INPUT ---       blabel(6)=p:time6;
  INPUT ---       rlabel(1)=Phi g1 c1 a0 t1;
  INPUT ---       rlabel(2)=p g1 c1 a1 t2;
  INPUT ---       rlabel(3)=p g1 c1 a2 t3;
  INPUT ---       rlabel(4)=p g1 c1 a3 t4;
  INPUT ---       rlabel(5)=p g1 c1 a4 t5;
  INPUT ---       rlabel(6)=p g1 c1 a5 t6;

 Link Function Used is LOGIT        

 Variance Estimation Procedure Used is 2ndPart 
 -2logL(saturated) = 91.655113     
 Effective Sample Size = 512

 Number of function evaluations was 40 for 6 parameters.

  Program  MARK  - Survival Rate Estimation with Capture-Recapture Data
   gfortran(Win64) Vers. 8.1 Mar 2016   31-Jan-2019 10:41:40    Page  003
 - - - - - - - - - - - - - - - - - - - - - - - - - - - - - - - - - - - - - -
 
 Time for numerical optimization was 0.02 seconds.
 -2logL { Phi(~1)p(~time) } = 93.641906     
 Penalty { Phi(~1)p(~time) } = -0.0000000    
 Gradient { Phi(~1)p(~time) }:
 -0.3339906E-05-0.4353914E-06-0.8557093E-06  0.000000      0.000000    
   0.000000    
 S Vector { Phi(~1)p(~time) }:
   16.66509      1.445761     0.7928387     0.1861650     0.2759747E-09
  0.1501079E-10
 Time to compute number of parameters was 0.01 seconds.
   Threshold =  0.1400000E-06     Condition index =  0.9007330E-12     New Threshold =  0.3676878E-10
 New Guessimate of Estimated Parameters { Phi(~1)p(~time) } = 4          
 Conditioned S Vector { Phi(~1)p(~time) }:
   1.000000     0.8675391E-01 0.4757483E-01 0.1117096E-01 0.1656005E-10
  0.9007330E-12
 Number of Estimated Parameters { Phi(~1)p(~time) } = 4          
 DEVIANCE { Phi(~1)p(~time) } = 1.9867930                     
 DEVIANCE Degrees of Freedom { Phi(~1)p(~time) } = 0            
 c-hat { Phi(~1)p(~time) } = 1.0000000                     
 AIC { Phi(~1)p(~time) } = 101.64191                  
 AICc { Phi(~1)p(~time) } = 101.72080                    
 BIC { Phi(~1)p(~time) } = 118.59520                    
 Pearson Chisquare { Phi(~1)p(~time) } = 1.3241194                  
 Possible Encounter Histories { Phi(~1)p(~time) } = 62             
 Pearson Chisquare df { Phi(~1)p(~time) } = 53        
 Pearson chat { Phi(~1)p(~time) } = 0.0249834                  
 Sum(Observed/Expected) { Phi(~1)p(~time) } = 10.324217                  
 Fletcher chat { Phi(~1)p(~time) } = 0.1500327                  


                     LOGIT Link Function Parameters of { Phi(~1)p(~time) }
                                                              95% Confidence Interval
 Parameter                    Beta         Standard Error      Lower           Upper
 -------------------------  --------------  --------------  --------------  --------------
    1:Phi:(Intercept)       -1.5529201      0.8639298       -3.2462225      0.1403822     
    2:p:(Intercept)         -2.2639261      0.8945321       -4.0172090      -0.5106432    
    3:p:time3               -0.6607103      1.2001345       -3.0129739      1.6915533     
    4:p:time4               -31.753283      0.8341077E-008  -31.753283      -31.753283    
    5:p:time5               2.1487297       2.0970612       -1.9615105      6.2589698     
    6:p:time6               -139.43898      0.0000000       -139.43898      -139.43898    


                     Real Function Parameters of { Phi(~1)p(~time) }
                                                               95% Confidence Interval
  Parameter                  Estimate       Standard Error      Lower           Upper
 --------------------------  --------------  --------------  --------------  --------------
     1:Phi g1 c1 a0 t1       0.1746649       0.1245416       0.0374629       0.5350380                           
     2:p g1 c1 a1 t2         0.0941550       0.0762945       0.0176848       0.3750428                           
     3:p g1 c1 a2 t3         0.0509490       0.0758878       0.0024708       0.5377977                           
     4:p g1 c1 a3 t4         0.1684666E-014  0.1506988E-014  -.1269030E-014  0.4638361E-014                      
     5:p g1 c1 a4 t5         0.4712327       0.6709254       0.0045290       0.9943043                           
     6:p g1 c1 a5 t6         0.2878791E-061  0.2575171E-061  -.2168544E-061  0.7926125E-061                      

 Attempted ordering of parameters by estimatibility:
  1 2 3 5 4 6
 Beta number 6 is a singular value.

     CPU Time in seconds for last procedure was 0.02

  Program  MARK  - Survival Rate Estimation with Capture-Recapture Data
   gfortran(Win64) Vers. 8.1 Mar 2016   31-Jan-2019 10:41:40    Page  004
 - - - - - - - - - - - - - - - - - - - - - - - - - - - - - - - - - - - - - -
 


  INPUT --- proc stop;

     CPU Time in minutes for this job was 0.00

     Time Start = 10:41:40.223   Time End = 10:41:40.328

     Wall Clock Time in minutes for this job was 0.00


          E X E C U T I O N   S U C C E S S F U L 
