
   Program  MARK  - Survival Rate Estimation with Capture-Recapture Data
   gfortran(Win64) Vers. 8.1 Mar 2016    1-Feb-2019 12:21:48    Page  001
 - - - - - - - - - - - - - - - - - - - - - - - - - - - - - - - - - - - - - -
 
   This version was compiled by GCC version 5.3.0 using the options: 
     -cpp -iprefix c:\tdm-gcc-64\gcc\bin\../lib/gcc/x86_64-w64-mingw32/5.3.0/ -D_MT
     -U_REENTRANT -D IEEE -m64 -mtune=generic -march=x86-64 -mthreads -O2
     -fimplicit-none -fbounds-check -funroll-loops -ftree-vectorize
     -ffpe-summary=invalid,zero,overflow,underflow -fno-unsafe-math-optimizations
     -frounding-math -fsignaling-nans -fopenmp.

   This problem will use 7 of 8 possible threads.


  INPUT --- proc title ;

     CPU Time in seconds for last procedure was 0.00


  INPUT --- proc chmatrix occasions= 14 groups= 2 etype= Live Nodes= 
  INPUT --- 101 ICMeans NoHist hist= 90  ;

  INPUT ---    time interval 1 1 1 1 1 1 5 1 1 1 1 1 1 ;

  INPUT ---    glabel(1)=SpeciesBIB;

  INPUT ---    glabel(2)=SpeciesCOC;

   * *  WARNING  * *   At least a pair of the encounter histories are duplicates. 

      Number of unique encounter histories read was 71.

      Number of individual covariates read was 0.
      Time interval lengths vary and/or not equal to 1.

      Data type number is 1
      Data type is Live Recaptures (CJS)                                                                               

     CPU Time in seconds for last procedure was 0.00

  Program  MARK  - Survival Rate Estimation with Capture-Recapture Data
   gfortran(Win64) Vers. 8.1 Mar 2016    1-Feb-2019 12:21:48    Page  002
 - - - - - - - - - - - - - - - - - - - - - - - - - - - - - - - - - - - - - -
 


  INPUT --- proc estimate link=Logit NOLOOP varest=2ndPart    ;


  INPUT --- model={ Phi(~time)p(~Species + time) };

  INPUT ---    group=1 Phi    rows=13 cols=13 Triang ;
  INPUT ---        1 2 3 4 5 6 7 8 9 10 11 12 13 ;
  INPUT ---        2 3 4 5 6 7 8 9 10 11 12 13 ;
  INPUT ---        3 4 5 6 7 8 9 10 11 12 13 ;
  INPUT ---        4 5 6 7 8 9 10 11 12 13 ;
  INPUT ---        5 6 7 8 9 10 11 12 13 ;
  INPUT ---        6 7 8 9 10 11 12 13 ;
  INPUT ---        7 8 9 10 11 12 13 ;
  INPUT ---        8 9 10 11 12 13 ;
  INPUT ---        9 10 11 12 13 ;
  INPUT ---        10 11 12 13 ;
  INPUT ---        11 12 13 ;
  INPUT ---        12 13 ;
  INPUT ---        13 ;

  INPUT ---    group=2 Phi    rows=13 cols=13 Triang ;
  INPUT ---        1 2 3 4 5 6 7 8 9 10 11 12 13 ;
  INPUT ---        2 3 4 5 6 7 8 9 10 11 12 13 ;
  INPUT ---        3 4 5 6 7 8 9 10 11 12 13 ;
  INPUT ---        4 5 6 7 8 9 10 11 12 13 ;
  INPUT ---        5 6 7 8 9 10 11 12 13 ;
  INPUT ---        6 7 8 9 10 11 12 13 ;
  INPUT ---        7 8 9 10 11 12 13 ;
  INPUT ---        8 9 10 11 12 13 ;
  INPUT ---        9 10 11 12 13 ;
  INPUT ---        10 11 12 13 ;
  INPUT ---        11 12 13 ;
  INPUT ---        12 13 ;
  INPUT ---        13 ;

  INPUT ---    group=1 p    rows=13 cols=13 Triang ;
  INPUT ---        14 15 16 17 18 19 20 21 22 23 24 25 26 ;
  INPUT ---        15 16 17 18 19 20 21 22 23 24 25 26 ;
  INPUT ---        16 17 18 19 20 21 22 23 24 25 26 ;
  INPUT ---        17 18 19 20 21 22 23 24 25 26 ;
  INPUT ---        18 19 20 21 22 23 24 25 26 ;
  INPUT ---        19 20 21 22 23 24 25 26 ;
  INPUT ---        20 21 22 23 24 25 26 ;
  INPUT ---        21 22 23 24 25 26 ;

  Program  MARK  - Survival Rate Estimation with Capture-Recapture Data
   gfortran(Win64) Vers. 8.1 Mar 2016    1-Feb-2019 12:21:48    Page  003
 - - - - - - - - - - - - - - - - - - - - - - - - - - - - - - - - - - - - - -
 
  INPUT ---        22 23 24 25 26 ;
  INPUT ---        23 24 25 26 ;
  INPUT ---        24 25 26 ;
  INPUT ---        25 26 ;
  INPUT ---        26 ;

  INPUT ---    group=2 p    rows=13 cols=13 Triang ;
  INPUT ---        27 28 29 30 31 32 33 34 35 36 37 38 39 ;
  INPUT ---        28 29 30 31 32 33 34 35 36 37 38 39 ;
  INPUT ---        29 30 31 32 33 34 35 36 37 38 39 ;
  INPUT ---        30 31 32 33 34 35 36 37 38 39 ;
  INPUT ---        31 32 33 34 35 36 37 38 39 ;
  INPUT ---        32 33 34 35 36 37 38 39 ;
  INPUT ---        33 34 35 36 37 38 39 ;
  INPUT ---        34 35 36 37 38 39 ;
  INPUT ---        35 36 37 38 39 ;
  INPUT ---        36 37 38 39 ;
  INPUT ---        37 38 39 ;
  INPUT ---        38 39 ;
  INPUT ---        39 ;

  INPUT ---    design matrix constraints=39 covariates=27;
  INPUT ---        1 0 0 0 0 0 0 0 0 0 0 0 0 0 0 0 0 0 0 0 0 0 0 0 0 0 0;
  INPUT ---        1 1 0 0 0 0 0 0 0 0 0 0 0 0 0 0 0 0 0 0 0 0 0 0 0 0 0;
  INPUT ---        1 0 1 0 0 0 0 0 0 0 0 0 0 0 0 0 0 0 0 0 0 0 0 0 0 0 0;
  INPUT ---        1 0 0 1 0 0 0 0 0 0 0 0 0 0 0 0 0 0 0 0 0 0 0 0 0 0 0;
  INPUT ---        1 0 0 0 1 0 0 0 0 0 0 0 0 0 0 0 0 0 0 0 0 0 0 0 0 0 0;
  INPUT ---        1 0 0 0 0 1 0 0 0 0 0 0 0 0 0 0 0 0 0 0 0 0 0 0 0 0 0;
  INPUT ---        1 0 0 0 0 0 1 0 0 0 0 0 0 0 0 0 0 0 0 0 0 0 0 0 0 0 0;
  INPUT ---        1 0 0 0 0 0 0 1 0 0 0 0 0 0 0 0 0 0 0 0 0 0 0 0 0 0 0;
  INPUT ---        1 0 0 0 0 0 0 0 1 0 0 0 0 0 0 0 0 0 0 0 0 0 0 0 0 0 0;
  INPUT ---        1 0 0 0 0 0 0 0 0 1 0 0 0 0 0 0 0 0 0 0 0 0 0 0 0 0 0;
  INPUT ---        1 0 0 0 0 0 0 0 0 0 1 0 0 0 0 0 0 0 0 0 0 0 0 0 0 0 0;
  INPUT ---        1 0 0 0 0 0 0 0 0 0 0 1 0 0 0 0 0 0 0 0 0 0 0 0 0 0 0;
  INPUT ---        1 0 0 0 0 0 0 0 0 0 0 0 1 0 0 0 0 0 0 0 0 0 0 0 0 0 0;
  INPUT ---        0 0 0 0 0 0 0 0 0 0 0 0 0 1 0 0 0 0 0 0 0 0 0 0 0 0 0;
  INPUT ---        0 0 0 0 0 0 0 0 0 0 0 0 0 1 0 1 0 0 0 0 0 0 0 0 0 0 0;
  INPUT ---        0 0 0 0 0 0 0 0 0 0 0 0 0 1 0 0 1 0 0 0 0 0 0 0 0 0 0;
  INPUT ---        0 0 0 0 0 0 0 0 0 0 0 0 0 1 0 0 0 1 0 0 0 0 0 0 0 0 0;
  INPUT ---        0 0 0 0 0 0 0 0 0 0 0 0 0 1 0 0 0 0 1 0 0 0 0 0 0 0 0;
  INPUT ---        0 0 0 0 0 0 0 0 0 0 0 0 0 1 0 0 0 0 0 1 0 0 0 0 0 0 0;
  INPUT ---        0 0 0 0 0 0 0 0 0 0 0 0 0 1 0 0 0 0 0 0 1 0 0 0 0 0 0;
  INPUT ---        0 0 0 0 0 0 0 0 0 0 0 0 0 1 0 0 0 0 0 0 0 1 0 0 0 0 0;
  INPUT ---        0 0 0 0 0 0 0 0 0 0 0 0 0 1 0 0 0 0 0 0 0 0 1 0 0 0 0;
  INPUT ---        0 0 0 0 0 0 0 0 0 0 0 0 0 1 0 0 0 0 0 0 0 0 0 1 0 0 0;
  INPUT ---        0 0 0 0 0 0 0 0 0 0 0 0 0 1 0 0 0 0 0 0 0 0 0 0 1 0 0;

  Program  MARK  - Survival Rate Estimation with Capture-Recapture Data
   gfortran(Win64) Vers. 8.1 Mar 2016    1-Feb-2019 12:21:48    Page  004
 - - - - - - - - - - - - - - - - - - - - - - - - - - - - - - - - - - - - - -
 
  INPUT ---        0 0 0 0 0 0 0 0 0 0 0 0 0 1 0 0 0 0 0 0 0 0 0 0 0 1 0;
  INPUT ---        0 0 0 0 0 0 0 0 0 0 0 0 0 1 0 0 0 0 0 0 0 0 0 0 0 0 1;
  INPUT ---        0 0 0 0 0 0 0 0 0 0 0 0 0 1 1 0 0 0 0 0 0 0 0 0 0 0 0;
  INPUT ---        0 0 0 0 0 0 0 0 0 0 0 0 0 1 1 1 0 0 0 0 0 0 0 0 0 0 0;
  INPUT ---        0 0 0 0 0 0 0 0 0 0 0 0 0 1 1 0 1 0 0 0 0 0 0 0 0 0 0;
  INPUT ---        0 0 0 0 0 0 0 0 0 0 0 0 0 1 1 0 0 1 0 0 0 0 0 0 0 0 0;
  INPUT ---        0 0 0 0 0 0 0 0 0 0 0 0 0 1 1 0 0 0 1 0 0 0 0 0 0 0 0;
  INPUT ---        0 0 0 0 0 0 0 0 0 0 0 0 0 1 1 0 0 0 0 1 0 0 0 0 0 0 0;
  INPUT ---        0 0 0 0 0 0 0 0 0 0 0 0 0 1 1 0 0 0 0 0 1 0 0 0 0 0 0;
  INPUT ---        0 0 0 0 0 0 0 0 0 0 0 0 0 1 1 0 0 0 0 0 0 1 0 0 0 0 0;
  INPUT ---        0 0 0 0 0 0 0 0 0 0 0 0 0 1 1 0 0 0 0 0 0 0 1 0 0 0 0;
  INPUT ---        0 0 0 0 0 0 0 0 0 0 0 0 0 1 1 0 0 0 0 0 0 0 0 1 0 0 0;
  INPUT ---        0 0 0 0 0 0 0 0 0 0 0 0 0 1 1 0 0 0 0 0 0 0 0 0 1 0 0;
  INPUT ---        0 0 0 0 0 0 0 0 0 0 0 0 0 1 1 0 0 0 0 0 0 0 0 0 0 1 0;
  INPUT ---        0 0 0 0 0 0 0 0 0 0 0 0 0 1 1 0 0 0 0 0 0 0 0 0 0 0 1;
  INPUT ---       blabel(1)=Phi:(Intercept);
  INPUT ---       blabel(2)=Phi:time2;
  INPUT ---       blabel(3)=Phi:time3;
  INPUT ---       blabel(4)=Phi:time4;
  INPUT ---       blabel(5)=Phi:time5;
  INPUT ---       blabel(6)=Phi:time6;
  INPUT ---       blabel(7)=Phi:time7;
  INPUT ---       blabel(8)=Phi:time12;
  INPUT ---       blabel(9)=Phi:time13;
  INPUT ---       blabel(10)=Phi:time14;
  INPUT ---       blabel(11)=Phi:time15;
  INPUT ---       blabel(12)=Phi:time16;
  INPUT ---       blabel(13)=Phi:time17;
  INPUT ---       blabel(14)=p:(Intercept);
  INPUT ---       blabel(15)=p:SpeciesCOC;
  INPUT ---       blabel(16)=p:time3;
  INPUT ---       blabel(17)=p:time4;
  INPUT ---       blabel(18)=p:time5;
  INPUT ---       blabel(19)=p:time6;
  INPUT ---       blabel(20)=p:time7;
  INPUT ---       blabel(21)=p:time12;
  INPUT ---       blabel(22)=p:time13;
  INPUT ---       blabel(23)=p:time14;
  INPUT ---       blabel(24)=p:time15;
  INPUT ---       blabel(25)=p:time16;
  INPUT ---       blabel(26)=p:time17;
  INPUT ---       blabel(27)=p:time18;
  INPUT ---       rlabel(1)=Phi gBIB c1 a0 t1;
  INPUT ---       rlabel(2)=Phi gBIB c1 a1 t2;
  INPUT ---       rlabel(3)=Phi gBIB c1 a2 t3;
  INPUT ---       rlabel(4)=Phi gBIB c1 a3 t4;

  Program  MARK  - Survival Rate Estimation with Capture-Recapture Data
   gfortran(Win64) Vers. 8.1 Mar 2016    1-Feb-2019 12:21:48    Page  005
 - - - - - - - - - - - - - - - - - - - - - - - - - - - - - - - - - - - - - -
 
  INPUT ---       rlabel(5)=Phi gBIB c1 a4 t5;
  INPUT ---       rlabel(6)=Phi gBIB c1 a5 t6;
  INPUT ---       rlabel(7)=Phi gBIB c1 a6 t7;
  INPUT ---       rlabel(8)=Phi gBIB c1 a11 t12;
  INPUT ---       rlabel(9)=Phi gBIB c1 a12 t13;
  INPUT ---       rlabel(10)=Phi gBIB c1 a13 t14;
  INPUT ---       rlabel(11)=Phi gBIB c1 a14 t15;
  INPUT ---       rlabel(12)=Phi gBIB c1 a15 t16;
  INPUT ---       rlabel(13)=Phi gBIB c1 a16 t17;
  INPUT ---       rlabel(14)=p gBIB c1 a1 t2;
  INPUT ---       rlabel(15)=p gBIB c1 a2 t3;
  INPUT ---       rlabel(16)=p gBIB c1 a3 t4;
  INPUT ---       rlabel(17)=p gBIB c1 a4 t5;
  INPUT ---       rlabel(18)=p gBIB c1 a5 t6;
  INPUT ---       rlabel(19)=p gBIB c1 a6 t7;
  INPUT ---       rlabel(20)=p gBIB c1 a11 t12;
  INPUT ---       rlabel(21)=p gBIB c1 a12 t13;
  INPUT ---       rlabel(22)=p gBIB c1 a13 t14;
  INPUT ---       rlabel(23)=p gBIB c1 a14 t15;
  INPUT ---       rlabel(24)=p gBIB c1 a15 t16;
  INPUT ---       rlabel(25)=p gBIB c1 a16 t17;
  INPUT ---       rlabel(26)=p gBIB c1 a17 t18;
  INPUT ---       rlabel(27)=p gCOC c1 a1 t2;
  INPUT ---       rlabel(28)=p gCOC c1 a2 t3;
  INPUT ---       rlabel(29)=p gCOC c1 a3 t4;
  INPUT ---       rlabel(30)=p gCOC c1 a4 t5;
  INPUT ---       rlabel(31)=p gCOC c1 a5 t6;
  INPUT ---       rlabel(32)=p gCOC c1 a6 t7;
  INPUT ---       rlabel(33)=p gCOC c1 a11 t12;
  INPUT ---       rlabel(34)=p gCOC c1 a12 t13;
  INPUT ---       rlabel(35)=p gCOC c1 a13 t14;
  INPUT ---       rlabel(36)=p gCOC c1 a14 t15;
  INPUT ---       rlabel(37)=p gCOC c1 a15 t16;
  INPUT ---       rlabel(38)=p gCOC c1 a16 t17;
  INPUT ---       rlabel(39)=p gCOC c1 a17 t18;

 Link Function Used is LOGIT        

 Variance Estimation Procedure Used is 2ndPart 
 -2logL(saturated) = 2040.5974     
 Effective Sample Size = 4699

 Number of function evaluations was 151 for 27 parameters.
 Time for numerical optimization was 0.69 seconds.

  Program  MARK  - Survival Rate Estimation with Capture-Recapture Data
   gfortran(Win64) Vers. 8.1 Mar 2016    1-Feb-2019 12:21:48    Page  006
 - - - - - - - - - - - - - - - - - - - - - - - - - - - - - - - - - - - - - -
 
 -2logL { Phi(~time)p(~Species + time) } = 2245.7535     
 Penalty { Phi(~time)p(~Species + time) } = -0.0000000    
 Gradient { Phi(~time)p(~Species + time) }:
  0.4542570E-03  0.000000    -0.2643426E-04 0.6044551E-03-0.4332787E-04
   0.000000      0.000000     0.3101244E-04-0.6411315E-04  0.000000    
   0.000000      0.000000    -0.6970559E-04 0.2010021E-02 0.6411454E-03
 -0.6179741E-04-0.1516202E-04-0.8457638E-05-0.2612725E-05 0.8884540E-04
  0.1579392E-02-0.1380544E-03-0.9387552E-04 0.3151773E-03-0.6085670E-04
  0.4022572E-03 0.5049120E-05
 S Vector { Phi(~time)p(~Species + time) }:
   338.6157      94.80490      37.28168      35.64996      20.08433    
   17.13800      16.16575      9.835135      7.596999      6.327097    
   4.322838      2.375577      1.806181      1.311626     0.9990684    
  0.5603674     0.1534987     0.9519454E-01 0.1222888E-02 0.3389171E-04
  0.2174791E-04 0.1508315E-04 0.1184692E-07 0.7109759E-08 0.6809847E-08
  0.6400389E-08 0.1898850E-08
 Time to compute number of parameters was 0.12 seconds.
   Threshold =  0.5600000E-06     Condition index =  0.5607683E-11     New Threshold =  0.9866712E-08
 New Guessimate of Estimated Parameters { Phi(~time)p(~Species + time) } = 22          
 Conditioned S Vector { Phi(~time)p(~Species + time) }:
   1.000000     0.2799779     0.1101003     0.1052815     0.5931305E-01
  0.5061194E-01 0.4774068E-01 0.2904512E-01 0.2243546E-01 0.1868519E-01
  0.1276621E-01 0.7015554E-02 0.5334013E-02 0.3873494E-02 0.2950449E-02
  0.1654877E-02 0.4533124E-03 0.2811285E-03 0.3611434E-05 0.1000890E-06
  0.6422593E-07 0.4454355E-07 0.3498632E-10 0.2099654E-10 0.2011084E-10
  0.1890163E-10 0.5607683E-11
 Number of Estimated Parameters { Phi(~time)p(~Species + time) } = 19          
 DEVIANCE { Phi(~time)p(~Species + time) } = 205.15605                     
 DEVIANCE Degrees of Freedom { Phi(~time)p(~Species + time) } = 43            
 c-hat { Phi(~time)p(~Species + time) } = 4.7710710                     
 AIC { Phi(~time)p(~Species + time) } = 2283.7535                  
 AICc { Phi(~time)p(~Species + time) } = 2283.9159                    
 BIC { Phi(~time)p(~Species + time) } = 2406.4005                    
 Pearson Chisquare { Phi(~time)p(~Species + time) } = 749.71135                  
 Possible Encounter Histories { Phi(~time)p(~Species + time) } = 32764             
 Pearson Chisquare df { Phi(~time)p(~Species + time) } = 32719        
 Pearson chat { Phi(~time)p(~Species + time) } = 0.0229136                  
 Sum(Observed/Expected) { Phi(~time)p(~Species + time) } = 752.81715                  
 Fletcher chat { Phi(~time)p(~Species + time) } = 0.9972441                  


               LOGIT Link Function Parameters of { Phi(~time)p(~Species + time) }
                                                              95% Confidence Interval
 Parameter                    Beta         Standard Error      Lower           Upper
 -------------------------  --------------  --------------  --------------  --------------
    1:Phi:(Intercept)       -0.2012953      1.0246685       -2.2096455      1.8070549     
    2:Phi:time2             1.0714675       1.9242796       -2.7001205      4.8430556     
    3:Phi:time3             11.042067       257.48529       -493.62911      515.71325     
    4:Phi:time4             0.3541870       1.2293908       -2.0554190      2.7637930     
    5:Phi:time5             12.644141       214.43289       -407.64433      432.93262     
    6:Phi:time6             76.376621       0.5906186E-004  76.376505       76.376737     
    7:Phi:time7             84.054507       0.1412623E-003  84.054230       84.054784     
    8:Phi:time12            -0.4663386      1.1381931       -2.6971971      1.7645198     
    9:Phi:time13            11.767197       171.77369       -324.90925      348.44364     
   10:Phi:time14            86.733006       0.1483221E-003  86.732715       86.733297     
   11:Phi:time15            63.485706       9187.4993       -17944.013      18070.985     
   12:Phi:time16            82.241272       0.8044901E-004  82.241114       82.241429     
   13:Phi:time17            -4.2190632      1.5809627       -7.3177501      -1.1203763    
   14:p:(Intercept)         -142.20997      0.0000000       -142.20997      -142.20997    
   15:p:SpeciesCOC          -0.7731833      0.2211181       -1.2065747      -0.3397919    
   16:p:time3               137.34318       0.0000000       137.34318       137.34318     

  Program  MARK  - Survival Rate Estimation with Capture-Recapture Data
   gfortran(Win64) Vers. 8.1 Mar 2016    1-Feb-2019 12:21:48    Page  007
 - - - - - - - - - - - - - - - - - - - - - - - - - - - - - - - - - - - - - -
 
   17:p:time4               136.96563       0.0000000       136.96563       136.96563     
   18:p:time5               138.79589       0.0000000       138.79589       138.79589     
   19:p:time6               138.24077       0.0000000       138.24077       138.24077     
   20:p:time7               138.22081       0.0000000       138.22081       138.22081     
   21:p:time12              140.31390       0.0000000       140.31390       140.31390     
   22:p:time13              137.34682       0.0000000       137.34682       137.34682     
   23:p:time14              137.05835       0.0000000       137.05835       137.05835     
   24:p:time15              137.94456       0.0000000       137.94456       137.94456     
   25:p:time16              135.74545       0.0000000       135.74545       135.74545     
   26:p:time17              138.05016       0.0000000       138.05016       138.05016     
   27:p:time18              143.10349       0.0000000       143.10349       143.10349     


               Real Function Parameters of { Phi(~time)p(~Species + time) }
                                                               95% Confidence Interval
  Parameter                  Estimate       Standard Error      Lower           Upper
 --------------------------  --------------  --------------  --------------  --------------
     1:Phi gBIB c1 a0 t1     0.4498454       0.2535896       0.0988877       0.8590056                           
     2:Phi gBIB c1 a1 t2     0.7047815       0.2760076       0.1506053       0.9698281                           
     3:Phi gBIB c1 a2 t3     0.9999804       0.0050425       0.3416443E-214  1.0000000                           
     4:Phi gBIB c1 a3 t4     0.5381486       0.1715139       0.2315374       0.8183836                           
     5:Phi gBIB c1 a4 t5     0.9999961       0.8461051E-003  0.7528655E-177  1.0000000                           
     6:Phi gBIB c1 a5 t6     1.0000000       0.0000000       1.0000000       1.0000000                           
     7:Phi gBIB c1 a6 t7     1.0000000       0.0000000       1.0000000       1.0000000                           
     8:Phi gBIB c1 a11 t12   0.3390268       0.1085143       0.1656518       0.5699128                           
     9:Phi gBIB c1 a12 t13   0.9999905       0.0016290       0.6439554E-141  1.0000000                           
    10:Phi gBIB c1 a13 t14   1.0000000       0.0000000       1.0000000       1.0000000                           
    11:Phi gBIB c1 a14 t15   1.0000000       0.0000000       1.0000000       1.0000000                           
    12:Phi gBIB c1 a15 t16   1.0000000       0.0000000       1.0000000       1.0000000                           
    13:Phi gBIB c1 a16 t17   0.0118869       0.0141666       0.0011301       0.1134104                           
    14:p gBIB c1 a1 t2       0.1733777E-061  0.0000000       0.1733777E-061  0.1733777E-061                      
    15:p gBIB c1 a2 t3       0.0076392       0.0081801       0.9278296E-003  0.0599816                           
    16:p gBIB c1 a3 t4       0.0052496       0.0054532       0.6811105E-003  0.0392571                           
    17:p gBIB c1 a4 t5       0.0318583       0.0168821       0.0111304       0.0877617                           
    18:p gBIB c1 a5 t6       0.0185382       0.0046321       0.0113379       0.0301718                           
    19:p gBIB c1 a6 t7       0.0181785       0.0044073       0.0112825       0.0291653                           
    20:p gBIB c1 a11 t12     0.1305535       0.0105258       0.1112708       0.1526040                           
    21:p gBIB c1 a12 t13     0.0076668       0.0038348       0.0028685       0.0203278                           
    22:p gBIB c1 a13 t14     0.0057566       0.0029118       0.0021315       0.0154515                           
    23:p gBIB c1 a14 t15     0.0138516       0.0051707       0.0066442       0.0286518                           
    24:p gBIB c1 a15 t16     0.0015553       0.0011711       0.3551339E-003  0.0067839                           
    25:p gBIB c1 a16 t17     0.0153705       0.0052282       0.0078691       0.0298078                           
    26:p gBIB c1 a17 t18     0.7096144       0.6302270       0.0060536       0.9989811                           
    27:p gCOC c1 a1 t2       0.8002100E-062  0.0000000       0.8002100E-062  0.8002100E-062                      
    28:p gCOC c1 a2 t3       0.0035404       0.0037760       0.4358183E-003  0.0281374                           
    29:p gCOC c1 a3 t4       0.0024298       0.0025097       0.3199848E-003  0.0181971                           

  Program  MARK  - Survival Rate Estimation with Capture-Recapture Data
   gfortran(Win64) Vers. 8.1 Mar 2016    1-Feb-2019 12:21:48    Page  008
 - - - - - - - - - - - - - - - - - - - - - - - - - - - - - - - - - - - - - -
 
    30:p gCOC c1 a4 t5       0.0149606       0.0085197       0.0048670       0.0450395                           
    31:p gCOC c1 a5 t6       0.0086424       0.0027847       0.0045893       0.0162168                           
    32:p gCOC c1 a6 t7       0.0084731       0.0026719       0.0045608       0.0156885                           
    33:p gCOC c1 a11 t12     0.0648120       0.0135143       0.0428493       0.0968922                           
    34:p gCOC c1 a12 t13     0.0035532       0.0017303       0.0013664       0.0092073                           
    35:p gCOC c1 a13 t14     0.0026652       0.0013031       0.0010213       0.0069370                           
    36:p gCOC c1 a14 t15     0.0064411       0.0022534       0.0032407       0.0127617                           
    37:p gCOC c1 a15 t16     0.7184405E-003  0.5322009E-003  0.1681196E-003  0.0030647                           
    38:p gCOC c1 a16 t17     0.0071533       0.0022383       0.0038696       0.0131866                           
    39:p gCOC c1 a17 t18     0.5300459       0.7609301       0.0028234       0.9977791                           

 Attempted ordering of parameters by estimatibility:
  14  1 21 15 26 24 20 19 13 22 23  8 18 25 16  4  2 27 17  9  5  3 11 12  7
  10  6
 Beta number 6 is a singular value.

     CPU Time in seconds for last procedure was 0.84


  INPUT --- proc stop;

     CPU Time in minutes for this job was 0.01

     Time Start = 12:21:48.024   Time End = 12:21:48.709

     Wall Clock Time in minutes for this job was 0.01


          E X E C U T I O N   S U C C E S S F U L 
