
   Program  MARK  - Survival Rate Estimation with Capture-Recapture Data
   gfortran(Win64) Vers. 8.1 Mar 2016   31-Jan-2019 12:41:51    Page  001
 - - - - - - - - - - - - - - - - - - - - - - - - - - - - - - - - - - - - - -
 
   This version was compiled by GCC version 5.3.0 using the options: 
     -cpp -iprefix c:\tdm-gcc-64\gcc\bin\../lib/gcc/x86_64-w64-mingw32/5.3.0/ -D_MT
     -U_REENTRANT -D IEEE -m64 -mtune=generic -march=x86-64 -mthreads -O2
     -fimplicit-none -fbounds-check -funroll-loops -ftree-vectorize
     -ffpe-summary=invalid,zero,overflow,underflow -fno-unsafe-math-optimizations
     -frounding-math -fsignaling-nans -fopenmp.

   This problem will use 7 of 8 possible threads.


  INPUT --- proc title ;

     CPU Time in seconds for last procedure was 0.00


  INPUT --- proc chmatrix occasions= 8 groups= 2 etype= Live Nodes= 101 
  INPUT --- ICMeans NoHist hist= 28 ;

  INPUT ---    time interval 1 11 1 1 1 1 1 ;

  INPUT ---    glabel(1)=SpeciesBIB;

  INPUT ---    glabel(2)=SpeciesCOC;

   * *  WARNING  * *   At least a pair of the encounter histories are duplicates. 

      Number of unique encounter histories read was 17.

      Number of individual covariates read was 0.
      Time interval lengths vary and/or not equal to 1.

      Data type number is 1
      Data type is Live Recaptures (CJS)                                                                               

     CPU Time in seconds for last procedure was 0.00

  Program  MARK  - Survival Rate Estimation with Capture-Recapture Data
   gfortran(Win64) Vers. 8.1 Mar 2016   31-Jan-2019 12:41:51    Page  002
 - - - - - - - - - - - - - - - - - - - - - - - - - - - - - - - - - - - - - -
 


  INPUT --- proc estimate link=Logit NOLOOP varest=2ndPart    ;


  INPUT --- model={ Phi(~time)p(~Species) };

  INPUT ---    group=1 Phi    rows=7 cols=7 Triang ;
  INPUT ---        1 2 3 4 5 6 7 ;
  INPUT ---        2 3 4 5 6 7 ;
  INPUT ---        3 4 5 6 7 ;
  INPUT ---        4 5 6 7 ;
  INPUT ---        5 6 7 ;
  INPUT ---        6 7 ;
  INPUT ---        7 ;

  INPUT ---    group=2 Phi    rows=7 cols=7 Triang ;
  INPUT ---        1 2 3 4 5 6 7 ;
  INPUT ---        2 3 4 5 6 7 ;
  INPUT ---        3 4 5 6 7 ;
  INPUT ---        4 5 6 7 ;
  INPUT ---        5 6 7 ;
  INPUT ---        6 7 ;
  INPUT ---        7 ;

  INPUT ---    group=1 p    rows=7 cols=7 Triang ;
  INPUT ---        8 8 8 8 8 8 8 ;
  INPUT ---        8 8 8 8 8 8 ;
  INPUT ---        8 8 8 8 8 ;
  INPUT ---        8 8 8 8 ;
  INPUT ---        8 8 8 ;
  INPUT ---        8 8 ;
  INPUT ---        8 ;

  INPUT ---    group=2 p    rows=7 cols=7 Triang ;
  INPUT ---        9 9 9 9 9 9 9 ;
  INPUT ---        9 9 9 9 9 9 ;
  INPUT ---        9 9 9 9 9 ;
  INPUT ---        9 9 9 9 ;
  INPUT ---        9 9 9 ;
  INPUT ---        9 9 ;
  INPUT ---        9 ;

  INPUT ---    design matrix constraints=9 covariates=9;
  INPUT ---        1 0 0 0 0 0 0 0 0;
  INPUT ---        1 1 0 0 0 0 0 0 0;

  Program  MARK  - Survival Rate Estimation with Capture-Recapture Data
   gfortran(Win64) Vers. 8.1 Mar 2016   31-Jan-2019 12:41:51    Page  003
 - - - - - - - - - - - - - - - - - - - - - - - - - - - - - - - - - - - - - -
 
  INPUT ---        1 0 1 0 0 0 0 0 0;
  INPUT ---        1 0 0 1 0 0 0 0 0;
  INPUT ---        1 0 0 0 1 0 0 0 0;
  INPUT ---        1 0 0 0 0 1 0 0 0;
  INPUT ---        1 0 0 0 0 0 1 0 0;
  INPUT ---        0 0 0 0 0 0 0 1 0;
  INPUT ---        0 0 0 0 0 0 0 1 1;
  INPUT ---       blabel(1)=Phi:(Intercept);
  INPUT ---       blabel(2)=Phi:time2;
  INPUT ---       blabel(3)=Phi:time13;
  INPUT ---       blabel(4)=Phi:time14;
  INPUT ---       blabel(5)=Phi:time15;
  INPUT ---       blabel(6)=Phi:time16;
  INPUT ---       blabel(7)=Phi:time17;
  INPUT ---       blabel(8)=p:(Intercept);
  INPUT ---       blabel(9)=p:SpeciesCOC;
  INPUT ---       rlabel(1)=Phi gBIB c1 a0 t1;
  INPUT ---       rlabel(2)=Phi gBIB c1 a1 t2;
  INPUT ---       rlabel(3)=Phi gBIB c1 a12 t13;
  INPUT ---       rlabel(4)=Phi gBIB c1 a13 t14;
  INPUT ---       rlabel(5)=Phi gBIB c1 a14 t15;
  INPUT ---       rlabel(6)=Phi gBIB c1 a15 t16;
  INPUT ---       rlabel(7)=Phi gBIB c1 a16 t17;
  INPUT ---       rlabel(8)=p gBIB c1 a1 t2;
  INPUT ---       rlabel(9)=p gCOC c1 a1 t2;

 Link Function Used is LOGIT        

 Variance Estimation Procedure Used is 2ndPart 
 -2logL(saturated) = 384.68043     
 Effective Sample Size = 2058

 Number of function evaluations was 64 for 9 parameters.
 Time for numerical optimization was 0.11 seconds.
 -2logL { Phi(~time)p(~Species) } = 406.81988     
 Penalty { Phi(~time)p(~Species) } = -0.0000000    
 Gradient { Phi(~time)p(~Species) }:
 -0.5313890E-03-0.7253999E-03-0.1239724E-03-0.3211776E-04 0.2749671E-03
 -0.1354000E-05 0.7555967E-04-0.1185076E-04 0.1281426E-03
 S Vector { Phi(~time)p(~Species) }:
   85.83730      35.58844      8.444325      4.828042      2.250648    
   1.305197     0.8321986     0.3244584E-04 0.6813474E-06
 Time to compute number of parameters was 0.01 seconds.
   Threshold =  0.2000000E-06     Condition index =  0.7937662E-08     New Threshold =  0.2044042E-05
 New Guessimate of Estimated Parameters { Phi(~time)p(~Species) } = 7          
 Conditioned S Vector { Phi(~time)p(~Species) }:
   1.000000     0.4146034     0.9837594E-01 0.5624643E-01 0.2621993E-01
  0.1520548E-01 0.9695070E-02 0.3779924E-06 0.7937662E-08
 Number of Estimated Parameters { Phi(~time)p(~Species) } = 8          
 DEVIANCE { Phi(~time)p(~Species) } = 22.139446                     
 DEVIANCE Degrees of Freedom { Phi(~time)p(~Species) } = 4            
 c-hat { Phi(~time)p(~Species) } = 5.5348615                     
 AIC { Phi(~time)p(~Species) } = 422.81988                  
 AICc { Phi(~time)p(~Species) } = 422.89016                    
 BIC { Phi(~time)p(~Species) } = 467.85580                    
 Pearson Chisquare { Phi(~time)p(~Species) } = 24.061655                  
 Possible Encounter Histories { Phi(~time)p(~Species) } = 508             
 Pearson Chisquare df { Phi(~time)p(~Species) } = 486        
 Pearson chat { Phi(~time)p(~Species) } = 0.0495096                  
 Sum(Observed/Expected) { Phi(~time)p(~Species) } = 44.048018                  
 Fletcher chat { Phi(~time)p(~Species) } = 0.5709875                  

  Program  MARK  - Survival Rate Estimation with Capture-Recapture Data
   gfortran(Win64) Vers. 8.1 Mar 2016   31-Jan-2019 12:41:51    Page  004
 - - - - - - - - - - - - - - - - - - - - - - - - - - - - - - - - - - - - - -
 


                  LOGIT Link Function Parameters of { Phi(~time)p(~Species) }
                                                              95% Confidence Interval
 Parameter                    Beta         Standard Error      Lower           Upper
 -------------------------  --------------  --------------  --------------  --------------
    1:Phi:(Intercept)       28.459920       71.792693       -112.25376      169.17360     
    2:Phi:time2             -27.335514      71.792652       -168.04911      113.37809     
    3:Phi:time13            -29.262093      71.794804       -169.97991      111.45572     
    4:Phi:time14            -31.211160      71.801907       -171.94290      109.52058     
    5:Phi:time15            -30.298636      71.797565       -171.02187      110.42459     
    6:Phi:time16            -15.792735      1211.4351       -2390.2055      2358.6201     
    7:Phi:time17            -29.994694      71.797882       -170.71855      110.72916     
    8:p:(Intercept)         -2.8372838      0.2318896       -3.2917873      -2.3827802    
    9:p:SpeciesCOC          0.0202689       0.3389907       -0.6441530      0.6846908     


                  Real Function Parameters of { Phi(~time)p(~Species) }
                                                               95% Confidence Interval
  Parameter                  Estimate       Standard Error      Lower           Upper
 --------------------------  --------------  --------------  --------------  --------------
     1:Phi gBIB c1 a0 t1     1.0000000       0.3134036E-010  1.0000000       1.0000000                           
     2:Phi gBIB c1 a1 t2     0.7548050       0.0362413       0.6771266       0.8187962                           
     3:Phi gBIB c1 a12 t13   0.3095608       0.1235398       0.1261902       0.5819361                           
     4:Phi gBIB c1 a13 t14   0.0600166       0.0619306       0.0073704       0.3544352                           
     5:Phi gBIB c1 a14 t15   0.1372032       0.0998587       0.0295383       0.4537950                           
     6:Phi gBIB c1 a15 t16   0.9999968       0.0038132       0.3127167E-298  1.0000000                           
     7:Phi gBIB c1 a16 t17   0.1772962       0.1290303       0.0366643       0.5495984                           
     8:p gBIB c1 a1 t2       0.0553424       0.0121231       0.0358540       0.0844953                           
     9:p gCOC c1 a1 t2       0.0564116       0.0149641       0.0333100       0.0939773                           

 Attempted ordering of parameters by estimatibility:
  1 8 9 2 3 7 5 4 6
 Beta number 6 is a singular value.

     CPU Time in seconds for last procedure was 0.11

  Program  MARK  - Survival Rate Estimation with Capture-Recapture Data
   gfortran(Win64) Vers. 8.1 Mar 2016   31-Jan-2019 12:41:51    Page  005
 - - - - - - - - - - - - - - - - - - - - - - - - - - - - - - - - - - - - - -
 


  INPUT --- proc stop;

   * *  WARNING  * *   Numerical underflow occurred during final processing of this model. 
     IEEE flag status at final processing of this model:
     overflow       F
     divide by zero F
     invalid        F
     underflow      T
     inexact        T


     CPU Time in minutes for this job was 0.00

     Time Start = 12:41:51.544   Time End = 12:41:51.791

     Wall Clock Time in minutes for this job was 0.00


          E X E C U T I O N   S U C C E S S F U L 
